[0.409s] Invoking command in '/home/arms/turtlebot3_ws/src/ros2_camera_publish': PYTHONPATH=/home/arms/turtlebot3_ws/build/ros2_camera_publish/prefix_override:/home/arms/turtlebot3_ws/install/ros2_camera_publish/lib/python3.10/site-packages:${PYTHONPATH} /usr/bin/python3 setup.py egg_info --egg-base ../../build/ros2_camera_publish build --build-base /home/arms/turtlebot3_ws/build/ros2_camera_publish/build install --record /home/arms/turtlebot3_ws/build/ros2_camera_publish/install.log --install-scripts $base/lib/ros2_camera_publish --single-version-externally-managed
[0.527s] /usr/lib/python3/dist-packages/setuptools/dist.py:723: UserWarning: Usage of dash-separated 'script-dir' will not be supported in future versions. Please use the underscore name 'script_dir' instead
[0.527s]   warnings.warn(
[0.531s] running egg_info
[0.532s] creating ../../build/ros2_camera_publish/ros2_camera_publish.egg-info
[0.532s] writing ../../build/ros2_camera_publish/ros2_camera_publish.egg-info/PKG-INFO
[0.532s] writing dependency_links to ../../build/ros2_camera_publish/ros2_camera_publish.egg-info/dependency_links.txt
[0.532s] writing entry points to ../../build/ros2_camera_publish/ros2_camera_publish.egg-info/entry_points.txt
[0.532s] writing requirements to ../../build/ros2_camera_publish/ros2_camera_publish.egg-info/requires.txt
[0.532s] writing top-level names to ../../build/ros2_camera_publish/ros2_camera_publish.egg-info/top_level.txt
[0.532s] writing manifest file '../../build/ros2_camera_publish/ros2_camera_publish.egg-info/SOURCES.txt'
[0.533s] reading manifest file '../../build/ros2_camera_publish/ros2_camera_publish.egg-info/SOURCES.txt'
[0.533s] adding license file 'LICENSE'
[0.533s] writing manifest file '../../build/ros2_camera_publish/ros2_camera_publish.egg-info/SOURCES.txt'
[0.533s] running build
[0.533s] running build_py
[0.533s] creating /home/arms/turtlebot3_ws/build/ros2_camera_publish/build
[0.533s] creating /home/arms/turtlebot3_ws/build/ros2_camera_publish/build/lib
[0.533s] creating /home/arms/turtlebot3_ws/build/ros2_camera_publish/build/lib/ros2_camera_publish
[0.533s] copying ros2_camera_publish/image_subscribe_function.py -> /home/arms/turtlebot3_ws/build/ros2_camera_publish/build/lib/ros2_camera_publish
[0.533s] copying ros2_camera_publish/__init__.py -> /home/arms/turtlebot3_ws/build/ros2_camera_publish/build/lib/ros2_camera_publish
[0.533s] copying ros2_camera_publish/camera_publish_function.py -> /home/arms/turtlebot3_ws/build/ros2_camera_publish/build/lib/ros2_camera_publish
[0.533s] running install
[0.533s] /usr/lib/python3/dist-packages/setuptools/command/install.py:34: SetuptoolsDeprecationWarning: setup.py install is deprecated. Use build and pip and other standards-based tools.
[0.534s]   warnings.warn(
[0.534s] running install_lib
[0.535s] creating /home/arms/turtlebot3_ws/install/ros2_camera_publish/lib/python3.10/site-packages/ros2_camera_publish
[0.535s] copying /home/arms/turtlebot3_ws/build/ros2_camera_publish/build/lib/ros2_camera_publish/image_subscribe_function.py -> /home/arms/turtlebot3_ws/install/ros2_camera_publish/lib/python3.10/site-packages/ros2_camera_publish
[0.535s] copying /home/arms/turtlebot3_ws/build/ros2_camera_publish/build/lib/ros2_camera_publish/__init__.py -> /home/arms/turtlebot3_ws/install/ros2_camera_publish/lib/python3.10/site-packages/ros2_camera_publish
[0.535s] copying /home/arms/turtlebot3_ws/build/ros2_camera_publish/build/lib/ros2_camera_publish/camera_publish_function.py -> /home/arms/turtlebot3_ws/install/ros2_camera_publish/lib/python3.10/site-packages/ros2_camera_publish
[0.535s] byte-compiling /home/arms/turtlebot3_ws/install/ros2_camera_publish/lib/python3.10/site-packages/ros2_camera_publish/image_subscribe_function.py to image_subscribe_function.cpython-310.pyc
[0.535s] byte-compiling /home/arms/turtlebot3_ws/install/ros2_camera_publish/lib/python3.10/site-packages/ros2_camera_publish/__init__.py to __init__.cpython-310.pyc
[0.535s] byte-compiling /home/arms/turtlebot3_ws/install/ros2_camera_publish/lib/python3.10/site-packages/ros2_camera_publish/camera_publish_function.py to camera_publish_function.cpython-310.pyc
[0.536s] running install_data
[0.536s] creating /home/arms/turtlebot3_ws/install/ros2_camera_publish/share/ament_index
[0.536s] creating /home/arms/turtlebot3_ws/install/ros2_camera_publish/share/ament_index/resource_index
[0.536s] creating /home/arms/turtlebot3_ws/install/ros2_camera_publish/share/ament_index/resource_index/packages
[0.536s] copying resource/ros2_camera_publish -> /home/arms/turtlebot3_ws/install/ros2_camera_publish/share/ament_index/resource_index/packages
[0.536s] copying package.xml -> /home/arms/turtlebot3_ws/install/ros2_camera_publish/share/ros2_camera_publish
[0.536s] copying settings.json -> /home/arms/turtlebot3_ws/install/ros2_camera_publish/share/ros2_camera_publish
[0.536s] running install_egg_info
[0.537s] Copying ../../build/ros2_camera_publish/ros2_camera_publish.egg-info to /home/arms/turtlebot3_ws/install/ros2_camera_publish/lib/python3.10/site-packages/ros2_camera_publish-0.0.0-py3.10.egg-info
[0.537s] running install_scripts
[0.548s] Installing execute script to /home/arms/turtlebot3_ws/install/ros2_camera_publish/lib/ros2_camera_publish
[0.548s] writing list of installed files to '/home/arms/turtlebot3_ws/build/ros2_camera_publish/install.log'
[0.562s] Invoked command in '/home/arms/turtlebot3_ws/src/ros2_camera_publish' returned '0': PYTHONPATH=/home/arms/turtlebot3_ws/build/ros2_camera_publish/prefix_override:/home/arms/turtlebot3_ws/install/ros2_camera_publish/lib/python3.10/site-packages:${PYTHONPATH} /usr/bin/python3 setup.py egg_info --egg-base ../../build/ros2_camera_publish build --build-base /home/arms/turtlebot3_ws/build/ros2_camera_publish/build install --record /home/arms/turtlebot3_ws/build/ros2_camera_publish/install.log --install-scripts $base/lib/ros2_camera_publish --single-version-externally-managed
