-- The C compiler identification is GNU 11.4.0
-- The CXX compiler identification is GNU 11.4.0
-- Detecting C compiler ABI info
-- Detecting C compiler ABI info - done
-- Check for working C compiler: /usr/bin/cc - skipped
-- Detecting C compile features
-- Detecting C compile features - done
-- Detecting CXX compiler ABI info
-- Detecting CXX compiler ABI info - done
-- Check for working CXX compiler: /usr/bin/c++ - skipped
-- Detecting CXX compile features
-- Detecting CXX compile features - done
-- Found ament_cmake: 1.3.5 (/opt/ros/humble/share/ament_cmake/cmake)
-- Found Python3: /usr/bin/python3.10 (found version "3.10.12") found components: Interpreter 
-- Found rclcpp: 16.0.6 (/opt/ros/humble/share/rclcpp/cmake)
-- Found rosidl_generator_c: 3.1.5 (/opt/ros/humble/share/rosidl_generator_c/cmake)
-- Found rosidl_adapter: 3.1.5 (/opt/ros/humble/share/rosidl_adapter/cmake)
-- Found rosidl_generator_cpp: 3.1.5 (/opt/ros/humble/share/rosidl_generator_cpp/cmake)
-- Using all available rosidl_typesupport_c: rosidl_typesupport_fastrtps_c;rosidl_typesupport_introspection_c
-- Using all available rosidl_typesupport_cpp: rosidl_typesupport_fastrtps_cpp;rosidl_typesupport_introspection_cpp
-- Found rmw_implementation_cmake: 6.1.1 (/opt/ros/humble/share/rmw_implementation_cmake/cmake)
-- Found rmw_cyclonedds_cpp: 1.3.4 (/opt/ros/humble/share/rmw_cyclonedds_cpp/cmake)
-- Using RMW implementation 'rmw_cyclonedds_cpp' as default
-- Looking for pthread.h
-- Looking for pthread.h - found
-- Performing Test CMAKE_HAVE_LIBC_PTHREAD
-- Performing Test CMAKE_HAVE_LIBC_PTHREAD - Success
-- Found Threads: TRUE  
-- Found geometry_msgs: 4.2.3 (/opt/ros/humble/share/geometry_msgs/cmake)
-- Found image_geometry: 3.2.1 (/opt/ros/humble/share/image_geometry/cmake)
-- Found map_msgs: 2.1.0 (/opt/ros/humble/share/map_msgs/cmake)
-- Found tf2_geometry_msgs: 0.25.4 (/opt/ros/humble/share/tf2_geometry_msgs/cmake)
-- Found eigen3_cmake_module: 0.1.1 (/opt/ros/humble/share/eigen3_cmake_module/cmake)
-- Found Eigen3: TRUE (found version "3.4.0") 
-- Ensuring Eigen3 include directory is part of orocos-kdl CMake target
-- Found Boost: /usr/lib/x86_64-linux-gnu/cmake/Boost-1.74.0/BoostConfig.cmake (found version "1.74.0") found components: thread 
-- Found OpenCV: /usr (found version "4.5.4") 
-- Found ament_lint_auto: 0.12.8 (/opt/ros/humble/share/ament_lint_auto/cmake)
-- Found ament_cmake_gtest: 1.3.5 (/opt/ros/humble/share/ament_cmake_gtest/cmake)
--2023-12-01 15:02:23--  https://raw.githubusercontent.com/hrnr/m-explore-extra/master/map_merge/hector_maps/map00.pgm
Resolving raw.githubusercontent.com (raw.githubusercontent.com)... 185.199.108.133, 185.199.109.133, 185.199.110.133, ...
Connecting to raw.githubusercontent.com (raw.githubusercontent.com)|185.199.108.133|:443... connected.
HTTP request sent, awaiting response... 200 OK
Length: 4194362 (4.0M) [application/octet-stream]
Saving to: ‘/home/arms/turtlebot3_ws/build/multirobot_map_merge/map00.pgm’

     0K .......... .......... .......... .......... ..........  1% 11.3M 0s
    50K .......... .......... .......... .......... ..........  2% 8.58M 0s
   100K .......... .......... .......... .......... ..........  3% 63.9M 0s
   150K .......... .......... .......... .......... ..........  4% 33.4M 0s
   200K .......... .......... .......... .......... ..........  6% 12.5M 0s
   250K .......... .......... .......... .......... ..........  7% 49.9M 0s
   300K .......... .......... .......... .......... ..........  8%  194M 0s
   350K .......... .......... .......... .......... ..........  9% 31.0M 0s
   400K .......... .......... .......... .......... .......... 10% 72.3M 0s
   450K .......... .......... .......... .......... .......... 12% 15.7M 0s
   500K .......... .......... .......... .......... .......... 13%  208M 0s
   550K .......... .......... .......... .......... .......... 14% 43.1M 0s
   600K .......... .......... .......... .......... .......... 15%  177M 0s
   650K .......... .......... .......... .......... .......... 17%  182M 0s
   700K .......... .......... .......... .......... .......... 18% 28.5M 0s
   750K .......... .......... .......... .......... .......... 19%  213M 0s
   800K .......... .......... .......... .......... .......... 20%  219M 0s
   850K .......... .......... .......... .......... .......... 21% 54.5M 0s
   900K .......... .......... .......... .......... .......... 23%  199M 0s
   950K .......... .......... .......... .......... .......... 24% 32.2M 0s
  1000K .......... .......... .......... .......... .......... 25%  224M 0s
  1050K .......... .......... .......... .......... .......... 26%  246M 0s
  1100K .......... .......... .......... .......... .......... 28% 40.3M 0s
  1150K .......... .......... .......... .......... .......... 29%  261M 0s
  1200K .......... .......... .......... .......... .......... 30%  279M 0s
  1250K .......... .......... .......... .......... .......... 31% 25.4M 0s
  1300K .......... .......... .......... .......... .......... 32%  280M 0s
  1350K .......... .......... .......... .......... .......... 34%  410M 0s
  1400K .......... .......... .......... .......... .......... 35%  399M 0s
  1450K .......... .......... .......... .......... .......... 36% 27.1M 0s
  1500K .......... .......... .......... .......... .......... 37% 44.2M 0s
  1550K .......... .......... .......... .......... .......... 39%  354M 0s
  1600K .......... .......... .......... .......... .......... 40% 29.9M 0s
  1650K .......... .......... .......... .......... .......... 41%  422M 0s
  1700K .......... .......... .......... .......... .......... 42% 32.4M 0s
  1750K .......... .......... .......... .......... .......... 43%  509M 0s
  1800K .......... .......... .......... .......... .......... 45%  413M 0s
  1850K .......... .......... .......... .......... .......... 46% 33.2M 0s
  1900K .......... .......... .......... .......... .......... 47%  435M 0s
  1950K .......... .......... .......... .......... .......... 48% 3.71M 0s
  2000K .......... .......... .......... .......... .......... 50%  184M 0s
  2050K .......... .......... .......... .......... .......... 51%  192M 0s
  2100K .......... .......... .......... .......... .......... 52%  238M 0s
  2150K .......... .......... .......... .......... .......... 53%  225M 0s
  2200K .......... .......... .......... .......... .......... 54% 99.9M 0s
  2250K .......... .......... .......... .......... .......... 56%  192M 0s
  2300K .......... .......... .......... .......... .......... 57% 5.45M 0s
  2350K .......... .......... .......... .......... .......... 58% 27.0M 0s
  2400K .......... .......... .......... .......... .......... 59%  212M 0s
  2450K .......... .......... .......... .......... .......... 61%  270M 0s
  2500K .......... .......... .......... .......... .......... 62%  220M 0s
  2550K .......... .......... .......... .......... .......... 63%  237M 0s
  2600K .......... .......... .......... .......... .......... 64%  242M 0s
  2650K .......... .......... .......... .......... .......... 65%  243M 0s
  2700K .......... .......... .......... .......... .......... 67%  214M 0s
  2750K .......... .......... .......... .......... .......... 68%  225M 0s
  2800K .......... .......... .......... .......... .......... 69%  264M 0s
  2850K .......... .......... .......... .......... .......... 70%  203M 0s
  2900K .......... .......... .......... .......... .......... 72%  236M 0s
  2950K .......... .......... .......... .......... .......... 73%  225M 0s
  3000K .......... .......... .......... .......... .......... 74%  228M 0s
  3050K .......... .......... .......... .......... .......... 75%  219M 0s
  3100K .......... .......... .......... .......... .......... 76%  188M 0s
  3150K .......... .......... .......... .......... .......... 78%  225M 0s
  3200K .......... .......... .......... .......... .......... 79%  206M 0s
  3250K .......... .......... .......... .......... .......... 80%  226M 0s
  3300K .......... .......... .......... .......... .......... 81%  192M 0s
  3350K .......... .......... .......... .......... .......... 83%  157M 0s
  3400K .......... .......... .......... .......... .......... 84%  159M 0s
  3450K .......... .......... .......... .......... .......... 85%  159M 0s
  3500K .......... .......... .......... .......... .......... 86%  201M 0s
  3550K .......... .......... .......... .......... .......... 87%  153M 0s
  3600K .......... .......... .......... .......... .......... 89%  126M 0s
  3650K .......... .......... .......... .......... .......... 90%  154M 0s
  3700K .......... .......... .......... .......... .......... 91%  152M 0s
  3750K .......... .......... .......... .......... .......... 92%  150M 0s
  3800K .......... .......... .......... .......... .......... 93%  142M 0s
  3850K .......... .......... .......... .......... .......... 95%  166M 0s
  3900K .......... .......... .......... .......... .......... 96%  168M 0s
  3950K .......... .......... .......... .......... .......... 97% 14.6M 0s
  4000K .......... .......... .......... .......... .......... 98% 76.6M 0s
  4050K .......... .......... .......... .......... ......    100%  565M=0.08s

2023-12-01 15:02:24 (50.3 MB/s) - ‘/home/arms/turtlebot3_ws/build/multirobot_map_merge/map00.pgm’ saved [4194362/4194362]

Checking MD5 sum of /home/arms/turtlebot3_ws/build/multirobot_map_merge/map00.pgm
/home/arms/turtlebot3_ws/build/multirobot_map_merge/map00.pgm: OK
--2023-12-01 15:02:24--  https://raw.githubusercontent.com/hrnr/m-explore-extra/master/map_merge/hector_maps/map05.pgm
Resolving raw.githubusercontent.com (raw.githubusercontent.com)... 185.199.111.133, 185.199.109.133, 185.199.110.133, ...
Connecting to raw.githubusercontent.com (raw.githubusercontent.com)|185.199.111.133|:443... connected.
HTTP request sent, awaiting response... 200 OK
Length: 4194362 (4.0M) [application/octet-stream]
Saving to: ‘/home/arms/turtlebot3_ws/build/multirobot_map_merge/map05.pgm’

     0K .......... .......... .......... .......... ..........  1% 4.44M 1s
    50K .......... .......... .......... .......... ..........  2% 4.75M 1s
   100K .......... .......... .......... .......... ..........  3% 8.96M 1s
   150K .......... .......... .......... .......... ..........  4% 17.2M 1s
   200K .......... .......... .......... .......... ..........  6% 12.0M 1s
   250K .......... .......... .......... .......... ..........  7% 19.8M 0s
   300K .......... .......... .......... .......... ..........  8% 29.7M 0s
   350K .......... .......... .......... .......... ..........  9% 4.49M 0s
   400K .......... .......... .......... .......... .......... 10% 26.6M 0s
   450K .......... .......... .......... .......... .......... 12% 21.5M 0s
   500K .......... .......... .......... .......... .......... 13% 17.3M 0s
   550K .......... .......... .......... .......... .......... 14% 29.5M 0s
   600K .......... .......... .......... .......... .......... 15% 19.4M 0s
   650K .......... .......... .......... .......... .......... 17% 27.9M 0s
   700K .......... .......... .......... .......... .......... 18% 46.4M 0s
   750K .......... .......... .......... .......... .......... 19% 14.9M 0s
   800K .......... .......... .......... .......... .......... 20% 34.9M 0s
   850K .......... .......... .......... .......... .......... 21% 20.6M 0s
   900K .......... .......... .......... .......... .......... 23% 16.4M 0s
   950K .......... .......... .......... .......... .......... 24% 25.7M 0s
  1000K .......... .......... .......... .......... .......... 25% 23.0M 0s
  1050K .......... .......... .......... .......... .......... 26%  169M 0s
  1100K .......... .......... .......... .......... .......... 28% 29.2M 0s
  1150K .......... .......... .......... .......... .......... 29% 18.4M 0s
  1200K .......... .......... .......... .......... .......... 30% 31.9M 0s
  1250K .......... .......... .......... .......... .......... 31% 17.1M 0s
  1300K .......... .......... .......... .......... .......... 32%  233M 0s
  1350K .......... .......... .......... .......... .......... 34% 32.7M 0s
  1400K .......... .......... .......... .......... .......... 35% 21.4M 0s
  1450K .......... .......... .......... .......... .......... 36% 25.2M 0s
  1500K .......... .......... .......... .......... .......... 37%  106M 0s
  1550K .......... .......... .......... .......... .......... 39% 18.5M 0s
  1600K .......... .......... .......... .......... .......... 40% 30.5M 0s
  1650K .......... .......... .......... .......... .......... 41% 17.9M 0s
  1700K .......... .......... .......... .......... .......... 42%  187M 0s
  1750K .......... .......... .......... .......... .......... 43% 5.87M 0s
  1800K .......... .......... .......... .......... .......... 45% 17.2M 0s
  1850K .......... .......... .......... .......... .......... 46% 49.2M 0s
  1900K .......... .......... .......... .......... .......... 47% 37.0M 0s
  1950K .......... .......... .......... .......... .......... 48% 16.4M 0s
  2000K .......... .......... .......... .......... .......... 50% 32.0M 0s
  2050K .......... .......... .......... .......... .......... 51% 29.2M 0s
  2100K .......... .......... .......... .......... .......... 52% 49.7M 0s
  2150K .......... .......... .......... .......... .......... 53% 28.9M 0s
  2200K .......... .......... .......... .......... .......... 54% 32.4M 0s
  2250K .......... .......... .......... .......... .......... 56% 37.6M 0s
  2300K .......... .......... .......... .......... .......... 57% 36.2M 0s
  2350K .......... .......... .......... .......... .......... 58%  286M 0s
  2400K .......... .......... .......... .......... .......... 59% 32.5M 0s
  2450K .......... .......... .......... .......... .......... 61% 5.97M 0s
  2500K .......... .......... .......... .......... .......... 62% 14.8M 0s
  2550K .......... .......... .......... .......... .......... 63%  108M 0s
  2600K .......... .......... .......... .......... .......... 64% 33.1M 0s
  2650K .......... .......... .......... .......... .......... 65% 16.0M 0s
  2700K .......... .......... .......... .......... .......... 67%  182M 0s
  2750K .......... .......... .......... .......... .......... 68% 64.1M 0s
  2800K .......... .......... .......... .......... .......... 69% 29.3M 0s
  2850K .......... .......... .......... .......... .......... 70% 64.1M 0s
  2900K .......... .......... .......... .......... .......... 72% 20.5M 0s
  2950K .......... .......... .......... .......... .......... 73%  276M 0s
  3000K .......... .......... .......... .......... .......... 74% 25.6M 0s
  3050K .......... .......... .......... .......... .......... 75% 56.1M 0s
  3100K .......... .......... .......... .......... .......... 76% 24.4M 0s
  3150K .......... .......... .......... .......... .......... 78%  270M 0s
  3200K .......... .......... .......... .......... .......... 79% 56.4M 0s
  3250K .......... .......... .......... .......... .......... 80% 42.8M 0s
  3300K .......... .......... .......... .......... .......... 81% 16.0M 0s
  3350K .......... .......... .......... .......... .......... 83% 60.9M 0s
  3400K .......... .......... .......... .......... .......... 84% 4.34M 0s
  3450K .......... .......... .......... .......... .......... 85% 14.2M 0s
  3500K .......... .......... .......... .......... .......... 86% 74.8M 0s
  3550K .......... .......... .......... .......... .......... 87%  173M 0s
  3600K .......... .......... .......... .......... .......... 89% 80.3M 0s
  3650K .......... .......... .......... .......... .......... 90% 38.8M 0s
  3700K .......... .......... .......... .......... .......... 91% 13.8M 0s
  3750K .......... .......... .......... .......... .......... 92%  129M 0s
  3800K .......... .......... .......... .......... .......... 93% 51.5M 0s
  3850K .......... .......... .......... .......... .......... 95% 43.0M 0s
  3900K .......... .......... .......... .......... .......... 96%  192M 0s
  3950K .......... .......... .......... .......... .......... 97% 15.1M 0s
  4000K .......... .......... .......... .......... .......... 98%  282M 0s
  4050K .......... .......... .......... .......... ......    100% 99.8M=0.2s

2023-12-01 15:02:25 (21.3 MB/s) - ‘/home/arms/turtlebot3_ws/build/multirobot_map_merge/map05.pgm’ saved [4194362/4194362]

Checking MD5 sum of /home/arms/turtlebot3_ws/build/multirobot_map_merge/map05.pgm
/home/arms/turtlebot3_ws/build/multirobot_map_merge/map05.pgm: OK
--2023-12-01 15:02:25--  https://raw.githubusercontent.com/hrnr/m-explore-extra/master/map_merge/gmapping_maps/2011-08-09-12-22-52.pgm
Resolving raw.githubusercontent.com (raw.githubusercontent.com)... 185.199.108.133, 185.199.109.133, 185.199.111.133, ...
Connecting to raw.githubusercontent.com (raw.githubusercontent.com)|185.199.108.133|:443... connected.
HTTP request sent, awaiting response... 200 OK
Length: 16000058 (15M) [text/plain]
Saving to: ‘/home/arms/turtlebot3_ws/build/multirobot_map_merge/2011-08-09-12-22-52.pgm’

     0K .......... .......... .......... .......... ..........  0% 5.47M 3s
    50K .......... .......... .......... .......... ..........  0% 5.47M 3s
   100K .......... .......... .......... .......... ..........  0% 9.47M 2s
   150K .......... .......... .......... .......... ..........  1% 64.4M 2s
   200K .......... .......... .......... .......... ..........  1% 28.4M 2s
   250K .......... .......... .......... .......... ..........  1% 46.8M 1s
   300K .......... .......... .......... .......... ..........  2% 39.1M 1s
   350K .......... .......... .......... .......... ..........  2%  224M 1s
   400K .......... .......... .......... .......... ..........  2% 13.2M 1s
   450K .......... .......... .......... .......... ..........  3%  554M 1s
   500K .......... .......... .......... .......... ..........  3%  678M 1s
   550K .......... .......... .......... .......... ..........  3% 66.5M 1s
   600K .......... .......... .......... .......... ..........  4%  570M 1s
   650K .......... .......... .......... .......... ..........  4% 33.2M 1s
   700K .......... .......... .......... .......... ..........  4% 29.9M 1s
   750K .......... .......... .......... .......... ..........  5% 31.4M 1s
   800K .......... .......... .......... .......... ..........  5%  662M 1s
   850K .......... .......... .......... .......... ..........  5% 43.4M 1s
   900K .......... .......... .......... .......... ..........  6%  631M 1s
   950K .......... .......... .......... .......... ..........  6% 66.2M 1s
  1000K .......... .......... .......... .......... ..........  6% 27.5M 1s
  1050K .......... .......... .......... .......... ..........  7% 13.5M 1s
  1100K .......... .......... .......... .......... ..........  7%  418M 1s
  1150K .......... .......... .......... .......... ..........  7% 9.57M 1s
  1200K .......... .......... .......... .......... ..........  7%  432M 1s
  1250K .......... .......... .......... .......... ..........  8%  378M 1s
  1300K .......... .......... .......... .......... ..........  8% 29.6M 1s
  1350K .......... .......... .......... .......... ..........  8%  328M 1s
  1400K .......... .......... .......... .......... ..........  9%  372M 1s
  1450K .......... .......... .......... .......... ..........  9% 40.6M 1s
  1500K .......... .......... .......... .......... ..........  9%  359M 0s
  1550K .......... .......... .......... .......... .......... 10% 59.4M 0s
  1600K .......... .......... .......... .......... .......... 10% 24.4M 0s
  1650K .......... .......... .......... .......... .......... 10%  308M 0s
  1700K .......... .......... .......... .......... .......... 11% 34.2M 0s
  1750K .......... .......... .......... .......... .......... 11% 39.7M 0s
  1800K .......... .......... .......... .......... .......... 11%  276M 0s
  1850K .......... .......... .......... .......... .......... 12% 44.2M 0s
  1900K .......... .......... .......... .......... .......... 12% 4.56M 0s
  1950K .......... .......... .......... .......... .......... 12%  224M 0s
  2000K .......... .......... .......... .......... .......... 13%  225M 0s
  2050K .......... .......... .......... .......... .......... 13%  164M 0s
  2100K .......... .......... .......... .......... .......... 13%  226M 0s
  2150K .......... .......... .......... .......... .......... 14% 26.1M 0s
  2200K .......... .......... .......... .......... .......... 14%  182M 0s
  2250K .......... .......... .......... .......... .......... 14%  238M 0s
  2300K .......... .......... .......... .......... .......... 15%  284M 0s
  2350K .......... .......... .......... .......... .......... 15% 23.7M 0s
  2400K .......... .......... .......... .......... .......... 15%  341M 0s
  2450K .......... .......... .......... .......... .......... 15% 30.6M 0s
  2500K .......... .......... .......... .......... .......... 16% 63.4M 0s
  2550K .......... .......... .......... .......... .......... 16%  312M 0s
  2600K .......... .......... .......... .......... .......... 16% 43.0M 0s
  2650K .......... .......... .......... .......... .......... 17% 58.4M 0s
  2700K .......... .......... .......... .......... .......... 17% 18.6M 0s
  2750K .......... .......... .......... .......... .......... 17%  336M 0s
  2800K .......... .......... .......... .......... .......... 18% 47.2M 0s
  2850K .......... .......... .......... .......... .......... 18% 25.1M 0s
  2900K .......... .......... .......... .......... .......... 18%  365M 0s
  2950K .......... .......... .......... .......... .......... 19%  322M 0s
  3000K .......... .......... .......... .......... .......... 19% 28.1M 0s
  3050K .......... .......... .......... .......... .......... 19%  389M 0s
  3100K .......... .......... .......... .......... .......... 20%  373M 0s
  3150K .......... .......... .......... .......... .......... 20% 29.1M 0s
  3200K .......... .......... .......... .......... .......... 20%  437M 0s
  3250K .......... .......... .......... .......... .......... 21% 34.5M 0s
  3300K .......... .......... .......... .......... .......... 21%  431M 0s
  3350K .......... .......... .......... .......... .......... 21%  528M 0s
  3400K .......... .......... .......... .......... .......... 22% 25.5M 0s
  3450K .......... .......... .......... .......... .......... 22%  482M 0s
  3500K .......... .......... .......... .......... .......... 22% 27.2M 0s
  3550K .......... .......... .......... .......... .......... 23%  511M 0s
  3600K .......... .......... .......... .......... .......... 23%  552M 0s
  3650K .......... .......... .......... .......... .......... 23% 9.80M 0s
  3700K .......... .......... .......... .......... .......... 23%  419M 0s
  3750K .......... .......... .......... .......... .......... 24% 19.8M 0s
  3800K .......... .......... .......... .......... .......... 24%  107M 0s
  3850K .......... .......... .......... .......... .......... 24%  389M 0s
  3900K .......... .......... .......... .......... .......... 25%  441M 0s
  3950K .......... .......... .......... .......... .......... 25% 36.8M 0s
  4000K .......... .......... .......... .......... .......... 25%  483M 0s
  4050K .......... .......... .......... .......... .......... 26%  423M 0s
  4100K .......... .......... .......... .......... .......... 26%  498M 0s
  4150K .......... .......... .......... .......... .......... 26% 44.2M 0s
  4200K .......... .......... .......... .......... .......... 27% 14.7M 0s
  4250K .......... .......... .......... .......... .......... 27%  412M 0s
  4300K .......... .......... .......... .......... .......... 27% 52.0M 0s
  4350K .......... .......... .......... .......... .......... 28% 98.7M 0s
  4400K .......... .......... .......... .......... .......... 28% 35.6M 0s
  4450K .......... .......... .......... .......... .......... 28% 16.1M 0s
  4500K .......... .......... .......... .......... .......... 29%  367M 0s
  4550K .......... .......... .......... .......... .......... 29% 30.8M 0s
  4600K .......... .......... .......... .......... .......... 29%  355M 0s
  4650K .......... .......... .......... .......... .......... 30%  378M 0s
  4700K .......... .......... .......... .......... .......... 30% 47.3M 0s
  4750K .......... .......... .......... .......... .......... 30%  452M 0s
  4800K .......... .......... .......... .......... .......... 31%  481M 0s
  4850K .......... .......... .......... .......... .......... 31% 38.4M 0s
  4900K .......... .......... .......... .......... .......... 31%  550M 0s
  4950K .......... .......... .......... .......... .......... 31%  503M 0s
  5000K .......... .......... .......... .......... .......... 32% 10.6M 0s
  5050K .......... .......... .......... .......... .......... 32%  409M 0s
  5100K .......... .......... .......... .......... .......... 32% 10.6M 0s
  5150K .......... .......... .......... .......... .......... 33%  378M 0s
  5200K .......... .......... .......... .......... .......... 33%  374M 0s
  5250K .......... .......... .......... .......... .......... 33% 41.7M 0s
  5300K .......... .......... .......... .......... .......... 34%  397M 0s
  5350K .......... .......... .......... .......... .......... 34% 40.3M 0s
  5400K .......... .......... .......... .......... .......... 34%  423M 0s
  5450K .......... .......... .......... .......... .......... 35%  431M 0s
  5500K .......... .......... .......... .......... .......... 35% 79.8M 0s
  5550K .......... .......... .......... .......... .......... 35%  478M 0s
  5600K .......... .......... .......... .......... .......... 36% 23.8M 0s
  5650K .......... .......... .......... .......... .......... 36%  461M 0s
  5700K .......... .......... .......... .......... .......... 36% 20.1M 0s
  5750K .......... .......... .......... .......... .......... 37%  483M 0s
  5800K .......... .......... .......... .......... .......... 37% 45.2M 0s
  5850K .......... .......... .......... .......... .......... 37%  437M 0s
  5900K .......... .......... .......... .......... .......... 38% 33.4M 0s
  5950K .......... .......... .......... .......... .......... 38% 37.9M 0s
  6000K .......... .......... .......... .......... .......... 38%  504M 0s
  6050K .......... .......... .......... .......... .......... 39% 45.9M 0s
  6100K .......... .......... .......... .......... .......... 39%  436M 0s
  6150K .......... .......... .......... .......... .......... 39%  547M 0s
  6200K .......... .......... .......... .......... .......... 39% 31.1M 0s
  6250K .......... .......... .......... .......... .......... 40%  439M 0s
  6300K .......... .......... .......... .......... .......... 40%  495M 0s
  6350K .......... .......... .......... .......... .......... 40% 51.3M 0s
  6400K .......... .......... .......... .......... .......... 41% 10.1M 0s
  6450K .......... .......... .......... .......... .......... 41% 11.6M 0s
  6500K .......... .......... .......... .......... .......... 41%  380M 0s
  6550K .......... .......... .......... .......... .......... 42% 45.6M 0s
  6600K .......... .......... .......... .......... .......... 42%  315M 0s
  6650K .......... .......... .......... .......... .......... 42%  336M 0s
  6700K .......... .......... .......... .......... .......... 43% 44.3M 0s
  6750K .......... .......... .......... .......... .......... 43%  410M 0s
  6800K .......... .......... .......... .......... .......... 43%  443M 0s
  6850K .......... .......... .......... .......... .......... 44% 16.5M 0s
  6900K .......... .......... .......... .......... .......... 44%  439M 0s
  6950K .......... .......... .......... .......... .......... 44%  124M 0s
  7000K .......... .......... .......... .......... .......... 45%  334M 0s
  7050K .......... .......... .......... .......... .......... 45% 41.0M 0s
  7100K .......... .......... .......... .......... .......... 45% 31.3M 0s
  7150K .......... .......... .......... .......... .......... 46%  489M 0s
  7200K .......... .......... .......... .......... .......... 46% 38.1M 0s
  7250K .......... .......... .......... .......... .......... 46%  425M 0s
  7300K .......... .......... .......... .......... .......... 47% 36.3M 0s
  7350K .......... .......... .......... .......... .......... 47%  452M 0s
  7400K .......... .......... .......... .......... .......... 47% 23.2M 0s
  7450K .......... .......... .......... .......... .......... 47%  392M 0s
  7500K .......... .......... .......... .......... .......... 48%  558M 0s
  7550K .......... .......... .......... .......... .......... 48%  577M 0s
  7600K .......... .......... .......... .......... .......... 48% 77.7M 0s
  7650K .......... .......... .......... .......... .......... 49%  422M 0s
  7700K .......... .......... .......... .......... .......... 49% 38.5M 0s
  7750K .......... .......... .......... .......... .......... 49%  518M 0s
  7800K .......... .......... .......... .......... .......... 50% 49.1M 0s
  7850K .......... .......... .......... .......... .......... 50% 24.9M 0s
  7900K .......... .......... .......... .......... .......... 50%  390M 0s
  7950K .......... .......... .......... .......... .......... 51%  388M 0s
  8000K .......... .......... .......... .......... .......... 51% 25.5M 0s
  8050K .......... .......... .......... .......... .......... 51%  263M 0s
  8100K .......... .......... .......... .......... .......... 52% 28.2M 0s
  8150K .......... .......... .......... .......... .......... 52%  322M 0s
  8200K .......... .......... .......... .......... .......... 52%  314M 0s
  8250K .......... .......... .......... .......... .......... 53%  296M 0s
  8300K .......... .......... .......... .......... .......... 53% 33.8M 0s
  8350K .......... .......... .......... .......... .......... 53%  325M 0s
  8400K .......... .......... .......... .......... .......... 54%  341M 0s
  8450K .......... .......... .......... .......... .......... 54% 39.1M 0s
  8500K .......... .......... .......... .......... .......... 54%  370M 0s
  8550K .......... .......... .......... .......... .......... 55% 71.3M 0s
  8600K .......... .......... .......... .......... .......... 55% 48.0M 0s
  8650K .......... .......... .......... .......... .......... 55%  433M 0s
  8700K .......... .......... .......... .......... .......... 55% 16.5M 0s
  8750K .......... .......... .......... .......... .......... 56%  446M 0s
  8800K .......... .......... .......... .......... .......... 56% 41.7M 0s
  8850K .......... .......... .......... .......... .......... 56% 30.0M 0s
  8900K .......... .......... .......... .......... .......... 57%  383M 0s
  8950K .......... .......... .......... .......... .......... 57%  473M 0s
  9000K .......... .......... .......... .......... .......... 57%  459M 0s
  9050K .......... .......... .......... .......... .......... 58% 42.1M 0s
  9100K .......... .......... .......... .......... .......... 58%  450M 0s
  9150K .......... .......... .......... .......... .......... 58% 76.3M 0s
  9200K .......... .......... .......... .......... .......... 59%  537M 0s
  9250K .......... .......... .......... .......... .......... 59%  464M 0s
  9300K .......... .......... .......... .......... .......... 59% 65.8M 0s
  9350K .......... .......... .......... .......... .......... 60%  613M 0s
  9400K .......... .......... .......... .......... .......... 60% 25.3M 0s
  9450K .......... .......... .......... .......... .......... 60%  574M 0s
  9500K .......... .......... .......... .......... .......... 61%  648M 0s
  9550K .......... .......... .......... .......... .......... 61%  598M 0s
  9600K .......... .......... .......... .......... .......... 61% 16.2M 0s
  9650K .......... .......... .......... .......... .......... 62% 31.9M 0s
  9700K .......... .......... .......... .......... .......... 62%  559M 0s
  9750K .......... .......... .......... .......... .......... 62%  579M 0s
  9800K .......... .......... .......... .......... .......... 63%  550M 0s
  9850K .......... .......... .......... .......... .......... 63% 35.3M 0s
  9900K .......... .......... .......... .......... .......... 63%  634M 0s
  9950K .......... .......... .......... .......... .......... 63%  641M 0s
 10000K .......... .......... .......... .......... .......... 64%  622M 0s
 10050K .......... .......... .......... .......... .......... 64% 22.9M 0s
 10100K .......... .......... .......... .......... .......... 64%  640M 0s
 10150K .......... .......... .......... .......... .......... 65%  634M 0s
 10200K .......... .......... .......... .......... .......... 65% 31.1M 0s
 10250K .......... .......... .......... .......... .......... 65%  581M 0s
 10300K .......... .......... .......... .......... .......... 66%  610M 0s
 10350K .......... .......... .......... .......... .......... 66%  676M 0s
 10400K .......... .......... .......... .......... .......... 66% 9.08M 0s
 10450K .......... .......... .......... .......... .......... 67%  457M 0s
 10500K .......... .......... .......... .......... .......... 67% 32.4M 0s
 10550K .......... .......... .......... .......... .......... 67%  513M 0s
 10600K .......... .......... .......... .......... .......... 68%  525M 0s
 10650K .......... .......... .......... .......... .......... 68% 33.2M 0s
 10700K .......... .......... .......... .......... .......... 68%  536M 0s
 10750K .......... .......... .......... .......... .......... 69%  573M 0s
 10800K .......... .......... .......... .......... .......... 69%  571M 0s
 10850K .......... .......... .......... .......... .......... 69% 14.2M 0s
 10900K .......... .......... .......... .......... .......... 70%  445M 0s
 10950K .......... .......... .......... .......... .......... 70%  515M 0s
 11000K .......... .......... .......... .......... .......... 70%  545M 0s
 11050K .......... .......... .......... .......... .......... 71% 39.0M 0s
 11100K .......... .......... .......... .......... .......... 71%  536M 0s
 11150K .......... .......... .......... .......... .......... 71%  576M 0s
 11200K .......... .......... .......... .......... .......... 71% 29.5M 0s
 11250K .......... .......... .......... .......... .......... 72%  490M 0s
 11300K .......... .......... .......... .......... .......... 72% 35.4M 0s
 11350K .......... .......... .......... .......... .......... 72%  520M 0s
 11400K .......... .......... .......... .......... .......... 73%  589M 0s
 11450K .......... .......... .......... .......... .......... 73%  560M 0s
 11500K .......... .......... .......... .......... .......... 73% 32.7M 0s
 11550K .......... .......... .......... .......... .......... 74%  622M 0s
 11600K .......... .......... .......... .......... .......... 74%  612M 0s
 11650K .......... .......... .......... .......... .......... 74% 35.2M 0s
 11700K .......... .......... .......... .......... .......... 75%  565M 0s
 11750K .......... .......... .......... .......... .......... 75%  649M 0s
 11800K .......... .......... .......... .......... .......... 75%  686M 0s
 11850K .......... .......... .......... .......... .......... 76% 38.1M 0s
 11900K .......... .......... .......... .......... .......... 76% 27.4M 0s
 11950K .......... .......... .......... .......... .......... 76%  617M 0s
 12000K .......... .......... .......... .......... .......... 77%  662M 0s
 12050K .......... .......... .......... .......... .......... 77% 38.5M 0s
 12100K .......... .......... .......... .......... .......... 77% 25.0M 0s
 12150K .......... .......... .......... .......... .......... 78%  569M 0s
 12200K .......... .......... .......... .......... .......... 78% 40.1M 0s
 12250K .......... .......... .......... .......... .......... 78%  579M 0s
 12300K .......... .......... .......... .......... .......... 79% 20.3M 0s
 12350K .......... .......... .......... .......... .......... 79%  601M 0s
 12400K .......... .......... .......... .......... .......... 79%  368M 0s
 12450K .......... .......... .......... .......... .......... 79% 35.5M 0s
 12500K .......... .......... .......... .......... .......... 80%  188M 0s
 12550K .......... .......... .......... .......... .......... 80%  591M 0s
 12600K .......... .......... .......... .......... .......... 80%  570M 0s
 12650K .......... .......... .......... .......... .......... 81% 34.0M 0s
 12700K .......... .......... .......... .......... .......... 81%  626M 0s
 12750K .......... .......... .......... .......... .......... 81%  664M 0s
 12800K .......... .......... .......... .......... .......... 82%  662M 0s
 12850K .......... .......... .......... .......... .......... 82% 33.3M 0s
 12900K .......... .......... .......... .......... .......... 82%  608M 0s
 12950K .......... .......... .......... .......... .......... 83%  667M 0s
 13000K .......... .......... .......... .......... .......... 83% 32.3M 0s
 13050K .......... .......... .......... .......... .......... 83%  556M 0s
 13100K .......... .......... .......... .......... .......... 84%  656M 0s
 13150K .......... .......... .......... .......... .......... 84%  619M 0s
 13200K .......... .......... .......... .......... .......... 84% 36.9M 0s
 13250K .......... .......... .......... .......... .......... 85% 16.5M 0s
 13300K .......... .......... .......... .......... .......... 85%  635M 0s
 13350K .......... .......... .......... .......... .......... 85% 36.5M 0s
 13400K .......... .......... .......... .......... .......... 86%  593M 0s
 13450K .......... .......... .......... .......... .......... 86% 23.2M 0s
 13500K .......... .......... .......... .......... .......... 86%  624M 0s
 13550K .......... .......... .......... .......... .......... 87%  658M 0s
 13600K .......... .......... .......... .......... .......... 87% 36.6M 0s
 13650K .......... .......... .......... .......... .......... 87%  480M 0s
 13700K .......... .......... .......... .......... .......... 87%  616M 0s
 13750K .......... .......... .......... .......... .......... 88%  622M 0s
 13800K .......... .......... .......... .......... .......... 88% 35.2M 0s
 13850K .......... .......... .......... .......... .......... 88%  537M 0s
 13900K .......... .......... .......... .......... .......... 89%  597M 0s
 13950K .......... .......... .......... .......... .......... 89%  660M 0s
 14000K .......... .......... .......... .......... .......... 89% 34.8M 0s
 14050K .......... .......... .......... .......... .......... 90%  523M 0s
 14100K .......... .......... .......... .......... .......... 90%  649M 0s
 14150K .......... .......... .......... .......... .......... 90% 35.1M 0s
 14200K .......... .......... .......... .......... .......... 91%  591M 0s
 14250K .......... .......... .......... .......... .......... 91%  583M 0s
 14300K .......... .......... .......... .......... .......... 91%  652M 0s
 14350K .......... .......... .......... .......... .......... 92% 33.3M 0s
 14400K .......... .......... .......... .......... .......... 92%  648M 0s
 14450K .......... .......... .......... .......... .......... 92% 4.07M 0s
 14500K .......... .......... .......... .......... .......... 93%  406M 0s
 14550K .......... .......... .......... .......... .......... 93%  418M 0s
 14600K .......... .......... .......... .......... .......... 93%  422M 0s
 14650K .......... .......... .......... .......... .......... 94%  394M 0s
 14700K .......... .......... .......... .......... .......... 94%  412M 0s
 14750K .......... .......... .......... .......... .......... 94%  426M 0s
 14800K .......... .......... .......... .......... .......... 95%  417M 0s
 14850K .......... .......... .......... .......... .......... 95%  343M 0s
 14900K .......... .......... .......... .......... .......... 95%  421M 0s
 14950K .......... .......... .......... .......... .......... 95%  401M 0s
 15000K .......... .......... .......... .......... .......... 96%  403M 0s
 15050K .......... .......... .......... .......... .......... 96%  370M 0s
 15100K .......... .......... .......... .......... .......... 96%  416M 0s
 15150K .......... .......... .......... .......... .......... 97%  408M 0s
 15200K .......... .......... .......... .......... .......... 97%  399M 0s
 15250K .......... .......... .......... .......... .......... 97%  343M 0s
 15300K .......... .......... .......... .......... .......... 98% 19.6M 0s
 15350K .......... .......... .......... .......... .......... 98%  587M 0s
 15400K .......... .......... .......... .......... .......... 98% 20.3M 0s
 15450K .......... .......... .......... .......... .......... 99%  516M 0s
 15500K .......... .......... .......... .......... .......... 99% 28.5M 0s
 15550K .......... .......... .......... .......... .......... 99%  594M 0s
 15600K .......... .......... .....                           100%  600M=0.3s

2023-12-01 15:02:27 (54.1 MB/s) - ‘/home/arms/turtlebot3_ws/build/multirobot_map_merge/2011-08-09-12-22-52.pgm’ saved [16000058/16000058]

Checking MD5 sum of /home/arms/turtlebot3_ws/build/multirobot_map_merge/2011-08-09-12-22-52.pgm
/home/arms/turtlebot3_ws/build/multirobot_map_merge/2011-08-09-12-22-52.pgm: OK
--2023-12-01 15:02:27--  https://raw.githubusercontent.com/hrnr/m-explore-extra/master/map_merge/gmapping_maps/2012-01-28-11-12-01.pgm
Resolving raw.githubusercontent.com (raw.githubusercontent.com)... 185.199.110.133, 185.199.111.133, 185.199.109.133, ...
Connecting to raw.githubusercontent.com (raw.githubusercontent.com)|185.199.110.133|:443... connected.
HTTP request sent, awaiting response... 200 OK
Length: 16000058 (15M) [text/plain]
Saving to: ‘/home/arms/turtlebot3_ws/build/multirobot_map_merge/2012-01-28-11-12-01.pgm’

     0K .......... .......... .......... .......... ..........  0% 5.55M 3s
    50K .......... .......... .......... .......... ..........  0% 5.90M 3s
   100K .......... .......... .......... .......... ..........  0% 11.7M 2s
   150K .......... .......... .......... .......... ..........  1% 25.7M 2s
   200K .......... .......... .......... .......... ..........  1% 15.2M 2s
   250K .......... .......... .......... .......... ..........  1% 32.4M 1s
   300K .......... .......... .......... .......... ..........  2%  118M 1s
   350K .......... .......... .......... .......... ..........  2% 21.8M 1s
   400K .......... .......... .......... .......... ..........  2% 47.6M 1s
   450K .......... .......... .......... .......... ..........  3% 41.4M 1s
   500K .......... .......... .......... .......... ..........  3%  226M 1s
   550K .......... .......... .......... .......... ..........  3% 30.5M 1s
   600K .......... .......... .......... .......... ..........  4%  257M 1s
   650K .......... .......... .......... .......... ..........  4%  287M 1s
   700K .......... .......... .......... .......... ..........  4% 51.7M 1s
   750K .......... .......... .......... .......... ..........  5% 22.7M 1s
   800K .......... .......... .......... .......... ..........  5%  349M 1s
   850K .......... .......... .......... .......... ..........  5% 22.3M 1s
   900K .......... .......... .......... .......... ..........  6%  349M 1s
   950K .......... .......... .......... .......... ..........  6% 37.3M 1s
  1000K .......... .......... .......... .......... ..........  6%  243M 1s
  1050K .......... .......... .......... .......... ..........  7%  331M 1s
  1100K .......... .......... .......... .......... ..........  7% 41.5M 1s
  1150K .......... .......... .......... .......... ..........  7%  368M 1s
  1200K .......... .......... .......... .......... ..........  7%  364M 1s
  1250K .......... .......... .......... .......... ..........  8% 39.7M 0s
  1300K .......... .......... .......... .......... ..........  8%  386M 0s
  1350K .......... .......... .......... .......... ..........  8% 36.6M 0s
  1400K .......... .......... .......... .......... ..........  9%  359M 0s
  1450K .......... .......... .......... .......... ..........  9% 4.08M 1s
  1500K .......... .......... .......... .......... ..........  9%  174M 1s
  1550K .......... .......... .......... .......... .......... 10%  203M 1s
  1600K .......... .......... .......... .......... .......... 10%  202M 1s
  1650K .......... .......... .......... .......... .......... 10%  175M 0s
  1700K .......... .......... .......... .......... .......... 11%  197M 0s
  1750K .......... .......... .......... .......... .......... 11%  201M 0s
  1800K .......... .......... .......... .......... .......... 11%  215M 0s
  1850K .......... .......... .......... .......... .......... 12%  186M 0s
  1900K .......... .......... .......... .......... .......... 12%  228M 0s
  1950K .......... .......... .......... .......... .......... 12%  223M 0s
  2000K .......... .......... .......... .......... .......... 13%  225M 0s
  2050K .......... .......... .......... .......... .......... 13%  186M 0s
  2100K .......... .......... .......... .......... .......... 13%  229M 0s
  2150K .......... .......... .......... .......... .......... 14%  277M 0s
  2200K .......... .......... .......... .......... .......... 14%  279M 0s
  2250K .......... .......... .......... .......... .......... 14%  244M 0s
  2300K .......... .......... .......... .......... .......... 15% 53.7M 0s
  2350K .......... .......... .......... .......... .......... 15%  292M 0s
  2400K .......... .......... .......... .......... .......... 15% 46.4M 0s
  2450K .......... .......... .......... .......... .......... 15%  325M 0s
  2500K .......... .......... .......... .......... .......... 16% 36.0M 0s
  2550K .......... .......... .......... .......... .......... 16%  489M 0s
  2600K .......... .......... .......... .......... .......... 16%  490M 0s
  2650K .......... .......... .......... .......... .......... 17% 37.3M 0s
  2700K .......... .......... .......... .......... .......... 17%  616M 0s
  2750K .......... .......... .......... .......... .......... 17% 37.4M 0s
  2800K .......... .......... .......... .......... .......... 18%  615M 0s
  2850K .......... .......... .......... .......... .......... 18%  556M 0s
  2900K .......... .......... .......... .......... .......... 18% 34.1M 0s
  2950K .......... .......... .......... .......... .......... 19%  628M 0s
  3000K .......... .......... .......... .......... .......... 19%  662M 0s
  3050K .......... .......... .......... .......... .......... 19% 28.4M 0s
  3100K .......... .......... .......... .......... .......... 20%  653M 0s
  3150K .......... .......... .......... .......... .......... 20% 16.5M 0s
  3200K .......... .......... .......... .......... .......... 20%  634M 0s
  3250K .......... .......... .......... .......... .......... 21% 33.8M 0s
  3300K .......... .......... .......... .......... .......... 21% 33.9M 0s
  3350K .......... .......... .......... .......... .......... 21%  463M 0s
  3400K .......... .......... .......... .......... .......... 22%  567M 0s
  3450K .......... .......... .......... .......... .......... 22% 35.6M 0s
  3500K .......... .......... .......... .......... .......... 22%  510M 0s
  3550K .......... .......... .......... .......... .......... 23%  553M 0s
  3600K .......... .......... .......... .......... .......... 23% 39.0M 0s
  3650K .......... .......... .......... .......... .......... 23%  461M 0s
  3700K .......... .......... .......... .......... .......... 23%  557M 0s
  3750K .......... .......... .......... .......... .......... 24% 41.5M 0s
  3800K .......... .......... .......... .......... .......... 24%  579M 0s
  3850K .......... .......... .......... .......... .......... 24% 34.5M 0s
  3900K .......... .......... .......... .......... .......... 25%  534M 0s
  3950K .......... .......... .......... .......... .......... 25%  576M 0s
  4000K .......... .......... .......... .......... .......... 25% 32.5M 0s
  4050K .......... .......... .......... .......... .......... 26%  424M 0s
  4100K .......... .......... .......... .......... .......... 26%  518M 0s
  4150K .......... .......... .......... .......... .......... 26% 11.2M 0s
  4200K .......... .......... .......... .......... .......... 27%  417M 0s
  4250K .......... .......... .......... .......... .......... 27% 45.0M 0s
  4300K .......... .......... .......... .......... .......... 27%  411M 0s
  4350K .......... .......... .......... .......... .......... 28% 32.4M 0s
  4400K .......... .......... .......... .......... .......... 28%  474M 0s
  4450K .......... .......... .......... .......... .......... 28% 35.6M 0s
  4500K .......... .......... .......... .......... .......... 29%  406M 0s
  4550K .......... .......... .......... .......... .......... 29%  477M 0s
  4600K .......... .......... .......... .......... .......... 29% 37.9M 0s
  4650K .......... .......... .......... .......... .......... 30%  438M 0s
  4700K .......... .......... .......... .......... .......... 30%  515M 0s
  4750K .......... .......... .......... .......... .......... 30% 35.9M 0s
  4800K .......... .......... .......... .......... .......... 31%  549M 0s
  4850K .......... .......... .......... .......... .......... 31% 36.2M 0s
  4900K .......... .......... .......... .......... .......... 31%  482M 0s
  4950K .......... .......... .......... .......... .......... 31%  572M 0s
  5000K .......... .......... .......... .......... .......... 32% 37.5M 0s
  5050K .......... .......... .......... .......... .......... 32%  447M 0s
  5100K .......... .......... .......... .......... .......... 32%  372M 0s
  5150K .......... .......... .......... .......... .......... 33% 11.8M 0s
  5200K .......... .......... .......... .......... .......... 33% 30.3M 0s
  5250K .......... .......... .......... .......... .......... 33% 44.0M 0s
  5300K .......... .......... .......... .......... .......... 34%  432M 0s
  5350K .......... .......... .......... .......... .......... 34% 31.0M 0s
  5400K .......... .......... .......... .......... .......... 34%  496M 0s
  5450K .......... .......... .......... .......... .......... 35%  467M 0s
  5500K .......... .......... .......... .......... .......... 35% 40.8M 0s
  5550K .......... .......... .......... .......... .......... 35%  540M 0s
  5600K .......... .......... .......... .......... .......... 36%  563M 0s
  5650K .......... .......... .......... .......... .......... 36% 36.9M 0s
  5700K .......... .......... .......... .......... .......... 36%  566M 0s
  5750K .......... .......... .......... .......... .......... 37% 33.1M 0s
  5800K .......... .......... .......... .......... .......... 37%  407M 0s
  5850K .......... .......... .......... .......... .......... 37%  466M 0s
  5900K .......... .......... .......... .......... .......... 38% 38.0M 0s
  5950K .......... .......... .......... .......... .......... 38% 9.91M 0s
  6000K .......... .......... .......... .......... .......... 38%  321M 0s
  6050K .......... .......... .......... .......... .......... 39%  279M 0s
  6100K .......... .......... .......... .......... .......... 39%  330M 0s
  6150K .......... .......... .......... .......... .......... 39% 64.5M 0s
  6200K .......... .......... .......... .......... .......... 39% 13.2M 0s
  6250K .......... .......... .......... .......... .......... 40% 33.9M 0s
  6300K .......... .......... .......... .......... .......... 40%  308M 0s
  6350K .......... .......... .......... .......... .......... 40% 40.8M 0s
  6400K .......... .......... .......... .......... .......... 41%  335M 0s
  6450K .......... .......... .......... .......... .......... 41%  306M 0s
  6500K .......... .......... .......... .......... .......... 41% 35.2M 0s
  6550K .......... .......... .......... .......... .......... 42%  346M 0s
  6600K .......... .......... .......... .......... .......... 42% 24.7M 0s
  6650K .......... .......... .......... .......... .......... 42%  238M 0s
  6700K .......... .......... .......... .......... .......... 43%  319M 0s
  6750K .......... .......... .......... .......... .......... 43% 47.9M 0s
  6800K .......... .......... .......... .......... .......... 43%  279M 0s
  6850K .......... .......... .......... .......... .......... 44%  257M 0s
  6900K .......... .......... .......... .......... .......... 44% 46.4M 0s
  6950K .......... .......... .......... .......... .......... 44%  359M 0s
  7000K .......... .......... .......... .......... .......... 45%  367M 0s
  7050K .......... .......... .......... .......... .......... 45% 42.2M 0s
  7100K .......... .......... .......... .......... .......... 45%  427M 0s
  7150K .......... .......... .......... .......... .......... 46% 37.8M 0s
  7200K .......... .......... .......... .......... .......... 46%  493M 0s
  7250K .......... .......... .......... .......... .......... 46%  444M 0s
  7300K .......... .......... .......... .......... .......... 47% 42.2M 0s
  7350K .......... .......... .......... .......... .......... 47%  588M 0s
  7400K .......... .......... .......... .......... .......... 47%  605M 0s
  7450K .......... .......... .......... .......... .......... 47% 39.9M 0s
  7500K .......... .......... .......... .......... .......... 48%  635M 0s
  7550K .......... .......... .......... .......... .......... 48% 38.6M 0s
  7600K .......... .......... .......... .......... .......... 48%  693M 0s
  7650K .......... .......... .......... .......... .......... 49% 13.7M 0s
  7700K .......... .......... .......... .......... .......... 49%  579M 0s
  7750K .......... .......... .......... .......... .......... 49% 49.0M 0s
  7800K .......... .......... .......... .......... .......... 50% 31.7M 0s
  7850K .......... .......... .......... .......... .......... 50%  400M 0s
  7900K .......... .......... .......... .......... .......... 50%  526M 0s
  7950K .......... .......... .......... .......... .......... 51% 40.2M 0s
  8000K .......... .......... .......... .......... .......... 51%  459M 0s
  8050K .......... .......... .......... .......... .......... 51%  409M 0s
  8100K .......... .......... .......... .......... .......... 52% 41.2M 0s
  8150K .......... .......... .......... .......... .......... 52%  442M 0s
  8200K .......... .......... .......... .......... .......... 52%  466M 0s
  8250K .......... .......... .......... .......... .......... 53% 45.4M 0s
  8300K .......... .......... .......... .......... .......... 53%  415M 0s
  8350K .......... .......... .......... .......... .......... 53% 42.5M 0s
  8400K .......... .......... .......... .......... .......... 54%  371M 0s
  8450K .......... .......... .......... .......... .......... 54%  332M 0s
  8500K .......... .......... .......... .......... .......... 54% 44.4M 0s
  8550K .......... .......... .......... .......... .......... 55%  412M 0s
  8600K .......... .......... .......... .......... .......... 55%  416M 0s
  8650K .......... .......... .......... .......... .......... 55% 11.6M 0s
  8700K .......... .......... .......... .......... .......... 55%  385M 0s
  8750K .......... .......... .......... .......... .......... 56% 30.8M 0s
  8800K .......... .......... .......... .......... .......... 56%  379M 0s
  8850K .......... .......... .......... .......... .......... 56% 39.1M 0s
  8900K .......... .......... .......... .......... .......... 57%  393M 0s
  8950K .......... .......... .......... .......... .......... 57% 48.5M 0s
  9000K .......... .......... .......... .......... .......... 57%  431M 0s
  9050K .......... .......... .......... .......... .......... 58%  406M 0s
  9100K .......... .......... .......... .......... .......... 58% 42.3M 0s
  9150K .......... .......... .......... .......... .......... 58%  459M 0s
  9200K .......... .......... .......... .......... .......... 59%  352M 0s
  9250K .......... .......... .......... .......... .......... 59% 43.0M 0s
  9300K .......... .......... .......... .......... .......... 59%  531M 0s
  9350K .......... .......... .......... .......... .......... 60%  551M 0s
  9400K .......... .......... .......... .......... .......... 60% 37.5M 0s
  9450K .......... .......... .......... .......... .......... 60%  587M 0s
  9500K .......... .......... .......... .......... .......... 61% 38.9M 0s
  9550K .......... .......... .......... .......... .......... 61%  660M 0s
  9600K .......... .......... .......... .......... .......... 61%  655M 0s
  9650K .......... .......... .......... .......... .......... 62% 30.9M 0s
  9700K .......... .......... .......... .......... .......... 62% 19.1M 0s
  9750K .......... .......... .......... .......... .......... 62%  481M 0s
  9800K .......... .......... .......... .......... .......... 63% 46.0M 0s
  9850K .......... .......... .......... .......... .......... 63%  435M 0s
  9900K .......... .......... .......... .......... .......... 63% 20.3M 0s
  9950K .......... .......... .......... .......... .......... 63%  412M 0s
 10000K .......... .......... .......... .......... .......... 64%  414M 0s
 10050K .......... .......... .......... .......... .......... 64%  335M 0s
 10100K .......... .......... .......... .......... .......... 64% 36.8M 0s
 10150K .......... .......... .......... .......... .......... 65%  379M 0s
 10200K .......... .......... .......... .......... .......... 65%  382M 0s
 10250K .......... .......... .......... .......... .......... 65%  347M 0s
 10300K .......... .......... .......... .......... .......... 66% 36.0M 0s
 10350K .......... .......... .......... .......... .......... 66%  406M 0s
 10400K .......... .......... .......... .......... .......... 66%  431M 0s
 10450K .......... .......... .......... .......... .......... 67% 34.3M 0s
 10500K .......... .......... .......... .......... .......... 67%  508M 0s
 10550K .......... .......... .......... .......... .......... 67%  569M 0s
 10600K .......... .......... .......... .......... .......... 68%  572M 0s
 10650K .......... .......... .......... .......... .......... 68% 33.5M 0s
 10700K .......... .......... .......... .......... .......... 68%  545M 0s
 10750K .......... .......... .......... .......... .......... 69%  588M 0s
 10800K .......... .......... .......... .......... .......... 69% 30.6M 0s
 10850K .......... .......... .......... .......... .......... 69%  498M 0s
 10900K .......... .......... .......... .......... .......... 70%  633M 0s
 10950K .......... .......... .......... .......... .......... 70% 21.4M 0s
 11000K .......... .......... .......... .......... .......... 70%  615M 0s
 11050K .......... .......... .......... .......... .......... 71% 44.2M 0s
 11100K .......... .......... .......... .......... .......... 71% 35.9M 0s
 11150K .......... .......... .......... .......... .......... 71%  557M 0s
 11200K .......... .......... .......... .......... .......... 71% 33.1M 0s
 11250K .......... .......... .......... .......... .......... 72%  467M 0s
 11300K .......... .......... .......... .......... .......... 72%  599M 0s
 11350K .......... .......... .......... .......... .......... 72%  617M 0s
 11400K .......... .......... .......... .......... .......... 73% 35.0M 0s
 11450K .......... .......... .......... .......... .......... 73%  558M 0s
 11500K .......... .......... .......... .......... .......... 73%  606M 0s
 11550K .......... .......... .......... .......... .......... 74% 33.8M 0s
 11600K .......... .......... .......... .......... .......... 74%  631M 0s
 11650K .......... .......... .......... .......... .......... 74%  572M 0s
 11700K .......... .......... .......... .......... .......... 75%  676M 0s
 11750K .......... .......... .......... .......... .......... 75% 35.7M 0s
 11800K .......... .......... .......... .......... .......... 75%  650M 0s
 11850K .......... .......... .......... .......... .......... 76%  616M 0s
 11900K .......... .......... .......... .......... .......... 76%  674M 0s
 11950K .......... .......... .......... .......... .......... 76% 25.3M 0s
 12000K .......... .......... .......... .......... .......... 77%  675M 0s
 12050K .......... .......... .......... .......... .......... 77% 21.3M 0s
 12100K .......... .......... .......... .......... .......... 77%  518M 0s
 12150K .......... .......... .......... .......... .......... 78% 31.3M 0s
 12200K .......... .......... .......... .......... .......... 78%  524M 0s
 12250K .......... .......... .......... .......... .......... 78% 20.2M 0s
 12300K .......... .......... .......... .......... .......... 79%  546M 0s
 12350K .......... .......... .......... .......... .......... 79%  587M 0s
 12400K .......... .......... .......... .......... .......... 79%  580M 0s
 12450K .......... .......... .......... .......... .......... 79% 37.6M 0s
 12500K .......... .......... .......... .......... .......... 80%  614M 0s
 12550K .......... .......... .......... .......... .......... 80%  639M 0s
 12600K .......... .......... .......... .......... .......... 80% 42.7M 0s
 12650K .......... .......... .......... .......... .......... 81% 76.1M 0s
 12700K .......... .......... .......... .......... .......... 81%  619M 0s
 12750K .......... .......... .......... .......... .......... 81%  664M 0s
 12800K .......... .......... .......... .......... .......... 82% 39.7M 0s
 12850K .......... .......... .......... .......... .......... 82%  562M 0s
 12900K .......... .......... .......... .......... .......... 82%  683M 0s
 12950K .......... .......... .......... .......... .......... 83%  689M 0s
 13000K .......... .......... .......... .......... .......... 83% 37.1M 0s
 13050K .......... .......... .......... .......... .......... 83%  609M 0s
 13100K .......... .......... .......... .......... .......... 84% 17.0M 0s
 13150K .......... .......... .......... .......... .......... 84%  685M 0s
 13200K .......... .......... .......... .......... .......... 84% 33.1M 0s
 13250K .......... .......... .......... .......... .......... 85% 32.1M 0s
 13300K .......... .......... .......... .......... .......... 85%  579M 0s
 13350K .......... .......... .......... .......... .......... 85% 13.9M 0s
 13400K .......... .......... .......... .......... .......... 86% 55.6M 0s
 13450K .......... .......... .......... .......... .......... 86%  423M 0s
 13500K .......... .......... .......... .......... .......... 86% 60.0M 0s
 13550K .......... .......... .......... .......... .......... 87%  527M 0s
 13600K .......... .......... .......... .......... .......... 87%  578M 0s
 13650K .......... .......... .......... .......... .......... 87% 44.3M 0s
 13700K .......... .......... .......... .......... .......... 87%  596M 0s
 13750K .......... .......... .......... .......... .......... 88%  623M 0s
 13800K .......... .......... .......... .......... .......... 88%  631M 0s
 13850K .......... .......... .......... .......... .......... 88% 38.0M 0s
 13900K .......... .......... .......... .......... .......... 89%  657M 0s
 13950K .......... .......... .......... .......... .......... 89%  666M 0s
 14000K .......... .......... .......... .......... .......... 89% 34.6M 0s
 14050K .......... .......... .......... .......... .......... 90% 29.6M 0s
 14100K .......... .......... .......... .......... .......... 90%  605M 0s
 14150K .......... .......... .......... .......... .......... 90%  635M 0s
 14200K .......... .......... .......... .......... .......... 91% 45.1M 0s
 14250K .......... .......... .......... .......... .......... 91%  524M 0s
 14300K .......... .......... .......... .......... .......... 91%  635M 0s
 14350K .......... .......... .......... .......... .......... 92% 11.2M 0s
 14400K .......... .......... .......... .......... .......... 92%  635M 0s
 14450K .......... .......... .......... .......... .......... 92% 32.8M 0s
 14500K .......... .......... .......... .......... .......... 93%  610M 0s
 14550K .......... .......... .......... .......... .......... 93% 23.5M 0s
 14600K .......... .......... .......... .......... .......... 93%  581M 0s
 14650K .......... .......... .......... .......... .......... 94%  560M 0s
 14700K .......... .......... .......... .......... .......... 94% 24.5M 0s
 14750K .......... .......... .......... .......... .......... 94%  539M 0s
 14800K .......... .......... .......... .......... .......... 95%  531M 0s
 14850K .......... .......... .......... .......... .......... 95% 32.9M 0s
 14900K .......... .......... .......... .......... .......... 95%  580M 0s
 14950K .......... .......... .......... .......... .......... 95%  642M 0s
 15000K .......... .......... .......... .......... .......... 96%  659M 0s
 15050K .......... .......... .......... .......... .......... 96% 34.0M 0s
 15100K .......... .......... .......... .......... .......... 96%  606M 0s
 15150K .......... .......... .......... .......... .......... 97%  706M 0s
 15200K .......... .......... .......... .......... .......... 97%  707M 0s
 15250K .......... .......... .......... .......... .......... 97% 33.6M 0s
 15300K .......... .......... .......... .......... .......... 98%  707M 0s
 15350K .......... .......... .......... .......... .......... 98%  673M 0s
 15400K .......... .......... .......... .......... .......... 98% 32.8M 0s
 15450K .......... .......... .......... .......... .......... 99%  575M 0s
 15500K .......... .......... .......... .......... .......... 99%  650M 0s
 15550K .......... .......... .......... .......... .......... 99%  689M 0s
 15600K .......... .......... .....                           100% 37.1M=0.2s

2023-12-01 15:02:28 (61.4 MB/s) - ‘/home/arms/turtlebot3_ws/build/multirobot_map_merge/2012-01-28-11-12-01.pgm’ saved [16000058/16000058]

Checking MD5 sum of /home/arms/turtlebot3_ws/build/multirobot_map_merge/2012-01-28-11-12-01.pgm
/home/arms/turtlebot3_ws/build/multirobot_map_merge/2012-01-28-11-12-01.pgm: OK
-- Found gtest sources under '/opt/ros/humble/src/gtest_vendor': C++ tests using 'Google Test' will be built
-- Added test 'cppcheck' to perform static code analysis on C / C++ code
-- Configured cppcheck include dirs: /home/arms/turtlebot3_ws/src/m-explore-ros2/map_merge/include;$<BUILD_INTERFACE:/home/arms/turtlebot3_ws/src/m-explore-ros2/map_merge/include>
-- Configured cppcheck exclude dirs and/or files: 
-- Added test 'flake8' to check Python code syntax and style conventions
-- Added test 'lint_cmake' to check CMake code style
-- Added test 'pep257' to check Python code against some of the docstring style conventions in PEP 257
-- Added test 'uncrustify' to check C / C++ code style
-- Configured uncrustify additional arguments: 
-- Added test 'xmllint' to check XML markup files
-- Configuring done
-- Generating done
-- Build files have been written to: /home/arms/turtlebot3_ws/build/multirobot_map_merge
[ 16%] [32mBuilding CXX object CMakeFiles/combine_grids.dir/src/combine_grids/grid_compositor.cpp.o[0m
[ 16%] [32mBuilding CXX object CMakeFiles/combine_grids.dir/src/combine_grids/grid_warper.cpp.o[0m
[ 25%] [32mBuilding CXX object gtest/CMakeFiles/gtest_main.dir/src/gtest_main.cc.o[0m
[ 41%] [32mBuilding CXX object CMakeFiles/combine_grids.dir/src/combine_grids/merging_pipeline.cpp.o[0m
[ 41%] [32mBuilding CXX object gtest/CMakeFiles/gtest.dir/src/gtest-all.cc.o[0m
[ 50%] [32m[1mLinking CXX static library libgtest_main.a[0m
[ 50%] Built target gtest_main
[ 58%] [32m[1mLinking CXX static library libgtest.a[0m
[ 58%] Built target gtest
[ 66%] [32m[1mLinking CXX static library libcombine_grids.a[0m
[ 66%] Built target combine_grids
[ 75%] [32mBuilding CXX object CMakeFiles/test_merging_pipeline.dir/test/test_merging_pipeline.cpp.o[0m
[ 83%] [32mBuilding CXX object CMakeFiles/map_merge.dir/src/map_merge.cpp.o[0m
In file included from [01m[K/home/arms/turtlebot3_ws/src/m-explore-ros2/map_merge/test/testing_helpers.h:7[m[K,
                 from [01m[K/home/arms/turtlebot3_ws/src/m-explore-ros2/map_merge/test/test_merging_pipeline.cpp:42[m[K:
[01m[K/opt/ros/humble/include/tf2_geometry_msgs/tf2_geometry_msgs/tf2_geometry_msgs.h:35:2:[m[K [01;35m[Kwarning: [m[K#warning This header is obsolete, please include tf2_geometry_msgs/tf2_geometry_msgs.hpp instead [[01;35m[K]8;;https://gcc.gnu.org/onlinedocs/gcc/Warning-Options.html#index-Wcpp-Wcpp]8;;[m[K]
   35 | #[01;35m[Kwarning[m[K This header is obsolete, please include tf2_geometry_msgs/tf2_geometry_msgs.hpp instead
      |  [01;35m[K^~~~~~~[m[K
In file included from [01m[K/home/arms/turtlebot3_ws/src/m-explore-ros2/map_merge/src/map_merge.cpp:44[m[K:
[01m[K/opt/ros/humble/include/tf2_geometry_msgs/tf2_geometry_msgs/tf2_geometry_msgs.h:35:2:[m[K [01;35m[Kwarning: [m[K#warning This header is obsolete, please include tf2_geometry_msgs/tf2_geometry_msgs.hpp instead [[01;35m[K]8;;https://gcc.gnu.org/onlinedocs/gcc/Warning-Options.html#index-Wcpp-Wcpp]8;;[m[K]
   35 | #[01;35m[Kwarning[m[K This header is obsolete, please include tf2_geometry_msgs/tf2_geometry_msgs.hpp instead
      |  [01;35m[K^~~~~~~[m[K
[ 91%] [32m[1mLinking CXX executable test_merging_pipeline[0m
[ 91%] Built target test_merging_pipeline
[100%] [32m[1mLinking CXX executable map_merge[0m
[100%] Built target map_merge
-- Install configuration: ""
-- Installing: /home/arms/turtlebot3_ws/install/multirobot_map_merge/include/map_merge/
-- Installing: /home/arms/turtlebot3_ws/install/multirobot_map_merge/include/map_merge//ros1_names.hpp
-- Installing: /home/arms/turtlebot3_ws/install/multirobot_map_merge/include/map_merge//map_merge.h
-- Installing: /home/arms/turtlebot3_ws/install/multirobot_map_merge/share/multirobot_map_merge/launch
-- Installing: /home/arms/turtlebot3_ws/install/multirobot_map_merge/share/multirobot_map_merge/launch/from_map_server.launch.py
-- Installing: /home/arms/turtlebot3_ws/install/multirobot_map_merge/share/multirobot_map_merge/launch/map_merge.rviz
-- Installing: /home/arms/turtlebot3_ws/install/multirobot_map_merge/share/multirobot_map_merge/launch/tb3_simulation
-- Installing: /home/arms/turtlebot3_ws/install/multirobot_map_merge/share/multirobot_map_merge/launch/tb3_simulation/tb3_simulation_launch.py
-- Installing: /home/arms/turtlebot3_ws/install/multirobot_map_merge/share/multirobot_map_merge/launch/tb3_simulation/worlds
-- Installing: /home/arms/turtlebot3_ws/install/multirobot_map_merge/share/multirobot_map_merge/launch/tb3_simulation/worlds/world_only.model
-- Installing: /home/arms/turtlebot3_ws/install/multirobot_map_merge/share/multirobot_map_merge/launch/tb3_simulation/multi_tb3_simulation_launch.py
-- Installing: /home/arms/turtlebot3_ws/install/multirobot_map_merge/share/multirobot_map_merge/launch/tb3_simulation/slam_toolbox.py
-- Installing: /home/arms/turtlebot3_ws/install/multirobot_map_merge/share/multirobot_map_merge/launch/tb3_simulation/config
-- Installing: /home/arms/turtlebot3_ws/install/multirobot_map_merge/share/multirobot_map_merge/launch/tb3_simulation/config/nav2_multirobot_params_2.yaml
-- Installing: /home/arms/turtlebot3_ws/install/multirobot_map_merge/share/multirobot_map_merge/launch/tb3_simulation/config/nav2_multirobot_params_1.yaml
-- Installing: /home/arms/turtlebot3_ws/install/multirobot_map_merge/share/multirobot_map_merge/launch/tb3_simulation/bringup_launch.py
-- Installing: /home/arms/turtlebot3_ws/install/multirobot_map_merge/share/multirobot_map_merge/launch/map_merge.launch.py
-- Installing: /home/arms/turtlebot3_ws/install/multirobot_map_merge/share/multirobot_map_merge/config
-- Installing: /home/arms/turtlebot3_ws/install/multirobot_map_merge/share/multirobot_map_merge/config/params.yaml
-- Installing: /home/arms/turtlebot3_ws/install/multirobot_map_merge/lib/libcombine_grids.a
-- Installing: /home/arms/turtlebot3_ws/install/multirobot_map_merge/lib/multirobot_map_merge/map_merge
-- Set runtime path of "/home/arms/turtlebot3_ws/install/multirobot_map_merge/lib/multirobot_map_merge/map_merge" to ""
-- Installing: /home/arms/turtlebot3_ws/install/multirobot_map_merge/share/multirobot_map_merge/environment/library_path.sh
-- Installing: /home/arms/turtlebot3_ws/install/multirobot_map_merge/share/multirobot_map_merge/environment/library_path.dsv
-- Installing: /home/arms/turtlebot3_ws/install/multirobot_map_merge/share/ament_index/resource_index/package_run_dependencies/multirobot_map_merge
-- Installing: /home/arms/turtlebot3_ws/install/multirobot_map_merge/share/ament_index/resource_index/parent_prefix_path/multirobot_map_merge
-- Installing: /home/arms/turtlebot3_ws/install/multirobot_map_merge/share/multirobot_map_merge/environment/ament_prefix_path.sh
-- Installing: /home/arms/turtlebot3_ws/install/multirobot_map_merge/share/multirobot_map_merge/environment/ament_prefix_path.dsv
-- Installing: /home/arms/turtlebot3_ws/install/multirobot_map_merge/share/multirobot_map_merge/environment/path.sh
-- Installing: /home/arms/turtlebot3_ws/install/multirobot_map_merge/share/multirobot_map_merge/environment/path.dsv
-- Installing: /home/arms/turtlebot3_ws/install/multirobot_map_merge/share/multirobot_map_merge/local_setup.bash
-- Installing: /home/arms/turtlebot3_ws/install/multirobot_map_merge/share/multirobot_map_merge/local_setup.sh
-- Installing: /home/arms/turtlebot3_ws/install/multirobot_map_merge/share/multirobot_map_merge/local_setup.zsh
-- Installing: /home/arms/turtlebot3_ws/install/multirobot_map_merge/share/multirobot_map_merge/local_setup.dsv
-- Installing: /home/arms/turtlebot3_ws/install/multirobot_map_merge/share/multirobot_map_merge/package.dsv
-- Installing: /home/arms/turtlebot3_ws/install/multirobot_map_merge/share/ament_index/resource_index/packages/multirobot_map_merge
-- Installing: /home/arms/turtlebot3_ws/install/multirobot_map_merge/share/multirobot_map_merge/cmake/ament_cmake_export_include_directories-extras.cmake
-- Installing: /home/arms/turtlebot3_ws/install/multirobot_map_merge/share/multirobot_map_merge/cmake/ament_cmake_export_libraries-extras.cmake
-- Installing: /home/arms/turtlebot3_ws/install/multirobot_map_merge/share/multirobot_map_merge/cmake/multirobot_map_mergeConfig.cmake
-- Installing: /home/arms/turtlebot3_ws/install/multirobot_map_merge/share/multirobot_map_merge/cmake/multirobot_map_mergeConfig-version.cmake
-- Installing: /home/arms/turtlebot3_ws/install/multirobot_map_merge/share/multirobot_map_merge/package.xml
