[0.464s] Invoking command in '/home/arms/turtlebot3_ws/build/multirobot_map_merge': CMAKE_PREFIX_PATH=/opt/ros/humble /usr/bin/cmake /home/arms/turtlebot3_ws/src/m-explore-ros2/map_merge -DCMAKE_INSTALL_PREFIX=/home/arms/turtlebot3_ws/install/multirobot_map_merge
[0.515s] -- The C compiler identification is GNU 11.4.0
[0.561s] -- The CXX compiler identification is GNU 11.4.0
[0.567s] -- Detecting C compiler ABI info
[0.605s] -- Detecting C compiler ABI info - done
[0.609s] -- Check for working C compiler: /usr/bin/cc - skipped
[0.610s] -- Detecting C compile features
[0.610s] -- Detecting C compile features - done
[0.612s] -- Detecting CXX compiler ABI info
[0.659s] -- Detecting CXX compiler ABI info - done
[0.664s] -- Check for working CXX compiler: /usr/bin/c++ - skipped
[0.664s] -- Detecting CXX compile features
[0.665s] -- Detecting CXX compile features - done
[0.667s] -- Found ament_cmake: 1.3.5 (/opt/ros/humble/share/ament_cmake/cmake)
[0.803s] -- Found Python3: /usr/bin/python3.10 (found version "3.10.12") found components: Interpreter 
[0.875s] -- Found rclcpp: 16.0.6 (/opt/ros/humble/share/rclcpp/cmake)
[0.914s] -- Found rosidl_generator_c: 3.1.5 (/opt/ros/humble/share/rosidl_generator_c/cmake)
[0.918s] -- Found rosidl_adapter: 3.1.5 (/opt/ros/humble/share/rosidl_adapter/cmake)
[0.926s] -- Found rosidl_generator_cpp: 3.1.5 (/opt/ros/humble/share/rosidl_generator_cpp/cmake)
[0.944s] -- Using all available rosidl_typesupport_c: rosidl_typesupport_fastrtps_c;rosidl_typesupport_introspection_c
[0.958s] -- Using all available rosidl_typesupport_cpp: rosidl_typesupport_fastrtps_cpp;rosidl_typesupport_introspection_cpp
[1.011s] -- Found rmw_implementation_cmake: 6.1.1 (/opt/ros/humble/share/rmw_implementation_cmake/cmake)
[1.013s] -- Found rmw_cyclonedds_cpp: 1.3.4 (/opt/ros/humble/share/rmw_cyclonedds_cpp/cmake)
[1.046s] -- Using RMW implementation 'rmw_cyclonedds_cpp' as default
[1.055s] -- Looking for pthread.h
[1.110s] -- Looking for pthread.h - found
[1.110s] -- Performing Test CMAKE_HAVE_LIBC_PTHREAD
[1.161s] -- Performing Test CMAKE_HAVE_LIBC_PTHREAD - Success
[1.161s] -- Found Threads: TRUE  
[1.274s] -- Found geometry_msgs: 4.2.3 (/opt/ros/humble/share/geometry_msgs/cmake)
[1.306s] -- Found image_geometry: 3.2.1 (/opt/ros/humble/share/image_geometry/cmake)
[1.376s] -- Found map_msgs: 2.1.0 (/opt/ros/humble/share/map_msgs/cmake)
[1.537s] -- Found tf2_geometry_msgs: 0.25.4 (/opt/ros/humble/share/tf2_geometry_msgs/cmake)
[1.546s] -- Found eigen3_cmake_module: 0.1.1 (/opt/ros/humble/share/eigen3_cmake_module/cmake)
[1.547s] -- Found Eigen3: TRUE (found version "3.4.0") 
[1.547s] -- Ensuring Eigen3 include directory is part of orocos-kdl CMake target
[1.776s] -- Found Boost: /usr/lib/x86_64-linux-gnu/cmake/Boost-1.74.0/BoostConfig.cmake (found version "1.74.0") found components: thread 
[1.778s] -- Found OpenCV: /usr (found version "4.5.4") 
[1.787s] -- Found ament_lint_auto: 0.12.8 (/opt/ros/humble/share/ament_lint_auto/cmake)
[1.830s] -- Found ament_cmake_gtest: 1.3.5 (/opt/ros/humble/share/ament_cmake_gtest/cmake)
[1.834s] --2023-12-01 15:02:23--  https://raw.githubusercontent.com/hrnr/m-explore-extra/master/map_merge/hector_maps/map00.pgm
[1.863s] Resolving raw.githubusercontent.com (raw.githubusercontent.com)... 185.199.108.133, 185.199.109.133, 185.199.110.133, ...
[1.868s] Connecting to raw.githubusercontent.com (raw.githubusercontent.com)|185.199.108.133|:443... connected.
[2.470s] HTTP request sent, awaiting response... 200 OK
[2.470s] Length: 4194362 (4.0M) [application/octet-stream]
[2.471s] Saving to: ‘/home/arms/turtlebot3_ws/build/multirobot_map_merge/map00.pgm’
[2.471s] 
[2.474s]      0K .......... .......... .......... .......... ..........  1% 11.3M 0s
[2.480s]     50K .......... .......... .......... .......... ..........  2% 8.58M 0s
[2.480s]    100K .......... .......... .......... .......... ..........  3% 63.9M 0s
[2.482s]    150K .......... .......... .......... .......... ..........  4% 33.4M 0s
[2.486s]    200K .......... .......... .......... .......... ..........  6% 12.5M 0s
[2.487s]    250K .......... .......... .......... .......... ..........  7% 49.9M 0s
[2.487s]    300K .......... .......... .......... .......... ..........  8%  194M 0s
[2.488s]    350K .......... .......... .......... .......... ..........  9% 31.0M 0s
[2.489s]    400K .......... .......... .......... .......... .......... 10% 72.3M 0s
[2.492s]    450K .......... .......... .......... .......... .......... 12% 15.7M 0s
[2.492s]    500K .......... .......... .......... .......... .......... 13%  208M 0s
[2.494s]    550K .......... .......... .......... .......... .......... 14% 43.1M 0s
[2.494s]    600K .......... .......... .......... .......... .......... 15%  177M 0s
[2.494s]    650K .......... .......... .......... .......... .......... 17%  182M 0s
[2.496s]    700K .......... .......... .......... .......... .......... 18% 28.5M 0s
[2.496s]    750K .......... .......... .......... .......... .......... 19%  213M 0s
[2.497s]    800K .......... .......... .......... .......... .......... 20%  219M 0s
[2.497s]    850K .......... .......... .......... .......... .......... 21% 54.5M 0s
[2.497s]    900K .......... .......... .......... .......... .......... 23%  199M 0s
[2.499s]    950K .......... .......... .......... .......... .......... 24% 32.2M 0s
[2.499s]   1000K .......... .......... .......... .......... .......... 25%  224M 0s
[2.499s]   1050K .......... .......... .......... .......... .......... 26%  246M 0s
[2.500s]   1100K .......... .......... .......... .......... .......... 28% 40.3M 0s
[2.500s]   1150K .......... .......... .......... .......... .......... 29%  261M 0s
[2.501s]   1200K .......... .......... .......... .......... .......... 30%  279M 0s
[2.503s]   1250K .......... .......... .......... .......... .......... 31% 25.4M 0s
[2.503s]   1300K .......... .......... .......... .......... .......... 32%  280M 0s
[2.503s]   1350K .......... .......... .......... .......... .......... 34%  410M 0s
[2.503s]   1400K .......... .......... .......... .......... .......... 35%  399M 0s
[2.505s]   1450K .......... .......... .......... .......... .......... 36% 27.1M 0s
[2.506s]   1500K .......... .......... .......... .......... .......... 37% 44.2M 0s
[2.506s]   1550K .......... .......... .......... .......... .......... 39%  354M 0s
[2.508s]   1600K .......... .......... .......... .......... .......... 40% 29.9M 0s
[2.508s]   1650K .......... .......... .......... .......... .......... 41%  422M 0s
[2.509s]   1700K .......... .......... .......... .......... .......... 42% 32.4M 0s
[2.509s]   1750K .......... .......... .......... .......... .......... 43%  509M 0s
[2.509s]   1800K .......... .......... .......... .......... .......... 45%  413M 0s
[2.511s]   1850K .......... .......... .......... .......... .......... 46% 33.2M 0s
[2.511s]   1900K .......... .......... .......... .......... .......... 47%  435M 0s
[2.525s]   1950K .......... .......... .......... .......... .......... 48% 3.71M 0s
[2.525s]   2000K .......... .......... .......... .......... .......... 50%  184M 0s
[2.525s]   2050K .......... .......... .......... .......... .......... 51%  192M 0s
[2.525s]   2100K .......... .......... .......... .......... .......... 52%  238M 0s
[2.526s]   2150K .......... .......... .......... .......... .......... 53%  225M 0s
[2.526s]   2200K .......... .......... .......... .......... .......... 54% 99.9M 0s
[2.526s]   2250K .......... .......... .......... .......... .......... 56%  192M 0s
[2.535s]   2300K .......... .......... .......... .......... .......... 57% 5.45M 0s
[2.537s]   2350K .......... .......... .......... .......... .......... 58% 27.0M 0s
[2.538s]   2400K .......... .......... .......... .......... .......... 59%  212M 0s
[2.538s]   2450K .......... .......... .......... .......... .......... 61%  270M 0s
[2.538s]   2500K .......... .......... .......... .......... .......... 62%  220M 0s
[2.539s]   2550K .......... .......... .......... .......... .......... 63%  237M 0s
[2.539s]   2600K .......... .......... .......... .......... .......... 64%  242M 0s
[2.539s]   2650K .......... .......... .......... .......... .......... 65%  243M 0s
[2.539s]   2700K .......... .......... .......... .......... .......... 67%  214M 0s
[2.540s]   2750K .......... .......... .......... .......... .......... 68%  225M 0s
[2.540s]   2800K .......... .......... .......... .......... .......... 69%  264M 0s
[2.540s]   2850K .......... .......... .......... .......... .......... 70%  203M 0s
[2.541s]   2900K .......... .......... .......... .......... .......... 72%  236M 0s
[2.541s]   2950K .......... .......... .......... .......... .......... 73%  225M 0s
[2.541s]   3000K .......... .......... .......... .......... .......... 74%  228M 0s
[2.541s]   3050K .......... .......... .......... .......... .......... 75%  219M 0s
[2.541s]   3100K .......... .......... .......... .......... .......... 76%  188M 0s
[2.541s]   3150K .......... .......... .......... .......... .......... 78%  225M 0s
[2.542s]   3200K .......... .......... .......... .......... .......... 79%  206M 0s
[2.542s]   3250K .......... .......... .......... .......... .......... 80%  226M 0s
[2.543s]   3300K .......... .......... .......... .......... .......... 81%  192M 0s
[2.543s]   3350K .......... .......... .......... .......... .......... 83%  157M 0s
[2.543s]   3400K .......... .......... .......... .......... .......... 84%  159M 0s
[2.544s]   3450K .......... .......... .......... .......... .......... 85%  159M 0s
[2.544s]   3500K .......... .......... .......... .......... .......... 86%  201M 0s
[2.544s]   3550K .......... .......... .......... .......... .......... 87%  153M 0s
[2.544s]   3600K .......... .......... .......... .......... .......... 89%  126M 0s
[2.545s]   3650K .......... .......... .......... .......... .......... 90%  154M 0s
[2.545s]   3700K .......... .......... .......... .......... .......... 91%  152M 0s
[2.545s]   3750K .......... .......... .......... .......... .......... 92%  150M 0s
[2.545s]   3800K .......... .......... .......... .......... .......... 93%  142M 0s
[2.545s]   3850K .......... .......... .......... .......... .......... 95%  166M 0s
[2.545s]   3900K .......... .......... .......... .......... .......... 96%  168M 0s
[2.548s]   3950K .......... .......... .......... .......... .......... 97% 14.6M 0s
[2.549s]   4000K .......... .......... .......... .......... .......... 98% 76.6M 0s
[2.549s]   4050K .......... .......... .......... .......... ......    100%  565M=0.08s
[2.549s] 
[2.549s] 2023-12-01 15:02:24 (50.3 MB/s) - ‘/home/arms/turtlebot3_ws/build/multirobot_map_merge/map00.pgm’ saved [4194362/4194362]
[2.549s] 
[2.549s] Checking MD5 sum of /home/arms/turtlebot3_ws/build/multirobot_map_merge/map00.pgm
[2.567s] /home/arms/turtlebot3_ws/build/multirobot_map_merge/map00.pgm: OK
[2.570s] --2023-12-01 15:02:24--  https://raw.githubusercontent.com/hrnr/m-explore-extra/master/map_merge/hector_maps/map05.pgm
[2.573s] Resolving raw.githubusercontent.com (raw.githubusercontent.com)... 185.199.111.133, 185.199.109.133, 185.199.110.133, ...
[2.578s] Connecting to raw.githubusercontent.com (raw.githubusercontent.com)|185.199.111.133|:443... connected.
[3.345s] HTTP request sent, awaiting response... 200 OK
[3.346s] Length: 4194362 (4.0M) [application/octet-stream]
[3.346s] Saving to: ‘/home/arms/turtlebot3_ws/build/multirobot_map_merge/map05.pgm’
[3.346s] 
[3.356s]      0K .......... .......... .......... .......... ..........  1% 4.44M 1s
[3.367s]     50K .......... .......... .......... .......... ..........  2% 4.75M 1s
[3.372s]    100K .......... .......... .......... .......... ..........  3% 8.96M 1s
[3.375s]    150K .......... .......... .......... .......... ..........  4% 17.2M 1s
[3.379s]    200K .......... .......... .......... .......... ..........  6% 12.0M 1s
[3.381s]    250K .......... .......... .......... .......... ..........  7% 19.8M 0s
[3.383s]    300K .......... .......... .......... .......... ..........  8% 29.7M 0s
[3.394s]    350K .......... .......... .......... .......... ..........  9% 4.49M 0s
[3.396s]    400K .......... .......... .......... .......... .......... 10% 26.6M 0s
[3.398s]    450K .......... .......... .......... .......... .......... 12% 21.5M 0s
[3.401s]    500K .......... .......... .......... .......... .......... 13% 17.3M 0s
[3.402s]    550K .......... .......... .......... .......... .......... 14% 29.5M 0s
[3.405s]    600K .......... .......... .......... .......... .......... 15% 19.4M 0s
[3.406s]    650K .......... .......... .......... .......... .......... 17% 27.9M 0s
[3.408s]    700K .......... .......... .......... .......... .......... 18% 46.4M 0s
[3.411s]    750K .......... .......... .......... .......... .......... 19% 14.9M 0s
[3.413s]    800K .......... .......... .......... .......... .......... 20% 34.9M 0s
[3.415s]    850K .......... .......... .......... .......... .......... 21% 20.6M 0s
[3.418s]    900K .......... .......... .......... .......... .......... 23% 16.4M 0s
[3.419s]    950K .......... .......... .......... .......... .......... 24% 25.7M 0s
[3.422s]   1000K .......... .......... .......... .......... .......... 25% 23.0M 0s
[3.422s]   1050K .......... .......... .......... .......... .......... 26%  169M 0s
[3.423s]   1100K .......... .......... .......... .......... .......... 28% 29.2M 0s
[3.426s]   1150K .......... .......... .......... .......... .......... 29% 18.4M 0s
[3.428s]   1200K .......... .......... .......... .......... .......... 30% 31.9M 0s
[3.431s]   1250K .......... .......... .......... .......... .......... 31% 17.1M 0s
[3.431s]   1300K .......... .......... .......... .......... .......... 32%  233M 0s
[3.432s]   1350K .......... .......... .......... .......... .......... 34% 32.7M 0s
[3.434s]   1400K .......... .......... .......... .......... .......... 35% 21.4M 0s
[3.436s]   1450K .......... .......... .......... .......... .......... 36% 25.2M 0s
[3.437s]   1500K .......... .......... .......... .......... .......... 37%  106M 0s
[3.439s]   1550K .......... .......... .......... .......... .......... 39% 18.5M 0s
[3.441s]   1600K .......... .......... .......... .......... .......... 40% 30.5M 0s
[3.444s]   1650K .......... .......... .......... .......... .......... 41% 17.9M 0s
[3.444s]   1700K .......... .......... .......... .......... .......... 42%  187M 0s
[3.452s]   1750K .......... .......... .......... .......... .......... 43% 5.87M 0s
[3.455s]   1800K .......... .......... .......... .......... .......... 45% 17.2M 0s
[3.457s]   1850K .......... .......... .......... .......... .......... 46% 49.2M 0s
[3.458s]   1900K .......... .......... .......... .......... .......... 47% 37.0M 0s
[3.461s]   1950K .......... .......... .......... .......... .......... 48% 16.4M 0s
[3.462s]   2000K .......... .......... .......... .......... .......... 50% 32.0M 0s
[3.464s]   2050K .......... .......... .......... .......... .......... 51% 29.2M 0s
[3.465s]   2100K .......... .......... .......... .......... .......... 52% 49.7M 0s
[3.466s]   2150K .......... .......... .......... .......... .......... 53% 28.9M 0s
[3.468s]   2200K .......... .......... .......... .......... .......... 54% 32.4M 0s
[3.469s]   2250K .......... .......... .......... .......... .......... 56% 37.6M 0s
[3.471s]   2300K .......... .......... .......... .......... .......... 57% 36.2M 0s
[3.471s]   2350K .......... .......... .......... .......... .......... 58%  286M 0s
[3.472s]   2400K .......... .......... .......... .......... .......... 59% 32.5M 0s
[3.481s]   2450K .......... .......... .......... .......... .......... 61% 5.97M 0s
[3.484s]   2500K .......... .......... .......... .......... .......... 62% 14.8M 0s
[3.484s]   2550K .......... .......... .......... .......... .......... 63%  108M 0s
[3.486s]   2600K .......... .......... .......... .......... .......... 64% 33.1M 0s
[3.489s]   2650K .......... .......... .......... .......... .......... 65% 16.0M 0s
[3.489s]   2700K .......... .......... .......... .......... .......... 67%  182M 0s
[3.490s]   2750K .......... .......... .......... .......... .......... 68% 64.1M 0s
[3.491s]   2800K .......... .......... .......... .......... .......... 69% 29.3M 0s
[3.492s]   2850K .......... .......... .......... .......... .......... 70% 64.1M 0s
[3.494s]   2900K .......... .......... .......... .......... .......... 72% 20.5M 0s
[3.495s]   2950K .......... .......... .......... .......... .......... 73%  276M 0s
[3.496s]   3000K .......... .......... .......... .......... .......... 74% 25.6M 0s
[3.497s]   3050K .......... .......... .......... .......... .......... 75% 56.1M 0s
[3.500s]   3100K .......... .......... .......... .......... .......... 76% 24.4M 0s
[3.500s]   3150K .......... .......... .......... .......... .......... 78%  270M 0s
[3.500s]   3200K .......... .......... .......... .......... .......... 79% 56.4M 0s
[3.502s]   3250K .......... .......... .......... .......... .......... 80% 42.8M 0s
[3.505s]   3300K .......... .......... .......... .......... .......... 81% 16.0M 0s
[3.517s]   3350K .......... .......... .......... .......... .......... 83% 60.9M 0s
[3.517s]   3400K .......... .......... .......... .......... .......... 84% 4.34M 0s
[3.520s]   3450K .......... .......... .......... .......... .......... 85% 14.2M 0s
[3.521s]   3500K .......... .......... .......... .......... .......... 86% 74.8M 0s
[3.521s]   3550K .......... .......... .......... .......... .......... 87%  173M 0s
[3.522s]   3600K .......... .......... .......... .......... .......... 89% 80.3M 0s
[3.523s]   3650K .......... .......... .......... .......... .......... 90% 38.8M 0s
[3.527s]   3700K .......... .......... .......... .......... .......... 91% 13.8M 0s
[3.527s]   3750K .......... .......... .......... .......... .......... 92%  129M 0s
[3.528s]   3800K .......... .......... .......... .......... .......... 93% 51.5M 0s
[3.529s]   3850K .......... .......... .......... .......... .......... 95% 43.0M 0s
[3.529s]   3900K .......... .......... .......... .......... .......... 96%  192M 0s
[3.533s]   3950K .......... .......... .......... .......... .......... 97% 15.1M 0s
[3.533s]   4000K .......... .......... .......... .......... .......... 98%  282M 0s
[3.533s]   4050K .......... .......... .......... .......... ......    100% 99.8M=0.2s
[3.533s] 
[3.533s] 2023-12-01 15:02:25 (21.3 MB/s) - ‘/home/arms/turtlebot3_ws/build/multirobot_map_merge/map05.pgm’ saved [4194362/4194362]
[3.533s] 
[3.535s] Checking MD5 sum of /home/arms/turtlebot3_ws/build/multirobot_map_merge/map05.pgm
[3.546s] /home/arms/turtlebot3_ws/build/multirobot_map_merge/map05.pgm: OK
[3.550s] --2023-12-01 15:02:25--  https://raw.githubusercontent.com/hrnr/m-explore-extra/master/map_merge/gmapping_maps/2011-08-09-12-22-52.pgm
[3.553s] Resolving raw.githubusercontent.com (raw.githubusercontent.com)... 185.199.108.133, 185.199.109.133, 185.199.111.133, ...
[3.558s] Connecting to raw.githubusercontent.com (raw.githubusercontent.com)|185.199.108.133|:443... connected.
[4.985s] HTTP request sent, awaiting response... 200 OK
[4.985s] Length: 16000058 (15M) [text/plain]
[4.985s] Saving to: ‘/home/arms/turtlebot3_ws/build/multirobot_map_merge/2011-08-09-12-22-52.pgm’
[4.985s] 
[4.993s]      0K .......... .......... .......... .......... ..........  0% 5.47M 3s
[5.002s]     50K .......... .......... .......... .......... ..........  0% 5.47M 3s
[5.007s]    100K .......... .......... .......... .......... ..........  0% 9.47M 2s
[5.008s]    150K .......... .......... .......... .......... ..........  1% 64.4M 2s
[5.010s]    200K .......... .......... .......... .......... ..........  1% 28.4M 2s
[5.011s]    250K .......... .......... .......... .......... ..........  1% 46.8M 1s
[5.012s]    300K .......... .......... .......... .......... ..........  2% 39.1M 1s
[5.012s]    350K .......... .......... .......... .......... ..........  2%  224M 1s
[5.016s]    400K .......... .......... .......... .......... ..........  2% 13.2M 1s
[5.016s]    450K .......... .......... .......... .......... ..........  3%  554M 1s
[5.016s]    500K .......... .......... .......... .......... ..........  3%  678M 1s
[5.017s]    550K .......... .......... .......... .......... ..........  3% 66.5M 1s
[5.017s]    600K .......... .......... .......... .......... ..........  4%  570M 1s
[5.018s]    650K .......... .......... .......... .......... ..........  4% 33.2M 1s
[5.020s]    700K .......... .......... .......... .......... ..........  4% 29.9M 1s
[5.022s]    750K .......... .......... .......... .......... ..........  5% 31.4M 1s
[5.022s]    800K .......... .......... .......... .......... ..........  5%  662M 1s
[5.023s]    850K .......... .......... .......... .......... ..........  5% 43.4M 1s
[5.023s]    900K .......... .......... .......... .......... ..........  6%  631M 1s
[5.024s]    950K .......... .......... .......... .......... ..........  6% 66.2M 1s
[5.025s]   1000K .......... .......... .......... .......... ..........  6% 27.5M 1s
[5.029s]   1050K .......... .......... .......... .......... ..........  7% 13.5M 1s
[5.029s]   1100K .......... .......... .......... .......... ..........  7%  418M 1s
[5.034s]   1150K .......... .......... .......... .......... ..........  7% 9.57M 1s
[5.034s]   1200K .......... .......... .......... .......... ..........  7%  432M 1s
[5.034s]   1250K .......... .......... .......... .......... ..........  8%  378M 1s
[5.036s]   1300K .......... .......... .......... .......... ..........  8% 29.6M 1s
[5.036s]   1350K .......... .......... .......... .......... ..........  8%  328M 1s
[5.036s]   1400K .......... .......... .......... .......... ..........  9%  372M 1s
[5.037s]   1450K .......... .......... .......... .......... ..........  9% 40.6M 1s
[5.038s]   1500K .......... .......... .......... .......... ..........  9%  359M 0s
[5.038s]   1550K .......... .......... .......... .......... .......... 10% 59.4M 0s
[5.040s]   1600K .......... .......... .......... .......... .......... 10% 24.4M 0s
[5.040s]   1650K .......... .......... .......... .......... .......... 10%  308M 0s
[5.042s]   1700K .......... .......... .......... .......... .......... 11% 34.2M 0s
[5.043s]   1750K .......... .......... .......... .......... .......... 11% 39.7M 0s
[5.043s]   1800K .......... .......... .......... .......... .......... 11%  276M 0s
[5.044s]   1850K .......... .......... .......... .......... .......... 12% 44.2M 0s
[5.055s]   1900K .......... .......... .......... .......... .......... 12% 4.56M 0s
[5.056s]   1950K .......... .......... .......... .......... .......... 12%  224M 0s
[5.056s]   2000K .......... .......... .......... .......... .......... 13%  225M 0s
[5.056s]   2050K .......... .......... .......... .......... .......... 13%  164M 0s
[5.056s]   2100K .......... .......... .......... .......... .......... 13%  226M 0s
[5.058s]   2150K .......... .......... .......... .......... .......... 14% 26.1M 0s
[5.058s]   2200K .......... .......... .......... .......... .......... 14%  182M 0s
[5.058s]   2250K .......... .......... .......... .......... .......... 14%  238M 0s
[5.058s]   2300K .......... .......... .......... .......... .......... 15%  284M 0s
[5.061s]   2350K .......... .......... .......... .......... .......... 15% 23.7M 0s
[5.061s]   2400K .......... .......... .......... .......... .......... 15%  341M 0s
[5.062s]   2450K .......... .......... .......... .......... .......... 15% 30.6M 0s
[5.063s]   2500K .......... .......... .......... .......... .......... 16% 63.4M 0s
[5.063s]   2550K .......... .......... .......... .......... .......... 16%  312M 0s
[5.064s]   2600K .......... .......... .......... .......... .......... 16% 43.0M 0s
[5.065s]   2650K .......... .......... .......... .......... .......... 17% 58.4M 0s
[5.068s]   2700K .......... .......... .......... .......... .......... 17% 18.6M 0s
[5.068s]   2750K .......... .......... .......... .......... .......... 17%  336M 0s
[5.069s]   2800K .......... .......... .......... .......... .......... 18% 47.2M 0s
[5.071s]   2850K .......... .......... .......... .......... .......... 18% 25.1M 0s
[5.071s]   2900K .......... .......... .......... .......... .......... 18%  365M 0s
[5.071s]   2950K .......... .......... .......... .......... .......... 19%  322M 0s
[5.073s]   3000K .......... .......... .......... .......... .......... 19% 28.1M 0s
[5.073s]   3050K .......... .......... .......... .......... .......... 19%  389M 0s
[5.073s]   3100K .......... .......... .......... .......... .......... 20%  373M 0s
[5.075s]   3150K .......... .......... .......... .......... .......... 20% 29.1M 0s
[5.075s]   3200K .......... .......... .......... .......... .......... 20%  437M 0s
[5.076s]   3250K .......... .......... .......... .......... .......... 21% 34.5M 0s
[5.077s]   3300K .......... .......... .......... .......... .......... 21%  431M 0s
[5.077s]   3350K .......... .......... .......... .......... .......... 21%  528M 0s
[5.079s]   3400K .......... .......... .......... .......... .......... 22% 25.5M 0s
[5.079s]   3450K .......... .......... .......... .......... .......... 22%  482M 0s
[5.080s]   3500K .......... .......... .......... .......... .......... 22% 27.2M 0s
[5.080s]   3550K .......... .......... .......... .......... .......... 23%  511M 0s
[5.081s]   3600K .......... .......... .......... .......... .......... 23%  552M 0s
[5.086s]   3650K .......... .......... .......... .......... .......... 23% 9.80M 0s
[5.086s]   3700K .......... .......... .......... .......... .......... 23%  419M 0s
[5.088s]   3750K .......... .......... .......... .......... .......... 24% 19.8M 0s
[5.089s]   3800K .......... .......... .......... .......... .......... 24%  107M 0s
[5.089s]   3850K .......... .......... .......... .......... .......... 24%  389M 0s
[5.089s]   3900K .......... .......... .......... .......... .......... 25%  441M 0s
[5.090s]   3950K .......... .......... .......... .......... .......... 25% 36.8M 0s
[5.090s]   4000K .......... .......... .......... .......... .......... 25%  483M 0s
[5.090s]   4050K .......... .......... .......... .......... .......... 26%  423M 0s
[5.091s]   4100K .......... .......... .......... .......... .......... 26%  498M 0s
[5.092s]   4150K .......... .......... .......... .......... .......... 26% 44.2M 0s
[5.095s]   4200K .......... .......... .......... .......... .......... 27% 14.7M 0s
[5.095s]   4250K .......... .......... .......... .......... .......... 27%  412M 0s
[5.096s]   4300K .......... .......... .......... .......... .......... 27% 52.0M 0s
[5.096s]   4350K .......... .......... .......... .......... .......... 28% 98.7M 0s
[5.098s]   4400K .......... .......... .......... .......... .......... 28% 35.6M 0s
[5.101s]   4450K .......... .......... .......... .......... .......... 28% 16.1M 0s
[5.101s]   4500K .......... .......... .......... .......... .......... 29%  367M 0s
[5.103s]   4550K .......... .......... .......... .......... .......... 29% 30.8M 0s
[5.103s]   4600K .......... .......... .......... .......... .......... 29%  355M 0s
[5.103s]   4650K .......... .......... .......... .......... .......... 30%  378M 0s
[5.104s]   4700K .......... .......... .......... .......... .......... 30% 47.3M 0s
[5.104s]   4750K .......... .......... .......... .......... .......... 30%  452M 0s
[5.104s]   4800K .......... .......... .......... .......... .......... 31%  481M 0s
[5.105s]   4850K .......... .......... .......... .......... .......... 31% 38.4M 0s
[5.105s]   4900K .......... .......... .......... .......... .......... 31%  550M 0s
[5.105s]   4950K .......... .......... .......... .......... .......... 31%  503M 0s
[5.110s]   5000K .......... .......... .......... .......... .......... 32% 10.6M 0s
[5.110s]   5050K .......... .......... .......... .......... .......... 32%  409M 0s
[5.115s]   5100K .......... .......... .......... .......... .......... 32% 10.6M 0s
[5.115s]   5150K .......... .......... .......... .......... .......... 33%  378M 0s
[5.115s]   5200K .......... .......... .......... .......... .......... 33%  374M 0s
[5.116s]   5250K .......... .......... .......... .......... .......... 33% 41.7M 0s
[5.116s]   5300K .......... .......... .......... .......... .......... 34%  397M 0s
[5.118s]   5350K .......... .......... .......... .......... .......... 34% 40.3M 0s
[5.118s]   5400K .......... .......... .......... .......... .......... 34%  423M 0s
[5.118s]   5450K .......... .......... .......... .......... .......... 35%  431M 0s
[5.118s]   5500K .......... .......... .......... .......... .......... 35% 79.8M 0s
[5.118s]   5550K .......... .......... .......... .......... .......... 35%  478M 0s
[5.121s]   5600K .......... .......... .......... .......... .......... 36% 23.8M 0s
[5.121s]   5650K .......... .......... .......... .......... .......... 36%  461M 0s
[5.123s]   5700K .......... .......... .......... .......... .......... 36% 20.1M 0s
[5.123s]   5750K .......... .......... .......... .......... .......... 37%  483M 0s
[5.124s]   5800K .......... .......... .......... .......... .......... 37% 45.2M 0s
[5.124s]   5850K .......... .......... .......... .......... .......... 37%  437M 0s
[5.126s]   5900K .......... .......... .......... .......... .......... 38% 33.4M 0s
[5.127s]   5950K .......... .......... .......... .......... .......... 38% 37.9M 0s
[5.127s]   6000K .......... .......... .......... .......... .......... 38%  504M 0s
[5.128s]   6050K .......... .......... .......... .......... .......... 39% 45.9M 0s
[5.128s]   6100K .......... .......... .......... .......... .......... 39%  436M 0s
[5.128s]   6150K .......... .......... .......... .......... .......... 39%  547M 0s
[5.130s]   6200K .......... .......... .......... .......... .......... 39% 31.1M 0s
[5.130s]   6250K .......... .......... .......... .......... .......... 40%  439M 0s
[5.130s]   6300K .......... .......... .......... .......... .......... 40%  495M 0s
[5.131s]   6350K .......... .......... .......... .......... .......... 40% 51.3M 0s
[5.136s]   6400K .......... .......... .......... .......... .......... 41% 10.1M 0s
[5.140s]   6450K .......... .......... .......... .......... .......... 41% 11.6M 0s
[5.140s]   6500K .......... .......... .......... .......... .......... 41%  380M 0s
[5.142s]   6550K .......... .......... .......... .......... .......... 42% 45.6M 0s
[5.142s]   6600K .......... .......... .......... .......... .......... 42%  315M 0s
[5.142s]   6650K .......... .......... .......... .......... .......... 42%  336M 0s
[5.143s]   6700K .......... .......... .......... .......... .......... 43% 44.3M 0s
[5.143s]   6750K .......... .......... .......... .......... .......... 43%  410M 0s
[5.143s]   6800K .......... .......... .......... .......... .......... 43%  443M 0s
[5.146s]   6850K .......... .......... .......... .......... .......... 44% 16.5M 0s
[5.146s]   6900K .......... .......... .......... .......... .......... 44%  439M 0s
[5.147s]   6950K .......... .......... .......... .......... .......... 44%  124M 0s
[5.147s]   7000K .......... .......... .......... .......... .......... 45%  334M 0s
[5.148s]   7050K .......... .......... .......... .......... .......... 45% 41.0M 0s
[5.149s]   7100K .......... .......... .......... .......... .......... 45% 31.3M 0s
[5.150s]   7150K .......... .......... .......... .......... .......... 46%  489M 0s
[5.151s]   7200K .......... .......... .......... .......... .......... 46% 38.1M 0s
[5.151s]   7250K .......... .......... .......... .......... .......... 46%  425M 0s
[5.152s]   7300K .......... .......... .......... .......... .......... 47% 36.3M 0s
[5.152s]   7350K .......... .......... .......... .......... .......... 47%  452M 0s
[5.155s]   7400K .......... .......... .......... .......... .......... 47% 23.2M 0s
[5.155s]   7450K .......... .......... .......... .......... .......... 47%  392M 0s
[5.155s]   7500K .......... .......... .......... .......... .......... 48%  558M 0s
[5.155s]   7550K .......... .......... .......... .......... .......... 48%  577M 0s
[5.156s]   7600K .......... .......... .......... .......... .......... 48% 77.7M 0s
[5.156s]   7650K .......... .......... .......... .......... .......... 49%  422M 0s
[5.157s]   7700K .......... .......... .......... .......... .......... 49% 38.5M 0s
[5.157s]   7750K .......... .......... .......... .......... .......... 49%  518M 0s
[5.158s]   7800K .......... .......... .......... .......... .......... 50% 49.1M 0s
[5.160s]   7850K .......... .......... .......... .......... .......... 50% 24.9M 0s
[5.160s]   7900K .......... .......... .......... .......... .......... 50%  390M 0s
[5.160s]   7950K .......... .......... .......... .......... .......... 51%  388M 0s
[5.162s]   8000K .......... .......... .......... .......... .......... 51% 25.5M 0s
[5.162s]   8050K .......... .......... .......... .......... .......... 51%  263M 0s
[5.164s]   8100K .......... .......... .......... .......... .......... 52% 28.2M 0s
[5.164s]   8150K .......... .......... .......... .......... .......... 52%  322M 0s
[5.164s]   8200K .......... .......... .......... .......... .......... 52%  314M 0s
[5.164s]   8250K .......... .......... .......... .......... .......... 53%  296M 0s
[5.166s]   8300K .......... .......... .......... .......... .......... 53% 33.8M 0s
[5.166s]   8350K .......... .......... .......... .......... .......... 53%  325M 0s
[5.166s]   8400K .......... .......... .......... .......... .......... 54%  341M 0s
[5.168s]   8450K .......... .......... .......... .......... .......... 54% 39.1M 0s
[5.168s]   8500K .......... .......... .......... .......... .......... 54%  370M 0s
[5.168s]   8550K .......... .......... .......... .......... .......... 55% 71.3M 0s
[5.169s]   8600K .......... .......... .......... .......... .......... 55% 48.0M 0s
[5.169s]   8650K .......... .......... .......... .......... .......... 55%  433M 0s
[5.172s]   8700K .......... .......... .......... .......... .......... 55% 16.5M 0s
[5.173s]   8750K .......... .......... .......... .......... .......... 56%  446M 0s
[5.174s]   8800K .......... .......... .......... .......... .......... 56% 41.7M 0s
[5.175s]   8850K .......... .......... .......... .......... .......... 56% 30.0M 0s
[5.175s]   8900K .......... .......... .......... .......... .......... 57%  383M 0s
[5.176s]   8950K .......... .......... .......... .......... .......... 57%  473M 0s
[5.176s]   9000K .......... .......... .......... .......... .......... 57%  459M 0s
[5.177s]   9050K .......... .......... .......... .......... .......... 58% 42.1M 0s
[5.177s]   9100K .......... .......... .......... .......... .......... 58%  450M 0s
[5.178s]   9150K .......... .......... .......... .......... .......... 58% 76.3M 0s
[5.178s]   9200K .......... .......... .......... .......... .......... 59%  537M 0s
[5.178s]   9250K .......... .......... .......... .......... .......... 59%  464M 0s
[5.179s]   9300K .......... .......... .......... .......... .......... 59% 65.8M 0s
[5.179s]   9350K .......... .......... .......... .......... .......... 60%  613M 0s
[5.180s]   9400K .......... .......... .......... .......... .......... 60% 25.3M 0s
[5.181s]   9450K .......... .......... .......... .......... .......... 60%  574M 0s
[5.181s]   9500K .......... .......... .......... .......... .......... 61%  648M 0s
[5.181s]   9550K .......... .......... .......... .......... .......... 61%  598M 0s
[5.184s]   9600K .......... .......... .......... .......... .......... 61% 16.2M 0s
[5.185s]   9650K .......... .......... .......... .......... .......... 62% 31.9M 0s
[5.185s]   9700K .......... .......... .......... .......... .......... 62%  559M 0s
[5.185s]   9750K .......... .......... .......... .......... .......... 62%  579M 0s
[5.186s]   9800K .......... .......... .......... .......... .......... 63%  550M 0s
[5.187s]   9850K .......... .......... .......... .......... .......... 63% 35.3M 0s
[5.187s]   9900K .......... .......... .......... .......... .......... 63%  634M 0s
[5.187s]   9950K .......... .......... .......... .......... .......... 63%  641M 0s
[5.189s]  10000K .......... .......... .......... .......... .......... 64%  622M 0s
[5.189s]  10050K .......... .......... .......... .......... .......... 64% 22.9M 0s
[5.189s]  10100K .......... .......... .......... .......... .......... 64%  640M 0s
[5.190s]  10150K .......... .......... .......... .......... .......... 65%  634M 0s
[5.191s]  10200K .......... .......... .......... .......... .......... 65% 31.1M 0s
[5.191s]  10250K .......... .......... .......... .......... .......... 65%  581M 0s
[5.191s]  10300K .......... .......... .......... .......... .......... 66%  610M 0s
[5.191s]  10350K .......... .......... .......... .......... .......... 66%  676M 0s
[5.197s]  10400K .......... .......... .......... .......... .......... 66% 9.08M 0s
[5.197s]  10450K .......... .......... .......... .......... .......... 67%  457M 0s
[5.198s]  10500K .......... .......... .......... .......... .......... 67% 32.4M 0s
[5.198s]  10550K .......... .......... .......... .......... .......... 67%  513M 0s
[5.199s]  10600K .......... .......... .......... .......... .......... 68%  525M 0s
[5.200s]  10650K .......... .......... .......... .......... .......... 68% 33.2M 0s
[5.200s]  10700K .......... .......... .......... .......... .......... 68%  536M 0s
[5.200s]  10750K .......... .......... .......... .......... .......... 69%  573M 0s
[5.200s]  10800K .......... .......... .......... .......... .......... 69%  571M 0s
[5.204s]  10850K .......... .......... .......... .......... .......... 69% 14.2M 0s
[5.204s]  10900K .......... .......... .......... .......... .......... 70%  445M 0s
[5.204s]  10950K .......... .......... .......... .......... .......... 70%  515M 0s
[5.204s]  11000K .......... .......... .......... .......... .......... 70%  545M 0s
[5.205s]  11050K .......... .......... .......... .......... .......... 71% 39.0M 0s
[5.205s]  11100K .......... .......... .......... .......... .......... 71%  536M 0s
[5.205s]  11150K .......... .......... .......... .......... .......... 71%  576M 0s
[5.207s]  11200K .......... .......... .......... .......... .......... 71% 29.5M 0s
[5.207s]  11250K .......... .......... .......... .......... .......... 72%  490M 0s
[5.208s]  11300K .......... .......... .......... .......... .......... 72% 35.4M 0s
[5.209s]  11350K .......... .......... .......... .......... .......... 72%  520M 0s
[5.209s]  11400K .......... .......... .......... .......... .......... 73%  589M 0s
[5.209s]  11450K .......... .......... .......... .......... .......... 73%  560M 0s
[5.210s]  11500K .......... .......... .......... .......... .......... 73% 32.7M 0s
[5.210s]  11550K .......... .......... .......... .......... .......... 74%  622M 0s
[5.210s]  11600K .......... .......... .......... .......... .......... 74%  612M 0s
[5.212s]  11650K .......... .......... .......... .......... .......... 74% 35.2M 0s
[5.212s]  11700K .......... .......... .......... .......... .......... 75%  565M 0s
[5.212s]  11750K .......... .......... .......... .......... .......... 75%  649M 0s
[5.212s]  11800K .......... .......... .......... .......... .......... 75%  686M 0s
[5.213s]  11850K .......... .......... .......... .......... .......... 76% 38.1M 0s
[5.215s]  11900K .......... .......... .......... .......... .......... 76% 27.4M 0s
[5.215s]  11950K .......... .......... .......... .......... .......... 76%  617M 0s
[5.215s]  12000K .......... .......... .......... .......... .......... 77%  662M 0s
[5.216s]  12050K .......... .......... .......... .......... .......... 77% 38.5M 0s
[5.218s]  12100K .......... .......... .......... .......... .......... 77% 25.0M 0s
[5.218s]  12150K .......... .......... .......... .......... .......... 78%  569M 0s
[5.220s]  12200K .......... .......... .......... .......... .......... 78% 40.1M 0s
[5.220s]  12250K .......... .......... .......... .......... .......... 78%  579M 0s
[5.222s]  12300K .......... .......... .......... .......... .......... 79% 20.3M 0s
[5.222s]  12350K .......... .......... .......... .......... .......... 79%  601M 0s
[5.222s]  12400K .......... .......... .......... .......... .......... 79%  368M 0s
[5.224s]  12450K .......... .......... .......... .......... .......... 79% 35.5M 0s
[5.224s]  12500K .......... .......... .......... .......... .......... 80%  188M 0s
[5.224s]  12550K .......... .......... .......... .......... .......... 80%  591M 0s
[5.224s]  12600K .......... .......... .......... .......... .......... 80%  570M 0s
[5.226s]  12650K .......... .......... .......... .......... .......... 81% 34.0M 0s
[5.226s]  12700K .......... .......... .......... .......... .......... 81%  626M 0s
[5.226s]  12750K .......... .......... .......... .......... .......... 81%  664M 0s
[5.227s]  12800K .......... .......... .......... .......... .......... 82%  662M 0s
[5.227s]  12850K .......... .......... .......... .......... .......... 82% 33.3M 0s
[5.227s]  12900K .......... .......... .......... .......... .......... 82%  608M 0s
[5.227s]  12950K .......... .......... .......... .......... .......... 83%  667M 0s
[5.229s]  13000K .......... .......... .......... .......... .......... 83% 32.3M 0s
[5.229s]  13050K .......... .......... .......... .......... .......... 83%  556M 0s
[5.229s]  13100K .......... .......... .......... .......... .......... 84%  656M 0s
[5.229s]  13150K .......... .......... .......... .......... .......... 84%  619M 0s
[5.230s]  13200K .......... .......... .......... .......... .......... 84% 36.9M 0s
[5.233s]  13250K .......... .......... .......... .......... .......... 85% 16.5M 0s
[5.234s]  13300K .......... .......... .......... .......... .......... 85%  635M 0s
[5.235s]  13350K .......... .......... .......... .......... .......... 85% 36.5M 0s
[5.235s]  13400K .......... .......... .......... .......... .......... 86%  593M 0s
[5.237s]  13450K .......... .......... .......... .......... .......... 86% 23.2M 0s
[5.237s]  13500K .......... .......... .......... .......... .......... 86%  624M 0s
[5.237s]  13550K .......... .......... .......... .......... .......... 87%  658M 0s
[5.239s]  13600K .......... .......... .......... .......... .......... 87% 36.6M 0s
[5.239s]  13650K .......... .......... .......... .......... .......... 87%  480M 0s
[5.239s]  13700K .......... .......... .......... .......... .......... 87%  616M 0s
[5.239s]  13750K .......... .......... .......... .......... .......... 88%  622M 0s
[5.240s]  13800K .......... .......... .......... .......... .......... 88% 35.2M 0s
[5.240s]  13850K .......... .......... .......... .......... .......... 88%  537M 0s
[5.240s]  13900K .......... .......... .......... .......... .......... 89%  597M 0s
[5.240s]  13950K .......... .......... .......... .......... .......... 89%  660M 0s
[5.242s]  14000K .......... .......... .......... .......... .......... 89% 34.8M 0s
[5.242s]  14050K .......... .......... .......... .......... .......... 90%  523M 0s
[5.242s]  14100K .......... .......... .......... .......... .......... 90%  649M 0s
[5.243s]  14150K .......... .......... .......... .......... .......... 90% 35.1M 0s
[5.243s]  14200K .......... .......... .......... .......... .......... 91%  591M 0s
[5.244s]  14250K .......... .......... .......... .......... .......... 91%  583M 0s
[5.244s]  14300K .......... .......... .......... .......... .......... 91%  652M 0s
[5.245s]  14350K .......... .......... .......... .......... .......... 92% 33.3M 0s
[5.245s]  14400K .......... .......... .......... .......... .......... 92%  648M 0s
[5.257s]  14450K .......... .......... .......... .......... .......... 92% 4.07M 0s
[5.257s]  14500K .......... .......... .......... .......... .......... 93%  406M 0s
[5.257s]  14550K .......... .......... .......... .......... .......... 93%  418M 0s
[5.258s]  14600K .......... .......... .......... .......... .......... 93%  422M 0s
[5.258s]  14650K .......... .......... .......... .......... .......... 94%  394M 0s
[5.258s]  14700K .......... .......... .......... .......... .......... 94%  412M 0s
[5.258s]  14750K .......... .......... .......... .......... .......... 94%  426M 0s
[5.258s]  14800K .......... .......... .......... .......... .......... 95%  417M 0s
[5.258s]  14850K .......... .......... .......... .......... .......... 95%  343M 0s
[5.258s]  14900K .......... .......... .......... .......... .......... 95%  421M 0s
[5.258s]  14950K .......... .......... .......... .......... .......... 95%  401M 0s
[5.259s]  15000K .......... .......... .......... .......... .......... 96%  403M 0s
[5.259s]  15050K .......... .......... .......... .......... .......... 96%  370M 0s
[5.259s]  15100K .......... .......... .......... .......... .......... 96%  416M 0s
[5.259s]  15150K .......... .......... .......... .......... .......... 97%  408M 0s
[5.259s]  15200K .......... .......... .......... .......... .......... 97%  399M 0s
[5.259s]  15250K .......... .......... .......... .......... .......... 97%  343M 0s
[5.262s]  15300K .......... .......... .......... .......... .......... 98% 19.6M 0s
[5.262s]  15350K .......... .......... .......... .......... .......... 98%  587M 0s
[5.264s]  15400K .......... .......... .......... .......... .......... 98% 20.3M 0s
[5.264s]  15450K .......... .......... .......... .......... .......... 99%  516M 0s
[5.266s]  15500K .......... .......... .......... .......... .......... 99% 28.5M 0s
[5.266s]  15550K .......... .......... .......... .......... .......... 99%  594M 0s
[5.266s]  15600K .......... .......... .....                           100%  600M=0.3s
[5.266s] 
[5.266s] 2023-12-01 15:02:27 (54.1 MB/s) - ‘/home/arms/turtlebot3_ws/build/multirobot_map_merge/2011-08-09-12-22-52.pgm’ saved [16000058/16000058]
[5.266s] 
[5.267s] Checking MD5 sum of /home/arms/turtlebot3_ws/build/multirobot_map_merge/2011-08-09-12-22-52.pgm
[5.289s] /home/arms/turtlebot3_ws/build/multirobot_map_merge/2011-08-09-12-22-52.pgm: OK
[5.292s] --2023-12-01 15:02:27--  https://raw.githubusercontent.com/hrnr/m-explore-extra/master/map_merge/gmapping_maps/2012-01-28-11-12-01.pgm
[5.294s] Resolving raw.githubusercontent.com (raw.githubusercontent.com)... 185.199.110.133, 185.199.111.133, 185.199.109.133, ...
[5.298s] Connecting to raw.githubusercontent.com (raw.githubusercontent.com)|185.199.110.133|:443... connected.
[6.725s] HTTP request sent, awaiting response... 200 OK
[6.725s] Length: 16000058 (15M) [text/plain]
[6.726s] Saving to: ‘/home/arms/turtlebot3_ws/build/multirobot_map_merge/2012-01-28-11-12-01.pgm’
[6.726s] 
[6.734s]      0K .......... .......... .......... .......... ..........  0% 5.55M 3s
[6.742s]     50K .......... .......... .......... .......... ..........  0% 5.90M 3s
[6.746s]    100K .......... .......... .......... .......... ..........  0% 11.7M 2s
[6.748s]    150K .......... .......... .......... .......... ..........  1% 25.7M 2s
[6.752s]    200K .......... .......... .......... .......... ..........  1% 15.2M 2s
[6.753s]    250K .......... .......... .......... .......... ..........  1% 32.4M 1s
[6.753s]    300K .......... .......... .......... .......... ..........  2%  118M 1s
[6.756s]    350K .......... .......... .......... .......... ..........  2% 21.8M 1s
[6.757s]    400K .......... .......... .......... .......... ..........  2% 47.6M 1s
[6.758s]    450K .......... .......... .......... .......... ..........  3% 41.4M 1s
[6.758s]    500K .......... .......... .......... .......... ..........  3%  226M 1s
[6.760s]    550K .......... .......... .......... .......... ..........  3% 30.5M 1s
[6.760s]    600K .......... .......... .......... .......... ..........  4%  257M 1s
[6.760s]    650K .......... .......... .......... .......... ..........  4%  287M 1s
[6.761s]    700K .......... .......... .......... .......... ..........  4% 51.7M 1s
[6.763s]    750K .......... .......... .......... .......... ..........  5% 22.7M 1s
[6.763s]    800K .......... .......... .......... .......... ..........  5%  349M 1s
[6.765s]    850K .......... .......... .......... .......... ..........  5% 22.3M 1s
[6.766s]    900K .......... .......... .......... .......... ..........  6%  349M 1s
[6.767s]    950K .......... .......... .......... .......... ..........  6% 37.3M 1s
[6.767s]   1000K .......... .......... .......... .......... ..........  6%  243M 1s
[6.767s]   1050K .......... .......... .......... .......... ..........  7%  331M 1s
[6.768s]   1100K .......... .......... .......... .......... ..........  7% 41.5M 1s
[6.768s]   1150K .......... .......... .......... .......... ..........  7%  368M 1s
[6.769s]   1200K .......... .......... .......... .......... ..........  7%  364M 1s
[6.770s]   1250K .......... .......... .......... .......... ..........  8% 39.7M 0s
[6.770s]   1300K .......... .......... .......... .......... ..........  8%  386M 0s
[6.771s]   1350K .......... .......... .......... .......... ..........  8% 36.6M 0s
[6.771s]   1400K .......... .......... .......... .......... ..........  9%  359M 0s
[6.784s]   1450K .......... .......... .......... .......... ..........  9% 4.08M 1s
[6.784s]   1500K .......... .......... .......... .......... ..........  9%  174M 1s
[6.784s]   1550K .......... .......... .......... .......... .......... 10%  203M 1s
[6.785s]   1600K .......... .......... .......... .......... .......... 10%  202M 1s
[6.785s]   1650K .......... .......... .......... .......... .......... 10%  175M 0s
[6.785s]   1700K .......... .......... .......... .......... .......... 11%  197M 0s
[6.785s]   1750K .......... .......... .......... .......... .......... 11%  201M 0s
[6.785s]   1800K .......... .......... .......... .......... .......... 11%  215M 0s
[6.785s]   1850K .......... .......... .......... .......... .......... 12%  186M 0s
[6.785s]   1900K .......... .......... .......... .......... .......... 12%  228M 0s
[6.786s]   1950K .......... .......... .......... .......... .......... 12%  223M 0s
[6.786s]   2000K .......... .......... .......... .......... .......... 13%  225M 0s
[6.786s]   2050K .......... .......... .......... .......... .......... 13%  186M 0s
[6.786s]   2100K .......... .......... .......... .......... .......... 13%  229M 0s
[6.787s]   2150K .......... .......... .......... .......... .......... 14%  277M 0s
[6.787s]   2200K .......... .......... .......... .......... .......... 14%  279M 0s
[6.787s]   2250K .......... .......... .......... .......... .......... 14%  244M 0s
[6.788s]   2300K .......... .......... .......... .......... .......... 15% 53.7M 0s
[6.788s]   2350K .......... .......... .......... .......... .......... 15%  292M 0s
[6.789s]   2400K .......... .......... .......... .......... .......... 15% 46.4M 0s
[6.789s]   2450K .......... .......... .......... .......... .......... 15%  325M 0s
[6.790s]   2500K .......... .......... .......... .......... .......... 16% 36.0M 0s
[6.790s]   2550K .......... .......... .......... .......... .......... 16%  489M 0s
[6.791s]   2600K .......... .......... .......... .......... .......... 16%  490M 0s
[6.792s]   2650K .......... .......... .......... .......... .......... 17% 37.3M 0s
[6.792s]   2700K .......... .......... .......... .......... .......... 17%  616M 0s
[6.793s]   2750K .......... .......... .......... .......... .......... 17% 37.4M 0s
[6.793s]   2800K .......... .......... .......... .......... .......... 18%  615M 0s
[6.793s]   2850K .......... .......... .......... .......... .......... 18%  556M 0s
[6.795s]   2900K .......... .......... .......... .......... .......... 18% 34.1M 0s
[6.795s]   2950K .......... .......... .......... .......... .......... 19%  628M 0s
[6.795s]   3000K .......... .......... .......... .......... .......... 19%  662M 0s
[6.797s]   3050K .......... .......... .......... .......... .......... 19% 28.4M 0s
[6.797s]   3100K .......... .......... .......... .......... .......... 20%  653M 0s
[6.800s]   3150K .......... .......... .......... .......... .......... 20% 16.5M 0s
[6.800s]   3200K .......... .......... .......... .......... .......... 20%  634M 0s
[6.801s]   3250K .......... .......... .......... .......... .......... 21% 33.8M 0s
[6.803s]   3300K .......... .......... .......... .......... .......... 21% 33.9M 0s
[6.803s]   3350K .......... .......... .......... .......... .......... 21%  463M 0s
[6.803s]   3400K .......... .......... .......... .......... .......... 22%  567M 0s
[6.804s]   3450K .......... .......... .......... .......... .......... 22% 35.6M 0s
[6.804s]   3500K .......... .......... .......... .......... .......... 22%  510M 0s
[6.804s]   3550K .......... .......... .......... .......... .......... 23%  553M 0s
[6.806s]   3600K .......... .......... .......... .......... .......... 23% 39.0M 0s
[6.806s]   3650K .......... .......... .......... .......... .......... 23%  461M 0s
[6.806s]   3700K .......... .......... .......... .......... .......... 23%  557M 0s
[6.807s]   3750K .......... .......... .......... .......... .......... 24% 41.5M 0s
[6.807s]   3800K .......... .......... .......... .......... .......... 24%  579M 0s
[6.809s]   3850K .......... .......... .......... .......... .......... 24% 34.5M 0s
[6.809s]   3900K .......... .......... .......... .......... .......... 25%  534M 0s
[6.809s]   3950K .......... .......... .......... .......... .......... 25%  576M 0s
[6.810s]   4000K .......... .......... .......... .......... .......... 25% 32.5M 0s
[6.810s]   4050K .......... .......... .......... .......... .......... 26%  424M 0s
[6.810s]   4100K .......... .......... .......... .......... .......... 26%  518M 0s
[6.815s]   4150K .......... .......... .......... .......... .......... 26% 11.2M 0s
[6.815s]   4200K .......... .......... .......... .......... .......... 27%  417M 0s
[6.816s]   4250K .......... .......... .......... .......... .......... 27% 45.0M 0s
[6.816s]   4300K .......... .......... .......... .......... .......... 27%  411M 0s
[6.818s]   4350K .......... .......... .......... .......... .......... 28% 32.4M 0s
[6.818s]   4400K .......... .......... .......... .......... .......... 28%  474M 0s
[6.819s]   4450K .......... .......... .......... .......... .......... 28% 35.6M 0s
[6.819s]   4500K .......... .......... .......... .......... .......... 29%  406M 0s
[6.819s]   4550K .......... .......... .......... .......... .......... 29%  477M 0s
[6.821s]   4600K .......... .......... .......... .......... .......... 29% 37.9M 0s
[6.821s]   4650K .......... .......... .......... .......... .......... 30%  438M 0s
[6.821s]   4700K .......... .......... .......... .......... .......... 30%  515M 0s
[6.822s]   4750K .......... .......... .......... .......... .......... 30% 35.9M 0s
[6.822s]   4800K .......... .......... .......... .......... .......... 31%  549M 0s
[6.824s]   4850K .......... .......... .......... .......... .......... 31% 36.2M 0s
[6.824s]   4900K .......... .......... .......... .......... .......... 31%  482M 0s
[6.824s]   4950K .......... .......... .......... .......... .......... 31%  572M 0s
[6.825s]   5000K .......... .......... .......... .......... .......... 32% 37.5M 0s
[6.825s]   5050K .......... .......... .......... .......... .......... 32%  447M 0s
[6.825s]   5100K .......... .......... .......... .......... .......... 32%  372M 0s
[6.830s]   5150K .......... .......... .......... .......... .......... 33% 11.8M 0s
[6.831s]   5200K .......... .......... .......... .......... .......... 33% 30.3M 0s
[6.832s]   5250K .......... .......... .......... .......... .......... 33% 44.0M 0s
[6.832s]   5300K .......... .......... .......... .......... .......... 34%  432M 0s
[6.834s]   5350K .......... .......... .......... .......... .......... 34% 31.0M 0s
[6.834s]   5400K .......... .......... .......... .......... .......... 34%  496M 0s
[6.834s]   5450K .......... .......... .......... .......... .......... 35%  467M 0s
[6.835s]   5500K .......... .......... .......... .......... .......... 35% 40.8M 0s
[6.835s]   5550K .......... .......... .......... .......... .......... 35%  540M 0s
[6.837s]   5600K .......... .......... .......... .......... .......... 36%  563M 0s
[6.837s]   5650K .......... .......... .......... .......... .......... 36% 36.9M 0s
[6.837s]   5700K .......... .......... .......... .......... .......... 36%  566M 0s
[6.838s]   5750K .......... .......... .......... .......... .......... 37% 33.1M 0s
[6.839s]   5800K .......... .......... .......... .......... .......... 37%  407M 0s
[6.839s]   5850K .......... .......... .......... .......... .......... 37%  466M 0s
[6.840s]   5900K .......... .......... .......... .......... .......... 38% 38.0M 0s
[6.845s]   5950K .......... .......... .......... .......... .......... 38% 9.91M 0s
[6.845s]   6000K .......... .......... .......... .......... .......... 38%  321M 0s
[6.845s]   6050K .......... .......... .......... .......... .......... 39%  279M 0s
[6.845s]   6100K .......... .......... .......... .......... .......... 39%  330M 0s
[6.846s]   6150K .......... .......... .......... .......... .......... 39% 64.5M 0s
[6.850s]   6200K .......... .......... .......... .......... .......... 39% 13.2M 0s
[6.851s]   6250K .......... .......... .......... .......... .......... 40% 33.9M 0s
[6.851s]   6300K .......... .......... .......... .......... .......... 40%  308M 0s
[6.853s]   6350K .......... .......... .......... .......... .......... 40% 40.8M 0s
[6.853s]   6400K .......... .......... .......... .......... .......... 41%  335M 0s
[6.853s]   6450K .......... .......... .......... .......... .......... 41%  306M 0s
[6.854s]   6500K .......... .......... .......... .......... .......... 41% 35.2M 0s
[6.854s]   6550K .......... .......... .......... .......... .......... 42%  346M 0s
[6.856s]   6600K .......... .......... .......... .......... .......... 42% 24.7M 0s
[6.857s]   6650K .......... .......... .......... .......... .......... 42%  238M 0s
[6.857s]   6700K .......... .......... .......... .......... .......... 43%  319M 0s
[6.858s]   6750K .......... .......... .......... .......... .......... 43% 47.9M 0s
[6.858s]   6800K .......... .......... .......... .......... .......... 43%  279M 0s
[6.858s]   6850K .......... .......... .......... .......... .......... 44%  257M 0s
[6.859s]   6900K .......... .......... .......... .......... .......... 44% 46.4M 0s
[6.859s]   6950K .......... .......... .......... .......... .......... 44%  359M 0s
[6.860s]   7000K .......... .......... .......... .......... .......... 45%  367M 0s
[6.861s]   7050K .......... .......... .......... .......... .......... 45% 42.2M 0s
[6.861s]   7100K .......... .......... .......... .......... .......... 45%  427M 0s
[6.862s]   7150K .......... .......... .......... .......... .......... 46% 37.8M 0s
[6.862s]   7200K .......... .......... .......... .......... .......... 46%  493M 0s
[6.862s]   7250K .......... .......... .......... .......... .......... 46%  444M 0s
[6.864s]   7300K .......... .......... .......... .......... .......... 47% 42.2M 0s
[6.864s]   7350K .......... .......... .......... .......... .......... 47%  588M 0s
[6.864s]   7400K .......... .......... .......... .......... .......... 47%  605M 0s
[6.865s]   7450K .......... .......... .......... .......... .......... 47% 39.9M 0s
[6.865s]   7500K .......... .......... .......... .......... .......... 48%  635M 0s
[6.866s]   7550K .......... .......... .......... .......... .......... 48% 38.6M 0s
[6.866s]   7600K .......... .......... .......... .......... .......... 48%  693M 0s
[6.870s]   7650K .......... .......... .......... .......... .......... 49% 13.7M 0s
[6.870s]   7700K .......... .......... .......... .......... .......... 49%  579M 0s
[6.871s]   7750K .......... .......... .......... .......... .......... 49% 49.0M 0s
[6.872s]   7800K .......... .......... .......... .......... .......... 50% 31.7M 0s
[6.873s]   7850K .......... .......... .......... .......... .......... 50%  400M 0s
[6.873s]   7900K .......... .......... .......... .......... .......... 50%  526M 0s
[6.874s]   7950K .......... .......... .......... .......... .......... 51% 40.2M 0s
[6.874s]   8000K .......... .......... .......... .......... .......... 51%  459M 0s
[6.874s]   8050K .......... .......... .......... .......... .......... 51%  409M 0s
[6.875s]   8100K .......... .......... .......... .......... .......... 52% 41.2M 0s
[6.875s]   8150K .......... .......... .......... .......... .......... 52%  442M 0s
[6.875s]   8200K .......... .......... .......... .......... .......... 52%  466M 0s
[6.876s]   8250K .......... .......... .......... .......... .......... 53% 45.4M 0s
[6.876s]   8300K .......... .......... .......... .......... .......... 53%  415M 0s
[6.878s]   8350K .......... .......... .......... .......... .......... 53% 42.5M 0s
[6.878s]   8400K .......... .......... .......... .......... .......... 54%  371M 0s
[6.878s]   8450K .......... .......... .......... .......... .......... 54%  332M 0s
[6.879s]   8500K .......... .......... .......... .......... .......... 54% 44.4M 0s
[6.879s]   8550K .......... .......... .......... .......... .......... 55%  412M 0s
[6.879s]   8600K .......... .......... .......... .......... .......... 55%  416M 0s
[6.883s]   8650K .......... .......... .......... .......... .......... 55% 11.6M 0s
[6.884s]   8700K .......... .......... .......... .......... .......... 55%  385M 0s
[6.885s]   8750K .......... .......... .......... .......... .......... 56% 30.8M 0s
[6.885s]   8800K .......... .......... .......... .......... .......... 56%  379M 0s
[6.887s]   8850K .......... .......... .......... .......... .......... 56% 39.1M 0s
[6.887s]   8900K .......... .......... .......... .......... .......... 57%  393M 0s
[6.888s]   8950K .......... .......... .......... .......... .......... 57% 48.5M 0s
[6.888s]   9000K .......... .......... .......... .......... .......... 57%  431M 0s
[6.888s]   9050K .......... .......... .......... .......... .......... 58%  406M 0s
[6.889s]   9100K .......... .......... .......... .......... .......... 58% 42.3M 0s
[6.889s]   9150K .......... .......... .......... .......... .......... 58%  459M 0s
[6.889s]   9200K .......... .......... .......... .......... .......... 59%  352M 0s
[6.891s]   9250K .......... .......... .......... .......... .......... 59% 43.0M 0s
[6.891s]   9300K .......... .......... .......... .......... .......... 59%  531M 0s
[6.891s]   9350K .......... .......... .......... .......... .......... 60%  551M 0s
[6.892s]   9400K .......... .......... .......... .......... .......... 60% 37.5M 0s
[6.892s]   9450K .......... .......... .......... .......... .......... 60%  587M 0s
[6.893s]   9500K .......... .......... .......... .......... .......... 61% 38.9M 0s
[6.893s]   9550K .......... .......... .......... .......... .......... 61%  660M 0s
[6.894s]   9600K .......... .......... .......... .......... .......... 61%  655M 0s
[6.895s]   9650K .......... .......... .......... .......... .......... 62% 30.9M 0s
[6.898s]   9700K .......... .......... .......... .......... .......... 62% 19.1M 0s
[6.898s]   9750K .......... .......... .......... .......... .......... 62%  481M 0s
[6.899s]   9800K .......... .......... .......... .......... .......... 63% 46.0M 0s
[6.899s]   9850K .......... .......... .......... .......... .......... 63%  435M 0s
[6.901s]   9900K .......... .......... .......... .......... .......... 63% 20.3M 0s
[6.902s]   9950K .......... .......... .......... .......... .......... 63%  412M 0s
[6.902s]  10000K .......... .......... .......... .......... .......... 64%  414M 0s
[6.902s]  10050K .......... .......... .......... .......... .......... 64%  335M 0s
[6.903s]  10100K .......... .......... .......... .......... .......... 64% 36.8M 0s
[6.903s]  10150K .......... .......... .......... .......... .......... 65%  379M 0s
[6.903s]  10200K .......... .......... .......... .......... .......... 65%  382M 0s
[6.904s]  10250K .......... .......... .......... .......... .......... 65%  347M 0s
[6.905s]  10300K .......... .......... .......... .......... .......... 66% 36.0M 0s
[6.905s]  10350K .......... .......... .......... .......... .......... 66%  406M 0s
[6.905s]  10400K .......... .......... .......... .......... .......... 66%  431M 0s
[6.906s]  10450K .......... .......... .......... .......... .......... 67% 34.3M 0s
[6.907s]  10500K .......... .......... .......... .......... .......... 67%  508M 0s
[6.907s]  10550K .......... .......... .......... .......... .......... 67%  569M 0s
[6.907s]  10600K .......... .......... .......... .......... .......... 68%  572M 0s
[6.908s]  10650K .......... .......... .......... .......... .......... 68% 33.5M 0s
[6.908s]  10700K .......... .......... .......... .......... .......... 68%  545M 0s
[6.908s]  10750K .......... .......... .......... .......... .......... 69%  588M 0s
[6.910s]  10800K .......... .......... .......... .......... .......... 69% 30.6M 0s
[6.910s]  10850K .......... .......... .......... .......... .......... 69%  498M 0s
[6.910s]  10900K .......... .......... .......... .......... .......... 70%  633M 0s
[6.912s]  10950K .......... .......... .......... .......... .......... 70% 21.4M 0s
[6.912s]  11000K .......... .......... .......... .......... .......... 70%  615M 0s
[6.914s]  11050K .......... .......... .......... .......... .......... 71% 44.2M 0s
[6.915s]  11100K .......... .......... .......... .......... .......... 71% 35.9M 0s
[6.915s]  11150K .......... .......... .......... .......... .......... 71%  557M 0s
[6.917s]  11200K .......... .......... .......... .......... .......... 71% 33.1M 0s
[6.917s]  11250K .......... .......... .......... .......... .......... 72%  467M 0s
[6.917s]  11300K .......... .......... .......... .......... .......... 72%  599M 0s
[6.917s]  11350K .......... .......... .......... .......... .......... 72%  617M 0s
[6.918s]  11400K .......... .......... .......... .......... .......... 73% 35.0M 0s
[6.918s]  11450K .......... .......... .......... .......... .......... 73%  558M 0s
[6.918s]  11500K .......... .......... .......... .......... .......... 73%  606M 0s
[6.920s]  11550K .......... .......... .......... .......... .......... 74% 33.8M 0s
[6.920s]  11600K .......... .......... .......... .......... .......... 74%  631M 0s
[6.920s]  11650K .......... .......... .......... .......... .......... 74%  572M 0s
[6.920s]  11700K .......... .......... .......... .......... .......... 75%  676M 0s
[6.921s]  11750K .......... .......... .......... .......... .......... 75% 35.7M 0s
[6.922s]  11800K .......... .......... .......... .......... .......... 75%  650M 0s
[6.922s]  11850K .......... .......... .......... .......... .......... 76%  616M 0s
[6.922s]  11900K .......... .......... .......... .......... .......... 76%  674M 0s
[6.924s]  11950K .......... .......... .......... .......... .......... 76% 25.3M 0s
[6.924s]  12000K .......... .......... .......... .......... .......... 77%  675M 0s
[6.926s]  12050K .......... .......... .......... .......... .......... 77% 21.3M 0s
[6.926s]  12100K .......... .......... .......... .......... .......... 77%  518M 0s
[6.928s]  12150K .......... .......... .......... .......... .......... 78% 31.3M 0s
[6.928s]  12200K .......... .......... .......... .......... .......... 78%  524M 0s
[6.930s]  12250K .......... .......... .......... .......... .......... 78% 20.2M 0s
[6.930s]  12300K .......... .......... .......... .......... .......... 79%  546M 0s
[6.930s]  12350K .......... .......... .......... .......... .......... 79%  587M 0s
[6.930s]  12400K .......... .......... .......... .......... .......... 79%  580M 0s
[6.932s]  12450K .......... .......... .......... .......... .......... 79% 37.6M 0s
[6.932s]  12500K .......... .......... .......... .......... .......... 80%  614M 0s
[6.932s]  12550K .......... .......... .......... .......... .......... 80%  639M 0s
[6.933s]  12600K .......... .......... .......... .......... .......... 80% 42.7M 0s
[6.934s]  12650K .......... .......... .......... .......... .......... 81% 76.1M 0s
[6.934s]  12700K .......... .......... .......... .......... .......... 81%  619M 0s
[6.934s]  12750K .......... .......... .......... .......... .......... 81%  664M 0s
[6.935s]  12800K .......... .......... .......... .......... .......... 82% 39.7M 0s
[6.935s]  12850K .......... .......... .......... .......... .......... 82%  562M 0s
[6.935s]  12900K .......... .......... .......... .......... .......... 82%  683M 0s
[6.935s]  12950K .......... .......... .......... .......... .......... 83%  689M 0s
[6.937s]  13000K .......... .......... .......... .......... .......... 83% 37.1M 0s
[6.937s]  13050K .......... .......... .......... .......... .......... 83%  609M 0s
[6.940s]  13100K .......... .......... .......... .......... .......... 84% 17.0M 0s
[6.940s]  13150K .......... .......... .......... .......... .......... 84%  685M 0s
[6.941s]  13200K .......... .......... .......... .......... .......... 84% 33.1M 0s
[6.943s]  13250K .......... .......... .......... .......... .......... 85% 32.1M 0s
[6.943s]  13300K .......... .......... .......... .......... .......... 85%  579M 0s
[6.946s]  13350K .......... .......... .......... .......... .......... 85% 13.9M 0s
[6.947s]  13400K .......... .......... .......... .......... .......... 86% 55.6M 0s
[6.947s]  13450K .......... .......... .......... .......... .......... 86%  423M 0s
[6.948s]  13500K .......... .......... .......... .......... .......... 86% 60.0M 0s
[6.948s]  13550K .......... .......... .......... .......... .......... 87%  527M 0s
[6.948s]  13600K .......... .......... .......... .......... .......... 87%  578M 0s
[6.949s]  13650K .......... .......... .......... .......... .......... 87% 44.3M 0s
[6.949s]  13700K .......... .......... .......... .......... .......... 87%  596M 0s
[6.949s]  13750K .......... .......... .......... .......... .......... 88%  623M 0s
[6.949s]  13800K .......... .......... .......... .......... .......... 88%  631M 0s
[6.951s]  13850K .......... .......... .......... .......... .......... 88% 38.0M 0s
[6.951s]  13900K .......... .......... .......... .......... .......... 89%  657M 0s
[6.951s]  13950K .......... .......... .......... .......... .......... 89%  666M 0s
[6.954s]  14000K .......... .......... .......... .......... .......... 89% 34.6M 0s
[6.954s]  14050K .......... .......... .......... .......... .......... 90% 29.6M 0s
[6.954s]  14100K .......... .......... .......... .......... .......... 90%  605M 0s
[6.954s]  14150K .......... .......... .......... .......... .......... 90%  635M 0s
[6.955s]  14200K .......... .......... .......... .......... .......... 91% 45.1M 0s
[6.955s]  14250K .......... .......... .......... .......... .......... 91%  524M 0s
[6.955s]  14300K .......... .......... .......... .......... .......... 91%  635M 0s
[6.960s]  14350K .......... .......... .......... .......... .......... 92% 11.2M 0s
[6.960s]  14400K .......... .......... .......... .......... .......... 92%  635M 0s
[6.961s]  14450K .......... .......... .......... .......... .......... 92% 32.8M 0s
[6.961s]  14500K .......... .......... .......... .......... .......... 93%  610M 0s
[6.963s]  14550K .......... .......... .......... .......... .......... 93% 23.5M 0s
[6.964s]  14600K .......... .......... .......... .......... .......... 93%  581M 0s
[6.964s]  14650K .......... .......... .......... .......... .......... 94%  560M 0s
[6.966s]  14700K .......... .......... .......... .......... .......... 94% 24.5M 0s
[6.966s]  14750K .......... .......... .......... .......... .......... 94%  539M 0s
[6.966s]  14800K .......... .......... .......... .......... .......... 95%  531M 0s
[6.967s]  14850K .......... .......... .......... .......... .......... 95% 32.9M 0s
[6.967s]  14900K .......... .......... .......... .......... .......... 95%  580M 0s
[6.967s]  14950K .......... .......... .......... .......... .......... 95%  642M 0s
[6.967s]  15000K .......... .......... .......... .......... .......... 96%  659M 0s
[6.969s]  15050K .......... .......... .......... .......... .......... 96% 34.0M 0s
[6.969s]  15100K .......... .......... .......... .......... .......... 96%  606M 0s
[6.969s]  15150K .......... .......... .......... .......... .......... 97%  706M 0s
[6.971s]  15200K .......... .......... .......... .......... .......... 97%  707M 0s
[6.971s]  15250K .......... .......... .......... .......... .......... 97% 33.6M 0s
[6.971s]  15300K .......... .......... .......... .......... .......... 98%  707M 0s
[6.971s]  15350K .......... .......... .......... .......... .......... 98%  673M 0s
[6.972s]  15400K .......... .......... .......... .......... .......... 98% 32.8M 0s
[6.972s]  15450K .......... .......... .......... .......... .......... 99%  575M 0s
[6.972s]  15500K .......... .......... .......... .......... .......... 99%  650M 0s
[6.972s]  15550K .......... .......... .......... .......... .......... 99%  689M 0s
[6.973s]  15600K .......... .......... .....                           100% 37.1M=0.2s
[6.973s] 
[6.973s] 2023-12-01 15:02:28 (61.4 MB/s) - ‘/home/arms/turtlebot3_ws/build/multirobot_map_merge/2012-01-28-11-12-01.pgm’ saved [16000058/16000058]
[6.973s] 
[6.974s] Checking MD5 sum of /home/arms/turtlebot3_ws/build/multirobot_map_merge/2012-01-28-11-12-01.pgm
[6.996s] /home/arms/turtlebot3_ws/build/multirobot_map_merge/2012-01-28-11-12-01.pgm: OK
[6.998s] -- Found gtest sources under '/opt/ros/humble/src/gtest_vendor': C++ tests using 'Google Test' will be built
[7.005s] -- Added test 'cppcheck' to perform static code analysis on C / C++ code
[7.005s] -- Configured cppcheck include dirs: /home/arms/turtlebot3_ws/src/m-explore-ros2/map_merge/include;$<BUILD_INTERFACE:/home/arms/turtlebot3_ws/src/m-explore-ros2/map_merge/include>
[7.005s] -- Configured cppcheck exclude dirs and/or files: 
[7.006s] -- Added test 'flake8' to check Python code syntax and style conventions
[7.006s] -- Added test 'lint_cmake' to check CMake code style
[7.006s] -- Added test 'pep257' to check Python code against some of the docstring style conventions in PEP 257
[7.007s] -- Added test 'uncrustify' to check C / C++ code style
[7.007s] -- Configured uncrustify additional arguments: 
[7.007s] -- Added test 'xmllint' to check XML markup files
[7.009s] -- Configuring done
[7.044s] -- Generating done
[7.045s] -- Build files have been written to: /home/arms/turtlebot3_ws/build/multirobot_map_merge
[7.051s] Invoked command in '/home/arms/turtlebot3_ws/build/multirobot_map_merge' returned '0': CMAKE_PREFIX_PATH=/opt/ros/humble /usr/bin/cmake /home/arms/turtlebot3_ws/src/m-explore-ros2/map_merge -DCMAKE_INSTALL_PREFIX=/home/arms/turtlebot3_ws/install/multirobot_map_merge
[7.052s] Invoking command in '/home/arms/turtlebot3_ws/build/multirobot_map_merge': CMAKE_PREFIX_PATH=/opt/ros/humble /usr/bin/cmake --build /home/arms/turtlebot3_ws/build/multirobot_map_merge -- -j20 -l20
[7.078s] [ 16%] [32mBuilding CXX object CMakeFiles/combine_grids.dir/src/combine_grids/grid_compositor.cpp.o[0m
[7.079s] [ 16%] [32mBuilding CXX object CMakeFiles/combine_grids.dir/src/combine_grids/grid_warper.cpp.o[0m
[7.079s] [ 25%] [32mBuilding CXX object gtest/CMakeFiles/gtest_main.dir/src/gtest_main.cc.o[0m
[7.079s] [ 41%] [32mBuilding CXX object CMakeFiles/combine_grids.dir/src/combine_grids/merging_pipeline.cpp.o[0m
[7.079s] [ 41%] [32mBuilding CXX object gtest/CMakeFiles/gtest.dir/src/gtest-all.cc.o[0m
[7.647s] [ 50%] [32m[1mLinking CXX static library libgtest_main.a[0m
[7.669s] [ 50%] Built target gtest_main
[8.903s] [ 58%] [32m[1mLinking CXX static library libgtest.a[0m
[8.936s] [ 58%] Built target gtest
[9.126s] [ 66%] [32m[1mLinking CXX static library libcombine_grids.a[0m
[9.147s] [ 66%] Built target combine_grids
[9.159s] [ 75%] [32mBuilding CXX object CMakeFiles/test_merging_pipeline.dir/test/test_merging_pipeline.cpp.o[0m
[9.159s] [ 83%] [32mBuilding CXX object CMakeFiles/map_merge.dir/src/map_merge.cpp.o[0m
[9.263s] In file included from [01m[K/home/arms/turtlebot3_ws/src/m-explore-ros2/map_merge/test/testing_helpers.h:7[m[K,
[9.263s]                  from [01m[K/home/arms/turtlebot3_ws/src/m-explore-ros2/map_merge/test/test_merging_pipeline.cpp:42[m[K:
[9.263s] [01m[K/opt/ros/humble/include/tf2_geometry_msgs/tf2_geometry_msgs/tf2_geometry_msgs.h:35:2:[m[K [01;35m[Kwarning: [m[K#warning This header is obsolete, please include tf2_geometry_msgs/tf2_geometry_msgs.hpp instead [[01;35m[K]8;;https://gcc.gnu.org/onlinedocs/gcc/Warning-Options.html#index-Wcpp-Wcpp]8;;[m[K]
[9.263s]    35 | #[01;35m[Kwarning[m[K This header is obsolete, please include tf2_geometry_msgs/tf2_geometry_msgs.hpp instead
[9.263s]       |  [01;35m[K^~~~~~~[m[K
[9.694s] In file included from [01m[K/home/arms/turtlebot3_ws/src/m-explore-ros2/map_merge/src/map_merge.cpp:44[m[K:
[9.694s] [01m[K/opt/ros/humble/include/tf2_geometry_msgs/tf2_geometry_msgs/tf2_geometry_msgs.h:35:2:[m[K [01;35m[Kwarning: [m[K#warning This header is obsolete, please include tf2_geometry_msgs/tf2_geometry_msgs.hpp instead [[01;35m[K]8;;https://gcc.gnu.org/onlinedocs/gcc/Warning-Options.html#index-Wcpp-Wcpp]8;;[m[K]
[9.694s]    35 | #[01;35m[Kwarning[m[K This header is obsolete, please include tf2_geometry_msgs/tf2_geometry_msgs.hpp instead
[9.694s]       |  [01;35m[K^~~~~~~[m[K
[11.624s] [ 91%] [32m[1mLinking CXX executable test_merging_pipeline[0m
[12.029s] [ 91%] Built target test_merging_pipeline
[16.503s] [100%] [32m[1mLinking CXX executable map_merge[0m
[17.127s] [100%] Built target map_merge
[17.139s] Invoked command in '/home/arms/turtlebot3_ws/build/multirobot_map_merge' returned '0': CMAKE_PREFIX_PATH=/opt/ros/humble /usr/bin/cmake --build /home/arms/turtlebot3_ws/build/multirobot_map_merge -- -j20 -l20
[17.158s] Invoking command in '/home/arms/turtlebot3_ws/build/multirobot_map_merge': CMAKE_PREFIX_PATH=/opt/ros/humble /usr/bin/cmake --install /home/arms/turtlebot3_ws/build/multirobot_map_merge
[17.163s] -- Install configuration: ""
[17.163s] -- Installing: /home/arms/turtlebot3_ws/install/multirobot_map_merge/include/map_merge/
[17.163s] -- Installing: /home/arms/turtlebot3_ws/install/multirobot_map_merge/include/map_merge//ros1_names.hpp
[17.163s] -- Installing: /home/arms/turtlebot3_ws/install/multirobot_map_merge/include/map_merge//map_merge.h
[17.163s] -- Installing: /home/arms/turtlebot3_ws/install/multirobot_map_merge/share/multirobot_map_merge/launch
[17.163s] -- Installing: /home/arms/turtlebot3_ws/install/multirobot_map_merge/share/multirobot_map_merge/launch/from_map_server.launch.py
[17.163s] -- Installing: /home/arms/turtlebot3_ws/install/multirobot_map_merge/share/multirobot_map_merge/launch/map_merge.rviz
[17.163s] -- Installing: /home/arms/turtlebot3_ws/install/multirobot_map_merge/share/multirobot_map_merge/launch/tb3_simulation
[17.163s] -- Installing: /home/arms/turtlebot3_ws/install/multirobot_map_merge/share/multirobot_map_merge/launch/tb3_simulation/tb3_simulation_launch.py
[17.164s] -- Installing: /home/arms/turtlebot3_ws/install/multirobot_map_merge/share/multirobot_map_merge/launch/tb3_simulation/worlds
[17.164s] -- Installing: /home/arms/turtlebot3_ws/install/multirobot_map_merge/share/multirobot_map_merge/launch/tb3_simulation/worlds/world_only.model
[17.164s] -- Installing: /home/arms/turtlebot3_ws/install/multirobot_map_merge/share/multirobot_map_merge/launch/tb3_simulation/multi_tb3_simulation_launch.py
[17.164s] -- Installing: /home/arms/turtlebot3_ws/install/multirobot_map_merge/share/multirobot_map_merge/launch/tb3_simulation/slam_toolbox.py
[17.164s] -- Installing: /home/arms/turtlebot3_ws/install/multirobot_map_merge/share/multirobot_map_merge/launch/tb3_simulation/config
[17.164s] -- Installing: /home/arms/turtlebot3_ws/install/multirobot_map_merge/share/multirobot_map_merge/launch/tb3_simulation/config/nav2_multirobot_params_2.yaml
[17.164s] -- Installing: /home/arms/turtlebot3_ws/install/multirobot_map_merge/share/multirobot_map_merge/launch/tb3_simulation/config/nav2_multirobot_params_1.yaml
[17.164s] -- Installing: /home/arms/turtlebot3_ws/install/multirobot_map_merge/share/multirobot_map_merge/launch/tb3_simulation/bringup_launch.py
[17.164s] -- Installing: /home/arms/turtlebot3_ws/install/multirobot_map_merge/share/multirobot_map_merge/launch/map_merge.launch.py
[17.164s] -- Installing: /home/arms/turtlebot3_ws/install/multirobot_map_merge/share/multirobot_map_merge/config
[17.164s] -- Installing: /home/arms/turtlebot3_ws/install/multirobot_map_merge/share/multirobot_map_merge/config/params.yaml
[17.164s] -- Installing: /home/arms/turtlebot3_ws/install/multirobot_map_merge/lib/libcombine_grids.a
[17.165s] -- Installing: /home/arms/turtlebot3_ws/install/multirobot_map_merge/lib/multirobot_map_merge/map_merge
[17.168s] -- Set runtime path of "/home/arms/turtlebot3_ws/install/multirobot_map_merge/lib/multirobot_map_merge/map_merge" to ""
[17.168s] -- Installing: /home/arms/turtlebot3_ws/install/multirobot_map_merge/share/multirobot_map_merge/environment/library_path.sh
[17.168s] -- Installing: /home/arms/turtlebot3_ws/install/multirobot_map_merge/share/multirobot_map_merge/environment/library_path.dsv
[17.168s] -- Installing: /home/arms/turtlebot3_ws/install/multirobot_map_merge/share/ament_index/resource_index/package_run_dependencies/multirobot_map_merge
[17.168s] -- Installing: /home/arms/turtlebot3_ws/install/multirobot_map_merge/share/ament_index/resource_index/parent_prefix_path/multirobot_map_merge
[17.168s] -- Installing: /home/arms/turtlebot3_ws/install/multirobot_map_merge/share/multirobot_map_merge/environment/ament_prefix_path.sh
[17.168s] -- Installing: /home/arms/turtlebot3_ws/install/multirobot_map_merge/share/multirobot_map_merge/environment/ament_prefix_path.dsv
[17.168s] -- Installing: /home/arms/turtlebot3_ws/install/multirobot_map_merge/share/multirobot_map_merge/environment/path.sh
[17.168s] -- Installing: /home/arms/turtlebot3_ws/install/multirobot_map_merge/share/multirobot_map_merge/environment/path.dsv
[17.168s] -- Installing: /home/arms/turtlebot3_ws/install/multirobot_map_merge/share/multirobot_map_merge/local_setup.bash
[17.168s] -- Installing: /home/arms/turtlebot3_ws/install/multirobot_map_merge/share/multirobot_map_merge/local_setup.sh
[17.168s] -- Installing: /home/arms/turtlebot3_ws/install/multirobot_map_merge/share/multirobot_map_merge/local_setup.zsh
[17.168s] -- Installing: /home/arms/turtlebot3_ws/install/multirobot_map_merge/share/multirobot_map_merge/local_setup.dsv
[17.168s] -- Installing: /home/arms/turtlebot3_ws/install/multirobot_map_merge/share/multirobot_map_merge/package.dsv
[17.168s] -- Installing: /home/arms/turtlebot3_ws/install/multirobot_map_merge/share/ament_index/resource_index/packages/multirobot_map_merge
[17.168s] -- Installing: /home/arms/turtlebot3_ws/install/multirobot_map_merge/share/multirobot_map_merge/cmake/ament_cmake_export_include_directories-extras.cmake
[17.168s] -- Installing: /home/arms/turtlebot3_ws/install/multirobot_map_merge/share/multirobot_map_merge/cmake/ament_cmake_export_libraries-extras.cmake
[17.169s] -- Installing: /home/arms/turtlebot3_ws/install/multirobot_map_merge/share/multirobot_map_merge/cmake/multirobot_map_mergeConfig.cmake
[17.169s] -- Installing: /home/arms/turtlebot3_ws/install/multirobot_map_merge/share/multirobot_map_merge/cmake/multirobot_map_mergeConfig-version.cmake
[17.169s] -- Installing: /home/arms/turtlebot3_ws/install/multirobot_map_merge/share/multirobot_map_merge/package.xml
[17.170s] Invoked command in '/home/arms/turtlebot3_ws/build/multirobot_map_merge' returned '0': CMAKE_PREFIX_PATH=/opt/ros/humble /usr/bin/cmake --install /home/arms/turtlebot3_ws/build/multirobot_map_merge
