/usr/lib/python3/dist-packages/setuptools/dist.py:723: UserWarning: Usage of dash-separated 'script-dir' will not be supported in future versions. Please use the underscore name 'script_dir' instead
  warnings.warn(
running egg_info
writing ../../build/ros2_camera_publish/ros2_camera_publish.egg-info/PKG-INFO
writing dependency_links to ../../build/ros2_camera_publish/ros2_camera_publish.egg-info/dependency_links.txt
writing entry points to ../../build/ros2_camera_publish/ros2_camera_publish.egg-info/entry_points.txt
writing requirements to ../../build/ros2_camera_publish/ros2_camera_publish.egg-info/requires.txt
writing top-level names to ../../build/ros2_camera_publish/ros2_camera_publish.egg-info/top_level.txt
reading manifest file '../../build/ros2_camera_publish/ros2_camera_publish.egg-info/SOURCES.txt'
adding license file 'LICENSE'
writing manifest file '../../build/ros2_camera_publish/ros2_camera_publish.egg-info/SOURCES.txt'
running build
running build_py
copying ros2_camera_publish/image_subscribe_function.py -> /home/arms/turtlebot3_ws/build/ros2_camera_publish/build/lib/ros2_camera_publish
running install
running install_lib
/usr/lib/python3/dist-packages/setuptools/command/install.py:34: SetuptoolsDeprecationWarning: setup.py install is deprecated. Use build and pip and other standards-based tools.
  warnings.warn(
copying /home/arms/turtlebot3_ws/build/ros2_camera_publish/build/lib/ros2_camera_publish/image_subscribe_function.py -> /home/arms/turtlebot3_ws/install/ros2_camera_publish/lib/python3.10/site-packages/ros2_camera_publish
byte-compiling /home/arms/turtlebot3_ws/install/ros2_camera_publish/lib/python3.10/site-packages/ros2_camera_publish/image_subscribe_function.py to image_subscribe_function.cpython-310.pyc
running install_data
running install_egg_info
removing '/home/arms/turtlebot3_ws/install/ros2_camera_publish/lib/python3.10/site-packages/ros2_camera_publish-0.0.0-py3.10.egg-info' (and everything under it)
Copying ../../build/ros2_camera_publish/ros2_camera_publish.egg-info to /home/arms/turtlebot3_ws/install/ros2_camera_publish/lib/python3.10/site-packages/ros2_camera_publish-0.0.0-py3.10.egg-info
running install_scripts
Installing execute script to /home/arms/turtlebot3_ws/install/ros2_camera_publish/lib/ros2_camera_publish
Installing sub script to /home/arms/turtlebot3_ws/install/ros2_camera_publish/lib/ros2_camera_publish
writing list of installed files to '/home/arms/turtlebot3_ws/build/ros2_camera_publish/install.log'
