/home/arms/turtlebot3_ws/install/cv_stuff/lib/python3.10/site-packages/cv_stuff/cam_pub.py
/home/arms/turtlebot3_ws/install/cv_stuff/lib/python3.10/site-packages/cv_stuff/webcam_pub.py
/home/arms/turtlebot3_ws/install/cv_stuff/lib/python3.10/site-packages/cv_stuff/webcam_sub.py
/home/arms/turtlebot3_ws/install/cv_stuff/lib/python3.10/site-packages/cv_stuff/__init__.py
/home/arms/turtlebot3_ws/install/cv_stuff/lib/python3.10/site-packages/cv_stuff/cam_seb.py
/home/arms/turtlebot3_ws/install/cv_stuff/lib/python3.10/site-packages/cv_stuff/__pycache__/cam_pub.cpython-310.pyc
/home/arms/turtlebot3_ws/install/cv_stuff/lib/python3.10/site-packages/cv_stuff/__pycache__/webcam_pub.cpython-310.pyc
/home/arms/turtlebot3_ws/install/cv_stuff/lib/python3.10/site-packages/cv_stuff/__pycache__/webcam_sub.cpython-310.pyc
/home/arms/turtlebot3_ws/install/cv_stuff/lib/python3.10/site-packages/cv_stuff/__pycache__/__init__.cpython-310.pyc
/home/arms/turtlebot3_ws/install/cv_stuff/lib/python3.10/site-packages/cv_stuff/__pycache__/cam_seb.cpython-310.pyc
/home/arms/turtlebot3_ws/install/cv_stuff/share/ament_index/resource_index/packages/cv_stuff
/home/arms/turtlebot3_ws/install/cv_stuff/share/cv_stuff/package.xml
/home/arms/turtlebot3_ws/install/cv_stuff/lib/python3.10/site-packages/cv_stuff-0.0.0-py3.10.egg-info/SOURCES.txt
/home/arms/turtlebot3_ws/install/cv_stuff/lib/python3.10/site-packages/cv_stuff-0.0.0-py3.10.egg-info/requires.txt
/home/arms/turtlebot3_ws/install/cv_stuff/lib/python3.10/site-packages/cv_stuff-0.0.0-py3.10.egg-info/zip-safe
/home/arms/turtlebot3_ws/install/cv_stuff/lib/python3.10/site-packages/cv_stuff-0.0.0-py3.10.egg-info/entry_points.txt
/home/arms/turtlebot3_ws/install/cv_stuff/lib/python3.10/site-packages/cv_stuff-0.0.0-py3.10.egg-info/PKG-INFO
/home/arms/turtlebot3_ws/install/cv_stuff/lib/python3.10/site-packages/cv_stuff-0.0.0-py3.10.egg-info/dependency_links.txt
/home/arms/turtlebot3_ws/install/cv_stuff/lib/python3.10/site-packages/cv_stuff-0.0.0-py3.10.egg-info/top_level.txt
/home/arms/turtlebot3_ws/install/cv_stuff/lib/cv_stuff/cam_pub
/home/arms/turtlebot3_ws/install/cv_stuff/lib/cv_stuff/cam_sub
/home/arms/turtlebot3_ws/install/cv_stuff/lib/cv_stuff/img_publisher
/home/arms/turtlebot3_ws/install/cv_stuff/lib/cv_stuff/img_subscriber
