[0.709s] Invoking command in '/home/arms/turtlebot3_ws/src/yolov8_ros/yolov8_ros': PYTHONPATH=/home/arms/turtlebot3_ws/build/yolov8_ros/prefix_override:/home/arms/turtlebot3_ws/install/yolov8_ros/lib/python3.10/site-packages:${PYTHONPATH} /usr/bin/python3 setup.py egg_info --egg-base ../../../build/yolov8_ros build --build-base /home/arms/turtlebot3_ws/build/yolov8_ros/build install --record /home/arms/turtlebot3_ws/build/yolov8_ros/install.log --single-version-externally-managed
[0.874s] running egg_info
[0.874s] writing ../../../build/yolov8_ros/yolov8_ros.egg-info/PKG-INFO
[0.874s] writing dependency_links to ../../../build/yolov8_ros/yolov8_ros.egg-info/dependency_links.txt
[0.874s] writing entry points to ../../../build/yolov8_ros/yolov8_ros.egg-info/entry_points.txt
[0.874s] writing requirements to ../../../build/yolov8_ros/yolov8_ros.egg-info/requires.txt
[0.875s] writing top-level names to ../../../build/yolov8_ros/yolov8_ros.egg-info/top_level.txt
[0.875s] reading manifest file '../../../build/yolov8_ros/yolov8_ros.egg-info/SOURCES.txt'
[0.875s] writing manifest file '../../../build/yolov8_ros/yolov8_ros.egg-info/SOURCES.txt'
[0.875s] running build
[0.875s] running build_py
[0.875s] running install
[0.875s] /usr/lib/python3/dist-packages/setuptools/command/install.py:34: SetuptoolsDeprecationWarning: setup.py install is deprecated. Use build and pip and other standards-based tools.
[0.875s]   warnings.warn(
[0.875s] running install_lib
[0.875s] running install_data
[0.875s] running install_egg_info
[0.876s] removing '/home/arms/turtlebot3_ws/install/yolov8_ros/lib/python3.10/site-packages/yolov8_ros-0.0.0-py3.10.egg-info' (and everything under it)
[0.877s] Copying ../../../build/yolov8_ros/yolov8_ros.egg-info to /home/arms/turtlebot3_ws/install/yolov8_ros/lib/python3.10/site-packages/yolov8_ros-0.0.0-py3.10.egg-info
[0.877s] running install_scripts
[0.894s] Installing debug_node script to /home/arms/turtlebot3_ws/install/yolov8_ros/lib/yolov8_ros
[0.894s] Installing detect_3d_node script to /home/arms/turtlebot3_ws/install/yolov8_ros/lib/yolov8_ros
[0.894s] Installing tracking_node script to /home/arms/turtlebot3_ws/install/yolov8_ros/lib/yolov8_ros
[0.894s] Installing yolov8_node script to /home/arms/turtlebot3_ws/install/yolov8_ros/lib/yolov8_ros
[0.894s] writing list of installed files to '/home/arms/turtlebot3_ws/build/yolov8_ros/install.log'
[0.962s] Invoked command in '/home/arms/turtlebot3_ws/src/yolov8_ros/yolov8_ros' returned '0': PYTHONPATH=/home/arms/turtlebot3_ws/build/yolov8_ros/prefix_override:/home/arms/turtlebot3_ws/install/yolov8_ros/lib/python3.10/site-packages:${PYTHONPATH} /usr/bin/python3 setup.py egg_info --egg-base ../../../build/yolov8_ros build --build-base /home/arms/turtlebot3_ws/build/yolov8_ros/build install --record /home/arms/turtlebot3_ws/build/yolov8_ros/install.log --single-version-externally-managed
