[0.042s] Invoking command in '/home/arms/turtlebot3_ws/build/explore_lite': CMAKE_PREFIX_PATH=${CMAKE_PREFIX_PATH}:/home/arms/turtlebot3_ws/install/yolov8_ros:/home/arms/turtlebot3_ws/install/shoe_detector:/home/arms/turtlebot3_ws/install/ros2_camera_publish:/home/arms/turtlebot3_ws/install/cv_stuff:/home/arms/turtlebot3_ws/install/autonomous_exploration:/opt/ros/humble /usr/bin/cmake /home/arms/turtlebot3_ws/src/m-explore-ros2/explore -DCMAKE_INSTALL_PREFIX=/home/arms/turtlebot3_ws/install/explore_lite
[0.116s] -- The C compiler identification is GNU 11.4.0
[0.171s] -- The CXX compiler identification is GNU 11.4.0
[0.177s] -- Detecting C compiler ABI info
[0.218s] -- Detecting C compiler ABI info - done
[0.222s] -- Check for working C compiler: /usr/bin/cc - skipped
[0.222s] -- Detecting C compile features
[0.223s] -- Detecting C compile features - done
[0.225s] -- Detecting CXX compiler ABI info
[0.266s] -- Detecting CXX compiler ABI info - done
[0.270s] -- Check for working CXX compiler: /usr/bin/c++ - skipped
[0.270s] -- Detecting CXX compile features
[0.271s] -- Detecting CXX compile features - done
[0.271s] -- BuilD for ROS2: humble
[0.275s] -- Found ament_cmake: 1.3.5 (/opt/ros/humble/share/ament_cmake/cmake)
[0.377s] -- Found Python3: /usr/bin/python3.10 (found version "3.10.12") found components: Interpreter 
[0.436s] -- Found rclcpp: 16.0.6 (/opt/ros/humble/share/rclcpp/cmake)
[0.471s] -- Found rosidl_generator_c: 3.1.5 (/opt/ros/humble/share/rosidl_generator_c/cmake)
[0.475s] -- Found rosidl_adapter: 3.1.5 (/opt/ros/humble/share/rosidl_adapter/cmake)
[0.482s] -- Found rosidl_generator_cpp: 3.1.5 (/opt/ros/humble/share/rosidl_generator_cpp/cmake)
[0.493s] -- Using all available rosidl_typesupport_c: rosidl_typesupport_fastrtps_c;rosidl_typesupport_introspection_c
[0.506s] -- Using all available rosidl_typesupport_cpp: rosidl_typesupport_fastrtps_cpp;rosidl_typesupport_introspection_cpp
[0.554s] -- Found rmw_implementation_cmake: 6.1.1 (/opt/ros/humble/share/rmw_implementation_cmake/cmake)
[0.556s] -- Found rmw_cyclonedds_cpp: 1.3.4 (/opt/ros/humble/share/rmw_cyclonedds_cpp/cmake)
[0.581s] -- Using RMW implementation 'rmw_cyclonedds_cpp' as default
[0.589s] -- Looking for pthread.h
[0.637s] -- Looking for pthread.h - found
[0.637s] -- Performing Test CMAKE_HAVE_LIBC_PTHREAD
[0.684s] -- Performing Test CMAKE_HAVE_LIBC_PTHREAD - Success
[0.684s] -- Found Threads: TRUE  
[0.779s] -- Found sensor_msgs: 4.2.3 (/opt/ros/humble/share/sensor_msgs/cmake)
[0.853s] -- Found tf2_ros: 0.25.4 (/opt/ros/humble/share/tf2_ros/cmake)
[1.061s] -- Found tf2_geometry_msgs: 0.25.4 (/opt/ros/humble/share/tf2_geometry_msgs/cmake)
[1.071s] -- Found eigen3_cmake_module: 0.1.1 (/opt/ros/humble/share/eigen3_cmake_module/cmake)
[1.072s] -- Found Eigen3: TRUE (found version "3.4.0") 
[1.072s] -- Ensuring Eigen3 include directory is part of orocos-kdl CMake target
[1.078s] -- Found nav2_msgs: 1.1.12 (/opt/ros/humble/share/nav2_msgs/cmake)
[1.230s] -- Found map_msgs: 2.1.0 (/opt/ros/humble/share/map_msgs/cmake)
[1.292s] -- Found visualization_msgs: 4.2.3 (/opt/ros/humble/share/visualization_msgs/cmake)
[1.361s] -- Found nav2_costmap_2d: 1.1.12 (/opt/ros/humble/share/nav2_costmap_2d/cmake)
[2.160s] -- Found ament_lint_auto: 0.12.8 (/opt/ros/humble/share/ament_lint_auto/cmake)
[2.207s] -- Found ament_cmake_gtest: 1.3.5 (/opt/ros/humble/share/ament_cmake_gtest/cmake)
[2.210s] -- Found gtest sources under '/opt/ros/humble/src/gtest_vendor': C++ tests using 'Google Test' will be built
[2.517s] -- Added test 'cppcheck' to perform static code analysis on C / C++ code
[2.518s] -- Configured cppcheck include dirs: /home/arms/turtlebot3_ws/src/m-explore-ros2/explore/include;$<BUILD_INTERFACE:/home/arms/turtlebot3_ws/src/m-explore-ros2/explore/include>
[2.518s] -- Configured cppcheck exclude dirs and/or files: 
[2.518s] -- Added test 'flake8' to check Python code syntax and style conventions
[2.518s] -- Added test 'lint_cmake' to check CMake code style
[2.519s] -- Added test 'pep257' to check Python code against some of the docstring style conventions in PEP 257
[2.520s] -- Added test 'uncrustify' to check C / C++ code style
[2.520s] -- Configured uncrustify additional arguments: 
[2.520s] -- Added test 'xmllint' to check XML markup files
[2.521s] -- Configuring done
[2.591s] -- Generating done
[2.592s] -- Build files have been written to: /home/arms/turtlebot3_ws/build/explore_lite
[2.598s] Invoked command in '/home/arms/turtlebot3_ws/build/explore_lite' returned '0': CMAKE_PREFIX_PATH=${CMAKE_PREFIX_PATH}:/home/arms/turtlebot3_ws/install/yolov8_ros:/home/arms/turtlebot3_ws/install/shoe_detector:/home/arms/turtlebot3_ws/install/ros2_camera_publish:/home/arms/turtlebot3_ws/install/cv_stuff:/home/arms/turtlebot3_ws/install/autonomous_exploration:/opt/ros/humble /usr/bin/cmake /home/arms/turtlebot3_ws/src/m-explore-ros2/explore -DCMAKE_INSTALL_PREFIX=/home/arms/turtlebot3_ws/install/explore_lite
[2.599s] Invoking command in '/home/arms/turtlebot3_ws/build/explore_lite': CMAKE_PREFIX_PATH=${CMAKE_PREFIX_PATH}:/home/arms/turtlebot3_ws/install/yolov8_ros:/home/arms/turtlebot3_ws/install/shoe_detector:/home/arms/turtlebot3_ws/install/ros2_camera_publish:/home/arms/turtlebot3_ws/install/cv_stuff:/home/arms/turtlebot3_ws/install/autonomous_exploration:/opt/ros/humble /usr/bin/cmake --build /home/arms/turtlebot3_ws/build/explore_lite -- -j20 -l20
[2.625s] [ 10%] [32mBuilding CXX object gtest/CMakeFiles/gtest_main.dir/src/gtest_main.cc.o[0m
[2.625s] [ 20%] [32mBuilding CXX object gtest/CMakeFiles/gtest.dir/src/gtest-all.cc.o[0m
[2.627s] [ 30%] [32mBuilding CXX object CMakeFiles/explore.dir/src/costmap_client.cpp.o[0m
[2.627s] [ 40%] [32mBuilding CXX object CMakeFiles/explore.dir/src/explore.cpp.o[0m
[2.627s] [ 50%] [32mBuilding CXX object CMakeFiles/explore.dir/src/frontier_search.cpp.o[0m
[3.037s] [ 60%] [32m[1mLinking CXX static library libgtest_main.a[0m
[3.057s] [ 60%] Built target gtest_main
[4.393s] [ 70%] [32m[1mLinking CXX static library libgtest.a[0m
[4.430s] [ 70%] Built target gtest
[4.444s] [ 80%] [32mBuilding CXX object CMakeFiles/test_explore.dir/test/test_explore.cpp.o[0m
[5.107s] [ 90%] [32m[1mLinking CXX executable test_explore[0m
[5.931s] [ 90%] Built target test_explore
[9.420s] [100%] [32m[1mLinking CXX executable explore[0m
[10.550s] [100%] Built target explore
[10.562s] Invoked command in '/home/arms/turtlebot3_ws/build/explore_lite' returned '0': CMAKE_PREFIX_PATH=${CMAKE_PREFIX_PATH}:/home/arms/turtlebot3_ws/install/yolov8_ros:/home/arms/turtlebot3_ws/install/shoe_detector:/home/arms/turtlebot3_ws/install/ros2_camera_publish:/home/arms/turtlebot3_ws/install/cv_stuff:/home/arms/turtlebot3_ws/install/autonomous_exploration:/opt/ros/humble /usr/bin/cmake --build /home/arms/turtlebot3_ws/build/explore_lite -- -j20 -l20
[10.586s] Invoking command in '/home/arms/turtlebot3_ws/build/explore_lite': CMAKE_PREFIX_PATH=${CMAKE_PREFIX_PATH}:/home/arms/turtlebot3_ws/install/yolov8_ros:/home/arms/turtlebot3_ws/install/shoe_detector:/home/arms/turtlebot3_ws/install/ros2_camera_publish:/home/arms/turtlebot3_ws/install/cv_stuff:/home/arms/turtlebot3_ws/install/autonomous_exploration:/opt/ros/humble /usr/bin/cmake --install /home/arms/turtlebot3_ws/build/explore_lite
[10.592s] -- Install configuration: ""
[10.592s] -- Installing: /home/arms/turtlebot3_ws/install/explore_lite/include/explore/
[10.592s] -- Installing: /home/arms/turtlebot3_ws/install/explore_lite/include/explore//costmap_client.h
[10.592s] -- Installing: /home/arms/turtlebot3_ws/install/explore_lite/include/explore//explore.h
[10.592s] -- Installing: /home/arms/turtlebot3_ws/install/explore_lite/include/explore//frontier_search.h
[10.592s] -- Installing: /home/arms/turtlebot3_ws/install/explore_lite/include/explore//costmap_tools.h
[10.592s] -- Installing: /home/arms/turtlebot3_ws/install/explore_lite/share/explore_lite/config
[10.592s] -- Installing: /home/arms/turtlebot3_ws/install/explore_lite/share/explore_lite/config/params.yaml
[10.592s] -- Installing: /home/arms/turtlebot3_ws/install/explore_lite/share/explore_lite/config/params_costmap.yaml
[10.592s] -- Installing: /home/arms/turtlebot3_ws/install/explore_lite/share/explore_lite/launch
[10.592s] -- Installing: /home/arms/turtlebot3_ws/install/explore_lite/share/explore_lite/launch/explore.launch.py
[10.592s] -- Installing: /home/arms/turtlebot3_ws/install/explore_lite/lib/explore_lite/explore
[10.596s] -- Set runtime path of "/home/arms/turtlebot3_ws/install/explore_lite/lib/explore_lite/explore" to ""
[10.596s] -- Installing: /home/arms/turtlebot3_ws/install/explore_lite/share/ament_index/resource_index/package_run_dependencies/explore_lite
[10.596s] -- Installing: /home/arms/turtlebot3_ws/install/explore_lite/share/ament_index/resource_index/parent_prefix_path/explore_lite
[10.596s] -- Installing: /home/arms/turtlebot3_ws/install/explore_lite/share/explore_lite/environment/ament_prefix_path.sh
[10.596s] -- Installing: /home/arms/turtlebot3_ws/install/explore_lite/share/explore_lite/environment/ament_prefix_path.dsv
[10.596s] -- Installing: /home/arms/turtlebot3_ws/install/explore_lite/share/explore_lite/environment/path.sh
[10.596s] -- Installing: /home/arms/turtlebot3_ws/install/explore_lite/share/explore_lite/environment/path.dsv
[10.596s] -- Installing: /home/arms/turtlebot3_ws/install/explore_lite/share/explore_lite/local_setup.bash
[10.597s] -- Installing: /home/arms/turtlebot3_ws/install/explore_lite/share/explore_lite/local_setup.sh
[10.597s] -- Installing: /home/arms/turtlebot3_ws/install/explore_lite/share/explore_lite/local_setup.zsh
[10.597s] -- Installing: /home/arms/turtlebot3_ws/install/explore_lite/share/explore_lite/local_setup.dsv
[10.597s] -- Installing: /home/arms/turtlebot3_ws/install/explore_lite/share/explore_lite/package.dsv
[10.597s] -- Installing: /home/arms/turtlebot3_ws/install/explore_lite/share/ament_index/resource_index/packages/explore_lite
[10.597s] -- Installing: /home/arms/turtlebot3_ws/install/explore_lite/share/explore_lite/cmake/ament_cmake_export_include_directories-extras.cmake
[10.597s] -- Installing: /home/arms/turtlebot3_ws/install/explore_lite/share/explore_lite/cmake/explore_liteConfig.cmake
[10.597s] -- Installing: /home/arms/turtlebot3_ws/install/explore_lite/share/explore_lite/cmake/explore_liteConfig-version.cmake
[10.597s] -- Installing: /home/arms/turtlebot3_ws/install/explore_lite/share/explore_lite/package.xml
[10.597s] Invoked command in '/home/arms/turtlebot3_ws/build/explore_lite' returned '0': CMAKE_PREFIX_PATH=${CMAKE_PREFIX_PATH}:/home/arms/turtlebot3_ws/install/yolov8_ros:/home/arms/turtlebot3_ws/install/shoe_detector:/home/arms/turtlebot3_ws/install/ros2_camera_publish:/home/arms/turtlebot3_ws/install/cv_stuff:/home/arms/turtlebot3_ws/install/autonomous_exploration:/opt/ros/humble /usr/bin/cmake --install /home/arms/turtlebot3_ws/build/explore_lite
