[0.028s] Invoking command in '/home/arms/turtlebot3_ws/build/yolov8_bringup': AMENT_PREFIX_PATH=/home/arms/turtlebot3_ws/install/yolov8_ros:${AMENT_PREFIX_PATH} CMAKE_PREFIX_PATH=/opt/ros/humble PYTHONPATH=/home/arms/turtlebot3_ws/install/yolov8_ros/lib/python3.10/site-packages:${PYTHONPATH} /usr/bin/cmake /home/arms/turtlebot3_ws/src/yolov8_ros/yolov8_bringup -DCMAKE_INSTALL_PREFIX=/home/arms/turtlebot3_ws/install/yolov8_bringup
[0.059s] -- The C compiler identification is GNU 11.4.0
[0.092s] -- The CXX compiler identification is GNU 11.4.0
[0.097s] -- Detecting C compiler ABI info
[0.137s] -- Detecting C compiler ABI info - done
[0.145s] -- Check for working C compiler: /usr/bin/cc - skipped
[0.145s] -- Detecting C compile features
[0.145s] -- Detecting C compile features - done
[0.148s] -- Detecting CXX compiler ABI info
[0.196s] -- Detecting CXX compiler ABI info - done
[0.201s] -- Check for working CXX compiler: /usr/bin/c++ - skipped
[0.201s] -- Detecting CXX compile features
[0.201s] -- Detecting CXX compile features - done
[0.203s] -- Found ament_cmake: 1.3.5 (/opt/ros/humble/share/ament_cmake/cmake)
[0.310s] -- Found Python3: /usr/bin/python3.10 (found version "3.10.12") found components: Interpreter 
[0.406s] -- Configuring done
[0.407s] -- Generating done
[0.407s] -- Build files have been written to: /home/arms/turtlebot3_ws/build/yolov8_bringup
[0.411s] Invoked command in '/home/arms/turtlebot3_ws/build/yolov8_bringup' returned '0': AMENT_PREFIX_PATH=/home/arms/turtlebot3_ws/install/yolov8_ros:${AMENT_PREFIX_PATH} CMAKE_PREFIX_PATH=/opt/ros/humble PYTHONPATH=/home/arms/turtlebot3_ws/install/yolov8_ros/lib/python3.10/site-packages:${PYTHONPATH} /usr/bin/cmake /home/arms/turtlebot3_ws/src/yolov8_ros/yolov8_bringup -DCMAKE_INSTALL_PREFIX=/home/arms/turtlebot3_ws/install/yolov8_bringup
[0.411s] Invoking command in '/home/arms/turtlebot3_ws/build/yolov8_bringup': AMENT_PREFIX_PATH=/home/arms/turtlebot3_ws/install/yolov8_ros:${AMENT_PREFIX_PATH} CMAKE_PREFIX_PATH=/opt/ros/humble PYTHONPATH=/home/arms/turtlebot3_ws/install/yolov8_ros/lib/python3.10/site-packages:${PYTHONPATH} /usr/bin/cmake --build /home/arms/turtlebot3_ws/build/yolov8_bringup -- -j20 -l20
[0.430s] Invoked command in '/home/arms/turtlebot3_ws/build/yolov8_bringup' returned '0': AMENT_PREFIX_PATH=/home/arms/turtlebot3_ws/install/yolov8_ros:${AMENT_PREFIX_PATH} CMAKE_PREFIX_PATH=/opt/ros/humble PYTHONPATH=/home/arms/turtlebot3_ws/install/yolov8_ros/lib/python3.10/site-packages:${PYTHONPATH} /usr/bin/cmake --build /home/arms/turtlebot3_ws/build/yolov8_bringup -- -j20 -l20
[0.441s] Invoking command in '/home/arms/turtlebot3_ws/build/yolov8_bringup': AMENT_PREFIX_PATH=/home/arms/turtlebot3_ws/install/yolov8_ros:${AMENT_PREFIX_PATH} CMAKE_PREFIX_PATH=/opt/ros/humble PYTHONPATH=/home/arms/turtlebot3_ws/install/yolov8_ros/lib/python3.10/site-packages:${PYTHONPATH} /usr/bin/cmake --install /home/arms/turtlebot3_ws/build/yolov8_bringup
[0.445s] -- Install configuration: ""
[0.445s] -- Installing: /home/arms/turtlebot3_ws/install/yolov8_bringup/share/yolov8_bringup//launch
[0.446s] -- Installing: /home/arms/turtlebot3_ws/install/yolov8_bringup/share/yolov8_bringup//launch/yolov8.launch.py
[0.446s] -- Installing: /home/arms/turtlebot3_ws/install/yolov8_bringup/share/yolov8_bringup//launch/yolov8_3d.launch.py
[0.446s] -- Installing: /home/arms/turtlebot3_ws/install/yolov8_bringup/share/ament_index/resource_index/package_run_dependencies/yolov8_bringup
[0.446s] -- Installing: /home/arms/turtlebot3_ws/install/yolov8_bringup/share/ament_index/resource_index/parent_prefix_path/yolov8_bringup
[0.446s] -- Installing: /home/arms/turtlebot3_ws/install/yolov8_bringup/share/yolov8_bringup/environment/ament_prefix_path.sh
[0.446s] -- Installing: /home/arms/turtlebot3_ws/install/yolov8_bringup/share/yolov8_bringup/environment/ament_prefix_path.dsv
[0.446s] -- Installing: /home/arms/turtlebot3_ws/install/yolov8_bringup/share/yolov8_bringup/environment/path.sh
[0.446s] -- Installing: /home/arms/turtlebot3_ws/install/yolov8_bringup/share/yolov8_bringup/environment/path.dsv
[0.446s] -- Installing: /home/arms/turtlebot3_ws/install/yolov8_bringup/share/yolov8_bringup/local_setup.bash
[0.446s] -- Installing: /home/arms/turtlebot3_ws/install/yolov8_bringup/share/yolov8_bringup/local_setup.sh
[0.446s] -- Installing: /home/arms/turtlebot3_ws/install/yolov8_bringup/share/yolov8_bringup/local_setup.zsh
[0.446s] -- Installing: /home/arms/turtlebot3_ws/install/yolov8_bringup/share/yolov8_bringup/local_setup.dsv
[0.446s] -- Installing: /home/arms/turtlebot3_ws/install/yolov8_bringup/share/yolov8_bringup/package.dsv
[0.446s] -- Installing: /home/arms/turtlebot3_ws/install/yolov8_bringup/share/ament_index/resource_index/packages/yolov8_bringup
[0.446s] -- Installing: /home/arms/turtlebot3_ws/install/yolov8_bringup/share/yolov8_bringup/cmake/yolov8_bringupConfig.cmake
[0.446s] -- Installing: /home/arms/turtlebot3_ws/install/yolov8_bringup/share/yolov8_bringup/cmake/yolov8_bringupConfig-version.cmake
[0.446s] -- Installing: /home/arms/turtlebot3_ws/install/yolov8_bringup/share/yolov8_bringup/package.xml
[0.447s] Invoked command in '/home/arms/turtlebot3_ws/build/yolov8_bringup' returned '0': AMENT_PREFIX_PATH=/home/arms/turtlebot3_ws/install/yolov8_ros:${AMENT_PREFIX_PATH} CMAKE_PREFIX_PATH=/opt/ros/humble PYTHONPATH=/home/arms/turtlebot3_ws/install/yolov8_ros/lib/python3.10/site-packages:${PYTHONPATH} /usr/bin/cmake --install /home/arms/turtlebot3_ws/build/yolov8_bringup
