running egg_info
creating ../../build/remote_bringup/remote_bringup.egg-info
writing ../../build/remote_bringup/remote_bringup.egg-info/PKG-INFO
writing dependency_links to ../../build/remote_bringup/remote_bringup.egg-info/dependency_links.txt
writing entry points to ../../build/remote_bringup/remote_bringup.egg-info/entry_points.txt
writing requirements to ../../build/remote_bringup/remote_bringup.egg-info/requires.txt
writing top-level names to ../../build/remote_bringup/remote_bringup.egg-info/top_level.txt
writing manifest file '../../build/remote_bringup/remote_bringup.egg-info/SOURCES.txt'
reading manifest file '../../build/remote_bringup/remote_bringup.egg-info/SOURCES.txt'
writing manifest file '../../build/remote_bringup/remote_bringup.egg-info/SOURCES.txt'
running build
running build_py
creating /home/arms/turtlebot3_ws/build/remote_bringup/build
creating /home/arms/turtlebot3_ws/build/remote_bringup/build/lib
creating /home/arms/turtlebot3_ws/build/remote_bringup/build/lib/remote_bringup
copying remote_bringup/__init__.py -> /home/arms/turtlebot3_ws/build/remote_bringup/build/lib/remote_bringup
copying remote_bringup/waiter.py -> /home/arms/turtlebot3_ws/build/remote_bringup/build/lib/remote_bringup
running install
/usr/lib/python3/dist-packages/setuptools/command/install.py:34: SetuptoolsDeprecationWarning: setup.py install is deprecated. Use build and pip and other standards-based tools.
  warnings.warn(
running install_lib
creating /home/arms/turtlebot3_ws/install/remote_bringup/lib/python3.10/site-packages/remote_bringup
copying /home/arms/turtlebot3_ws/build/remote_bringup/build/lib/remote_bringup/__init__.py -> /home/arms/turtlebot3_ws/install/remote_bringup/lib/python3.10/site-packages/remote_bringup
copying /home/arms/turtlebot3_ws/build/remote_bringup/build/lib/remote_bringup/waiter.py -> /home/arms/turtlebot3_ws/install/remote_bringup/lib/python3.10/site-packages/remote_bringup
byte-compiling /home/arms/turtlebot3_ws/install/remote_bringup/lib/python3.10/site-packages/remote_bringup/__init__.py to __init__.cpython-310.pyc
byte-compiling /home/arms/turtlebot3_ws/install/remote_bringup/lib/python3.10/site-packages/remote_bringup/waiter.py to waiter.cpython-310.pyc
running install_data
creating /home/arms/turtlebot3_ws/install/remote_bringup/share/ament_index
creating /home/arms/turtlebot3_ws/install/remote_bringup/share/ament_index/resource_index
creating /home/arms/turtlebot3_ws/install/remote_bringup/share/ament_index/resource_index/packages
copying resource/remote_bringup -> /home/arms/turtlebot3_ws/install/remote_bringup/share/ament_index/resource_index/packages
copying package.xml -> /home/arms/turtlebot3_ws/install/remote_bringup/share/remote_bringup
running install_egg_info
Copying ../../build/remote_bringup/remote_bringup.egg-info to /home/arms/turtlebot3_ws/install/remote_bringup/lib/python3.10/site-packages/remote_bringup-0.0.0-py3.10.egg-info
running install_scripts
writing list of installed files to '/home/arms/turtlebot3_ws/build/remote_bringup/install.log'
