[0.411s] Invoking command in '/home/arms/turtlebot3_ws/src/remote_bringup': PYTHONPATH=/home/arms/turtlebot3_ws/build/remote_bringup/prefix_override:/home/arms/turtlebot3_ws/install/remote_bringup/lib/python3.10/site-packages:${PYTHONPATH} /usr/bin/python3 setup.py egg_info --egg-base ../../build/remote_bringup build --build-base /home/arms/turtlebot3_ws/build/remote_bringup/build install --record /home/arms/turtlebot3_ws/build/remote_bringup/install.log --single-version-externally-managed
[0.534s] running egg_info
[0.535s] creating ../../build/remote_bringup/remote_bringup.egg-info
[0.535s] writing ../../build/remote_bringup/remote_bringup.egg-info/PKG-INFO
[0.535s] writing dependency_links to ../../build/remote_bringup/remote_bringup.egg-info/dependency_links.txt
[0.535s] writing entry points to ../../build/remote_bringup/remote_bringup.egg-info/entry_points.txt
[0.535s] writing requirements to ../../build/remote_bringup/remote_bringup.egg-info/requires.txt
[0.535s] writing top-level names to ../../build/remote_bringup/remote_bringup.egg-info/top_level.txt
[0.535s] writing manifest file '../../build/remote_bringup/remote_bringup.egg-info/SOURCES.txt'
[0.536s] reading manifest file '../../build/remote_bringup/remote_bringup.egg-info/SOURCES.txt'
[0.536s] writing manifest file '../../build/remote_bringup/remote_bringup.egg-info/SOURCES.txt'
[0.536s] running build
[0.536s] running build_py
[0.536s] creating /home/arms/turtlebot3_ws/build/remote_bringup/build
[0.536s] creating /home/arms/turtlebot3_ws/build/remote_bringup/build/lib
[0.536s] creating /home/arms/turtlebot3_ws/build/remote_bringup/build/lib/remote_bringup
[0.536s] copying remote_bringup/__init__.py -> /home/arms/turtlebot3_ws/build/remote_bringup/build/lib/remote_bringup
[0.536s] copying remote_bringup/waiter.py -> /home/arms/turtlebot3_ws/build/remote_bringup/build/lib/remote_bringup
[0.536s] running install
[0.536s] /usr/lib/python3/dist-packages/setuptools/command/install.py:34: SetuptoolsDeprecationWarning: setup.py install is deprecated. Use build and pip and other standards-based tools.
[0.536s]   warnings.warn(
[0.536s] running install_lib
[0.537s] creating /home/arms/turtlebot3_ws/install/remote_bringup/lib/python3.10/site-packages/remote_bringup
[0.537s] copying /home/arms/turtlebot3_ws/build/remote_bringup/build/lib/remote_bringup/__init__.py -> /home/arms/turtlebot3_ws/install/remote_bringup/lib/python3.10/site-packages/remote_bringup
[0.537s] copying /home/arms/turtlebot3_ws/build/remote_bringup/build/lib/remote_bringup/waiter.py -> /home/arms/turtlebot3_ws/install/remote_bringup/lib/python3.10/site-packages/remote_bringup
[0.537s] byte-compiling /home/arms/turtlebot3_ws/install/remote_bringup/lib/python3.10/site-packages/remote_bringup/__init__.py to __init__.cpython-310.pyc
[0.537s] byte-compiling /home/arms/turtlebot3_ws/install/remote_bringup/lib/python3.10/site-packages/remote_bringup/waiter.py to waiter.cpython-310.pyc
[0.537s] running install_data
[0.538s] creating /home/arms/turtlebot3_ws/install/remote_bringup/share/ament_index
[0.538s] creating /home/arms/turtlebot3_ws/install/remote_bringup/share/ament_index/resource_index
[0.538s] creating /home/arms/turtlebot3_ws/install/remote_bringup/share/ament_index/resource_index/packages
[0.538s] copying resource/remote_bringup -> /home/arms/turtlebot3_ws/install/remote_bringup/share/ament_index/resource_index/packages
[0.538s] copying package.xml -> /home/arms/turtlebot3_ws/install/remote_bringup/share/remote_bringup
[0.538s] running install_egg_info
[0.539s] Copying ../../build/remote_bringup/remote_bringup.egg-info to /home/arms/turtlebot3_ws/install/remote_bringup/lib/python3.10/site-packages/remote_bringup-0.0.0-py3.10.egg-info
[0.539s] running install_scripts
[0.551s] writing list of installed files to '/home/arms/turtlebot3_ws/build/remote_bringup/install.log'
[0.563s] Invoked command in '/home/arms/turtlebot3_ws/src/remote_bringup' returned '0': PYTHONPATH=/home/arms/turtlebot3_ws/build/remote_bringup/prefix_override:/home/arms/turtlebot3_ws/install/remote_bringup/lib/python3.10/site-packages:${PYTHONPATH} /usr/bin/python3 setup.py egg_info --egg-base ../../build/remote_bringup build --build-base /home/arms/turtlebot3_ws/build/remote_bringup/build install --record /home/arms/turtlebot3_ws/build/remote_bringup/install.log --single-version-externally-managed
