[0.616s] [34mcolcon[0m [1;30mDEBUG[0m [32mCommand line arguments: ['/usr/bin/colcon', 'build'][0m
[0.616s] [34mcolcon[0m [1;30mDEBUG[0m [32mParsed command line arguments: Namespace(log_base=None, log_level=None, verb_name='build', build_base='build', install_base='install', merge_install=False, symlink_install=False, test_result_base=None, continue_on_error=False, executor='parallel', parallel_workers=20, event_handlers=None, ignore_user_meta=False, metas=['./colcon.meta'], base_paths=['.'], packages_ignore=None, packages_ignore_regex=None, paths=None, packages_up_to=None, packages_up_to_regex=None, packages_above=None, packages_above_and_dependencies=None, packages_above_depth=None, packages_select_by_dep=None, packages_skip_by_dep=None, packages_skip_up_to=None, packages_select_build_failed=False, packages_skip_build_finished=False, packages_select_test_failures=False, packages_skip_test_passed=False, packages_select=None, packages_skip=None, packages_select_regex=None, packages_skip_regex=None, packages_start=None, packages_end=None, allow_overriding=[], cmake_args=None, cmake_target=None, cmake_target_skip_unavailable=False, cmake_clean_cache=False, cmake_clean_first=False, cmake_force_configure=False, ament_cmake_args=None, catkin_cmake_args=None, catkin_skip_building_tests=False, verb_parser=<colcon_defaults.argument_parser.defaults.DefaultArgumentsDecorator object at 0x7f7df07778b0>, verb_extension=<colcon_core.verb.build.BuildVerb object at 0x7f7df0a06a70>, main=<bound method BuildVerb.main of <colcon_core.verb.build.BuildVerb object at 0x7f7df0a06a70>>)[0m
[0.648s] [34mcolcon.colcon_core.package_discovery[0m [1;30mLevel 1[0m discover_packages(colcon_meta) check parameters
[0.648s] [34mcolcon.colcon_core.package_discovery[0m [1;30mLevel 1[0m discover_packages(recursive) check parameters
[0.648s] [34mcolcon.colcon_core.package_discovery[0m [1;30mLevel 1[0m discover_packages(ignore) check parameters
[0.648s] [34mcolcon.colcon_core.package_discovery[0m [1;30mLevel 1[0m discover_packages(path) check parameters
[0.648s] [34mcolcon.colcon_core.package_discovery[0m [1;30mLevel 1[0m discover_packages(colcon_meta) discover
[0.648s] [34mcolcon.colcon_core.package_discovery[0m [1;30mLevel 1[0m discover_packages(recursive) discover
[0.648s] [34mcolcon.colcon_core.package_discovery[0m [1;30mINFO[0m Crawling recursively for packages in '/home/arms/turtlebot3_ws'
[0.648s] [34mcolcon.colcon_core.package_identification[0m [1;30mLevel 1[0m _identify(.) by extensions ['ignore', 'ignore_ament_install']
[0.648s] [34mcolcon.colcon_core.package_identification[0m [1;30mLevel 1[0m _identify(.) by extension 'ignore'
[0.648s] [34mcolcon.colcon_core.package_identification[0m [1;30mLevel 1[0m _identify(.) by extension 'ignore_ament_install'
[0.648s] [34mcolcon.colcon_core.package_identification[0m [1;30mLevel 1[0m _identify(.) by extensions ['colcon_pkg']
[0.648s] [34mcolcon.colcon_core.package_identification[0m [1;30mLevel 1[0m _identify(.) by extension 'colcon_pkg'
[0.648s] [34mcolcon.colcon_core.package_identification[0m [1;30mLevel 1[0m _identify(.) by extensions ['colcon_meta']
[0.648s] [34mcolcon.colcon_core.package_identification[0m [1;30mLevel 1[0m _identify(.) by extension 'colcon_meta'
[0.648s] [34mcolcon.colcon_core.package_identification[0m [1;30mLevel 1[0m _identify(.) by extensions ['ros']
[0.648s] [34mcolcon.colcon_core.package_identification[0m [1;30mLevel 1[0m _identify(.) by extension 'ros'
[0.655s] [34mcolcon.colcon_core.package_identification[0m [1;30mLevel 1[0m _identify(.) by extensions ['cmake', 'python']
[0.655s] [34mcolcon.colcon_core.package_identification[0m [1;30mLevel 1[0m _identify(.) by extension 'cmake'
[0.655s] [34mcolcon.colcon_core.package_identification[0m [1;30mLevel 1[0m _identify(.) by extension 'python'
[0.655s] [34mcolcon.colcon_core.package_identification[0m [1;30mLevel 1[0m _identify(.) by extensions ['python_setup_py']
[0.655s] [34mcolcon.colcon_core.package_identification[0m [1;30mLevel 1[0m _identify(.) by extension 'python_setup_py'
[0.655s] [34mcolcon.colcon_core.package_identification[0m [1;30mLevel 1[0m _identify(build) by extensions ['ignore', 'ignore_ament_install']
[0.655s] [34mcolcon.colcon_core.package_identification[0m [1;30mLevel 1[0m _identify(build) by extension 'ignore'
[0.655s] [34mcolcon.colcon_core.package_identification[0m [1;30mLevel 1[0m _identify(build) ignored
[0.655s] [34mcolcon.colcon_core.package_identification[0m [1;30mLevel 1[0m _identify(install) by extensions ['ignore', 'ignore_ament_install']
[0.655s] [34mcolcon.colcon_core.package_identification[0m [1;30mLevel 1[0m _identify(install) by extension 'ignore'
[0.655s] [34mcolcon.colcon_core.package_identification[0m [1;30mLevel 1[0m _identify(install) ignored
[0.655s] [34mcolcon.colcon_core.package_identification[0m [1;30mLevel 1[0m _identify(log) by extensions ['ignore', 'ignore_ament_install']
[0.655s] [34mcolcon.colcon_core.package_identification[0m [1;30mLevel 1[0m _identify(log) by extension 'ignore'
[0.655s] [34mcolcon.colcon_core.package_identification[0m [1;30mLevel 1[0m _identify(log) ignored
[0.655s] [34mcolcon.colcon_core.package_identification[0m [1;30mLevel 1[0m _identify(src) by extensions ['ignore', 'ignore_ament_install']
[0.655s] [34mcolcon.colcon_core.package_identification[0m [1;30mLevel 1[0m _identify(src) by extension 'ignore'
[0.655s] [34mcolcon.colcon_core.package_identification[0m [1;30mLevel 1[0m _identify(src) by extension 'ignore_ament_install'
[0.655s] [34mcolcon.colcon_core.package_identification[0m [1;30mLevel 1[0m _identify(src) by extensions ['colcon_pkg']
[0.655s] [34mcolcon.colcon_core.package_identification[0m [1;30mLevel 1[0m _identify(src) by extension 'colcon_pkg'
[0.655s] [34mcolcon.colcon_core.package_identification[0m [1;30mLevel 1[0m _identify(src) by extensions ['colcon_meta']
[0.655s] [34mcolcon.colcon_core.package_identification[0m [1;30mLevel 1[0m _identify(src) by extension 'colcon_meta'
[0.655s] [34mcolcon.colcon_core.package_identification[0m [1;30mLevel 1[0m _identify(src) by extensions ['ros']
[0.655s] [34mcolcon.colcon_core.package_identification[0m [1;30mLevel 1[0m _identify(src) by extension 'ros'
[0.655s] [34mcolcon.colcon_core.package_identification[0m [1;30mLevel 1[0m _identify(src) by extensions ['cmake', 'python']
[0.655s] [34mcolcon.colcon_core.package_identification[0m [1;30mLevel 1[0m _identify(src) by extension 'cmake'
[0.655s] [34mcolcon.colcon_core.package_identification[0m [1;30mLevel 1[0m _identify(src) by extension 'python'
[0.655s] [34mcolcon.colcon_core.package_identification[0m [1;30mLevel 1[0m _identify(src) by extensions ['python_setup_py']
[0.655s] [34mcolcon.colcon_core.package_identification[0m [1;30mLevel 1[0m _identify(src) by extension 'python_setup_py'
[0.655s] [34mcolcon.colcon_core.package_identification[0m [1;30mLevel 1[0m _identify(src/m-explore-ros2) by extensions ['ignore', 'ignore_ament_install']
[0.656s] [34mcolcon.colcon_core.package_identification[0m [1;30mLevel 1[0m _identify(src/m-explore-ros2) by extension 'ignore'
[0.656s] [34mcolcon.colcon_core.package_identification[0m [1;30mLevel 1[0m _identify(src/m-explore-ros2) by extension 'ignore_ament_install'
[0.656s] [34mcolcon.colcon_core.package_identification[0m [1;30mLevel 1[0m _identify(src/m-explore-ros2) by extensions ['colcon_pkg']
[0.656s] [34mcolcon.colcon_core.package_identification[0m [1;30mLevel 1[0m _identify(src/m-explore-ros2) by extension 'colcon_pkg'
[0.656s] [34mcolcon.colcon_core.package_identification[0m [1;30mLevel 1[0m _identify(src/m-explore-ros2) by extensions ['colcon_meta']
[0.656s] [34mcolcon.colcon_core.package_identification[0m [1;30mLevel 1[0m _identify(src/m-explore-ros2) by extension 'colcon_meta'
[0.656s] [34mcolcon.colcon_core.package_identification[0m [1;30mLevel 1[0m _identify(src/m-explore-ros2) by extensions ['ros']
[0.656s] [34mcolcon.colcon_core.package_identification[0m [1;30mLevel 1[0m _identify(src/m-explore-ros2) by extension 'ros'
[0.656s] [34mcolcon.colcon_core.package_identification[0m [1;30mLevel 1[0m _identify(src/m-explore-ros2) by extensions ['cmake', 'python']
[0.656s] [34mcolcon.colcon_core.package_identification[0m [1;30mLevel 1[0m _identify(src/m-explore-ros2) by extension 'cmake'
[0.656s] [34mcolcon.colcon_core.package_identification[0m [1;30mLevel 1[0m _identify(src/m-explore-ros2) by extension 'python'
[0.656s] [34mcolcon.colcon_core.package_identification[0m [1;30mLevel 1[0m _identify(src/m-explore-ros2) by extensions ['python_setup_py']
[0.656s] [34mcolcon.colcon_core.package_identification[0m [1;30mLevel 1[0m _identify(src/m-explore-ros2) by extension 'python_setup_py'
[0.656s] [34mcolcon.colcon_core.package_identification[0m [1;30mLevel 1[0m _identify(src/m-explore-ros2/explore) by extensions ['ignore', 'ignore_ament_install']
[0.656s] [34mcolcon.colcon_core.package_identification[0m [1;30mLevel 1[0m _identify(src/m-explore-ros2/explore) by extension 'ignore'
[0.656s] [34mcolcon.colcon_core.package_identification[0m [1;30mLevel 1[0m _identify(src/m-explore-ros2/explore) by extension 'ignore_ament_install'
[0.656s] [34mcolcon.colcon_core.package_identification[0m [1;30mLevel 1[0m _identify(src/m-explore-ros2/explore) by extensions ['colcon_pkg']
[0.656s] [34mcolcon.colcon_core.package_identification[0m [1;30mLevel 1[0m _identify(src/m-explore-ros2/explore) by extension 'colcon_pkg'
[0.656s] [34mcolcon.colcon_core.package_identification[0m [1;30mLevel 1[0m _identify(src/m-explore-ros2/explore) by extensions ['colcon_meta']
[0.656s] [34mcolcon.colcon_core.package_identification[0m [1;30mLevel 1[0m _identify(src/m-explore-ros2/explore) by extension 'colcon_meta'
[0.656s] [34mcolcon.colcon_core.package_identification[0m [1;30mLevel 1[0m _identify(src/m-explore-ros2/explore) by extensions ['ros']
[0.656s] [34mcolcon.colcon_core.package_identification[0m [1;30mLevel 1[0m _identify(src/m-explore-ros2/explore) by extension 'ros'
[0.658s] [34mcolcon.colcon_core.package_identification[0m [1;30mDEBUG[0m [32mPackage 'src/m-explore-ros2/explore' with type 'ros.ament_cmake' and name 'explore_lite'[0m
[0.658s] [34mcolcon.colcon_core.package_identification[0m [1;30mLevel 1[0m _identify(src/m-explore-ros2/map_merge) by extensions ['ignore', 'ignore_ament_install']
[0.658s] [34mcolcon.colcon_core.package_identification[0m [1;30mLevel 1[0m _identify(src/m-explore-ros2/map_merge) by extension 'ignore'
[0.658s] [34mcolcon.colcon_core.package_identification[0m [1;30mLevel 1[0m _identify(src/m-explore-ros2/map_merge) by extension 'ignore_ament_install'
[0.658s] [34mcolcon.colcon_core.package_identification[0m [1;30mLevel 1[0m _identify(src/m-explore-ros2/map_merge) by extensions ['colcon_pkg']
[0.658s] [34mcolcon.colcon_core.package_identification[0m [1;30mLevel 1[0m _identify(src/m-explore-ros2/map_merge) by extension 'colcon_pkg'
[0.658s] [34mcolcon.colcon_core.package_identification[0m [1;30mLevel 1[0m _identify(src/m-explore-ros2/map_merge) by extensions ['colcon_meta']
[0.658s] [34mcolcon.colcon_core.package_identification[0m [1;30mLevel 1[0m _identify(src/m-explore-ros2/map_merge) by extension 'colcon_meta'
[0.658s] [34mcolcon.colcon_core.package_identification[0m [1;30mLevel 1[0m _identify(src/m-explore-ros2/map_merge) by extensions ['ros']
[0.658s] [34mcolcon.colcon_core.package_identification[0m [1;30mLevel 1[0m _identify(src/m-explore-ros2/map_merge) by extension 'ros'
[0.659s] [34mcolcon.colcon_core.package_identification[0m [1;30mDEBUG[0m [32mPackage 'src/m-explore-ros2/map_merge' with type 'ros.ament_cmake' and name 'multirobot_map_merge'[0m
[0.659s] [34mcolcon.colcon_core.package_identification[0m [1;30mLevel 1[0m _identify(src/remote_bringup) by extensions ['ignore', 'ignore_ament_install']
[0.659s] [34mcolcon.colcon_core.package_identification[0m [1;30mLevel 1[0m _identify(src/remote_bringup) by extension 'ignore'
[0.659s] [34mcolcon.colcon_core.package_identification[0m [1;30mLevel 1[0m _identify(src/remote_bringup) by extension 'ignore_ament_install'
[0.659s] [34mcolcon.colcon_core.package_identification[0m [1;30mLevel 1[0m _identify(src/remote_bringup) by extensions ['colcon_pkg']
[0.659s] [34mcolcon.colcon_core.package_identification[0m [1;30mLevel 1[0m _identify(src/remote_bringup) by extension 'colcon_pkg'
[0.659s] [34mcolcon.colcon_core.package_identification[0m [1;30mLevel 1[0m _identify(src/remote_bringup) by extensions ['colcon_meta']
[0.659s] [34mcolcon.colcon_core.package_identification[0m [1;30mLevel 1[0m _identify(src/remote_bringup) by extension 'colcon_meta'
[0.659s] [34mcolcon.colcon_core.package_identification[0m [1;30mLevel 1[0m _identify(src/remote_bringup) by extensions ['ros']
[0.659s] [34mcolcon.colcon_core.package_identification[0m [1;30mLevel 1[0m _identify(src/remote_bringup) by extension 'ros'
[0.660s] [34mcolcon.colcon_core.package_identification[0m [1;30mDEBUG[0m [32mPackage 'src/remote_bringup' with type 'ros.ament_python' and name 'remote_bringup'[0m
[0.660s] [34mcolcon.colcon_core.package_identification[0m [1;30mLevel 1[0m _identify(src/shoe_detector) by extensions ['ignore', 'ignore_ament_install']
[0.660s] [34mcolcon.colcon_core.package_identification[0m [1;30mLevel 1[0m _identify(src/shoe_detector) by extension 'ignore'
[0.660s] [34mcolcon.colcon_core.package_identification[0m [1;30mLevel 1[0m _identify(src/shoe_detector) by extension 'ignore_ament_install'
[0.660s] [34mcolcon.colcon_core.package_identification[0m [1;30mLevel 1[0m _identify(src/shoe_detector) by extensions ['colcon_pkg']
[0.660s] [34mcolcon.colcon_core.package_identification[0m [1;30mLevel 1[0m _identify(src/shoe_detector) by extension 'colcon_pkg'
[0.660s] [34mcolcon.colcon_core.package_identification[0m [1;30mLevel 1[0m _identify(src/shoe_detector) by extensions ['colcon_meta']
[0.660s] [34mcolcon.colcon_core.package_identification[0m [1;30mLevel 1[0m _identify(src/shoe_detector) by extension 'colcon_meta'
[0.660s] [34mcolcon.colcon_core.package_identification[0m [1;30mLevel 1[0m _identify(src/shoe_detector) by extensions ['ros']
[0.660s] [34mcolcon.colcon_core.package_identification[0m [1;30mLevel 1[0m _identify(src/shoe_detector) by extension 'ros'
[0.660s] [34mcolcon.colcon_core.package_identification[0m [1;30mDEBUG[0m [32mPackage 'src/shoe_detector' with type 'ros.ament_python' and name 'shoe_detector'[0m
[0.660s] [34mcolcon.colcon_core.package_identification[0m [1;30mLevel 1[0m _identify(src/turtlebot3_simulations) by extensions ['ignore', 'ignore_ament_install']
[0.661s] [34mcolcon.colcon_core.package_identification[0m [1;30mLevel 1[0m _identify(src/turtlebot3_simulations) by extension 'ignore'
[0.661s] [34mcolcon.colcon_core.package_identification[0m [1;30mLevel 1[0m _identify(src/turtlebot3_simulations) by extension 'ignore_ament_install'
[0.661s] [34mcolcon.colcon_core.package_identification[0m [1;30mLevel 1[0m _identify(src/turtlebot3_simulations) by extensions ['colcon_pkg']
[0.661s] [34mcolcon.colcon_core.package_identification[0m [1;30mLevel 1[0m _identify(src/turtlebot3_simulations) by extension 'colcon_pkg'
[0.661s] [34mcolcon.colcon_core.package_identification[0m [1;30mLevel 1[0m _identify(src/turtlebot3_simulations) by extensions ['colcon_meta']
[0.661s] [34mcolcon.colcon_core.package_identification[0m [1;30mLevel 1[0m _identify(src/turtlebot3_simulations) by extension 'colcon_meta'
[0.661s] [34mcolcon.colcon_core.package_identification[0m [1;30mLevel 1[0m _identify(src/turtlebot3_simulations) by extensions ['ros']
[0.661s] [34mcolcon.colcon_core.package_identification[0m [1;30mLevel 1[0m _identify(src/turtlebot3_simulations) by extension 'ros'
[0.661s] [34mcolcon.colcon_core.package_identification[0m [1;30mLevel 1[0m _identify(src/turtlebot3_simulations) by extensions ['cmake', 'python']
[0.661s] [34mcolcon.colcon_core.package_identification[0m [1;30mLevel 1[0m _identify(src/turtlebot3_simulations) by extension 'cmake'
[0.661s] [34mcolcon.colcon_core.package_identification[0m [1;30mLevel 1[0m _identify(src/turtlebot3_simulations) by extension 'python'
[0.661s] [34mcolcon.colcon_core.package_identification[0m [1;30mLevel 1[0m _identify(src/turtlebot3_simulations) by extensions ['python_setup_py']
[0.661s] [34mcolcon.colcon_core.package_identification[0m [1;30mLevel 1[0m _identify(src/turtlebot3_simulations) by extension 'python_setup_py'
[0.661s] [34mcolcon.colcon_core.package_identification[0m [1;30mLevel 1[0m _identify(src/turtlebot3_simulations/turtlebot3_fake_node) by extensions ['ignore', 'ignore_ament_install']
[0.661s] [34mcolcon.colcon_core.package_identification[0m [1;30mLevel 1[0m _identify(src/turtlebot3_simulations/turtlebot3_fake_node) by extension 'ignore'
[0.661s] [34mcolcon.colcon_core.package_identification[0m [1;30mLevel 1[0m _identify(src/turtlebot3_simulations/turtlebot3_fake_node) by extension 'ignore_ament_install'
[0.661s] [34mcolcon.colcon_core.package_identification[0m [1;30mLevel 1[0m _identify(src/turtlebot3_simulations/turtlebot3_fake_node) by extensions ['colcon_pkg']
[0.661s] [34mcolcon.colcon_core.package_identification[0m [1;30mLevel 1[0m _identify(src/turtlebot3_simulations/turtlebot3_fake_node) by extension 'colcon_pkg'
[0.661s] [34mcolcon.colcon_core.package_identification[0m [1;30mLevel 1[0m _identify(src/turtlebot3_simulations/turtlebot3_fake_node) by extensions ['colcon_meta']
[0.661s] [34mcolcon.colcon_core.package_identification[0m [1;30mLevel 1[0m _identify(src/turtlebot3_simulations/turtlebot3_fake_node) by extension 'colcon_meta'
[0.661s] [34mcolcon.colcon_core.package_identification[0m [1;30mLevel 1[0m _identify(src/turtlebot3_simulations/turtlebot3_fake_node) by extensions ['ros']
[0.661s] [34mcolcon.colcon_core.package_identification[0m [1;30mLevel 1[0m _identify(src/turtlebot3_simulations/turtlebot3_fake_node) by extension 'ros'
[0.662s] [34mcolcon.colcon_core.package_identification[0m [1;30mDEBUG[0m [32mPackage 'src/turtlebot3_simulations/turtlebot3_fake_node' with type 'ros.ament_cmake' and name 'turtlebot3_fake_node'[0m
[0.662s] [34mcolcon.colcon_core.package_identification[0m [1;30mLevel 1[0m _identify(src/turtlebot3_simulations/turtlebot3_gazebo) by extensions ['ignore', 'ignore_ament_install']
[0.662s] [34mcolcon.colcon_core.package_identification[0m [1;30mLevel 1[0m _identify(src/turtlebot3_simulations/turtlebot3_gazebo) by extension 'ignore'
[0.662s] [34mcolcon.colcon_core.package_identification[0m [1;30mLevel 1[0m _identify(src/turtlebot3_simulations/turtlebot3_gazebo) by extension 'ignore_ament_install'
[0.662s] [34mcolcon.colcon_core.package_identification[0m [1;30mLevel 1[0m _identify(src/turtlebot3_simulations/turtlebot3_gazebo) by extensions ['colcon_pkg']
[0.662s] [34mcolcon.colcon_core.package_identification[0m [1;30mLevel 1[0m _identify(src/turtlebot3_simulations/turtlebot3_gazebo) by extension 'colcon_pkg'
[0.662s] [34mcolcon.colcon_core.package_identification[0m [1;30mLevel 1[0m _identify(src/turtlebot3_simulations/turtlebot3_gazebo) by extensions ['colcon_meta']
[0.662s] [34mcolcon.colcon_core.package_identification[0m [1;30mLevel 1[0m _identify(src/turtlebot3_simulations/turtlebot3_gazebo) by extension 'colcon_meta'
[0.662s] [34mcolcon.colcon_core.package_identification[0m [1;30mLevel 1[0m _identify(src/turtlebot3_simulations/turtlebot3_gazebo) by extensions ['ros']
[0.662s] [34mcolcon.colcon_core.package_identification[0m [1;30mLevel 1[0m _identify(src/turtlebot3_simulations/turtlebot3_gazebo) by extension 'ros'
[0.663s] [34mcolcon.colcon_core.package_identification[0m [1;30mDEBUG[0m [32mPackage 'src/turtlebot3_simulations/turtlebot3_gazebo' with type 'ros.ament_cmake' and name 'turtlebot3_gazebo'[0m
[0.663s] [34mcolcon.colcon_core.package_identification[0m [1;30mLevel 1[0m _identify(src/turtlebot3_simulations/turtlebot3_simulations) by extensions ['ignore', 'ignore_ament_install']
[0.663s] [34mcolcon.colcon_core.package_identification[0m [1;30mLevel 1[0m _identify(src/turtlebot3_simulations/turtlebot3_simulations) by extension 'ignore'
[0.663s] [34mcolcon.colcon_core.package_identification[0m [1;30mLevel 1[0m _identify(src/turtlebot3_simulations/turtlebot3_simulations) by extension 'ignore_ament_install'
[0.663s] [34mcolcon.colcon_core.package_identification[0m [1;30mLevel 1[0m _identify(src/turtlebot3_simulations/turtlebot3_simulations) by extensions ['colcon_pkg']
[0.663s] [34mcolcon.colcon_core.package_identification[0m [1;30mLevel 1[0m _identify(src/turtlebot3_simulations/turtlebot3_simulations) by extension 'colcon_pkg'
[0.663s] [34mcolcon.colcon_core.package_identification[0m [1;30mLevel 1[0m _identify(src/turtlebot3_simulations/turtlebot3_simulations) by extensions ['colcon_meta']
[0.663s] [34mcolcon.colcon_core.package_identification[0m [1;30mLevel 1[0m _identify(src/turtlebot3_simulations/turtlebot3_simulations) by extension 'colcon_meta'
[0.663s] [34mcolcon.colcon_core.package_identification[0m [1;30mLevel 1[0m _identify(src/turtlebot3_simulations/turtlebot3_simulations) by extensions ['ros']
[0.663s] [34mcolcon.colcon_core.package_identification[0m [1;30mLevel 1[0m _identify(src/turtlebot3_simulations/turtlebot3_simulations) by extension 'ros'
[0.663s] [34mcolcon.colcon_core.package_identification[0m [1;30mDEBUG[0m [32mPackage 'src/turtlebot3_simulations/turtlebot3_simulations' with type 'ros.ament_cmake' and name 'turtlebot3_simulations'[0m
[0.663s] [34mcolcon.colcon_core.package_discovery[0m [1;30mLevel 1[0m discover_packages(recursive) using defaults
[0.663s] [34mcolcon.colcon_core.package_discovery[0m [1;30mLevel 1[0m discover_packages(ignore) discover
[0.663s] [34mcolcon.colcon_core.package_discovery[0m [1;30mLevel 1[0m discover_packages(ignore) using defaults
[0.663s] [34mcolcon.colcon_core.package_discovery[0m [1;30mLevel 1[0m discover_packages(path) discover
[0.663s] [34mcolcon.colcon_core.package_discovery[0m [1;30mLevel 1[0m discover_packages(path) using defaults
[0.709s] [34mcolcon.colcon_core.package_discovery[0m [1;30mLevel 1[0m discover_packages(prefix_path) check parameters
[0.709s] [34mcolcon.colcon_core.package_discovery[0m [1;30mLevel 1[0m discover_packages(prefix_path) discover
[0.729s] [34mcolcon.colcon_installed_package_information.package_discovery[0m [1;30mDEBUG[0m [32mFound 381 installed packages in /opt/ros/humble[0m
[0.730s] [34mcolcon.colcon_core.package_discovery[0m [1;30mLevel 1[0m discover_packages(prefix_path) using defaults
[0.780s] [34mcolcon.colcon_core.verb[0m [1;30mLevel 5[0m set package 'explore_lite' build argument 'cmake_args' from command line to 'None'
[0.780s] [34mcolcon.colcon_core.verb[0m [1;30mLevel 5[0m set package 'explore_lite' build argument 'cmake_target' from command line to 'None'
[0.780s] [34mcolcon.colcon_core.verb[0m [1;30mLevel 5[0m set package 'explore_lite' build argument 'cmake_target_skip_unavailable' from command line to 'False'
[0.780s] [34mcolcon.colcon_core.verb[0m [1;30mLevel 5[0m set package 'explore_lite' build argument 'cmake_clean_cache' from command line to 'False'
[0.780s] [34mcolcon.colcon_core.verb[0m [1;30mLevel 5[0m set package 'explore_lite' build argument 'cmake_clean_first' from command line to 'False'
[0.780s] [34mcolcon.colcon_core.verb[0m [1;30mLevel 5[0m set package 'explore_lite' build argument 'cmake_force_configure' from command line to 'False'
[0.780s] [34mcolcon.colcon_core.verb[0m [1;30mLevel 5[0m set package 'explore_lite' build argument 'ament_cmake_args' from command line to 'None'
[0.780s] [34mcolcon.colcon_core.verb[0m [1;30mLevel 5[0m set package 'explore_lite' build argument 'catkin_cmake_args' from command line to 'None'
[0.780s] [34mcolcon.colcon_core.verb[0m [1;30mLevel 5[0m set package 'explore_lite' build argument 'catkin_skip_building_tests' from command line to 'False'
[0.780s] [34mcolcon.colcon_core.verb[0m [1;30mDEBUG[0m [32mBuilding package 'explore_lite' with the following arguments: {'ament_cmake_args': None, 'build_base': '/home/arms/turtlebot3_ws/build/explore_lite', 'catkin_cmake_args': None, 'catkin_skip_building_tests': False, 'cmake_args': None, 'cmake_clean_cache': False, 'cmake_clean_first': False, 'cmake_force_configure': False, 'cmake_target': None, 'cmake_target_skip_unavailable': False, 'install_base': '/home/arms/turtlebot3_ws/install/explore_lite', 'merge_install': False, 'path': '/home/arms/turtlebot3_ws/src/m-explore-ros2/explore', 'symlink_install': False, 'test_result_base': None}[0m
[0.787s] [34mcolcon.colcon_core.verb[0m [1;30mLevel 5[0m set package 'multirobot_map_merge' build argument 'cmake_args' from command line to 'None'
[0.787s] [34mcolcon.colcon_core.verb[0m [1;30mLevel 5[0m set package 'multirobot_map_merge' build argument 'cmake_target' from command line to 'None'
[0.787s] [34mcolcon.colcon_core.verb[0m [1;30mLevel 5[0m set package 'multirobot_map_merge' build argument 'cmake_target_skip_unavailable' from command line to 'False'
[0.787s] [34mcolcon.colcon_core.verb[0m [1;30mLevel 5[0m set package 'multirobot_map_merge' build argument 'cmake_clean_cache' from command line to 'False'
[0.787s] [34mcolcon.colcon_core.verb[0m [1;30mLevel 5[0m set package 'multirobot_map_merge' build argument 'cmake_clean_first' from command line to 'False'
[0.787s] [34mcolcon.colcon_core.verb[0m [1;30mLevel 5[0m set package 'multirobot_map_merge' build argument 'cmake_force_configure' from command line to 'False'
[0.787s] [34mcolcon.colcon_core.verb[0m [1;30mLevel 5[0m set package 'multirobot_map_merge' build argument 'ament_cmake_args' from command line to 'None'
[0.787s] [34mcolcon.colcon_core.verb[0m [1;30mLevel 5[0m set package 'multirobot_map_merge' build argument 'catkin_cmake_args' from command line to 'None'
[0.787s] [34mcolcon.colcon_core.verb[0m [1;30mLevel 5[0m set package 'multirobot_map_merge' build argument 'catkin_skip_building_tests' from command line to 'False'
[0.787s] [34mcolcon.colcon_core.verb[0m [1;30mDEBUG[0m [32mBuilding package 'multirobot_map_merge' with the following arguments: {'ament_cmake_args': None, 'build_base': '/home/arms/turtlebot3_ws/build/multirobot_map_merge', 'catkin_cmake_args': None, 'catkin_skip_building_tests': False, 'cmake_args': None, 'cmake_clean_cache': False, 'cmake_clean_first': False, 'cmake_force_configure': False, 'cmake_target': None, 'cmake_target_skip_unavailable': False, 'install_base': '/home/arms/turtlebot3_ws/install/multirobot_map_merge', 'merge_install': False, 'path': '/home/arms/turtlebot3_ws/src/m-explore-ros2/map_merge', 'symlink_install': False, 'test_result_base': None}[0m
[0.794s] [34mcolcon.colcon_core.verb[0m [1;30mLevel 5[0m set package 'remote_bringup' build argument 'cmake_args' from command line to 'None'
[0.794s] [34mcolcon.colcon_core.verb[0m [1;30mLevel 5[0m set package 'remote_bringup' build argument 'cmake_target' from command line to 'None'
[0.794s] [34mcolcon.colcon_core.verb[0m [1;30mLevel 5[0m set package 'remote_bringup' build argument 'cmake_target_skip_unavailable' from command line to 'False'
[0.794s] [34mcolcon.colcon_core.verb[0m [1;30mLevel 5[0m set package 'remote_bringup' build argument 'cmake_clean_cache' from command line to 'False'
[0.794s] [34mcolcon.colcon_core.verb[0m [1;30mLevel 5[0m set package 'remote_bringup' build argument 'cmake_clean_first' from command line to 'False'
[0.794s] [34mcolcon.colcon_core.verb[0m [1;30mLevel 5[0m set package 'remote_bringup' build argument 'cmake_force_configure' from command line to 'False'
[0.794s] [34mcolcon.colcon_core.verb[0m [1;30mLevel 5[0m set package 'remote_bringup' build argument 'ament_cmake_args' from command line to 'None'
[0.794s] [34mcolcon.colcon_core.verb[0m [1;30mLevel 5[0m set package 'remote_bringup' build argument 'catkin_cmake_args' from command line to 'None'
[0.794s] [34mcolcon.colcon_core.verb[0m [1;30mLevel 5[0m set package 'remote_bringup' build argument 'catkin_skip_building_tests' from command line to 'False'
[0.794s] [34mcolcon.colcon_core.verb[0m [1;30mDEBUG[0m [32mBuilding package 'remote_bringup' with the following arguments: {'ament_cmake_args': None, 'build_base': '/home/arms/turtlebot3_ws/build/remote_bringup', 'catkin_cmake_args': None, 'catkin_skip_building_tests': False, 'cmake_args': None, 'cmake_clean_cache': False, 'cmake_clean_first': False, 'cmake_force_configure': False, 'cmake_target': None, 'cmake_target_skip_unavailable': False, 'install_base': '/home/arms/turtlebot3_ws/install/remote_bringup', 'merge_install': False, 'path': '/home/arms/turtlebot3_ws/src/remote_bringup', 'symlink_install': False, 'test_result_base': None}[0m
[0.801s] [34mcolcon.colcon_core.verb[0m [1;30mLevel 5[0m set package 'shoe_detector' build argument 'cmake_args' from command line to 'None'
[0.801s] [34mcolcon.colcon_core.verb[0m [1;30mLevel 5[0m set package 'shoe_detector' build argument 'cmake_target' from command line to 'None'
[0.801s] [34mcolcon.colcon_core.verb[0m [1;30mLevel 5[0m set package 'shoe_detector' build argument 'cmake_target_skip_unavailable' from command line to 'False'
[0.801s] [34mcolcon.colcon_core.verb[0m [1;30mLevel 5[0m set package 'shoe_detector' build argument 'cmake_clean_cache' from command line to 'False'
[0.801s] [34mcolcon.colcon_core.verb[0m [1;30mLevel 5[0m set package 'shoe_detector' build argument 'cmake_clean_first' from command line to 'False'
[0.801s] [34mcolcon.colcon_core.verb[0m [1;30mLevel 5[0m set package 'shoe_detector' build argument 'cmake_force_configure' from command line to 'False'
[0.801s] [34mcolcon.colcon_core.verb[0m [1;30mLevel 5[0m set package 'shoe_detector' build argument 'ament_cmake_args' from command line to 'None'
[0.801s] [34mcolcon.colcon_core.verb[0m [1;30mLevel 5[0m set package 'shoe_detector' build argument 'catkin_cmake_args' from command line to 'None'
[0.801s] [34mcolcon.colcon_core.verb[0m [1;30mLevel 5[0m set package 'shoe_detector' build argument 'catkin_skip_building_tests' from command line to 'False'
[0.801s] [34mcolcon.colcon_core.verb[0m [1;30mDEBUG[0m [32mBuilding package 'shoe_detector' with the following arguments: {'ament_cmake_args': None, 'build_base': '/home/arms/turtlebot3_ws/build/shoe_detector', 'catkin_cmake_args': None, 'catkin_skip_building_tests': False, 'cmake_args': None, 'cmake_clean_cache': False, 'cmake_clean_first': False, 'cmake_force_configure': False, 'cmake_target': None, 'cmake_target_skip_unavailable': False, 'install_base': '/home/arms/turtlebot3_ws/install/shoe_detector', 'merge_install': False, 'path': '/home/arms/turtlebot3_ws/src/shoe_detector', 'symlink_install': False, 'test_result_base': None}[0m
[0.808s] [34mcolcon.colcon_core.verb[0m [1;30mLevel 5[0m set package 'turtlebot3_fake_node' build argument 'cmake_args' from command line to 'None'
[0.808s] [34mcolcon.colcon_core.verb[0m [1;30mLevel 5[0m set package 'turtlebot3_fake_node' build argument 'cmake_target' from command line to 'None'
[0.808s] [34mcolcon.colcon_core.verb[0m [1;30mLevel 5[0m set package 'turtlebot3_fake_node' build argument 'cmake_target_skip_unavailable' from command line to 'False'
[0.808s] [34mcolcon.colcon_core.verb[0m [1;30mLevel 5[0m set package 'turtlebot3_fake_node' build argument 'cmake_clean_cache' from command line to 'False'
[0.808s] [34mcolcon.colcon_core.verb[0m [1;30mLevel 5[0m set package 'turtlebot3_fake_node' build argument 'cmake_clean_first' from command line to 'False'
[0.808s] [34mcolcon.colcon_core.verb[0m [1;30mLevel 5[0m set package 'turtlebot3_fake_node' build argument 'cmake_force_configure' from command line to 'False'
[0.808s] [34mcolcon.colcon_core.verb[0m [1;30mLevel 5[0m set package 'turtlebot3_fake_node' build argument 'ament_cmake_args' from command line to 'None'
[0.808s] [34mcolcon.colcon_core.verb[0m [1;30mLevel 5[0m set package 'turtlebot3_fake_node' build argument 'catkin_cmake_args' from command line to 'None'
[0.808s] [34mcolcon.colcon_core.verb[0m [1;30mLevel 5[0m set package 'turtlebot3_fake_node' build argument 'catkin_skip_building_tests' from command line to 'False'
[0.808s] [34mcolcon.colcon_core.verb[0m [1;30mDEBUG[0m [32mBuilding package 'turtlebot3_fake_node' with the following arguments: {'ament_cmake_args': None, 'build_base': '/home/arms/turtlebot3_ws/build/turtlebot3_fake_node', 'catkin_cmake_args': None, 'catkin_skip_building_tests': False, 'cmake_args': None, 'cmake_clean_cache': False, 'cmake_clean_first': False, 'cmake_force_configure': False, 'cmake_target': None, 'cmake_target_skip_unavailable': False, 'install_base': '/home/arms/turtlebot3_ws/install/turtlebot3_fake_node', 'merge_install': False, 'path': '/home/arms/turtlebot3_ws/src/turtlebot3_simulations/turtlebot3_fake_node', 'symlink_install': False, 'test_result_base': None}[0m
[0.815s] [34mcolcon.colcon_core.verb[0m [1;30mLevel 5[0m set package 'turtlebot3_gazebo' build argument 'cmake_args' from command line to 'None'
[0.815s] [34mcolcon.colcon_core.verb[0m [1;30mLevel 5[0m set package 'turtlebot3_gazebo' build argument 'cmake_target' from command line to 'None'
[0.815s] [34mcolcon.colcon_core.verb[0m [1;30mLevel 5[0m set package 'turtlebot3_gazebo' build argument 'cmake_target_skip_unavailable' from command line to 'False'
[0.815s] [34mcolcon.colcon_core.verb[0m [1;30mLevel 5[0m set package 'turtlebot3_gazebo' build argument 'cmake_clean_cache' from command line to 'False'
[0.815s] [34mcolcon.colcon_core.verb[0m [1;30mLevel 5[0m set package 'turtlebot3_gazebo' build argument 'cmake_clean_first' from command line to 'False'
[0.815s] [34mcolcon.colcon_core.verb[0m [1;30mLevel 5[0m set package 'turtlebot3_gazebo' build argument 'cmake_force_configure' from command line to 'False'
[0.815s] [34mcolcon.colcon_core.verb[0m [1;30mLevel 5[0m set package 'turtlebot3_gazebo' build argument 'ament_cmake_args' from command line to 'None'
[0.815s] [34mcolcon.colcon_core.verb[0m [1;30mLevel 5[0m set package 'turtlebot3_gazebo' build argument 'catkin_cmake_args' from command line to 'None'
[0.815s] [34mcolcon.colcon_core.verb[0m [1;30mLevel 5[0m set package 'turtlebot3_gazebo' build argument 'catkin_skip_building_tests' from command line to 'False'
[0.815s] [34mcolcon.colcon_core.verb[0m [1;30mDEBUG[0m [32mBuilding package 'turtlebot3_gazebo' with the following arguments: {'ament_cmake_args': None, 'build_base': '/home/arms/turtlebot3_ws/build/turtlebot3_gazebo', 'catkin_cmake_args': None, 'catkin_skip_building_tests': False, 'cmake_args': None, 'cmake_clean_cache': False, 'cmake_clean_first': False, 'cmake_force_configure': False, 'cmake_target': None, 'cmake_target_skip_unavailable': False, 'install_base': '/home/arms/turtlebot3_ws/install/turtlebot3_gazebo', 'merge_install': False, 'path': '/home/arms/turtlebot3_ws/src/turtlebot3_simulations/turtlebot3_gazebo', 'symlink_install': False, 'test_result_base': None}[0m
[0.822s] [34mcolcon.colcon_core.verb[0m [1;30mLevel 5[0m set package 'turtlebot3_simulations' build argument 'cmake_args' from command line to 'None'
[0.822s] [34mcolcon.colcon_core.verb[0m [1;30mLevel 5[0m set package 'turtlebot3_simulations' build argument 'cmake_target' from command line to 'None'
[0.822s] [34mcolcon.colcon_core.verb[0m [1;30mLevel 5[0m set package 'turtlebot3_simulations' build argument 'cmake_target_skip_unavailable' from command line to 'False'
[0.822s] [34mcolcon.colcon_core.verb[0m [1;30mLevel 5[0m set package 'turtlebot3_simulations' build argument 'cmake_clean_cache' from command line to 'False'
[0.822s] [34mcolcon.colcon_core.verb[0m [1;30mLevel 5[0m set package 'turtlebot3_simulations' build argument 'cmake_clean_first' from command line to 'False'
[0.822s] [34mcolcon.colcon_core.verb[0m [1;30mLevel 5[0m set package 'turtlebot3_simulations' build argument 'cmake_force_configure' from command line to 'False'
[0.822s] [34mcolcon.colcon_core.verb[0m [1;30mLevel 5[0m set package 'turtlebot3_simulations' build argument 'ament_cmake_args' from command line to 'None'
[0.822s] [34mcolcon.colcon_core.verb[0m [1;30mLevel 5[0m set package 'turtlebot3_simulations' build argument 'catkin_cmake_args' from command line to 'None'
[0.822s] [34mcolcon.colcon_core.verb[0m [1;30mLevel 5[0m set package 'turtlebot3_simulations' build argument 'catkin_skip_building_tests' from command line to 'False'
[0.822s] [34mcolcon.colcon_core.verb[0m [1;30mDEBUG[0m [32mBuilding package 'turtlebot3_simulations' with the following arguments: {'ament_cmake_args': None, 'build_base': '/home/arms/turtlebot3_ws/build/turtlebot3_simulations', 'catkin_cmake_args': None, 'catkin_skip_building_tests': False, 'cmake_args': None, 'cmake_clean_cache': False, 'cmake_clean_first': False, 'cmake_force_configure': False, 'cmake_target': None, 'cmake_target_skip_unavailable': False, 'install_base': '/home/arms/turtlebot3_ws/install/turtlebot3_simulations', 'merge_install': False, 'path': '/home/arms/turtlebot3_ws/src/turtlebot3_simulations/turtlebot3_simulations', 'symlink_install': False, 'test_result_base': None}[0m
[0.829s] [34mcolcon.colcon_core.executor[0m [1;30mINFO[0m Executing jobs using 'parallel' executor
[0.837s] [34mcolcon.colcon_parallel_executor.executor.parallel[0m [1;30mDEBUG[0m [32mrun_until_complete[0m
[0.837s] [34mcolcon.colcon_ros.task.ament_cmake.build[0m [1;30mINFO[0m Building ROS package in '/home/arms/turtlebot3_ws/src/turtlebot3_simulations/turtlebot3_fake_node' with build type 'ament_cmake'
[0.837s] [34mcolcon.colcon_cmake.task.cmake.build[0m [1;30mINFO[0m Building CMake package in '/home/arms/turtlebot3_ws/src/turtlebot3_simulations/turtlebot3_fake_node'
[0.846s] [34mcolcon.colcon_core.plugin_system[0m [1;30mINFO[0m Skipping extension 'colcon_core.shell.bat': Not used on non-Windows systems
[0.846s] [34mcolcon.colcon_core.shell[0m [1;30mINFO[0m Skip shell extension 'powershell' for command environment: Not usable outside of PowerShell
[0.846s] [34mcolcon.colcon_core.shell[0m [1;30mDEBUG[0m [32mSkip shell extension 'dsv' for command environment[0m
[0.862s] [34mcolcon.colcon_ros.task.ament_cmake.build[0m [1;30mINFO[0m Building ROS package in '/home/arms/turtlebot3_ws/src/turtlebot3_simulations/turtlebot3_gazebo' with build type 'ament_cmake'
[0.862s] [34mcolcon.colcon_cmake.task.cmake.build[0m [1;30mINFO[0m Building CMake package in '/home/arms/turtlebot3_ws/src/turtlebot3_simulations/turtlebot3_gazebo'
[0.869s] [34mcolcon.colcon_core.shell[0m [1;30mINFO[0m Skip shell extension 'powershell' for command environment: Not usable outside of PowerShell
[0.869s] [34mcolcon.colcon_core.shell[0m [1;30mDEBUG[0m [32mSkip shell extension 'dsv' for command environment[0m
[0.885s] [34mcolcon.colcon_ros.task.ament_cmake.build[0m [1;30mINFO[0m Building ROS package in '/home/arms/turtlebot3_ws/src/m-explore-ros2/explore' with build type 'ament_cmake'
[0.885s] [34mcolcon.colcon_cmake.task.cmake.build[0m [1;30mINFO[0m Building CMake package in '/home/arms/turtlebot3_ws/src/m-explore-ros2/explore'
[0.892s] [34mcolcon.colcon_core.shell[0m [1;30mINFO[0m Skip shell extension 'powershell' for command environment: Not usable outside of PowerShell
[0.892s] [34mcolcon.colcon_core.shell[0m [1;30mDEBUG[0m [32mSkip shell extension 'dsv' for command environment[0m
[0.907s] [34mcolcon.colcon_ros.task.ament_cmake.build[0m [1;30mINFO[0m Building ROS package in '/home/arms/turtlebot3_ws/src/m-explore-ros2/map_merge' with build type 'ament_cmake'
[0.908s] [34mcolcon.colcon_cmake.task.cmake.build[0m [1;30mINFO[0m Building CMake package in '/home/arms/turtlebot3_ws/src/m-explore-ros2/map_merge'
[0.915s] [34mcolcon.colcon_core.shell[0m [1;30mINFO[0m Skip shell extension 'powershell' for command environment: Not usable outside of PowerShell
[0.915s] [34mcolcon.colcon_core.shell[0m [1;30mDEBUG[0m [32mSkip shell extension 'dsv' for command environment[0m
[0.930s] [34mcolcon.colcon_ros.task.ament_python.build[0m [1;30mINFO[0m Building ROS package in '/home/arms/turtlebot3_ws/src/remote_bringup' with build type 'ament_python'
[0.931s] [34mcolcon.colcon_core.shell[0m [1;30mLevel 1[0m create_environment_hook('remote_bringup', 'ament_prefix_path')
[0.938s] [34mcolcon.colcon_core.shell[0m [1;30mINFO[0m Creating environment hook '/home/arms/turtlebot3_ws/install/remote_bringup/share/remote_bringup/hook/ament_prefix_path.ps1'
[0.939s] [34mcolcon.colcon_core.shell[0m [1;30mINFO[0m Creating environment descriptor '/home/arms/turtlebot3_ws/install/remote_bringup/share/remote_bringup/hook/ament_prefix_path.dsv'
[0.939s] [34mcolcon.colcon_core.shell[0m [1;30mINFO[0m Creating environment hook '/home/arms/turtlebot3_ws/install/remote_bringup/share/remote_bringup/hook/ament_prefix_path.sh'
[0.947s] [34mcolcon.colcon_core.shell[0m [1;30mINFO[0m Skip shell extension 'powershell' for command environment: Not usable outside of PowerShell
[0.947s] [34mcolcon.colcon_core.shell[0m [1;30mDEBUG[0m [32mSkip shell extension 'dsv' for command environment[0m
[0.962s] [34mcolcon.colcon_ros.task.ament_python.build[0m [1;30mINFO[0m Building ROS package in '/home/arms/turtlebot3_ws/src/shoe_detector' with build type 'ament_python'
[0.962s] [34mcolcon.colcon_core.shell[0m [1;30mLevel 1[0m create_environment_hook('shoe_detector', 'ament_prefix_path')
[0.969s] [34mcolcon.colcon_core.shell[0m [1;30mINFO[0m Creating environment hook '/home/arms/turtlebot3_ws/install/shoe_detector/share/shoe_detector/hook/ament_prefix_path.ps1'
[0.970s] [34mcolcon.colcon_core.shell[0m [1;30mINFO[0m Creating environment descriptor '/home/arms/turtlebot3_ws/install/shoe_detector/share/shoe_detector/hook/ament_prefix_path.dsv'
[0.970s] [34mcolcon.colcon_core.shell[0m [1;30mINFO[0m Creating environment hook '/home/arms/turtlebot3_ws/install/shoe_detector/share/shoe_detector/hook/ament_prefix_path.sh'
[0.977s] [34mcolcon.colcon_core.shell[0m [1;30mINFO[0m Skip shell extension 'powershell' for command environment: Not usable outside of PowerShell
[0.977s] [34mcolcon.colcon_core.shell[0m [1;30mDEBUG[0m [32mSkip shell extension 'dsv' for command environment[0m
[0.995s] [34mcolcon.colcon_core.event_handler.log_command[0m [1;30mDEBUG[0m [32mInvoking command in '/home/arms/turtlebot3_ws/build/turtlebot3_fake_node': CMAKE_PREFIX_PATH=/opt/ros/humble /usr/bin/cmake --build /home/arms/turtlebot3_ws/build/turtlebot3_fake_node -- -j20 -l20[0m
[0.997s] [34mcolcon.colcon_core.event_handler.log_command[0m [1;30mDEBUG[0m [32mInvoking command in '/home/arms/turtlebot3_ws/build/turtlebot3_gazebo': CMAKE_PREFIX_PATH=/opt/ros/humble /usr/bin/cmake --build /home/arms/turtlebot3_ws/build/turtlebot3_gazebo -- -j20 -l20[0m
[1.000s] [34mcolcon.colcon_core.event_handler.log_command[0m [1;30mDEBUG[0m [32mInvoking command in '/home/arms/turtlebot3_ws/build/explore_lite': CMAKE_PREFIX_PATH=/opt/ros/humble /usr/bin/cmake --build /home/arms/turtlebot3_ws/build/explore_lite -- -j20 -l20[0m
[1.002s] [34mcolcon.colcon_core.event_handler.log_command[0m [1;30mDEBUG[0m [32mInvoking command in '/home/arms/turtlebot3_ws/build/multirobot_map_merge': CMAKE_PREFIX_PATH=/opt/ros/humble /usr/bin/cmake --build /home/arms/turtlebot3_ws/build/multirobot_map_merge -- -j20 -l20[0m
[1.141s] [34mcolcon.colcon_core.task.python.build[0m [1;30mINFO[0m Building Python package in '/home/arms/turtlebot3_ws/src/remote_bringup'
[1.148s] [34mcolcon.colcon_core.shell[0m [1;30mINFO[0m Skip shell extension 'powershell' for command environment: Not usable outside of PowerShell
[1.148s] [34mcolcon.colcon_core.shell[0m [1;30mDEBUG[0m [32mSkip shell extension 'dsv' for command environment[0m
[1.296s] [34mcolcon.colcon_core.task.python.build[0m [1;30mINFO[0m Building Python package in '/home/arms/turtlebot3_ws/src/shoe_detector'
[1.304s] [34mcolcon.colcon_core.shell[0m [1;30mINFO[0m Skip shell extension 'powershell' for command environment: Not usable outside of PowerShell
[1.304s] [34mcolcon.colcon_core.shell[0m [1;30mDEBUG[0m [32mSkip shell extension 'dsv' for command environment[0m
[1.320s] [34mcolcon.colcon_core.event_handler.log_command[0m [1;30mDEBUG[0m [32mInvoked command in '/home/arms/turtlebot3_ws/build/multirobot_map_merge' returned '0': CMAKE_PREFIX_PATH=/opt/ros/humble /usr/bin/cmake --build /home/arms/turtlebot3_ws/build/multirobot_map_merge -- -j20 -l20[0m
[1.321s] [34mcolcon.colcon_core.event_handler.log_command[0m [1;30mDEBUG[0m [32mInvoked command in '/home/arms/turtlebot3_ws/build/turtlebot3_gazebo' returned '0': CMAKE_PREFIX_PATH=/opt/ros/humble /usr/bin/cmake --build /home/arms/turtlebot3_ws/build/turtlebot3_gazebo -- -j20 -l20[0m
[1.322s] [34mcolcon.colcon_core.event_handler.log_command[0m [1;30mDEBUG[0m [32mInvoked command in '/home/arms/turtlebot3_ws/build/turtlebot3_fake_node' returned '0': CMAKE_PREFIX_PATH=/opt/ros/humble /usr/bin/cmake --build /home/arms/turtlebot3_ws/build/turtlebot3_fake_node -- -j20 -l20[0m
[1.323s] [34mcolcon.colcon_core.event_handler.log_command[0m [1;30mDEBUG[0m [32mInvoked command in '/home/arms/turtlebot3_ws/build/explore_lite' returned '0': CMAKE_PREFIX_PATH=/opt/ros/humble /usr/bin/cmake --build /home/arms/turtlebot3_ws/build/explore_lite -- -j20 -l20[0m
[1.339s] [34mcolcon.colcon_core.event_handler.log_command[0m [1;30mDEBUG[0m [32mInvoking command in '/home/arms/turtlebot3_ws/build/turtlebot3_fake_node': CMAKE_PREFIX_PATH=/opt/ros/humble /usr/bin/cmake --install /home/arms/turtlebot3_ws/build/turtlebot3_fake_node[0m
[1.340s] [34mcolcon.colcon_core.event_handler.log_command[0m [1;30mDEBUG[0m [32mInvoking command in '/home/arms/turtlebot3_ws/build/turtlebot3_gazebo': CMAKE_PREFIX_PATH=/opt/ros/humble /usr/bin/cmake --install /home/arms/turtlebot3_ws/build/turtlebot3_gazebo[0m
[1.341s] [34mcolcon.colcon_core.event_handler.log_command[0m [1;30mDEBUG[0m [32mInvoking command in '/home/arms/turtlebot3_ws/build/explore_lite': CMAKE_PREFIX_PATH=/opt/ros/humble /usr/bin/cmake --install /home/arms/turtlebot3_ws/build/explore_lite[0m
[1.342s] [34mcolcon.colcon_core.event_handler.log_command[0m [1;30mDEBUG[0m [32mInvoking command in '/home/arms/turtlebot3_ws/build/multirobot_map_merge': CMAKE_PREFIX_PATH=/opt/ros/humble /usr/bin/cmake --install /home/arms/turtlebot3_ws/build/multirobot_map_merge[0m
[1.349s] [34mcolcon.colcon_core.environment[0m [1;30mLevel 1[0m create_environment_scripts_only(explore_lite)
[1.362s] [34mcolcon.colcon_core.event_handler.log_command[0m [1;30mDEBUG[0m [32mInvoked command in '/home/arms/turtlebot3_ws/build/explore_lite' returned '0': CMAKE_PREFIX_PATH=/opt/ros/humble /usr/bin/cmake --install /home/arms/turtlebot3_ws/build/explore_lite[0m
[1.369s] [34mcolcon.colcon_core.environment[0m [1;30mLevel 1[0m checking '/home/arms/turtlebot3_ws/install/explore_lite' for CMake module files
[1.369s] [34mcolcon.colcon_core.environment[0m [1;30mLevel 1[0m checking '/home/arms/turtlebot3_ws/install/explore_lite' for CMake config files
[1.369s] [34mcolcon.colcon_core.shell[0m [1;30mLevel 1[0m create_environment_hook('explore_lite', 'cmake_prefix_path')
[1.377s] [34mcolcon.colcon_core.shell[0m [1;30mINFO[0m Creating environment hook '/home/arms/turtlebot3_ws/install/explore_lite/share/explore_lite/hook/cmake_prefix_path.ps1'
[1.378s] [34mcolcon.colcon_core.shell[0m [1;30mINFO[0m Creating environment descriptor '/home/arms/turtlebot3_ws/install/explore_lite/share/explore_lite/hook/cmake_prefix_path.dsv'
[1.378s] [34mcolcon.colcon_core.shell[0m [1;30mINFO[0m Creating environment hook '/home/arms/turtlebot3_ws/install/explore_lite/share/explore_lite/hook/cmake_prefix_path.sh'
[1.378s] [34mcolcon.colcon_core.environment[0m [1;30mLevel 1[0m checking '/home/arms/turtlebot3_ws/install/explore_lite/lib'
[1.378s] [34mcolcon.colcon_core.environment[0m [1;30mLevel 1[0m checking '/home/arms/turtlebot3_ws/install/explore_lite/bin'
[1.378s] [34mcolcon.colcon_core.environment[0m [1;30mLevel 1[0m checking '/home/arms/turtlebot3_ws/install/explore_lite/lib/pkgconfig/explore_lite.pc'
[1.378s] [34mcolcon.colcon_core.environment[0m [1;30mLevel 1[0m checking '/home/arms/turtlebot3_ws/install/explore_lite/lib/python3.10/site-packages'
[1.378s] [34mcolcon.colcon_core.environment[0m [1;30mLevel 1[0m checking '/home/arms/turtlebot3_ws/install/explore_lite/bin'
[1.386s] [34mcolcon.colcon_core.shell[0m [1;30mINFO[0m Creating package script '/home/arms/turtlebot3_ws/install/explore_lite/share/explore_lite/package.ps1'
[1.387s] [34mcolcon.colcon_core.shell[0m [1;30mINFO[0m Creating package descriptor '/home/arms/turtlebot3_ws/install/explore_lite/share/explore_lite/package.dsv'
[1.387s] [34mcolcon.colcon_core.shell[0m [1;30mINFO[0m Creating package script '/home/arms/turtlebot3_ws/install/explore_lite/share/explore_lite/package.sh'
[1.388s] [34mcolcon.colcon_core.shell[0m [1;30mINFO[0m Creating package script '/home/arms/turtlebot3_ws/install/explore_lite/share/explore_lite/package.bash'
[1.388s] [34mcolcon.colcon_core.shell[0m [1;30mINFO[0m Creating package script '/home/arms/turtlebot3_ws/install/explore_lite/share/explore_lite/package.zsh'
[1.388s] [34mcolcon.colcon_core.environment[0m [1;30mLevel 1[0m create_file_with_runtime_dependencies(/home/arms/turtlebot3_ws/install/explore_lite/share/colcon-core/packages/explore_lite)
[1.390s] [34mcolcon.colcon_core.environment[0m [1;30mLevel 1[0m create_environment_scripts_only(multirobot_map_merge)
[1.390s] [34mcolcon.colcon_core.event_handler.log_command[0m [1;30mDEBUG[0m [32mInvoked command in '/home/arms/turtlebot3_ws/build/multirobot_map_merge' returned '0': CMAKE_PREFIX_PATH=/opt/ros/humble /usr/bin/cmake --install /home/arms/turtlebot3_ws/build/multirobot_map_merge[0m
[1.399s] [34mcolcon.colcon_core.environment[0m [1;30mLevel 1[0m checking '/home/arms/turtlebot3_ws/install/multirobot_map_merge' for CMake module files
[1.399s] [34mcolcon.colcon_core.environment[0m [1;30mLevel 1[0m checking '/home/arms/turtlebot3_ws/install/multirobot_map_merge' for CMake config files
[1.399s] [34mcolcon.colcon_core.shell[0m [1;30mLevel 1[0m create_environment_hook('multirobot_map_merge', 'cmake_prefix_path')
[1.407s] [34mcolcon.colcon_core.shell[0m [1;30mINFO[0m Creating environment hook '/home/arms/turtlebot3_ws/install/multirobot_map_merge/share/multirobot_map_merge/hook/cmake_prefix_path.ps1'
[1.408s] [34mcolcon.colcon_core.shell[0m [1;30mINFO[0m Creating environment descriptor '/home/arms/turtlebot3_ws/install/multirobot_map_merge/share/multirobot_map_merge/hook/cmake_prefix_path.dsv'
[1.408s] [34mcolcon.colcon_core.shell[0m [1;30mINFO[0m Creating environment hook '/home/arms/turtlebot3_ws/install/multirobot_map_merge/share/multirobot_map_merge/hook/cmake_prefix_path.sh'
[1.408s] [34mcolcon.colcon_core.environment[0m [1;30mLevel 1[0m checking '/home/arms/turtlebot3_ws/install/multirobot_map_merge/lib'
[1.408s] [34mcolcon.colcon_core.environment[0m [1;30mLevel 1[0m checking '/home/arms/turtlebot3_ws/install/multirobot_map_merge/bin'
[1.408s] [34mcolcon.colcon_core.environment[0m [1;30mLevel 1[0m checking '/home/arms/turtlebot3_ws/install/multirobot_map_merge/lib/pkgconfig/multirobot_map_merge.pc'
[1.408s] [34mcolcon.colcon_core.environment[0m [1;30mLevel 1[0m checking '/home/arms/turtlebot3_ws/install/multirobot_map_merge/lib/python3.10/site-packages'
[1.408s] [34mcolcon.colcon_core.environment[0m [1;30mLevel 1[0m checking '/home/arms/turtlebot3_ws/install/multirobot_map_merge/bin'
[1.416s] [34mcolcon.colcon_core.shell[0m [1;30mINFO[0m Creating package script '/home/arms/turtlebot3_ws/install/multirobot_map_merge/share/multirobot_map_merge/package.ps1'
[1.417s] [34mcolcon.colcon_core.shell[0m [1;30mINFO[0m Creating package descriptor '/home/arms/turtlebot3_ws/install/multirobot_map_merge/share/multirobot_map_merge/package.dsv'
[1.417s] [34mcolcon.colcon_core.shell[0m [1;30mINFO[0m Creating package script '/home/arms/turtlebot3_ws/install/multirobot_map_merge/share/multirobot_map_merge/package.sh'
[1.417s] [34mcolcon.colcon_core.shell[0m [1;30mINFO[0m Creating package script '/home/arms/turtlebot3_ws/install/multirobot_map_merge/share/multirobot_map_merge/package.bash'
[1.417s] [34mcolcon.colcon_core.shell[0m [1;30mINFO[0m Creating package script '/home/arms/turtlebot3_ws/install/multirobot_map_merge/share/multirobot_map_merge/package.zsh'
[1.417s] [34mcolcon.colcon_core.environment[0m [1;30mLevel 1[0m create_file_with_runtime_dependencies(/home/arms/turtlebot3_ws/install/multirobot_map_merge/share/colcon-core/packages/multirobot_map_merge)
[1.418s] [34mcolcon.colcon_core.environment[0m [1;30mLevel 1[0m create_environment_scripts_only(turtlebot3_fake_node)
[1.419s] [34mcolcon.colcon_core.event_handler.log_command[0m [1;30mDEBUG[0m [32mInvoked command in '/home/arms/turtlebot3_ws/build/turtlebot3_fake_node' returned '0': CMAKE_PREFIX_PATH=/opt/ros/humble /usr/bin/cmake --install /home/arms/turtlebot3_ws/build/turtlebot3_fake_node[0m
[1.429s] [34mcolcon.colcon_core.environment[0m [1;30mLevel 1[0m checking '/home/arms/turtlebot3_ws/install/turtlebot3_fake_node' for CMake module files
[1.429s] [34mcolcon.colcon_core.environment[0m [1;30mLevel 1[0m checking '/home/arms/turtlebot3_ws/install/turtlebot3_fake_node' for CMake config files
[1.430s] [34mcolcon.colcon_core.shell[0m [1;30mLevel 1[0m create_environment_hook('turtlebot3_fake_node', 'cmake_prefix_path')
[1.438s] [34mcolcon.colcon_core.shell[0m [1;30mINFO[0m Creating environment hook '/home/arms/turtlebot3_ws/install/turtlebot3_fake_node/share/turtlebot3_fake_node/hook/cmake_prefix_path.ps1'
[1.438s] [34mcolcon.colcon_core.shell[0m [1;30mINFO[0m Creating environment descriptor '/home/arms/turtlebot3_ws/install/turtlebot3_fake_node/share/turtlebot3_fake_node/hook/cmake_prefix_path.dsv'
[1.439s] [34mcolcon.colcon_core.shell[0m [1;30mINFO[0m Creating environment hook '/home/arms/turtlebot3_ws/install/turtlebot3_fake_node/share/turtlebot3_fake_node/hook/cmake_prefix_path.sh'
[1.439s] [34mcolcon.colcon_core.environment[0m [1;30mLevel 1[0m checking '/home/arms/turtlebot3_ws/install/turtlebot3_fake_node/lib'
[1.439s] [34mcolcon.colcon_core.environment[0m [1;30mLevel 1[0m checking '/home/arms/turtlebot3_ws/install/turtlebot3_fake_node/bin'
[1.439s] [34mcolcon.colcon_core.environment[0m [1;30mLevel 1[0m checking '/home/arms/turtlebot3_ws/install/turtlebot3_fake_node/lib/pkgconfig/turtlebot3_fake_node.pc'
[1.439s] [34mcolcon.colcon_core.environment[0m [1;30mLevel 1[0m checking '/home/arms/turtlebot3_ws/install/turtlebot3_fake_node/lib/python3.10/site-packages'
[1.439s] [34mcolcon.colcon_core.environment[0m [1;30mLevel 1[0m checking '/home/arms/turtlebot3_ws/install/turtlebot3_fake_node/bin'
[1.447s] [34mcolcon.colcon_core.shell[0m [1;30mINFO[0m Creating package script '/home/arms/turtlebot3_ws/install/turtlebot3_fake_node/share/turtlebot3_fake_node/package.ps1'
[1.447s] [34mcolcon.colcon_core.shell[0m [1;30mINFO[0m Creating package descriptor '/home/arms/turtlebot3_ws/install/turtlebot3_fake_node/share/turtlebot3_fake_node/package.dsv'
[1.448s] [34mcolcon.colcon_core.shell[0m [1;30mINFO[0m Creating package script '/home/arms/turtlebot3_ws/install/turtlebot3_fake_node/share/turtlebot3_fake_node/package.sh'
[1.448s] [34mcolcon.colcon_core.shell[0m [1;30mINFO[0m Creating package script '/home/arms/turtlebot3_ws/install/turtlebot3_fake_node/share/turtlebot3_fake_node/package.bash'
[1.448s] [34mcolcon.colcon_core.shell[0m [1;30mINFO[0m Creating package script '/home/arms/turtlebot3_ws/install/turtlebot3_fake_node/share/turtlebot3_fake_node/package.zsh'
[1.448s] [34mcolcon.colcon_core.environment[0m [1;30mLevel 1[0m create_file_with_runtime_dependencies(/home/arms/turtlebot3_ws/install/turtlebot3_fake_node/share/colcon-core/packages/turtlebot3_fake_node)
[1.449s] [34mcolcon.colcon_core.environment[0m [1;30mLevel 1[0m create_environment_scripts_only(turtlebot3_gazebo)
[1.450s] [34mcolcon.colcon_core.event_handler.log_command[0m [1;30mDEBUG[0m [32mInvoked command in '/home/arms/turtlebot3_ws/build/turtlebot3_gazebo' returned '0': CMAKE_PREFIX_PATH=/opt/ros/humble /usr/bin/cmake --install /home/arms/turtlebot3_ws/build/turtlebot3_gazebo[0m
[1.457s] [34mcolcon.colcon_core.environment[0m [1;30mLevel 1[0m checking '/home/arms/turtlebot3_ws/install/turtlebot3_gazebo' for CMake module files
[1.458s] [34mcolcon.colcon_core.environment[0m [1;30mLevel 1[0m checking '/home/arms/turtlebot3_ws/install/turtlebot3_gazebo' for CMake config files
[1.458s] [34mcolcon.colcon_core.shell[0m [1;30mLevel 1[0m create_environment_hook('turtlebot3_gazebo', 'cmake_prefix_path')
[1.473s] [34mcolcon.colcon_core.shell[0m [1;30mINFO[0m Creating environment hook '/home/arms/turtlebot3_ws/install/turtlebot3_gazebo/share/turtlebot3_gazebo/hook/cmake_prefix_path.ps1'
[1.473s] [34mcolcon.colcon_core.shell[0m [1;30mINFO[0m Creating environment descriptor '/home/arms/turtlebot3_ws/install/turtlebot3_gazebo/share/turtlebot3_gazebo/hook/cmake_prefix_path.dsv'
[1.473s] [34mcolcon.colcon_core.shell[0m [1;30mINFO[0m Creating environment hook '/home/arms/turtlebot3_ws/install/turtlebot3_gazebo/share/turtlebot3_gazebo/hook/cmake_prefix_path.sh'
[1.474s] [34mcolcon.colcon_core.environment[0m [1;30mLevel 1[0m checking '/home/arms/turtlebot3_ws/install/turtlebot3_gazebo/lib'
[1.474s] [34mcolcon.colcon_core.environment[0m [1;30mLevel 1[0m checking '/home/arms/turtlebot3_ws/install/turtlebot3_gazebo/bin'
[1.474s] [34mcolcon.colcon_core.environment[0m [1;30mLevel 1[0m checking '/home/arms/turtlebot3_ws/install/turtlebot3_gazebo/lib/pkgconfig/turtlebot3_gazebo.pc'
[1.474s] [34mcolcon.colcon_core.environment[0m [1;30mLevel 1[0m checking '/home/arms/turtlebot3_ws/install/turtlebot3_gazebo/lib/python3.10/site-packages'
[1.474s] [34mcolcon.colcon_core.environment[0m [1;30mLevel 1[0m checking '/home/arms/turtlebot3_ws/install/turtlebot3_gazebo/bin'
[1.482s] [34mcolcon.colcon_core.shell[0m [1;30mINFO[0m Creating package script '/home/arms/turtlebot3_ws/install/turtlebot3_gazebo/share/turtlebot3_gazebo/package.ps1'
[1.482s] [34mcolcon.colcon_core.shell[0m [1;30mINFO[0m Creating package descriptor '/home/arms/turtlebot3_ws/install/turtlebot3_gazebo/share/turtlebot3_gazebo/package.dsv'
[1.482s] [34mcolcon.colcon_core.shell[0m [1;30mINFO[0m Creating package script '/home/arms/turtlebot3_ws/install/turtlebot3_gazebo/share/turtlebot3_gazebo/package.sh'
[1.483s] [34mcolcon.colcon_core.shell[0m [1;30mINFO[0m Creating package script '/home/arms/turtlebot3_ws/install/turtlebot3_gazebo/share/turtlebot3_gazebo/package.bash'
[1.483s] [34mcolcon.colcon_core.shell[0m [1;30mINFO[0m Creating package script '/home/arms/turtlebot3_ws/install/turtlebot3_gazebo/share/turtlebot3_gazebo/package.zsh'
[1.483s] [34mcolcon.colcon_core.environment[0m [1;30mLevel 1[0m create_file_with_runtime_dependencies(/home/arms/turtlebot3_ws/install/turtlebot3_gazebo/share/colcon-core/packages/turtlebot3_gazebo)
[1.492s] [34mcolcon.colcon_core.environment[0m [1;30mLevel 1[0m create_environment_scripts_only(explore_lite)
[1.501s] [34mcolcon.colcon_core.environment[0m [1;30mLevel 1[0m checking '/home/arms/turtlebot3_ws/install/explore_lite' for CMake module files
[1.501s] [34mcolcon.colcon_core.environment[0m [1;30mLevel 1[0m checking '/home/arms/turtlebot3_ws/install/explore_lite' for CMake config files
[1.501s] [34mcolcon.colcon_core.shell[0m [1;30mLevel 1[0m create_environment_hook('explore_lite', 'cmake_prefix_path')
[1.509s] [34mcolcon.colcon_core.shell[0m [1;30mINFO[0m Creating environment hook '/home/arms/turtlebot3_ws/install/explore_lite/share/explore_lite/hook/cmake_prefix_path.ps1'
[1.509s] [34mcolcon.colcon_core.shell[0m [1;30mINFO[0m Creating environment descriptor '/home/arms/turtlebot3_ws/install/explore_lite/share/explore_lite/hook/cmake_prefix_path.dsv'
[1.510s] [34mcolcon.colcon_core.shell[0m [1;30mINFO[0m Creating environment hook '/home/arms/turtlebot3_ws/install/explore_lite/share/explore_lite/hook/cmake_prefix_path.sh'
[1.510s] [34mcolcon.colcon_core.environment[0m [1;30mLevel 1[0m checking '/home/arms/turtlebot3_ws/install/explore_lite/lib'
[1.510s] [34mcolcon.colcon_core.environment[0m [1;30mLevel 1[0m checking '/home/arms/turtlebot3_ws/install/explore_lite/bin'
[1.510s] [34mcolcon.colcon_core.environment[0m [1;30mLevel 1[0m checking '/home/arms/turtlebot3_ws/install/explore_lite/lib/pkgconfig/explore_lite.pc'
[1.510s] [34mcolcon.colcon_core.environment[0m [1;30mLevel 1[0m checking '/home/arms/turtlebot3_ws/install/explore_lite/lib/python3.10/site-packages'
[1.510s] [34mcolcon.colcon_core.environment[0m [1;30mLevel 1[0m checking '/home/arms/turtlebot3_ws/install/explore_lite/bin'
[1.518s] [34mcolcon.colcon_core.shell[0m [1;30mINFO[0m Creating package script '/home/arms/turtlebot3_ws/install/explore_lite/share/explore_lite/package.ps1'
[1.519s] [34mcolcon.colcon_core.shell[0m [1;30mINFO[0m Creating package descriptor '/home/arms/turtlebot3_ws/install/explore_lite/share/explore_lite/package.dsv'
[1.519s] [34mcolcon.colcon_core.shell[0m [1;30mINFO[0m Creating package script '/home/arms/turtlebot3_ws/install/explore_lite/share/explore_lite/package.sh'
[1.519s] [34mcolcon.colcon_core.shell[0m [1;30mINFO[0m Creating package script '/home/arms/turtlebot3_ws/install/explore_lite/share/explore_lite/package.bash'
[1.519s] [34mcolcon.colcon_core.shell[0m [1;30mINFO[0m Creating package script '/home/arms/turtlebot3_ws/install/explore_lite/share/explore_lite/package.zsh'
[1.519s] [34mcolcon.colcon_core.environment[0m [1;30mLevel 1[0m create_file_with_runtime_dependencies(/home/arms/turtlebot3_ws/install/explore_lite/share/colcon-core/packages/explore_lite)
[1.528s] [34mcolcon.colcon_core.environment[0m [1;30mLevel 1[0m create_environment_scripts_only(multirobot_map_merge)
[1.536s] [34mcolcon.colcon_core.environment[0m [1;30mLevel 1[0m checking '/home/arms/turtlebot3_ws/install/multirobot_map_merge' for CMake module files
[1.536s] [34mcolcon.colcon_core.environment[0m [1;30mLevel 1[0m checking '/home/arms/turtlebot3_ws/install/multirobot_map_merge' for CMake config files
[1.536s] [34mcolcon.colcon_core.shell[0m [1;30mLevel 1[0m create_environment_hook('multirobot_map_merge', 'cmake_prefix_path')
[1.544s] [34mcolcon.colcon_core.shell[0m [1;30mINFO[0m Creating environment hook '/home/arms/turtlebot3_ws/install/multirobot_map_merge/share/multirobot_map_merge/hook/cmake_prefix_path.ps1'
[1.544s] [34mcolcon.colcon_core.shell[0m [1;30mINFO[0m Creating environment descriptor '/home/arms/turtlebot3_ws/install/multirobot_map_merge/share/multirobot_map_merge/hook/cmake_prefix_path.dsv'
[1.544s] [34mcolcon.colcon_core.shell[0m [1;30mINFO[0m Creating environment hook '/home/arms/turtlebot3_ws/install/multirobot_map_merge/share/multirobot_map_merge/hook/cmake_prefix_path.sh'
[1.545s] [34mcolcon.colcon_core.environment[0m [1;30mLevel 1[0m checking '/home/arms/turtlebot3_ws/install/multirobot_map_merge/lib'
[1.545s] [34mcolcon.colcon_core.environment[0m [1;30mLevel 1[0m checking '/home/arms/turtlebot3_ws/install/multirobot_map_merge/bin'
[1.545s] [34mcolcon.colcon_core.environment[0m [1;30mLevel 1[0m checking '/home/arms/turtlebot3_ws/install/multirobot_map_merge/lib/pkgconfig/multirobot_map_merge.pc'
[1.545s] [34mcolcon.colcon_core.environment[0m [1;30mLevel 1[0m checking '/home/arms/turtlebot3_ws/install/multirobot_map_merge/lib/python3.10/site-packages'
[1.545s] [34mcolcon.colcon_core.environment[0m [1;30mLevel 1[0m checking '/home/arms/turtlebot3_ws/install/multirobot_map_merge/bin'
[1.553s] [34mcolcon.colcon_core.shell[0m [1;30mINFO[0m Creating package script '/home/arms/turtlebot3_ws/install/multirobot_map_merge/share/multirobot_map_merge/package.ps1'
[1.553s] [34mcolcon.colcon_core.shell[0m [1;30mINFO[0m Creating package descriptor '/home/arms/turtlebot3_ws/install/multirobot_map_merge/share/multirobot_map_merge/package.dsv'
[1.554s] [34mcolcon.colcon_core.shell[0m [1;30mINFO[0m Creating package script '/home/arms/turtlebot3_ws/install/multirobot_map_merge/share/multirobot_map_merge/package.sh'
[1.554s] [34mcolcon.colcon_core.shell[0m [1;30mINFO[0m Creating package script '/home/arms/turtlebot3_ws/install/multirobot_map_merge/share/multirobot_map_merge/package.bash'
[1.554s] [34mcolcon.colcon_core.shell[0m [1;30mINFO[0m Creating package script '/home/arms/turtlebot3_ws/install/multirobot_map_merge/share/multirobot_map_merge/package.zsh'
[1.554s] [34mcolcon.colcon_core.environment[0m [1;30mLevel 1[0m create_file_with_runtime_dependencies(/home/arms/turtlebot3_ws/install/multirobot_map_merge/share/colcon-core/packages/multirobot_map_merge)
[1.563s] [34mcolcon.colcon_core.environment[0m [1;30mLevel 1[0m create_environment_scripts_only(turtlebot3_fake_node)
[1.571s] [34mcolcon.colcon_core.environment[0m [1;30mLevel 1[0m checking '/home/arms/turtlebot3_ws/install/turtlebot3_fake_node' for CMake module files
[1.571s] [34mcolcon.colcon_core.environment[0m [1;30mLevel 1[0m checking '/home/arms/turtlebot3_ws/install/turtlebot3_fake_node' for CMake config files
[1.572s] [34mcolcon.colcon_core.shell[0m [1;30mLevel 1[0m create_environment_hook('turtlebot3_fake_node', 'cmake_prefix_path')
[1.579s] [34mcolcon.colcon_core.shell[0m [1;30mINFO[0m Creating environment hook '/home/arms/turtlebot3_ws/install/turtlebot3_fake_node/share/turtlebot3_fake_node/hook/cmake_prefix_path.ps1'
[1.580s] [34mcolcon.colcon_core.shell[0m [1;30mINFO[0m Creating environment descriptor '/home/arms/turtlebot3_ws/install/turtlebot3_fake_node/share/turtlebot3_fake_node/hook/cmake_prefix_path.dsv'
[1.580s] [34mcolcon.colcon_core.shell[0m [1;30mINFO[0m Creating environment hook '/home/arms/turtlebot3_ws/install/turtlebot3_fake_node/share/turtlebot3_fake_node/hook/cmake_prefix_path.sh'
[1.580s] [34mcolcon.colcon_core.environment[0m [1;30mLevel 1[0m checking '/home/arms/turtlebot3_ws/install/turtlebot3_fake_node/lib'
[1.580s] [34mcolcon.colcon_core.environment[0m [1;30mLevel 1[0m checking '/home/arms/turtlebot3_ws/install/turtlebot3_fake_node/bin'
[1.580s] [34mcolcon.colcon_core.environment[0m [1;30mLevel 1[0m checking '/home/arms/turtlebot3_ws/install/turtlebot3_fake_node/lib/pkgconfig/turtlebot3_fake_node.pc'
[1.580s] [34mcolcon.colcon_core.environment[0m [1;30mLevel 1[0m checking '/home/arms/turtlebot3_ws/install/turtlebot3_fake_node/lib/python3.10/site-packages'
[1.580s] [34mcolcon.colcon_core.environment[0m [1;30mLevel 1[0m checking '/home/arms/turtlebot3_ws/install/turtlebot3_fake_node/bin'
[1.588s] [34mcolcon.colcon_core.shell[0m [1;30mINFO[0m Creating package script '/home/arms/turtlebot3_ws/install/turtlebot3_fake_node/share/turtlebot3_fake_node/package.ps1'
[1.588s] [34mcolcon.colcon_core.shell[0m [1;30mINFO[0m Creating package descriptor '/home/arms/turtlebot3_ws/install/turtlebot3_fake_node/share/turtlebot3_fake_node/package.dsv'
[1.588s] [34mcolcon.colcon_core.shell[0m [1;30mINFO[0m Creating package script '/home/arms/turtlebot3_ws/install/turtlebot3_fake_node/share/turtlebot3_fake_node/package.sh'
[1.588s] [34mcolcon.colcon_core.shell[0m [1;30mINFO[0m Creating package script '/home/arms/turtlebot3_ws/install/turtlebot3_fake_node/share/turtlebot3_fake_node/package.bash'
[1.589s] [34mcolcon.colcon_core.shell[0m [1;30mINFO[0m Creating package script '/home/arms/turtlebot3_ws/install/turtlebot3_fake_node/share/turtlebot3_fake_node/package.zsh'
[1.589s] [34mcolcon.colcon_core.environment[0m [1;30mLevel 1[0m create_file_with_runtime_dependencies(/home/arms/turtlebot3_ws/install/turtlebot3_fake_node/share/colcon-core/packages/turtlebot3_fake_node)
[1.597s] [34mcolcon.colcon_core.environment[0m [1;30mLevel 1[0m create_environment_scripts_only(turtlebot3_gazebo)
[1.604s] [34mcolcon.colcon_core.environment[0m [1;30mLevel 1[0m checking '/home/arms/turtlebot3_ws/install/turtlebot3_gazebo' for CMake module files
[1.604s] [34mcolcon.colcon_core.environment[0m [1;30mLevel 1[0m checking '/home/arms/turtlebot3_ws/install/turtlebot3_gazebo' for CMake config files
[1.604s] [34mcolcon.colcon_core.shell[0m [1;30mLevel 1[0m create_environment_hook('turtlebot3_gazebo', 'cmake_prefix_path')
[1.611s] [34mcolcon.colcon_core.shell[0m [1;30mINFO[0m Creating environment hook '/home/arms/turtlebot3_ws/install/turtlebot3_gazebo/share/turtlebot3_gazebo/hook/cmake_prefix_path.ps1'
[1.611s] [34mcolcon.colcon_core.shell[0m [1;30mINFO[0m Creating environment descriptor '/home/arms/turtlebot3_ws/install/turtlebot3_gazebo/share/turtlebot3_gazebo/hook/cmake_prefix_path.dsv'
[1.612s] [34mcolcon.colcon_core.shell[0m [1;30mINFO[0m Creating environment hook '/home/arms/turtlebot3_ws/install/turtlebot3_gazebo/share/turtlebot3_gazebo/hook/cmake_prefix_path.sh'
[1.612s] [34mcolcon.colcon_core.environment[0m [1;30mLevel 1[0m checking '/home/arms/turtlebot3_ws/install/turtlebot3_gazebo/lib'
[1.612s] [34mcolcon.colcon_core.environment[0m [1;30mLevel 1[0m checking '/home/arms/turtlebot3_ws/install/turtlebot3_gazebo/bin'
[1.612s] [34mcolcon.colcon_core.environment[0m [1;30mLevel 1[0m checking '/home/arms/turtlebot3_ws/install/turtlebot3_gazebo/lib/pkgconfig/turtlebot3_gazebo.pc'
[1.612s] [34mcolcon.colcon_core.environment[0m [1;30mLevel 1[0m checking '/home/arms/turtlebot3_ws/install/turtlebot3_gazebo/lib/python3.10/site-packages'
[1.612s] [34mcolcon.colcon_core.environment[0m [1;30mLevel 1[0m checking '/home/arms/turtlebot3_ws/install/turtlebot3_gazebo/bin'
[1.619s] [34mcolcon.colcon_core.shell[0m [1;30mINFO[0m Creating package script '/home/arms/turtlebot3_ws/install/turtlebot3_gazebo/share/turtlebot3_gazebo/package.ps1'
[1.619s] [34mcolcon.colcon_core.shell[0m [1;30mINFO[0m Creating package descriptor '/home/arms/turtlebot3_ws/install/turtlebot3_gazebo/share/turtlebot3_gazebo/package.dsv'
[1.620s] [34mcolcon.colcon_core.shell[0m [1;30mINFO[0m Creating package script '/home/arms/turtlebot3_ws/install/turtlebot3_gazebo/share/turtlebot3_gazebo/package.sh'
[1.620s] [34mcolcon.colcon_core.shell[0m [1;30mINFO[0m Creating package script '/home/arms/turtlebot3_ws/install/turtlebot3_gazebo/share/turtlebot3_gazebo/package.bash'
[1.620s] [34mcolcon.colcon_core.shell[0m [1;30mINFO[0m Creating package script '/home/arms/turtlebot3_ws/install/turtlebot3_gazebo/share/turtlebot3_gazebo/package.zsh'
[1.620s] [34mcolcon.colcon_core.environment[0m [1;30mLevel 1[0m create_file_with_runtime_dependencies(/home/arms/turtlebot3_ws/install/turtlebot3_gazebo/share/colcon-core/packages/turtlebot3_gazebo)
[1.620s] [34mcolcon.colcon_ros.task.ament_cmake.build[0m [1;30mINFO[0m Building ROS package in '/home/arms/turtlebot3_ws/src/turtlebot3_simulations/turtlebot3_simulations' with build type 'ament_cmake'
[1.620s] [34mcolcon.colcon_cmake.task.cmake.build[0m [1;30mINFO[0m Building CMake package in '/home/arms/turtlebot3_ws/src/turtlebot3_simulations/turtlebot3_simulations'
[1.628s] [34mcolcon.colcon_core.shell[0m [1;30mINFO[0m Skip shell extension 'powershell' for command environment: Not usable outside of PowerShell
[1.628s] [34mcolcon.colcon_core.shell[0m [1;30mDEBUG[0m [32mSkip shell extension 'dsv' for command environment[0m
[1.647s] [34mcolcon.colcon_core.event_handler.log_command[0m [1;30mDEBUG[0m [32mInvoking command in '/home/arms/turtlebot3_ws/src/remote_bringup': PYTHONPATH=/home/arms/turtlebot3_ws/build/remote_bringup/prefix_override:/home/arms/turtlebot3_ws/install/remote_bringup/lib/python3.10/site-packages:${PYTHONPATH} /usr/bin/python3 setup.py egg_info --egg-base ../../build/remote_bringup build --build-base /home/arms/turtlebot3_ws/build/remote_bringup/build install --record /home/arms/turtlebot3_ws/build/remote_bringup/install.log --single-version-externally-managed[0m
[1.647s] [34mcolcon.colcon_core.event_handler.log_command[0m [1;30mDEBUG[0m [32mInvoking command in '/home/arms/turtlebot3_ws/src/shoe_detector': PYTHONPATH=/home/arms/turtlebot3_ws/build/shoe_detector/prefix_override:/home/arms/turtlebot3_ws/install/shoe_detector/lib/python3.10/site-packages:${PYTHONPATH} /usr/bin/python3 setup.py egg_info --egg-base ../../build/shoe_detector build --build-base /home/arms/turtlebot3_ws/build/shoe_detector/build install --record /home/arms/turtlebot3_ws/build/shoe_detector/install.log --single-version-externally-managed[0m
[1.648s] [34mcolcon.colcon_core.event_handler.log_command[0m [1;30mDEBUG[0m [32mInvoking command in '/home/arms/turtlebot3_ws/build/turtlebot3_simulations': AMENT_PREFIX_PATH=/home/arms/turtlebot3_ws/install/turtlebot3_gazebo:/home/arms/turtlebot3_ws/install/turtlebot3_fake_node:${AMENT_PREFIX_PATH} CMAKE_PREFIX_PATH=/home/arms/turtlebot3_ws/install/turtlebot3_gazebo:/home/arms/turtlebot3_ws/install/turtlebot3_fake_node:/opt/ros/humble /usr/bin/cmake --build /home/arms/turtlebot3_ws/build/turtlebot3_simulations -- -j20 -l20[0m
[1.670s] [34mcolcon.colcon_core.event_handler.log_command[0m [1;30mDEBUG[0m [32mInvoked command in '/home/arms/turtlebot3_ws/build/turtlebot3_simulations' returned '0': AMENT_PREFIX_PATH=/home/arms/turtlebot3_ws/install/turtlebot3_gazebo:/home/arms/turtlebot3_ws/install/turtlebot3_fake_node:${AMENT_PREFIX_PATH} CMAKE_PREFIX_PATH=/home/arms/turtlebot3_ws/install/turtlebot3_gazebo:/home/arms/turtlebot3_ws/install/turtlebot3_fake_node:/opt/ros/humble /usr/bin/cmake --build /home/arms/turtlebot3_ws/build/turtlebot3_simulations -- -j20 -l20[0m
[1.681s] [34mcolcon.colcon_core.event_handler.log_command[0m [1;30mDEBUG[0m [32mInvoking command in '/home/arms/turtlebot3_ws/build/turtlebot3_simulations': AMENT_PREFIX_PATH=/home/arms/turtlebot3_ws/install/turtlebot3_gazebo:/home/arms/turtlebot3_ws/install/turtlebot3_fake_node:${AMENT_PREFIX_PATH} CMAKE_PREFIX_PATH=/home/arms/turtlebot3_ws/install/turtlebot3_gazebo:/home/arms/turtlebot3_ws/install/turtlebot3_fake_node:/opt/ros/humble /usr/bin/cmake --install /home/arms/turtlebot3_ws/build/turtlebot3_simulations[0m
[1.694s] [34mcolcon.colcon_core.environment[0m [1;30mLevel 1[0m create_environment_scripts_only(turtlebot3_simulations)
[1.695s] [34mcolcon.colcon_core.event_handler.log_command[0m [1;30mDEBUG[0m [32mInvoked command in '/home/arms/turtlebot3_ws/build/turtlebot3_simulations' returned '0': AMENT_PREFIX_PATH=/home/arms/turtlebot3_ws/install/turtlebot3_gazebo:/home/arms/turtlebot3_ws/install/turtlebot3_fake_node:${AMENT_PREFIX_PATH} CMAKE_PREFIX_PATH=/home/arms/turtlebot3_ws/install/turtlebot3_gazebo:/home/arms/turtlebot3_ws/install/turtlebot3_fake_node:/opt/ros/humble /usr/bin/cmake --install /home/arms/turtlebot3_ws/build/turtlebot3_simulations[0m
[1.703s] [34mcolcon.colcon_core.environment[0m [1;30mLevel 1[0m checking '/home/arms/turtlebot3_ws/install/turtlebot3_simulations' for CMake module files
[1.703s] [34mcolcon.colcon_core.environment[0m [1;30mLevel 1[0m checking '/home/arms/turtlebot3_ws/install/turtlebot3_simulations' for CMake config files
[1.703s] [34mcolcon.colcon_core.shell[0m [1;30mLevel 1[0m create_environment_hook('turtlebot3_simulations', 'cmake_prefix_path')
[1.712s] [34mcolcon.colcon_core.shell[0m [1;30mINFO[0m Creating environment hook '/home/arms/turtlebot3_ws/install/turtlebot3_simulations/share/turtlebot3_simulations/hook/cmake_prefix_path.ps1'
[1.712s] [34mcolcon.colcon_core.shell[0m [1;30mINFO[0m Creating environment descriptor '/home/arms/turtlebot3_ws/install/turtlebot3_simulations/share/turtlebot3_simulations/hook/cmake_prefix_path.dsv'
[1.712s] [34mcolcon.colcon_core.shell[0m [1;30mINFO[0m Creating environment hook '/home/arms/turtlebot3_ws/install/turtlebot3_simulations/share/turtlebot3_simulations/hook/cmake_prefix_path.sh'
[1.712s] [34mcolcon.colcon_core.environment[0m [1;30mLevel 1[0m checking '/home/arms/turtlebot3_ws/install/turtlebot3_simulations/bin'
[1.713s] [34mcolcon.colcon_core.environment[0m [1;30mLevel 1[0m checking '/home/arms/turtlebot3_ws/install/turtlebot3_simulations/lib/pkgconfig/turtlebot3_simulations.pc'
[1.713s] [34mcolcon.colcon_core.environment[0m [1;30mLevel 1[0m checking '/home/arms/turtlebot3_ws/install/turtlebot3_simulations/lib/python3.10/site-packages'
[1.713s] [34mcolcon.colcon_core.environment[0m [1;30mLevel 1[0m checking '/home/arms/turtlebot3_ws/install/turtlebot3_simulations/bin'
[1.721s] [34mcolcon.colcon_core.shell[0m [1;30mINFO[0m Creating package script '/home/arms/turtlebot3_ws/install/turtlebot3_simulations/share/turtlebot3_simulations/package.ps1'
[1.722s] [34mcolcon.colcon_core.shell[0m [1;30mINFO[0m Creating package descriptor '/home/arms/turtlebot3_ws/install/turtlebot3_simulations/share/turtlebot3_simulations/package.dsv'
[1.722s] [34mcolcon.colcon_core.shell[0m [1;30mINFO[0m Creating package script '/home/arms/turtlebot3_ws/install/turtlebot3_simulations/share/turtlebot3_simulations/package.sh'
[1.722s] [34mcolcon.colcon_core.shell[0m [1;30mINFO[0m Creating package script '/home/arms/turtlebot3_ws/install/turtlebot3_simulations/share/turtlebot3_simulations/package.bash'
[1.722s] [34mcolcon.colcon_core.shell[0m [1;30mINFO[0m Creating package script '/home/arms/turtlebot3_ws/install/turtlebot3_simulations/share/turtlebot3_simulations/package.zsh'
[1.722s] [34mcolcon.colcon_core.environment[0m [1;30mLevel 1[0m create_file_with_runtime_dependencies(/home/arms/turtlebot3_ws/install/turtlebot3_simulations/share/colcon-core/packages/turtlebot3_simulations)
[1.743s] [34mcolcon.colcon_core.environment[0m [1;30mLevel 1[0m create_environment_scripts_only(turtlebot3_simulations)
[1.750s] [34mcolcon.colcon_core.environment[0m [1;30mLevel 1[0m checking '/home/arms/turtlebot3_ws/install/turtlebot3_simulations' for CMake module files
[1.751s] [34mcolcon.colcon_core.environment[0m [1;30mLevel 1[0m checking '/home/arms/turtlebot3_ws/install/turtlebot3_simulations' for CMake config files
[1.751s] [34mcolcon.colcon_core.shell[0m [1;30mLevel 1[0m create_environment_hook('turtlebot3_simulations', 'cmake_prefix_path')
[1.759s] [34mcolcon.colcon_core.shell[0m [1;30mINFO[0m Creating environment hook '/home/arms/turtlebot3_ws/install/turtlebot3_simulations/share/turtlebot3_simulations/hook/cmake_prefix_path.ps1'
[1.759s] [34mcolcon.colcon_core.shell[0m [1;30mINFO[0m Creating environment descriptor '/home/arms/turtlebot3_ws/install/turtlebot3_simulations/share/turtlebot3_simulations/hook/cmake_prefix_path.dsv'
[1.759s] [34mcolcon.colcon_core.shell[0m [1;30mINFO[0m Creating environment hook '/home/arms/turtlebot3_ws/install/turtlebot3_simulations/share/turtlebot3_simulations/hook/cmake_prefix_path.sh'
[1.759s] [34mcolcon.colcon_core.environment[0m [1;30mLevel 1[0m checking '/home/arms/turtlebot3_ws/install/turtlebot3_simulations/bin'
[1.759s] [34mcolcon.colcon_core.environment[0m [1;30mLevel 1[0m checking '/home/arms/turtlebot3_ws/install/turtlebot3_simulations/lib/pkgconfig/turtlebot3_simulations.pc'
[1.759s] [34mcolcon.colcon_core.environment[0m [1;30mLevel 1[0m checking '/home/arms/turtlebot3_ws/install/turtlebot3_simulations/lib/python3.10/site-packages'
[1.760s] [34mcolcon.colcon_core.environment[0m [1;30mLevel 1[0m checking '/home/arms/turtlebot3_ws/install/turtlebot3_simulations/bin'
[1.767s] [34mcolcon.colcon_core.shell[0m [1;30mINFO[0m Creating package script '/home/arms/turtlebot3_ws/install/turtlebot3_simulations/share/turtlebot3_simulations/package.ps1'
[1.768s] [34mcolcon.colcon_core.shell[0m [1;30mINFO[0m Creating package descriptor '/home/arms/turtlebot3_ws/install/turtlebot3_simulations/share/turtlebot3_simulations/package.dsv'
[1.768s] [34mcolcon.colcon_core.shell[0m [1;30mINFO[0m Creating package script '/home/arms/turtlebot3_ws/install/turtlebot3_simulations/share/turtlebot3_simulations/package.sh'
[1.768s] [34mcolcon.colcon_core.shell[0m [1;30mINFO[0m Creating package script '/home/arms/turtlebot3_ws/install/turtlebot3_simulations/share/turtlebot3_simulations/package.bash'
[1.768s] [34mcolcon.colcon_core.shell[0m [1;30mINFO[0m Creating package script '/home/arms/turtlebot3_ws/install/turtlebot3_simulations/share/turtlebot3_simulations/package.zsh'
[1.768s] [34mcolcon.colcon_core.environment[0m [1;30mLevel 1[0m create_file_with_runtime_dependencies(/home/arms/turtlebot3_ws/install/turtlebot3_simulations/share/colcon-core/packages/turtlebot3_simulations)
[1.802s] [34mcolcon.colcon_core.event_handler.log_command[0m [1;30mDEBUG[0m [32mInvoked command in '/home/arms/turtlebot3_ws/src/shoe_detector' returned '0': PYTHONPATH=/home/arms/turtlebot3_ws/build/shoe_detector/prefix_override:/home/arms/turtlebot3_ws/install/shoe_detector/lib/python3.10/site-packages:${PYTHONPATH} /usr/bin/python3 setup.py egg_info --egg-base ../../build/shoe_detector build --build-base /home/arms/turtlebot3_ws/build/shoe_detector/build install --record /home/arms/turtlebot3_ws/build/shoe_detector/install.log --single-version-externally-managed[0m
[1.810s] [34mcolcon.colcon_core.environment[0m [1;30mLevel 1[0m checking '/home/arms/turtlebot3_ws/install/shoe_detector' for CMake module files
[1.810s] [34mcolcon.colcon_core.environment[0m [1;30mLevel 1[0m checking '/home/arms/turtlebot3_ws/install/shoe_detector' for CMake config files
[1.811s] [34mcolcon.colcon_core.environment[0m [1;30mLevel 1[0m checking '/home/arms/turtlebot3_ws/install/shoe_detector/lib'
[1.811s] [34mcolcon.colcon_core.environment[0m [1;30mLevel 1[0m checking '/home/arms/turtlebot3_ws/install/shoe_detector/bin'
[1.811s] [34mcolcon.colcon_core.environment[0m [1;30mLevel 1[0m checking '/home/arms/turtlebot3_ws/install/shoe_detector/lib/pkgconfig/shoe_detector.pc'
[1.811s] [34mcolcon.colcon_core.environment[0m [1;30mLevel 1[0m checking '/home/arms/turtlebot3_ws/install/shoe_detector/lib/python3.10/site-packages'
[1.811s] [34mcolcon.colcon_core.shell[0m [1;30mLevel 1[0m create_environment_hook('shoe_detector', 'pythonpath')
[1.819s] [34mcolcon.colcon_core.shell[0m [1;30mINFO[0m Creating environment hook '/home/arms/turtlebot3_ws/install/shoe_detector/share/shoe_detector/hook/pythonpath.ps1'
[1.819s] [34mcolcon.colcon_core.shell[0m [1;30mINFO[0m Creating environment descriptor '/home/arms/turtlebot3_ws/install/shoe_detector/share/shoe_detector/hook/pythonpath.dsv'
[1.819s] [34mcolcon.colcon_core.shell[0m [1;30mINFO[0m Creating environment hook '/home/arms/turtlebot3_ws/install/shoe_detector/share/shoe_detector/hook/pythonpath.sh'
[1.819s] [34mcolcon.colcon_core.environment[0m [1;30mLevel 1[0m checking '/home/arms/turtlebot3_ws/install/shoe_detector/bin'
[1.819s] [34mcolcon.colcon_core.environment[0m [1;30mLevel 1[0m create_environment_scripts_only(shoe_detector)
[1.826s] [34mcolcon.colcon_core.shell[0m [1;30mINFO[0m Creating package script '/home/arms/turtlebot3_ws/install/shoe_detector/share/shoe_detector/package.ps1'
[1.827s] [34mcolcon.colcon_core.shell[0m [1;30mINFO[0m Creating package descriptor '/home/arms/turtlebot3_ws/install/shoe_detector/share/shoe_detector/package.dsv'
[1.827s] [34mcolcon.colcon_core.shell[0m [1;30mINFO[0m Creating package script '/home/arms/turtlebot3_ws/install/shoe_detector/share/shoe_detector/package.sh'
[1.827s] [34mcolcon.colcon_core.shell[0m [1;30mINFO[0m Creating package script '/home/arms/turtlebot3_ws/install/shoe_detector/share/shoe_detector/package.bash'
[1.827s] [34mcolcon.colcon_core.shell[0m [1;30mINFO[0m Creating package script '/home/arms/turtlebot3_ws/install/shoe_detector/share/shoe_detector/package.zsh'
[1.827s] [34mcolcon.colcon_core.environment[0m [1;30mLevel 1[0m create_file_with_runtime_dependencies(/home/arms/turtlebot3_ws/install/shoe_detector/share/colcon-core/packages/shoe_detector)
[1.829s] [34mcolcon.colcon_core.event_handler.log_command[0m [1;30mDEBUG[0m [32mInvoked command in '/home/arms/turtlebot3_ws/src/remote_bringup' returned '0': PYTHONPATH=/home/arms/turtlebot3_ws/build/remote_bringup/prefix_override:/home/arms/turtlebot3_ws/install/remote_bringup/lib/python3.10/site-packages:${PYTHONPATH} /usr/bin/python3 setup.py egg_info --egg-base ../../build/remote_bringup build --build-base /home/arms/turtlebot3_ws/build/remote_bringup/build install --record /home/arms/turtlebot3_ws/build/remote_bringup/install.log --single-version-externally-managed[0m
[1.835s] [34mcolcon.colcon_core.environment[0m [1;30mLevel 1[0m checking '/home/arms/turtlebot3_ws/install/remote_bringup' for CMake module files
[1.835s] [34mcolcon.colcon_core.environment[0m [1;30mLevel 1[0m checking '/home/arms/turtlebot3_ws/install/remote_bringup' for CMake config files
[1.836s] [34mcolcon.colcon_core.environment[0m [1;30mLevel 1[0m checking '/home/arms/turtlebot3_ws/install/remote_bringup/lib'
[1.836s] [34mcolcon.colcon_core.environment[0m [1;30mLevel 1[0m checking '/home/arms/turtlebot3_ws/install/remote_bringup/bin'
[1.836s] [34mcolcon.colcon_core.environment[0m [1;30mLevel 1[0m checking '/home/arms/turtlebot3_ws/install/remote_bringup/lib/pkgconfig/remote_bringup.pc'
[1.836s] [34mcolcon.colcon_core.environment[0m [1;30mLevel 1[0m checking '/home/arms/turtlebot3_ws/install/remote_bringup/lib/python3.10/site-packages'
[1.836s] [34mcolcon.colcon_core.shell[0m [1;30mLevel 1[0m create_environment_hook('remote_bringup', 'pythonpath')
[1.843s] [34mcolcon.colcon_core.shell[0m [1;30mINFO[0m Creating environment hook '/home/arms/turtlebot3_ws/install/remote_bringup/share/remote_bringup/hook/pythonpath.ps1'
[1.844s] [34mcolcon.colcon_core.shell[0m [1;30mINFO[0m Creating environment descriptor '/home/arms/turtlebot3_ws/install/remote_bringup/share/remote_bringup/hook/pythonpath.dsv'
[1.844s] [34mcolcon.colcon_core.shell[0m [1;30mINFO[0m Creating environment hook '/home/arms/turtlebot3_ws/install/remote_bringup/share/remote_bringup/hook/pythonpath.sh'
[1.844s] [34mcolcon.colcon_core.environment[0m [1;30mLevel 1[0m checking '/home/arms/turtlebot3_ws/install/remote_bringup/bin'
[1.844s] [34mcolcon.colcon_core.environment[0m [1;30mLevel 1[0m create_environment_scripts_only(remote_bringup)
[1.851s] [34mcolcon.colcon_core.shell[0m [1;30mINFO[0m Creating package script '/home/arms/turtlebot3_ws/install/remote_bringup/share/remote_bringup/package.ps1'
[1.851s] [34mcolcon.colcon_core.shell[0m [1;30mINFO[0m Creating package descriptor '/home/arms/turtlebot3_ws/install/remote_bringup/share/remote_bringup/package.dsv'
[1.852s] [34mcolcon.colcon_core.shell[0m [1;30mINFO[0m Creating package script '/home/arms/turtlebot3_ws/install/remote_bringup/share/remote_bringup/package.sh'
[1.852s] [34mcolcon.colcon_core.shell[0m [1;30mINFO[0m Creating package script '/home/arms/turtlebot3_ws/install/remote_bringup/share/remote_bringup/package.bash'
[1.852s] [34mcolcon.colcon_core.shell[0m [1;30mINFO[0m Creating package script '/home/arms/turtlebot3_ws/install/remote_bringup/share/remote_bringup/package.zsh'
[1.852s] [34mcolcon.colcon_core.environment[0m [1;30mLevel 1[0m create_file_with_runtime_dependencies(/home/arms/turtlebot3_ws/install/remote_bringup/share/colcon-core/packages/remote_bringup)
[1.852s] [34mcolcon.colcon_parallel_executor.executor.parallel[0m [1;30mDEBUG[0m [32mclosing loop[0m
[1.852s] [34mcolcon.colcon_parallel_executor.executor.parallel[0m [1;30mDEBUG[0m [32mloop closed[0m
[1.852s] [34mcolcon.colcon_parallel_executor.executor.parallel[0m [1;30mDEBUG[0m [32mrun_until_complete finished with '0'[0m
[1.852s] [34mcolcon.colcon_core.event_reactor[0m [1;30mDEBUG[0m [32mjoining thread[0m
[1.863s] [34mcolcon.colcon_core.plugin_system[0m [1;30mINFO[0m Skipping extension 'colcon_notification.desktop_notification.terminal_notifier': Not used on non-Darwin systems
[1.863s] [34mcolcon.colcon_core.plugin_system[0m [1;30mINFO[0m Skipping extension 'colcon_notification.desktop_notification.win32': Not used on non-Windows systems
[1.863s] [34mcolcon.colcon_notification.desktop_notification[0m [1;30mINFO[0m Sending desktop notification using 'notify2'
[1.874s] [34mcolcon.colcon_core.event_reactor[0m [1;30mDEBUG[0m [32mjoined thread[0m
[1.883s] [34mcolcon.colcon_core.shell[0m [1;30mINFO[0m Creating prefix script '/home/arms/turtlebot3_ws/install/local_setup.ps1'
[1.883s] [34mcolcon.colcon_core.shell[0m [1;30mINFO[0m Creating prefix util module '/home/arms/turtlebot3_ws/install/_local_setup_util_ps1.py'
[1.884s] [34mcolcon.colcon_core.shell[0m [1;30mINFO[0m Creating prefix chain script '/home/arms/turtlebot3_ws/install/setup.ps1'
[1.892s] [34mcolcon.colcon_core.shell[0m [1;30mINFO[0m Creating prefix script '/home/arms/turtlebot3_ws/install/local_setup.sh'
[1.892s] [34mcolcon.colcon_core.shell[0m [1;30mINFO[0m Creating prefix util module '/home/arms/turtlebot3_ws/install/_local_setup_util_sh.py'
[1.893s] [34mcolcon.colcon_core.shell[0m [1;30mINFO[0m Creating prefix chain script '/home/arms/turtlebot3_ws/install/setup.sh'
[1.901s] [34mcolcon.colcon_core.shell[0m [1;30mINFO[0m Creating prefix script '/home/arms/turtlebot3_ws/install/local_setup.bash'
[1.902s] [34mcolcon.colcon_core.shell[0m [1;30mINFO[0m Creating prefix chain script '/home/arms/turtlebot3_ws/install/setup.bash'
[1.909s] [34mcolcon.colcon_core.shell[0m [1;30mINFO[0m Creating prefix script '/home/arms/turtlebot3_ws/install/local_setup.zsh'
[1.910s] [34mcolcon.colcon_core.shell[0m [1;30mINFO[0m Creating prefix chain script '/home/arms/turtlebot3_ws/install/setup.zsh'
