[1.115s] DEBUG:colcon:Command line arguments: ['/usr/bin/colcon', 'build', '--packages-select', 'turtlebot3_ws']
[1.115s] DEBUG:colcon:Parsed command line arguments: Namespace(log_base=None, log_level=None, verb_name='build', build_base='build', install_base='install', merge_install=False, symlink_install=False, test_result_base=None, continue_on_error=False, executor='parallel', parallel_workers=20, event_handlers=None, ignore_user_meta=False, metas=['./colcon.meta'], base_paths=['.'], packages_ignore=None, packages_ignore_regex=None, paths=None, packages_up_to=None, packages_up_to_regex=None, packages_above=None, packages_above_and_dependencies=None, packages_above_depth=None, packages_select_by_dep=None, packages_skip_by_dep=None, packages_skip_up_to=None, packages_select_build_failed=False, packages_skip_build_finished=False, packages_select_test_failures=False, packages_skip_test_passed=False, packages_select=['turtlebot3_ws'], packages_skip=None, packages_select_regex=None, packages_skip_regex=None, packages_start=None, packages_end=None, allow_overriding=[], cmake_args=None, cmake_target=None, cmake_target_skip_unavailable=False, cmake_clean_cache=False, cmake_clean_first=False, cmake_force_configure=False, ament_cmake_args=None, catkin_cmake_args=None, catkin_skip_building_tests=False, verb_parser=<colcon_defaults.argument_parser.defaults.DefaultArgumentsDecorator object at 0x7f7bfdeb76d0>, verb_extension=<colcon_core.verb.build.BuildVerb object at 0x7f7bff0d3c40>, main=<bound method BuildVerb.main of <colcon_core.verb.build.BuildVerb object at 0x7f7bff0d3c40>>)
[1.186s] Level 1:colcon.colcon_core.package_discovery:discover_packages(colcon_meta) check parameters
[1.186s] Level 1:colcon.colcon_core.package_discovery:discover_packages(recursive) check parameters
[1.186s] Level 1:colcon.colcon_core.package_discovery:discover_packages(ignore) check parameters
[1.186s] Level 1:colcon.colcon_core.package_discovery:discover_packages(path) check parameters
[1.186s] Level 1:colcon.colcon_core.package_discovery:discover_packages(colcon_meta) discover
[1.186s] Level 1:colcon.colcon_core.package_discovery:discover_packages(recursive) discover
[1.186s] INFO:colcon.colcon_core.package_discovery:Crawling recursively for packages in '/home/arms/turtlebot3_ws'
[1.186s] Level 1:colcon.colcon_core.package_identification:_identify(.) by extensions ['ignore', 'ignore_ament_install']
[1.186s] Level 1:colcon.colcon_core.package_identification:_identify(.) by extension 'ignore'
[1.186s] Level 1:colcon.colcon_core.package_identification:_identify(.) by extension 'ignore_ament_install'
[1.186s] Level 1:colcon.colcon_core.package_identification:_identify(.) by extensions ['colcon_pkg']
[1.187s] Level 1:colcon.colcon_core.package_identification:_identify(.) by extension 'colcon_pkg'
[1.187s] Level 1:colcon.colcon_core.package_identification:_identify(.) by extensions ['colcon_meta']
[1.187s] Level 1:colcon.colcon_core.package_identification:_identify(.) by extension 'colcon_meta'
[1.187s] Level 1:colcon.colcon_core.package_identification:_identify(.) by extensions ['ros']
[1.187s] Level 1:colcon.colcon_core.package_identification:_identify(.) by extension 'ros'
[1.200s] Level 1:colcon.colcon_core.package_identification:_identify(.) by extensions ['cmake', 'python']
[1.200s] Level 1:colcon.colcon_core.package_identification:_identify(.) by extension 'cmake'
[1.200s] Level 1:colcon.colcon_core.package_identification:_identify(.) by extension 'python'
[1.200s] Level 1:colcon.colcon_core.package_identification:_identify(.) by extensions ['python_setup_py']
[1.200s] Level 1:colcon.colcon_core.package_identification:_identify(.) by extension 'python_setup_py'
[1.200s] Level 1:colcon.colcon_core.package_identification:_identify(ShoeDataSet) by extensions ['ignore', 'ignore_ament_install']
[1.200s] Level 1:colcon.colcon_core.package_identification:_identify(ShoeDataSet) by extension 'ignore'
[1.200s] Level 1:colcon.colcon_core.package_identification:_identify(ShoeDataSet) by extension 'ignore_ament_install'
[1.200s] Level 1:colcon.colcon_core.package_identification:_identify(ShoeDataSet) by extensions ['colcon_pkg']
[1.200s] Level 1:colcon.colcon_core.package_identification:_identify(ShoeDataSet) by extension 'colcon_pkg'
[1.200s] Level 1:colcon.colcon_core.package_identification:_identify(ShoeDataSet) by extensions ['colcon_meta']
[1.200s] Level 1:colcon.colcon_core.package_identification:_identify(ShoeDataSet) by extension 'colcon_meta'
[1.200s] Level 1:colcon.colcon_core.package_identification:_identify(ShoeDataSet) by extensions ['ros']
[1.200s] Level 1:colcon.colcon_core.package_identification:_identify(ShoeDataSet) by extension 'ros'
[1.200s] Level 1:colcon.colcon_core.package_identification:_identify(ShoeDataSet) by extensions ['cmake', 'python']
[1.200s] Level 1:colcon.colcon_core.package_identification:_identify(ShoeDataSet) by extension 'cmake'
[1.200s] Level 1:colcon.colcon_core.package_identification:_identify(ShoeDataSet) by extension 'python'
[1.201s] Level 1:colcon.colcon_core.package_identification:_identify(ShoeDataSet) by extensions ['python_setup_py']
[1.201s] Level 1:colcon.colcon_core.package_identification:_identify(ShoeDataSet) by extension 'python_setup_py'
[1.201s] Level 1:colcon.colcon_core.package_identification:_identify(ShoeDataSet/test) by extensions ['ignore', 'ignore_ament_install']
[1.201s] Level 1:colcon.colcon_core.package_identification:_identify(ShoeDataSet/test) by extension 'ignore'
[1.201s] Level 1:colcon.colcon_core.package_identification:_identify(ShoeDataSet/test) by extension 'ignore_ament_install'
[1.201s] Level 1:colcon.colcon_core.package_identification:_identify(ShoeDataSet/test) by extensions ['colcon_pkg']
[1.201s] Level 1:colcon.colcon_core.package_identification:_identify(ShoeDataSet/test) by extension 'colcon_pkg'
[1.201s] Level 1:colcon.colcon_core.package_identification:_identify(ShoeDataSet/test) by extensions ['colcon_meta']
[1.201s] Level 1:colcon.colcon_core.package_identification:_identify(ShoeDataSet/test) by extension 'colcon_meta'
[1.201s] Level 1:colcon.colcon_core.package_identification:_identify(ShoeDataSet/test) by extensions ['ros']
[1.201s] Level 1:colcon.colcon_core.package_identification:_identify(ShoeDataSet/test) by extension 'ros'
[1.201s] Level 1:colcon.colcon_core.package_identification:_identify(ShoeDataSet/test) by extensions ['cmake', 'python']
[1.201s] Level 1:colcon.colcon_core.package_identification:_identify(ShoeDataSet/test) by extension 'cmake'
[1.201s] Level 1:colcon.colcon_core.package_identification:_identify(ShoeDataSet/test) by extension 'python'
[1.201s] Level 1:colcon.colcon_core.package_identification:_identify(ShoeDataSet/test) by extensions ['python_setup_py']
[1.201s] Level 1:colcon.colcon_core.package_identification:_identify(ShoeDataSet/test) by extension 'python_setup_py'
[1.201s] Level 1:colcon.colcon_core.package_identification:_identify(ShoeDataSet/test/images) by extensions ['ignore', 'ignore_ament_install']
[1.201s] Level 1:colcon.colcon_core.package_identification:_identify(ShoeDataSet/test/images) by extension 'ignore'
[1.201s] Level 1:colcon.colcon_core.package_identification:_identify(ShoeDataSet/test/images) by extension 'ignore_ament_install'
[1.201s] Level 1:colcon.colcon_core.package_identification:_identify(ShoeDataSet/test/images) by extensions ['colcon_pkg']
[1.201s] Level 1:colcon.colcon_core.package_identification:_identify(ShoeDataSet/test/images) by extension 'colcon_pkg'
[1.202s] Level 1:colcon.colcon_core.package_identification:_identify(ShoeDataSet/test/images) by extensions ['colcon_meta']
[1.202s] Level 1:colcon.colcon_core.package_identification:_identify(ShoeDataSet/test/images) by extension 'colcon_meta'
[1.202s] Level 1:colcon.colcon_core.package_identification:_identify(ShoeDataSet/test/images) by extensions ['ros']
[1.202s] Level 1:colcon.colcon_core.package_identification:_identify(ShoeDataSet/test/images) by extension 'ros'
[1.202s] Level 1:colcon.colcon_core.package_identification:_identify(ShoeDataSet/test/images) by extensions ['cmake', 'python']
[1.202s] Level 1:colcon.colcon_core.package_identification:_identify(ShoeDataSet/test/images) by extension 'cmake'
[1.202s] Level 1:colcon.colcon_core.package_identification:_identify(ShoeDataSet/test/images) by extension 'python'
[1.202s] Level 1:colcon.colcon_core.package_identification:_identify(ShoeDataSet/test/images) by extensions ['python_setup_py']
[1.202s] Level 1:colcon.colcon_core.package_identification:_identify(ShoeDataSet/test/images) by extension 'python_setup_py'
[1.202s] Level 1:colcon.colcon_core.package_identification:_identify(ShoeDataSet/test/labels) by extensions ['ignore', 'ignore_ament_install']
[1.202s] Level 1:colcon.colcon_core.package_identification:_identify(ShoeDataSet/test/labels) by extension 'ignore'
[1.202s] Level 1:colcon.colcon_core.package_identification:_identify(ShoeDataSet/test/labels) by extension 'ignore_ament_install'
[1.202s] Level 1:colcon.colcon_core.package_identification:_identify(ShoeDataSet/test/labels) by extensions ['colcon_pkg']
[1.202s] Level 1:colcon.colcon_core.package_identification:_identify(ShoeDataSet/test/labels) by extension 'colcon_pkg'
[1.202s] Level 1:colcon.colcon_core.package_identification:_identify(ShoeDataSet/test/labels) by extensions ['colcon_meta']
[1.202s] Level 1:colcon.colcon_core.package_identification:_identify(ShoeDataSet/test/labels) by extension 'colcon_meta'
[1.202s] Level 1:colcon.colcon_core.package_identification:_identify(ShoeDataSet/test/labels) by extensions ['ros']
[1.202s] Level 1:colcon.colcon_core.package_identification:_identify(ShoeDataSet/test/labels) by extension 'ros'
[1.202s] Level 1:colcon.colcon_core.package_identification:_identify(ShoeDataSet/test/labels) by extensions ['cmake', 'python']
[1.202s] Level 1:colcon.colcon_core.package_identification:_identify(ShoeDataSet/test/labels) by extension 'cmake'
[1.202s] Level 1:colcon.colcon_core.package_identification:_identify(ShoeDataSet/test/labels) by extension 'python'
[1.202s] Level 1:colcon.colcon_core.package_identification:_identify(ShoeDataSet/test/labels) by extensions ['python_setup_py']
[1.202s] Level 1:colcon.colcon_core.package_identification:_identify(ShoeDataSet/test/labels) by extension 'python_setup_py'
[1.202s] Level 1:colcon.colcon_core.package_identification:_identify(ShoeDataSet/train) by extensions ['ignore', 'ignore_ament_install']
[1.203s] Level 1:colcon.colcon_core.package_identification:_identify(ShoeDataSet/train) by extension 'ignore'
[1.203s] Level 1:colcon.colcon_core.package_identification:_identify(ShoeDataSet/train) by extension 'ignore_ament_install'
[1.203s] Level 1:colcon.colcon_core.package_identification:_identify(ShoeDataSet/train) by extensions ['colcon_pkg']
[1.203s] Level 1:colcon.colcon_core.package_identification:_identify(ShoeDataSet/train) by extension 'colcon_pkg'
[1.203s] Level 1:colcon.colcon_core.package_identification:_identify(ShoeDataSet/train) by extensions ['colcon_meta']
[1.203s] Level 1:colcon.colcon_core.package_identification:_identify(ShoeDataSet/train) by extension 'colcon_meta'
[1.203s] Level 1:colcon.colcon_core.package_identification:_identify(ShoeDataSet/train) by extensions ['ros']
[1.203s] Level 1:colcon.colcon_core.package_identification:_identify(ShoeDataSet/train) by extension 'ros'
[1.203s] Level 1:colcon.colcon_core.package_identification:_identify(ShoeDataSet/train) by extensions ['cmake', 'python']
[1.203s] Level 1:colcon.colcon_core.package_identification:_identify(ShoeDataSet/train) by extension 'cmake'
[1.203s] Level 1:colcon.colcon_core.package_identification:_identify(ShoeDataSet/train) by extension 'python'
[1.203s] Level 1:colcon.colcon_core.package_identification:_identify(ShoeDataSet/train) by extensions ['python_setup_py']
[1.203s] Level 1:colcon.colcon_core.package_identification:_identify(ShoeDataSet/train) by extension 'python_setup_py'
[1.203s] Level 1:colcon.colcon_core.package_identification:_identify(ShoeDataSet/train/images) by extensions ['ignore', 'ignore_ament_install']
[1.203s] Level 1:colcon.colcon_core.package_identification:_identify(ShoeDataSet/train/images) by extension 'ignore'
[1.203s] Level 1:colcon.colcon_core.package_identification:_identify(ShoeDataSet/train/images) by extension 'ignore_ament_install'
[1.203s] Level 1:colcon.colcon_core.package_identification:_identify(ShoeDataSet/train/images) by extensions ['colcon_pkg']
[1.203s] Level 1:colcon.colcon_core.package_identification:_identify(ShoeDataSet/train/images) by extension 'colcon_pkg'
[1.203s] Level 1:colcon.colcon_core.package_identification:_identify(ShoeDataSet/train/images) by extensions ['colcon_meta']
[1.203s] Level 1:colcon.colcon_core.package_identification:_identify(ShoeDataSet/train/images) by extension 'colcon_meta'
[1.204s] Level 1:colcon.colcon_core.package_identification:_identify(ShoeDataSet/train/images) by extensions ['ros']
[1.204s] Level 1:colcon.colcon_core.package_identification:_identify(ShoeDataSet/train/images) by extension 'ros'
[1.204s] Level 1:colcon.colcon_core.package_identification:_identify(ShoeDataSet/train/images) by extensions ['cmake', 'python']
[1.204s] Level 1:colcon.colcon_core.package_identification:_identify(ShoeDataSet/train/images) by extension 'cmake'
[1.204s] Level 1:colcon.colcon_core.package_identification:_identify(ShoeDataSet/train/images) by extension 'python'
[1.204s] Level 1:colcon.colcon_core.package_identification:_identify(ShoeDataSet/train/images) by extensions ['python_setup_py']
[1.204s] Level 1:colcon.colcon_core.package_identification:_identify(ShoeDataSet/train/images) by extension 'python_setup_py'
[1.204s] Level 1:colcon.colcon_core.package_identification:_identify(ShoeDataSet/train/labels) by extensions ['ignore', 'ignore_ament_install']
[1.204s] Level 1:colcon.colcon_core.package_identification:_identify(ShoeDataSet/train/labels) by extension 'ignore'
[1.204s] Level 1:colcon.colcon_core.package_identification:_identify(ShoeDataSet/train/labels) by extension 'ignore_ament_install'
[1.204s] Level 1:colcon.colcon_core.package_identification:_identify(ShoeDataSet/train/labels) by extensions ['colcon_pkg']
[1.204s] Level 1:colcon.colcon_core.package_identification:_identify(ShoeDataSet/train/labels) by extension 'colcon_pkg'
[1.204s] Level 1:colcon.colcon_core.package_identification:_identify(ShoeDataSet/train/labels) by extensions ['colcon_meta']
[1.204s] Level 1:colcon.colcon_core.package_identification:_identify(ShoeDataSet/train/labels) by extension 'colcon_meta'
[1.204s] Level 1:colcon.colcon_core.package_identification:_identify(ShoeDataSet/train/labels) by extensions ['ros']
[1.204s] Level 1:colcon.colcon_core.package_identification:_identify(ShoeDataSet/train/labels) by extension 'ros'
[1.204s] Level 1:colcon.colcon_core.package_identification:_identify(ShoeDataSet/train/labels) by extensions ['cmake', 'python']
[1.204s] Level 1:colcon.colcon_core.package_identification:_identify(ShoeDataSet/train/labels) by extension 'cmake'
[1.204s] Level 1:colcon.colcon_core.package_identification:_identify(ShoeDataSet/train/labels) by extension 'python'
[1.204s] Level 1:colcon.colcon_core.package_identification:_identify(ShoeDataSet/train/labels) by extensions ['python_setup_py']
[1.204s] Level 1:colcon.colcon_core.package_identification:_identify(ShoeDataSet/train/labels) by extension 'python_setup_py'
[1.205s] Level 1:colcon.colcon_core.package_identification:_identify(ShoeDataSet/valid) by extensions ['ignore', 'ignore_ament_install']
[1.205s] Level 1:colcon.colcon_core.package_identification:_identify(ShoeDataSet/valid) by extension 'ignore'
[1.205s] Level 1:colcon.colcon_core.package_identification:_identify(ShoeDataSet/valid) by extension 'ignore_ament_install'
[1.205s] Level 1:colcon.colcon_core.package_identification:_identify(ShoeDataSet/valid) by extensions ['colcon_pkg']
[1.205s] Level 1:colcon.colcon_core.package_identification:_identify(ShoeDataSet/valid) by extension 'colcon_pkg'
[1.205s] Level 1:colcon.colcon_core.package_identification:_identify(ShoeDataSet/valid) by extensions ['colcon_meta']
[1.205s] Level 1:colcon.colcon_core.package_identification:_identify(ShoeDataSet/valid) by extension 'colcon_meta'
[1.205s] Level 1:colcon.colcon_core.package_identification:_identify(ShoeDataSet/valid) by extensions ['ros']
[1.205s] Level 1:colcon.colcon_core.package_identification:_identify(ShoeDataSet/valid) by extension 'ros'
[1.205s] Level 1:colcon.colcon_core.package_identification:_identify(ShoeDataSet/valid) by extensions ['cmake', 'python']
[1.205s] Level 1:colcon.colcon_core.package_identification:_identify(ShoeDataSet/valid) by extension 'cmake'
[1.205s] Level 1:colcon.colcon_core.package_identification:_identify(ShoeDataSet/valid) by extension 'python'
[1.205s] Level 1:colcon.colcon_core.package_identification:_identify(ShoeDataSet/valid) by extensions ['python_setup_py']
[1.205s] Level 1:colcon.colcon_core.package_identification:_identify(ShoeDataSet/valid) by extension 'python_setup_py'
[1.205s] Level 1:colcon.colcon_core.package_identification:_identify(ShoeDataSet/valid/images) by extensions ['ignore', 'ignore_ament_install']
[1.205s] Level 1:colcon.colcon_core.package_identification:_identify(ShoeDataSet/valid/images) by extension 'ignore'
[1.205s] Level 1:colcon.colcon_core.package_identification:_identify(ShoeDataSet/valid/images) by extension 'ignore_ament_install'
[1.205s] Level 1:colcon.colcon_core.package_identification:_identify(ShoeDataSet/valid/images) by extensions ['colcon_pkg']
[1.205s] Level 1:colcon.colcon_core.package_identification:_identify(ShoeDataSet/valid/images) by extension 'colcon_pkg'
[1.205s] Level 1:colcon.colcon_core.package_identification:_identify(ShoeDataSet/valid/images) by extensions ['colcon_meta']
[1.205s] Level 1:colcon.colcon_core.package_identification:_identify(ShoeDataSet/valid/images) by extension 'colcon_meta'
[1.205s] Level 1:colcon.colcon_core.package_identification:_identify(ShoeDataSet/valid/images) by extensions ['ros']
[1.205s] Level 1:colcon.colcon_core.package_identification:_identify(ShoeDataSet/valid/images) by extension 'ros'
[1.206s] Level 1:colcon.colcon_core.package_identification:_identify(ShoeDataSet/valid/images) by extensions ['cmake', 'python']
[1.206s] Level 1:colcon.colcon_core.package_identification:_identify(ShoeDataSet/valid/images) by extension 'cmake'
[1.206s] Level 1:colcon.colcon_core.package_identification:_identify(ShoeDataSet/valid/images) by extension 'python'
[1.206s] Level 1:colcon.colcon_core.package_identification:_identify(ShoeDataSet/valid/images) by extensions ['python_setup_py']
[1.206s] Level 1:colcon.colcon_core.package_identification:_identify(ShoeDataSet/valid/images) by extension 'python_setup_py'
[1.206s] Level 1:colcon.colcon_core.package_identification:_identify(ShoeDataSet/valid/labels) by extensions ['ignore', 'ignore_ament_install']
[1.206s] Level 1:colcon.colcon_core.package_identification:_identify(ShoeDataSet/valid/labels) by extension 'ignore'
[1.206s] Level 1:colcon.colcon_core.package_identification:_identify(ShoeDataSet/valid/labels) by extension 'ignore_ament_install'
[1.206s] Level 1:colcon.colcon_core.package_identification:_identify(ShoeDataSet/valid/labels) by extensions ['colcon_pkg']
[1.206s] Level 1:colcon.colcon_core.package_identification:_identify(ShoeDataSet/valid/labels) by extension 'colcon_pkg'
[1.206s] Level 1:colcon.colcon_core.package_identification:_identify(ShoeDataSet/valid/labels) by extensions ['colcon_meta']
[1.206s] Level 1:colcon.colcon_core.package_identification:_identify(ShoeDataSet/valid/labels) by extension 'colcon_meta'
[1.206s] Level 1:colcon.colcon_core.package_identification:_identify(ShoeDataSet/valid/labels) by extensions ['ros']
[1.206s] Level 1:colcon.colcon_core.package_identification:_identify(ShoeDataSet/valid/labels) by extension 'ros'
[1.206s] Level 1:colcon.colcon_core.package_identification:_identify(ShoeDataSet/valid/labels) by extensions ['cmake', 'python']
[1.206s] Level 1:colcon.colcon_core.package_identification:_identify(ShoeDataSet/valid/labels) by extension 'cmake'
[1.206s] Level 1:colcon.colcon_core.package_identification:_identify(ShoeDataSet/valid/labels) by extension 'python'
[1.206s] Level 1:colcon.colcon_core.package_identification:_identify(ShoeDataSet/valid/labels) by extensions ['python_setup_py']
[1.206s] Level 1:colcon.colcon_core.package_identification:_identify(ShoeDataSet/valid/labels) by extension 'python_setup_py'
[1.206s] Level 1:colcon.colcon_core.package_identification:_identify(build) by extensions ['ignore', 'ignore_ament_install']
[1.206s] Level 1:colcon.colcon_core.package_identification:_identify(build) by extension 'ignore'
[1.206s] Level 1:colcon.colcon_core.package_identification:_identify(build) ignored
[1.207s] Level 1:colcon.colcon_core.package_identification:_identify(install) by extensions ['ignore', 'ignore_ament_install']
[1.207s] Level 1:colcon.colcon_core.package_identification:_identify(install) by extension 'ignore'
[1.207s] Level 1:colcon.colcon_core.package_identification:_identify(install) ignored
[1.207s] Level 1:colcon.colcon_core.package_identification:_identify(log) by extensions ['ignore', 'ignore_ament_install']
[1.207s] Level 1:colcon.colcon_core.package_identification:_identify(log) by extension 'ignore'
[1.207s] Level 1:colcon.colcon_core.package_identification:_identify(log) ignored
[1.207s] Level 1:colcon.colcon_core.package_identification:_identify(runs) by extensions ['ignore', 'ignore_ament_install']
[1.207s] Level 1:colcon.colcon_core.package_identification:_identify(runs) by extension 'ignore'
[1.207s] Level 1:colcon.colcon_core.package_identification:_identify(runs) by extension 'ignore_ament_install'
[1.207s] Level 1:colcon.colcon_core.package_identification:_identify(runs) by extensions ['colcon_pkg']
[1.207s] Level 1:colcon.colcon_core.package_identification:_identify(runs) by extension 'colcon_pkg'
[1.207s] Level 1:colcon.colcon_core.package_identification:_identify(runs) by extensions ['colcon_meta']
[1.207s] Level 1:colcon.colcon_core.package_identification:_identify(runs) by extension 'colcon_meta'
[1.207s] Level 1:colcon.colcon_core.package_identification:_identify(runs) by extensions ['ros']
[1.207s] Level 1:colcon.colcon_core.package_identification:_identify(runs) by extension 'ros'
[1.207s] Level 1:colcon.colcon_core.package_identification:_identify(runs) by extensions ['cmake', 'python']
[1.207s] Level 1:colcon.colcon_core.package_identification:_identify(runs) by extension 'cmake'
[1.207s] Level 1:colcon.colcon_core.package_identification:_identify(runs) by extension 'python'
[1.207s] Level 1:colcon.colcon_core.package_identification:_identify(runs) by extensions ['python_setup_py']
[1.207s] Level 1:colcon.colcon_core.package_identification:_identify(runs) by extension 'python_setup_py'
[1.207s] Level 1:colcon.colcon_core.package_identification:_identify(runs/detect) by extensions ['ignore', 'ignore_ament_install']
[1.207s] Level 1:colcon.colcon_core.package_identification:_identify(runs/detect) by extension 'ignore'
[1.208s] Level 1:colcon.colcon_core.package_identification:_identify(runs/detect) by extension 'ignore_ament_install'
[1.208s] Level 1:colcon.colcon_core.package_identification:_identify(runs/detect) by extensions ['colcon_pkg']
[1.208s] Level 1:colcon.colcon_core.package_identification:_identify(runs/detect) by extension 'colcon_pkg'
[1.208s] Level 1:colcon.colcon_core.package_identification:_identify(runs/detect) by extensions ['colcon_meta']
[1.208s] Level 1:colcon.colcon_core.package_identification:_identify(runs/detect) by extension 'colcon_meta'
[1.208s] Level 1:colcon.colcon_core.package_identification:_identify(runs/detect) by extensions ['ros']
[1.208s] Level 1:colcon.colcon_core.package_identification:_identify(runs/detect) by extension 'ros'
[1.208s] Level 1:colcon.colcon_core.package_identification:_identify(runs/detect) by extensions ['cmake', 'python']
[1.208s] Level 1:colcon.colcon_core.package_identification:_identify(runs/detect) by extension 'cmake'
[1.208s] Level 1:colcon.colcon_core.package_identification:_identify(runs/detect) by extension 'python'
[1.208s] Level 1:colcon.colcon_core.package_identification:_identify(runs/detect) by extensions ['python_setup_py']
[1.208s] Level 1:colcon.colcon_core.package_identification:_identify(runs/detect) by extension 'python_setup_py'
[1.208s] Level 1:colcon.colcon_core.package_identification:_identify(runs/detect/predict) by extensions ['ignore', 'ignore_ament_install']
[1.208s] Level 1:colcon.colcon_core.package_identification:_identify(runs/detect/predict) by extension 'ignore'
[1.208s] Level 1:colcon.colcon_core.package_identification:_identify(runs/detect/predict) by extension 'ignore_ament_install'
[1.208s] Level 1:colcon.colcon_core.package_identification:_identify(runs/detect/predict) by extensions ['colcon_pkg']
[1.208s] Level 1:colcon.colcon_core.package_identification:_identify(runs/detect/predict) by extension 'colcon_pkg'
[1.208s] Level 1:colcon.colcon_core.package_identification:_identify(runs/detect/predict) by extensions ['colcon_meta']
[1.208s] Level 1:colcon.colcon_core.package_identification:_identify(runs/detect/predict) by extension 'colcon_meta'
[1.208s] Level 1:colcon.colcon_core.package_identification:_identify(runs/detect/predict) by extensions ['ros']
[1.208s] Level 1:colcon.colcon_core.package_identification:_identify(runs/detect/predict) by extension 'ros'
[1.208s] Level 1:colcon.colcon_core.package_identification:_identify(runs/detect/predict) by extensions ['cmake', 'python']
[1.208s] Level 1:colcon.colcon_core.package_identification:_identify(runs/detect/predict) by extension 'cmake'
[1.208s] Level 1:colcon.colcon_core.package_identification:_identify(runs/detect/predict) by extension 'python'
[1.208s] Level 1:colcon.colcon_core.package_identification:_identify(runs/detect/predict) by extensions ['python_setup_py']
[1.208s] Level 1:colcon.colcon_core.package_identification:_identify(runs/detect/predict) by extension 'python_setup_py'
[1.209s] Level 1:colcon.colcon_core.package_identification:_identify(runs/detect/predict2) by extensions ['ignore', 'ignore_ament_install']
[1.209s] Level 1:colcon.colcon_core.package_identification:_identify(runs/detect/predict2) by extension 'ignore'
[1.209s] Level 1:colcon.colcon_core.package_identification:_identify(runs/detect/predict2) by extension 'ignore_ament_install'
[1.209s] Level 1:colcon.colcon_core.package_identification:_identify(runs/detect/predict2) by extensions ['colcon_pkg']
[1.209s] Level 1:colcon.colcon_core.package_identification:_identify(runs/detect/predict2) by extension 'colcon_pkg'
[1.209s] Level 1:colcon.colcon_core.package_identification:_identify(runs/detect/predict2) by extensions ['colcon_meta']
[1.209s] Level 1:colcon.colcon_core.package_identification:_identify(runs/detect/predict2) by extension 'colcon_meta'
[1.209s] Level 1:colcon.colcon_core.package_identification:_identify(runs/detect/predict2) by extensions ['ros']
[1.209s] Level 1:colcon.colcon_core.package_identification:_identify(runs/detect/predict2) by extension 'ros'
[1.209s] Level 1:colcon.colcon_core.package_identification:_identify(runs/detect/predict2) by extensions ['cmake', 'python']
[1.209s] Level 1:colcon.colcon_core.package_identification:_identify(runs/detect/predict2) by extension 'cmake'
[1.209s] Level 1:colcon.colcon_core.package_identification:_identify(runs/detect/predict2) by extension 'python'
[1.209s] Level 1:colcon.colcon_core.package_identification:_identify(runs/detect/predict2) by extensions ['python_setup_py']
[1.209s] Level 1:colcon.colcon_core.package_identification:_identify(runs/detect/predict2) by extension 'python_setup_py'
[1.209s] Level 1:colcon.colcon_core.package_identification:_identify(runs/detect/predict3) by extensions ['ignore', 'ignore_ament_install']
[1.209s] Level 1:colcon.colcon_core.package_identification:_identify(runs/detect/predict3) by extension 'ignore'
[1.209s] Level 1:colcon.colcon_core.package_identification:_identify(runs/detect/predict3) by extension 'ignore_ament_install'
[1.209s] Level 1:colcon.colcon_core.package_identification:_identify(runs/detect/predict3) by extensions ['colcon_pkg']
[1.209s] Level 1:colcon.colcon_core.package_identification:_identify(runs/detect/predict3) by extension 'colcon_pkg'
[1.209s] Level 1:colcon.colcon_core.package_identification:_identify(runs/detect/predict3) by extensions ['colcon_meta']
[1.209s] Level 1:colcon.colcon_core.package_identification:_identify(runs/detect/predict3) by extension 'colcon_meta'
[1.209s] Level 1:colcon.colcon_core.package_identification:_identify(runs/detect/predict3) by extensions ['ros']
[1.209s] Level 1:colcon.colcon_core.package_identification:_identify(runs/detect/predict3) by extension 'ros'
[1.209s] Level 1:colcon.colcon_core.package_identification:_identify(runs/detect/predict3) by extensions ['cmake', 'python']
[1.209s] Level 1:colcon.colcon_core.package_identification:_identify(runs/detect/predict3) by extension 'cmake'
[1.209s] Level 1:colcon.colcon_core.package_identification:_identify(runs/detect/predict3) by extension 'python'
[1.210s] Level 1:colcon.colcon_core.package_identification:_identify(runs/detect/predict3) by extensions ['python_setup_py']
[1.210s] Level 1:colcon.colcon_core.package_identification:_identify(runs/detect/predict3) by extension 'python_setup_py'
[1.210s] Level 1:colcon.colcon_core.package_identification:_identify(runs/detect/train) by extensions ['ignore', 'ignore_ament_install']
[1.210s] Level 1:colcon.colcon_core.package_identification:_identify(runs/detect/train) by extension 'ignore'
[1.210s] Level 1:colcon.colcon_core.package_identification:_identify(runs/detect/train) by extension 'ignore_ament_install'
[1.210s] Level 1:colcon.colcon_core.package_identification:_identify(runs/detect/train) by extensions ['colcon_pkg']
[1.210s] Level 1:colcon.colcon_core.package_identification:_identify(runs/detect/train) by extension 'colcon_pkg'
[1.210s] Level 1:colcon.colcon_core.package_identification:_identify(runs/detect/train) by extensions ['colcon_meta']
[1.210s] Level 1:colcon.colcon_core.package_identification:_identify(runs/detect/train) by extension 'colcon_meta'
[1.210s] Level 1:colcon.colcon_core.package_identification:_identify(runs/detect/train) by extensions ['ros']
[1.210s] Level 1:colcon.colcon_core.package_identification:_identify(runs/detect/train) by extension 'ros'
[1.210s] Level 1:colcon.colcon_core.package_identification:_identify(runs/detect/train) by extensions ['cmake', 'python']
[1.210s] Level 1:colcon.colcon_core.package_identification:_identify(runs/detect/train) by extension 'cmake'
[1.210s] Level 1:colcon.colcon_core.package_identification:_identify(runs/detect/train) by extension 'python'
[1.210s] Level 1:colcon.colcon_core.package_identification:_identify(runs/detect/train) by extensions ['python_setup_py']
[1.210s] Level 1:colcon.colcon_core.package_identification:_identify(runs/detect/train) by extension 'python_setup_py'
[1.210s] Level 1:colcon.colcon_core.package_identification:_identify(runs/detect/train/weights) by extensions ['ignore', 'ignore_ament_install']
[1.210s] Level 1:colcon.colcon_core.package_identification:_identify(runs/detect/train/weights) by extension 'ignore'
[1.210s] Level 1:colcon.colcon_core.package_identification:_identify(runs/detect/train/weights) by extension 'ignore_ament_install'
[1.210s] Level 1:colcon.colcon_core.package_identification:_identify(runs/detect/train/weights) by extensions ['colcon_pkg']
[1.210s] Level 1:colcon.colcon_core.package_identification:_identify(runs/detect/train/weights) by extension 'colcon_pkg'
[1.210s] Level 1:colcon.colcon_core.package_identification:_identify(runs/detect/train/weights) by extensions ['colcon_meta']
[1.210s] Level 1:colcon.colcon_core.package_identification:_identify(runs/detect/train/weights) by extension 'colcon_meta'
[1.210s] Level 1:colcon.colcon_core.package_identification:_identify(runs/detect/train/weights) by extensions ['ros']
[1.210s] Level 1:colcon.colcon_core.package_identification:_identify(runs/detect/train/weights) by extension 'ros'
[1.211s] Level 1:colcon.colcon_core.package_identification:_identify(runs/detect/train/weights) by extensions ['cmake', 'python']
[1.211s] Level 1:colcon.colcon_core.package_identification:_identify(runs/detect/train/weights) by extension 'cmake'
[1.211s] Level 1:colcon.colcon_core.package_identification:_identify(runs/detect/train/weights) by extension 'python'
[1.211s] Level 1:colcon.colcon_core.package_identification:_identify(runs/detect/train/weights) by extensions ['python_setup_py']
[1.211s] Level 1:colcon.colcon_core.package_identification:_identify(runs/detect/train/weights) by extension 'python_setup_py'
[1.211s] Level 1:colcon.colcon_core.package_identification:_identify(src) by extensions ['ignore', 'ignore_ament_install']
[1.211s] Level 1:colcon.colcon_core.package_identification:_identify(src) by extension 'ignore'
[1.211s] Level 1:colcon.colcon_core.package_identification:_identify(src) by extension 'ignore_ament_install'
[1.211s] Level 1:colcon.colcon_core.package_identification:_identify(src) by extensions ['colcon_pkg']
[1.211s] Level 1:colcon.colcon_core.package_identification:_identify(src) by extension 'colcon_pkg'
[1.211s] Level 1:colcon.colcon_core.package_identification:_identify(src) by extensions ['colcon_meta']
[1.211s] Level 1:colcon.colcon_core.package_identification:_identify(src) by extension 'colcon_meta'
[1.211s] Level 1:colcon.colcon_core.package_identification:_identify(src) by extensions ['ros']
[1.211s] Level 1:colcon.colcon_core.package_identification:_identify(src) by extension 'ros'
[1.211s] Level 1:colcon.colcon_core.package_identification:_identify(src) by extensions ['cmake', 'python']
[1.211s] Level 1:colcon.colcon_core.package_identification:_identify(src) by extension 'cmake'
[1.211s] Level 1:colcon.colcon_core.package_identification:_identify(src) by extension 'python'
[1.211s] Level 1:colcon.colcon_core.package_identification:_identify(src) by extensions ['python_setup_py']
[1.211s] Level 1:colcon.colcon_core.package_identification:_identify(src) by extension 'python_setup_py'
[1.211s] Level 1:colcon.colcon_core.package_identification:_identify(src/cv_stuff) by extensions ['ignore', 'ignore_ament_install']
[1.211s] Level 1:colcon.colcon_core.package_identification:_identify(src/cv_stuff) by extension 'ignore'
[1.211s] Level 1:colcon.colcon_core.package_identification:_identify(src/cv_stuff) by extension 'ignore_ament_install'
[1.211s] Level 1:colcon.colcon_core.package_identification:_identify(src/cv_stuff) by extensions ['colcon_pkg']
[1.211s] Level 1:colcon.colcon_core.package_identification:_identify(src/cv_stuff) by extension 'colcon_pkg'
[1.211s] Level 1:colcon.colcon_core.package_identification:_identify(src/cv_stuff) by extensions ['colcon_meta']
[1.211s] Level 1:colcon.colcon_core.package_identification:_identify(src/cv_stuff) by extension 'colcon_meta'
[1.212s] Level 1:colcon.colcon_core.package_identification:_identify(src/cv_stuff) by extensions ['ros']
[1.212s] Level 1:colcon.colcon_core.package_identification:_identify(src/cv_stuff) by extension 'ros'
[1.215s] DEBUG:colcon.colcon_core.package_identification:Package 'src/cv_stuff' with type 'ros.ament_python' and name 'cv_stuff'
[1.215s] Level 1:colcon.colcon_core.package_identification:_identify(src/ros2_camera_publish) by extensions ['ignore', 'ignore_ament_install']
[1.215s] Level 1:colcon.colcon_core.package_identification:_identify(src/ros2_camera_publish) by extension 'ignore'
[1.215s] Level 1:colcon.colcon_core.package_identification:_identify(src/ros2_camera_publish) by extension 'ignore_ament_install'
[1.215s] Level 1:colcon.colcon_core.package_identification:_identify(src/ros2_camera_publish) by extensions ['colcon_pkg']
[1.215s] Level 1:colcon.colcon_core.package_identification:_identify(src/ros2_camera_publish) by extension 'colcon_pkg'
[1.215s] Level 1:colcon.colcon_core.package_identification:_identify(src/ros2_camera_publish) by extensions ['colcon_meta']
[1.215s] Level 1:colcon.colcon_core.package_identification:_identify(src/ros2_camera_publish) by extension 'colcon_meta'
[1.216s] Level 1:colcon.colcon_core.package_identification:_identify(src/ros2_camera_publish) by extensions ['ros']
[1.216s] Level 1:colcon.colcon_core.package_identification:_identify(src/ros2_camera_publish) by extension 'ros'
[1.216s] DEBUG:colcon.colcon_core.package_identification:Package 'src/ros2_camera_publish' with type 'ros.ament_python' and name 'ros2_camera_publish'
[1.216s] Level 1:colcon.colcon_core.package_identification:_identify(src/turtlebot3_simulations) by extensions ['ignore', 'ignore_ament_install']
[1.216s] Level 1:colcon.colcon_core.package_identification:_identify(src/turtlebot3_simulations) by extension 'ignore'
[1.216s] Level 1:colcon.colcon_core.package_identification:_identify(src/turtlebot3_simulations) by extension 'ignore_ament_install'
[1.216s] Level 1:colcon.colcon_core.package_identification:_identify(src/turtlebot3_simulations) by extensions ['colcon_pkg']
[1.216s] Level 1:colcon.colcon_core.package_identification:_identify(src/turtlebot3_simulations) by extension 'colcon_pkg'
[1.216s] Level 1:colcon.colcon_core.package_identification:_identify(src/turtlebot3_simulations) by extensions ['colcon_meta']
[1.217s] Level 1:colcon.colcon_core.package_identification:_identify(src/turtlebot3_simulations) by extension 'colcon_meta'
[1.217s] Level 1:colcon.colcon_core.package_identification:_identify(src/turtlebot3_simulations) by extensions ['ros']
[1.217s] Level 1:colcon.colcon_core.package_identification:_identify(src/turtlebot3_simulations) by extension 'ros'
[1.217s] Level 1:colcon.colcon_core.package_identification:_identify(src/turtlebot3_simulations) by extensions ['cmake', 'python']
[1.217s] Level 1:colcon.colcon_core.package_identification:_identify(src/turtlebot3_simulations) by extension 'cmake'
[1.217s] Level 1:colcon.colcon_core.package_identification:_identify(src/turtlebot3_simulations) by extension 'python'
[1.217s] Level 1:colcon.colcon_core.package_identification:_identify(src/turtlebot3_simulations) by extensions ['python_setup_py']
[1.217s] Level 1:colcon.colcon_core.package_identification:_identify(src/turtlebot3_simulations) by extension 'python_setup_py'
[1.217s] Level 1:colcon.colcon_core.package_identification:_identify(src/turtlebot3_simulations/turtlebot3_fake_node) by extensions ['ignore', 'ignore_ament_install']
[1.217s] Level 1:colcon.colcon_core.package_identification:_identify(src/turtlebot3_simulations/turtlebot3_fake_node) by extension 'ignore'
[1.217s] Level 1:colcon.colcon_core.package_identification:_identify(src/turtlebot3_simulations/turtlebot3_fake_node) by extension 'ignore_ament_install'
[1.217s] Level 1:colcon.colcon_core.package_identification:_identify(src/turtlebot3_simulations/turtlebot3_fake_node) by extensions ['colcon_pkg']
[1.217s] Level 1:colcon.colcon_core.package_identification:_identify(src/turtlebot3_simulations/turtlebot3_fake_node) by extension 'colcon_pkg'
[1.217s] Level 1:colcon.colcon_core.package_identification:_identify(src/turtlebot3_simulations/turtlebot3_fake_node) by extensions ['colcon_meta']
[1.217s] Level 1:colcon.colcon_core.package_identification:_identify(src/turtlebot3_simulations/turtlebot3_fake_node) by extension 'colcon_meta'
[1.217s] Level 1:colcon.colcon_core.package_identification:_identify(src/turtlebot3_simulations/turtlebot3_fake_node) by extensions ['ros']
[1.217s] Level 1:colcon.colcon_core.package_identification:_identify(src/turtlebot3_simulations/turtlebot3_fake_node) by extension 'ros'
[1.218s] DEBUG:colcon.colcon_core.package_identification:Package 'src/turtlebot3_simulations/turtlebot3_fake_node' with type 'ros.ament_cmake' and name 'turtlebot3_fake_node'
[1.219s] Level 1:colcon.colcon_core.package_identification:_identify(src/turtlebot3_simulations/turtlebot3_gazebo) by extensions ['ignore', 'ignore_ament_install']
[1.219s] Level 1:colcon.colcon_core.package_identification:_identify(src/turtlebot3_simulations/turtlebot3_gazebo) by extension 'ignore'
[1.219s] Level 1:colcon.colcon_core.package_identification:_identify(src/turtlebot3_simulations/turtlebot3_gazebo) by extension 'ignore_ament_install'
[1.219s] Level 1:colcon.colcon_core.package_identification:_identify(src/turtlebot3_simulations/turtlebot3_gazebo) by extensions ['colcon_pkg']
[1.219s] Level 1:colcon.colcon_core.package_identification:_identify(src/turtlebot3_simulations/turtlebot3_gazebo) by extension 'colcon_pkg'
[1.219s] Level 1:colcon.colcon_core.package_identification:_identify(src/turtlebot3_simulations/turtlebot3_gazebo) by extensions ['colcon_meta']
[1.219s] Level 1:colcon.colcon_core.package_identification:_identify(src/turtlebot3_simulations/turtlebot3_gazebo) by extension 'colcon_meta'
[1.219s] Level 1:colcon.colcon_core.package_identification:_identify(src/turtlebot3_simulations/turtlebot3_gazebo) by extensions ['ros']
[1.219s] Level 1:colcon.colcon_core.package_identification:_identify(src/turtlebot3_simulations/turtlebot3_gazebo) by extension 'ros'
[1.220s] DEBUG:colcon.colcon_core.package_identification:Package 'src/turtlebot3_simulations/turtlebot3_gazebo' with type 'ros.ament_cmake' and name 'turtlebot3_gazebo'
[1.220s] Level 1:colcon.colcon_core.package_identification:_identify(src/turtlebot3_simulations/turtlebot3_simulations) by extensions ['ignore', 'ignore_ament_install']
[1.220s] Level 1:colcon.colcon_core.package_identification:_identify(src/turtlebot3_simulations/turtlebot3_simulations) by extension 'ignore'
[1.220s] Level 1:colcon.colcon_core.package_identification:_identify(src/turtlebot3_simulations/turtlebot3_simulations) by extension 'ignore_ament_install'
[1.220s] Level 1:colcon.colcon_core.package_identification:_identify(src/turtlebot3_simulations/turtlebot3_simulations) by extensions ['colcon_pkg']
[1.220s] Level 1:colcon.colcon_core.package_identification:_identify(src/turtlebot3_simulations/turtlebot3_simulations) by extension 'colcon_pkg'
[1.220s] Level 1:colcon.colcon_core.package_identification:_identify(src/turtlebot3_simulations/turtlebot3_simulations) by extensions ['colcon_meta']
[1.220s] Level 1:colcon.colcon_core.package_identification:_identify(src/turtlebot3_simulations/turtlebot3_simulations) by extension 'colcon_meta'
[1.220s] Level 1:colcon.colcon_core.package_identification:_identify(src/turtlebot3_simulations/turtlebot3_simulations) by extensions ['ros']
[1.220s] Level 1:colcon.colcon_core.package_identification:_identify(src/turtlebot3_simulations/turtlebot3_simulations) by extension 'ros'
[1.221s] DEBUG:colcon.colcon_core.package_identification:Package 'src/turtlebot3_simulations/turtlebot3_simulations' with type 'ros.ament_cmake' and name 'turtlebot3_simulations'
[1.221s] Level 1:colcon.colcon_core.package_identification:_identify(src/yolov8_ros) by extensions ['ignore', 'ignore_ament_install']
[1.221s] Level 1:colcon.colcon_core.package_identification:_identify(src/yolov8_ros) by extension 'ignore'
[1.221s] Level 1:colcon.colcon_core.package_identification:_identify(src/yolov8_ros) by extension 'ignore_ament_install'
[1.221s] Level 1:colcon.colcon_core.package_identification:_identify(src/yolov8_ros) by extensions ['colcon_pkg']
[1.221s] Level 1:colcon.colcon_core.package_identification:_identify(src/yolov8_ros) by extension 'colcon_pkg'
[1.221s] Level 1:colcon.colcon_core.package_identification:_identify(src/yolov8_ros) by extensions ['colcon_meta']
[1.221s] Level 1:colcon.colcon_core.package_identification:_identify(src/yolov8_ros) by extension 'colcon_meta'
[1.221s] Level 1:colcon.colcon_core.package_identification:_identify(src/yolov8_ros) by extensions ['ros']
[1.221s] Level 1:colcon.colcon_core.package_identification:_identify(src/yolov8_ros) by extension 'ros'
[1.221s] Level 1:colcon.colcon_core.package_identification:_identify(src/yolov8_ros) by extensions ['cmake', 'python']
[1.221s] Level 1:colcon.colcon_core.package_identification:_identify(src/yolov8_ros) by extension 'cmake'
[1.221s] Level 1:colcon.colcon_core.package_identification:_identify(src/yolov8_ros) by extension 'python'
[1.221s] Level 1:colcon.colcon_core.package_identification:_identify(src/yolov8_ros) by extensions ['python_setup_py']
[1.222s] Level 1:colcon.colcon_core.package_identification:_identify(src/yolov8_ros) by extension 'python_setup_py'
[1.222s] Level 1:colcon.colcon_core.package_identification:_identify(src/yolov8_ros/yolov8_bringup) by extensions ['ignore', 'ignore_ament_install']
[1.222s] Level 1:colcon.colcon_core.package_identification:_identify(src/yolov8_ros/yolov8_bringup) by extension 'ignore'
[1.222s] Level 1:colcon.colcon_core.package_identification:_identify(src/yolov8_ros/yolov8_bringup) by extension 'ignore_ament_install'
[1.222s] Level 1:colcon.colcon_core.package_identification:_identify(src/yolov8_ros/yolov8_bringup) by extensions ['colcon_pkg']
[1.222s] Level 1:colcon.colcon_core.package_identification:_identify(src/yolov8_ros/yolov8_bringup) by extension 'colcon_pkg'
[1.222s] Level 1:colcon.colcon_core.package_identification:_identify(src/yolov8_ros/yolov8_bringup) by extensions ['colcon_meta']
[1.222s] Level 1:colcon.colcon_core.package_identification:_identify(src/yolov8_ros/yolov8_bringup) by extension 'colcon_meta'
[1.222s] Level 1:colcon.colcon_core.package_identification:_identify(src/yolov8_ros/yolov8_bringup) by extensions ['ros']
[1.222s] Level 1:colcon.colcon_core.package_identification:_identify(src/yolov8_ros/yolov8_bringup) by extension 'ros'
[1.222s] DEBUG:colcon.colcon_core.package_identification:Package 'src/yolov8_ros/yolov8_bringup' with type 'ros.ament_cmake' and name 'yolov8_bringup'
[1.223s] Level 1:colcon.colcon_core.package_identification:_identify(src/yolov8_ros/yolov8_msgs) by extensions ['ignore', 'ignore_ament_install']
[1.223s] Level 1:colcon.colcon_core.package_identification:_identify(src/yolov8_ros/yolov8_msgs) by extension 'ignore'
[1.223s] Level 1:colcon.colcon_core.package_identification:_identify(src/yolov8_ros/yolov8_msgs) by extension 'ignore_ament_install'
[1.223s] Level 1:colcon.colcon_core.package_identification:_identify(src/yolov8_ros/yolov8_msgs) by extensions ['colcon_pkg']
[1.223s] Level 1:colcon.colcon_core.package_identification:_identify(src/yolov8_ros/yolov8_msgs) by extension 'colcon_pkg'
[1.223s] Level 1:colcon.colcon_core.package_identification:_identify(src/yolov8_ros/yolov8_msgs) by extensions ['colcon_meta']
[1.223s] Level 1:colcon.colcon_core.package_identification:_identify(src/yolov8_ros/yolov8_msgs) by extension 'colcon_meta'
[1.223s] Level 1:colcon.colcon_core.package_identification:_identify(src/yolov8_ros/yolov8_msgs) by extensions ['ros']
[1.223s] Level 1:colcon.colcon_core.package_identification:_identify(src/yolov8_ros/yolov8_msgs) by extension 'ros'
[1.224s] DEBUG:colcon.colcon_core.package_identification:Package 'src/yolov8_ros/yolov8_msgs' with type 'ros.ament_cmake' and name 'yolov8_msgs'
[1.224s] Level 1:colcon.colcon_core.package_identification:_identify(src/yolov8_ros/yolov8_ros) by extensions ['ignore', 'ignore_ament_install']
[1.224s] Level 1:colcon.colcon_core.package_identification:_identify(src/yolov8_ros/yolov8_ros) by extension 'ignore'
[1.224s] Level 1:colcon.colcon_core.package_identification:_identify(src/yolov8_ros/yolov8_ros) by extension 'ignore_ament_install'
[1.224s] Level 1:colcon.colcon_core.package_identification:_identify(src/yolov8_ros/yolov8_ros) by extensions ['colcon_pkg']
[1.224s] Level 1:colcon.colcon_core.package_identification:_identify(src/yolov8_ros/yolov8_ros) by extension 'colcon_pkg'
[1.224s] Level 1:colcon.colcon_core.package_identification:_identify(src/yolov8_ros/yolov8_ros) by extensions ['colcon_meta']
[1.224s] Level 1:colcon.colcon_core.package_identification:_identify(src/yolov8_ros/yolov8_ros) by extension 'colcon_meta'
[1.224s] Level 1:colcon.colcon_core.package_identification:_identify(src/yolov8_ros/yolov8_ros) by extensions ['ros']
[1.224s] Level 1:colcon.colcon_core.package_identification:_identify(src/yolov8_ros/yolov8_ros) by extension 'ros'
[1.225s] DEBUG:colcon.colcon_core.package_identification:Package 'src/yolov8_ros/yolov8_ros' with type 'ros.ament_python' and name 'yolov8_ros'
[1.225s] Level 1:colcon.colcon_core.package_discovery:discover_packages(recursive) using defaults
[1.225s] Level 1:colcon.colcon_core.package_discovery:discover_packages(ignore) discover
[1.225s] Level 1:colcon.colcon_core.package_discovery:discover_packages(ignore) using defaults
[1.225s] Level 1:colcon.colcon_core.package_discovery:discover_packages(path) discover
[1.225s] Level 1:colcon.colcon_core.package_discovery:discover_packages(path) using defaults
[1.239s] WARNING:colcon.colcon_core.package_selection:ignoring unknown package 'turtlebot3_ws' in --packages-select
[1.291s] INFO:colcon.colcon_core.package_selection:Skipping not selected package 'cv_stuff' in 'src/cv_stuff'
[1.291s] INFO:colcon.colcon_core.package_selection:Skipping not selected package 'ros2_camera_publish' in 'src/ros2_camera_publish'
[1.291s] INFO:colcon.colcon_core.package_selection:Skipping not selected package 'turtlebot3_fake_node' in 'src/turtlebot3_simulations/turtlebot3_fake_node'
[1.291s] INFO:colcon.colcon_core.package_selection:Skipping not selected package 'turtlebot3_gazebo' in 'src/turtlebot3_simulations/turtlebot3_gazebo'
[1.291s] INFO:colcon.colcon_core.package_selection:Skipping not selected package 'yolov8_msgs' in 'src/yolov8_ros/yolov8_msgs'
[1.291s] INFO:colcon.colcon_core.package_selection:Skipping not selected package 'yolov8_ros' in 'src/yolov8_ros/yolov8_ros'
[1.291s] INFO:colcon.colcon_core.package_selection:Skipping not selected package 'turtlebot3_simulations' in 'src/turtlebot3_simulations/turtlebot3_simulations'
[1.291s] INFO:colcon.colcon_core.package_selection:Skipping not selected package 'yolov8_bringup' in 'src/yolov8_ros/yolov8_bringup'
[1.319s] Level 1:colcon.colcon_core.package_discovery:discover_packages(prefix_path) check parameters
[1.319s] Level 1:colcon.colcon_core.package_discovery:discover_packages(prefix_path) discover
[1.357s] DEBUG:colcon.colcon_installed_package_information.package_discovery:Found 8 installed packages in /home/arms/turtlebot3_ws/install
[1.372s] DEBUG:colcon.colcon_installed_package_information.package_discovery:Found 381 installed packages in /opt/ros/humble
[1.374s] Level 1:colcon.colcon_core.package_discovery:discover_packages(prefix_path) using defaults
[1.484s] INFO:colcon.colcon_core.executor:Executing jobs using 'parallel' executor
[1.503s] DEBUG:colcon.colcon_parallel_executor.executor.parallel:run_until_complete
[1.503s] DEBUG:colcon.colcon_parallel_executor.executor.parallel:closing loop
[1.503s] DEBUG:colcon.colcon_parallel_executor.executor.parallel:loop closed
[1.503s] DEBUG:colcon.colcon_parallel_executor.executor.parallel:run_until_complete finished with '0'
[1.503s] DEBUG:colcon.colcon_core.event_reactor:joining thread
[1.555s] INFO:colcon.colcon_core.plugin_system:Skipping extension 'colcon_notification.desktop_notification.terminal_notifier': Not used on non-Darwin systems
[1.555s] INFO:colcon.colcon_core.plugin_system:Skipping extension 'colcon_notification.desktop_notification.win32': Not used on non-Windows systems
[1.555s] INFO:colcon.colcon_notification.desktop_notification:Sending desktop notification using 'notify2'
[1.580s] DEBUG:colcon.colcon_core.event_reactor:joined thread
[1.615s] INFO:colcon.colcon_core.plugin_system:Skipping extension 'colcon_core.shell.bat': Not used on non-Windows systems
[1.616s] INFO:colcon.colcon_core.shell:Creating prefix script '/home/arms/turtlebot3_ws/install/local_setup.ps1'
[1.617s] INFO:colcon.colcon_core.shell:Creating prefix util module '/home/arms/turtlebot3_ws/install/_local_setup_util_ps1.py'
[1.619s] INFO:colcon.colcon_core.shell:Creating prefix chain script '/home/arms/turtlebot3_ws/install/setup.ps1'
[1.651s] INFO:colcon.colcon_core.shell:Creating prefix script '/home/arms/turtlebot3_ws/install/local_setup.sh'
[1.652s] INFO:colcon.colcon_core.shell:Creating prefix util module '/home/arms/turtlebot3_ws/install/_local_setup_util_sh.py'
[1.653s] INFO:colcon.colcon_core.shell:Creating prefix chain script '/home/arms/turtlebot3_ws/install/setup.sh'
[1.673s] INFO:colcon.colcon_core.shell:Creating prefix script '/home/arms/turtlebot3_ws/install/local_setup.bash'
[1.674s] INFO:colcon.colcon_core.shell:Creating prefix chain script '/home/arms/turtlebot3_ws/install/setup.bash'
[1.688s] INFO:colcon.colcon_core.shell:Creating prefix script '/home/arms/turtlebot3_ws/install/local_setup.zsh'
[1.689s] INFO:colcon.colcon_core.shell:Creating prefix chain script '/home/arms/turtlebot3_ws/install/setup.zsh'
