[0.945s] Invoking command in '/home/arms/turtlebot3_ws/src/shoe_detector': PYTHONPATH=/home/arms/turtlebot3_ws/build/shoe_detector/prefix_override:/home/arms/turtlebot3_ws/install/shoe_detector/lib/python3.10/site-packages:${PYTHONPATH} /usr/bin/python3 setup.py egg_info --egg-base ../../build/shoe_detector build --build-base /home/arms/turtlebot3_ws/build/shoe_detector/build install --record /home/arms/turtlebot3_ws/build/shoe_detector/install.log --single-version-externally-managed
[1.097s] running egg_info
[1.097s] writing ../../build/shoe_detector/shoe_detector.egg-info/PKG-INFO
[1.097s] writing dependency_links to ../../build/shoe_detector/shoe_detector.egg-info/dependency_links.txt
[1.097s] writing entry points to ../../build/shoe_detector/shoe_detector.egg-info/entry_points.txt
[1.097s] writing requirements to ../../build/shoe_detector/shoe_detector.egg-info/requires.txt
[1.097s] writing top-level names to ../../build/shoe_detector/shoe_detector.egg-info/top_level.txt
[1.098s] reading manifest file '../../build/shoe_detector/shoe_detector.egg-info/SOURCES.txt'
[1.099s] writing manifest file '../../build/shoe_detector/shoe_detector.egg-info/SOURCES.txt'
[1.099s] running build
[1.099s] running build_py
[1.100s] /usr/lib/python3/dist-packages/setuptools/command/install.py:34: SetuptoolsDeprecationWarning: setup.py install is deprecated. Use build and pip and other standards-based tools.
[1.100s]   warnings.warn(
[1.100s] copying shoe_detector/shoe_detector.py -> /home/arms/turtlebot3_ws/build/shoe_detector/build/lib/shoe_detector
[1.100s] running install
[1.100s] running install_lib
[1.100s] copying /home/arms/turtlebot3_ws/build/shoe_detector/build/lib/shoe_detector/shoe_detector.py -> /home/arms/turtlebot3_ws/install/shoe_detector/lib/python3.10/site-packages/shoe_detector
[1.101s] byte-compiling /home/arms/turtlebot3_ws/install/shoe_detector/lib/python3.10/site-packages/shoe_detector/shoe_detector.py to shoe_detector.cpython-310.pyc
[1.101s] running install_data
[1.101s] running install_egg_info
[1.102s] removing '/home/arms/turtlebot3_ws/install/shoe_detector/lib/python3.10/site-packages/shoe_detector-0.0.0-py3.10.egg-info' (and everything under it)
[1.102s] Copying ../../build/shoe_detector/shoe_detector.egg-info to /home/arms/turtlebot3_ws/install/shoe_detector/lib/python3.10/site-packages/shoe_detector-0.0.0-py3.10.egg-info
[1.103s] running install_scripts
[1.118s] Installing shoe_detect script to /home/arms/turtlebot3_ws/install/shoe_detector/lib/shoe_detector
[1.118s] writing list of installed files to '/home/arms/turtlebot3_ws/build/shoe_detector/install.log'
[1.166s] Invoked command in '/home/arms/turtlebot3_ws/src/shoe_detector' returned '0': PYTHONPATH=/home/arms/turtlebot3_ws/build/shoe_detector/prefix_override:/home/arms/turtlebot3_ws/install/shoe_detector/lib/python3.10/site-packages:${PYTHONPATH} /usr/bin/python3 setup.py egg_info --egg-base ../../build/shoe_detector build --build-base /home/arms/turtlebot3_ws/build/shoe_detector/build install --record /home/arms/turtlebot3_ws/build/shoe_detector/install.log --single-version-externally-managed
