running egg_info
writing ../../build/remote_bringup/remote_bringup.egg-info/PKG-INFO
writing dependency_links to ../../build/remote_bringup/remote_bringup.egg-info/dependency_links.txt
writing entry points to ../../build/remote_bringup/remote_bringup.egg-info/entry_points.txt
writing requirements to ../../build/remote_bringup/remote_bringup.egg-info/requires.txt
writing top-level names to ../../build/remote_bringup/remote_bringup.egg-info/top_level.txt
reading manifest file '../../build/remote_bringup/remote_bringup.egg-info/SOURCES.txt'
writing manifest file '../../build/remote_bringup/remote_bringup.egg-info/SOURCES.txt'
running build
running build_py
/usr/lib/python3/dist-packages/setuptools/command/install.py:34: SetuptoolsDeprecationWarning: setup.py install is deprecated. Use build and pip and other standards-based tools.
  warnings.warn(
copying remote_bringup/waiter.py -> /home/arms/turtlebot3_ws/build/remote_bringup/build/lib/remote_bringup
running install
running install_lib
copying /home/arms/turtlebot3_ws/build/remote_bringup/build/lib/remote_bringup/waiter.py -> /home/arms/turtlebot3_ws/install/remote_bringup/lib/python3.10/site-packages/remote_bringup
byte-compiling /home/arms/turtlebot3_ws/install/remote_bringup/lib/python3.10/site-packages/remote_bringup/waiter.py to waiter.cpython-310.pyc
running install_data
running install_egg_info
removing '/home/arms/turtlebot3_ws/install/remote_bringup/lib/python3.10/site-packages/remote_bringup-0.0.0-py3.10.egg-info' (and everything under it)
Copying ../../build/remote_bringup/remote_bringup.egg-info to /home/arms/turtlebot3_ws/install/remote_bringup/lib/python3.10/site-packages/remote_bringup-0.0.0-py3.10.egg-info
running install_scripts
Installing waiter script to /home/arms/turtlebot3_ws/install/remote_bringup/lib/remote_bringup
writing list of installed files to '/home/arms/turtlebot3_ws/build/remote_bringup/install.log'
