[0.410s] Invoking command in '/home/arms/turtlebot3_ws/src/remote_bringup': PYTHONPATH=/home/arms/turtlebot3_ws/build/remote_bringup/prefix_override:/home/arms/turtlebot3_ws/install/remote_bringup/lib/python3.10/site-packages:${PYTHONPATH} /usr/bin/python3 setup.py egg_info --egg-base ../../build/remote_bringup build --build-base /home/arms/turtlebot3_ws/build/remote_bringup/build install --record /home/arms/turtlebot3_ws/build/remote_bringup/install.log --single-version-externally-managed
[0.537s] running egg_info
[0.537s] writing ../../build/remote_bringup/remote_bringup.egg-info/PKG-INFO
[0.537s] writing dependency_links to ../../build/remote_bringup/remote_bringup.egg-info/dependency_links.txt
[0.537s] writing entry points to ../../build/remote_bringup/remote_bringup.egg-info/entry_points.txt
[0.537s] writing requirements to ../../build/remote_bringup/remote_bringup.egg-info/requires.txt
[0.537s] writing top-level names to ../../build/remote_bringup/remote_bringup.egg-info/top_level.txt
[0.538s] reading manifest file '../../build/remote_bringup/remote_bringup.egg-info/SOURCES.txt'
[0.539s] writing manifest file '../../build/remote_bringup/remote_bringup.egg-info/SOURCES.txt'
[0.539s] running build
[0.539s] running build_py
[0.539s] copying remote_bringup/waiter.py -> /home/arms/turtlebot3_ws/build/remote_bringup/build/lib/remote_bringup
[0.539s] running install
[0.539s] /usr/lib/python3/dist-packages/setuptools/command/install.py:34: SetuptoolsDeprecationWarning: setup.py install is deprecated. Use build and pip and other standards-based tools.
[0.539s]   warnings.warn(
[0.539s] running install_lib
[0.540s] copying /home/arms/turtlebot3_ws/build/remote_bringup/build/lib/remote_bringup/waiter.py -> /home/arms/turtlebot3_ws/install/remote_bringup/lib/python3.10/site-packages/remote_bringup
[0.540s] byte-compiling /home/arms/turtlebot3_ws/install/remote_bringup/lib/python3.10/site-packages/remote_bringup/waiter.py to waiter.cpython-310.pyc
[0.540s] running install_data
[0.541s] running install_egg_info
[0.542s] removing '/home/arms/turtlebot3_ws/install/remote_bringup/lib/python3.10/site-packages/remote_bringup-0.0.0-py3.10.egg-info' (and everything under it)
[0.542s] Copying ../../build/remote_bringup/remote_bringup.egg-info to /home/arms/turtlebot3_ws/install/remote_bringup/lib/python3.10/site-packages/remote_bringup-0.0.0-py3.10.egg-info
[0.542s] running install_scripts
[0.554s] Installing waiter script to /home/arms/turtlebot3_ws/install/remote_bringup/lib/remote_bringup
[0.554s] writing list of installed files to '/home/arms/turtlebot3_ws/build/remote_bringup/install.log'
[0.566s] Invoked command in '/home/arms/turtlebot3_ws/src/remote_bringup' returned '0': PYTHONPATH=/home/arms/turtlebot3_ws/build/remote_bringup/prefix_override:/home/arms/turtlebot3_ws/install/remote_bringup/lib/python3.10/site-packages:${PYTHONPATH} /usr/bin/python3 setup.py egg_info --egg-base ../../build/remote_bringup build --build-base /home/arms/turtlebot3_ws/build/remote_bringup/build install --record /home/arms/turtlebot3_ws/build/remote_bringup/install.log --single-version-externally-managed
