[0.185s] Invoking command in '/home/arms/turtlebot3_ws/build/yolov8_msgs': CMAKE_PREFIX_PATH=/opt/ros/humble /usr/bin/cmake /home/arms/turtlebot3_ws/src/yolov8_ros/yolov8_msgs -DCMAKE_INSTALL_PREFIX=/home/arms/turtlebot3_ws/install/yolov8_msgs
[0.239s] -- The C compiler identification is GNU 11.4.0
[0.296s] -- The CXX compiler identification is GNU 11.4.0
[0.301s] -- Detecting C compiler ABI info
[0.343s] -- Detecting C compiler ABI info - done
[0.349s] -- Check for working C compiler: /usr/bin/cc - skipped
[0.349s] -- Detecting C compile features
[0.349s] -- Detecting C compile features - done
[0.351s] -- Detecting CXX compiler ABI info
[0.398s] -- Detecting CXX compiler ABI info - done
[0.403s] -- Check for working CXX compiler: /usr/bin/c++ - skipped
[0.403s] -- Detecting CXX compile features
[0.403s] -- Detecting CXX compile features - done
[0.406s] -- Found ament_cmake: 1.3.5 (/opt/ros/humble/share/ament_cmake/cmake)
[0.512s] -- Found Python3: /usr/bin/python3.10 (found version "3.10.12") found components: Interpreter 
[0.568s] -- Found rosidl_default_generators: 1.2.0 (/opt/ros/humble/share/rosidl_default_generators/cmake)
[0.570s] -- Using all available rosidl_typesupport_c: rosidl_typesupport_fastrtps_c;rosidl_typesupport_introspection_c
[0.574s] -- Found rosidl_adapter: 3.1.5 (/opt/ros/humble/share/rosidl_adapter/cmake)
[0.600s] -- Using all available rosidl_typesupport_cpp: rosidl_typesupport_fastrtps_cpp;rosidl_typesupport_introspection_cpp
[0.622s] -- Found std_msgs: 4.2.3 (/opt/ros/humble/share/std_msgs/cmake)
[0.662s] -- Found geometry_msgs: 4.2.3 (/opt/ros/humble/share/geometry_msgs/cmake)
[0.898s] -- Found ament_cmake_ros: 0.10.0 (/opt/ros/humble/share/ament_cmake_ros/cmake)
[1.061s] -- Using all available rosidl_typesupport_c: rosidl_typesupport_fastrtps_c;rosidl_typesupport_introspection_c
[1.253s] -- Using all available rosidl_typesupport_cpp: rosidl_typesupport_fastrtps_cpp;rosidl_typesupport_introspection_cpp
[1.265s] -- Found PythonInterp: /usr/bin/python3 (found suitable version "3.10.12", minimum required is "3.6") 
[1.266s] -- Found python_cmake_module: 0.10.0 (/opt/ros/humble/share/python_cmake_module/cmake)
[1.281s] -- Found PythonLibs: /usr/lib/x86_64-linux-gnu/libpython3.10.so (found suitable version "3.10.12", minimum required is "3.5") 
[1.281s] -- Using PYTHON_EXECUTABLE: /usr/bin/python3
[1.281s] -- Using PYTHON_INCLUDE_DIRS: /usr/include/python3.10
[1.281s] -- Using PYTHON_LIBRARIES: /usr/lib/x86_64-linux-gnu/libpython3.10.so
[1.293s] -- Found PythonExtra: .so  
[1.330s] -- Configuring done
[1.357s] -- Generating done
[1.359s] -- Build files have been written to: /home/arms/turtlebot3_ws/build/yolov8_msgs
[1.363s] Invoked command in '/home/arms/turtlebot3_ws/build/yolov8_msgs' returned '0': CMAKE_PREFIX_PATH=/opt/ros/humble /usr/bin/cmake /home/arms/turtlebot3_ws/src/yolov8_ros/yolov8_msgs -DCMAKE_INSTALL_PREFIX=/home/arms/turtlebot3_ws/install/yolov8_msgs
[1.364s] Invoking command in '/home/arms/turtlebot3_ws/build/yolov8_msgs': CMAKE_PREFIX_PATH=/opt/ros/humble /usr/bin/cmake --build /home/arms/turtlebot3_ws/build/yolov8_msgs -- -j20 -l20
[1.388s] [  1%] [34m[1mGenerating C code for ROS interfaces[0m
[1.393s] [  1%] [34m[1mGenerating C++ code for ROS interfaces[0m
[1.397s] [  1%] Built target ament_cmake_python_copy_yolov8_msgs
[1.531s] running egg_info
[1.531s] creating yolov8_msgs.egg-info
[1.532s] writing yolov8_msgs.egg-info/PKG-INFO
[1.532s] writing dependency_links to yolov8_msgs.egg-info/dependency_links.txt
[1.532s] writing top-level names to yolov8_msgs.egg-info/top_level.txt
[1.532s] writing manifest file 'yolov8_msgs.egg-info/SOURCES.txt'
[1.533s] reading manifest file 'yolov8_msgs.egg-info/SOURCES.txt'
[1.533s] writing manifest file 'yolov8_msgs.egg-info/SOURCES.txt'
[1.549s] [  1%] Built target ament_cmake_python_build_yolov8_msgs_egg
[1.908s] [  1%] Built target yolov8_msgs__cpp
[1.916s] [  2%] [34m[1mGenerating C++ type support dispatch for ROS interfaces[0m
[1.917s] [  2%] [34m[1mGenerating C++ type support for eProsima Fast-RTPS[0m
[1.918s] [  3%] [34m[1mGenerating C++ introspection for ROS interfaces[0m
[1.957s] [  5%] [32mBuilding C object CMakeFiles/yolov8_msgs__rosidl_generator_c.dir/rosidl_generator_c/yolov8_msgs/msg/detail/bounding_box2_d__functions.c.o[0m
[1.957s] [  5%] [32mBuilding C object CMakeFiles/yolov8_msgs__rosidl_generator_c.dir/rosidl_generator_c/yolov8_msgs/msg/detail/pose2_d__functions.c.o[0m
[1.957s] [  5%] [32mBuilding C object CMakeFiles/yolov8_msgs__rosidl_generator_c.dir/rosidl_generator_c/yolov8_msgs/msg/detail/vector2__functions.c.o[0m
[1.957s] [  6%] [32mBuilding C object CMakeFiles/yolov8_msgs__rosidl_generator_c.dir/rosidl_generator_c/yolov8_msgs/msg/detail/point2_d__functions.c.o[0m
[1.960s] [  7%] [32mBuilding C object CMakeFiles/yolov8_msgs__rosidl_generator_c.dir/rosidl_generator_c/yolov8_msgs/msg/detail/key_point3_d_array__functions.c.o[0m
[1.961s] [  7%] [32mBuilding C object CMakeFiles/yolov8_msgs__rosidl_generator_c.dir/rosidl_generator_c/yolov8_msgs/msg/detail/bounding_box3_d__functions.c.o[0m
[1.961s] [  8%] [32mBuilding C object CMakeFiles/yolov8_msgs__rosidl_generator_c.dir/rosidl_generator_c/yolov8_msgs/msg/detail/detection__functions.c.o[0m
[1.961s] [  9%] [32mBuilding C object CMakeFiles/yolov8_msgs__rosidl_generator_c.dir/rosidl_generator_c/yolov8_msgs/msg/detail/key_point2_d__functions.c.o[0m
[1.961s] [ 12%] [32mBuilding C object CMakeFiles/yolov8_msgs__rosidl_generator_c.dir/rosidl_generator_c/yolov8_msgs/msg/detail/mask__functions.c.o[0m
[1.961s] [ 12%] [32mBuilding C object CMakeFiles/yolov8_msgs__rosidl_generator_c.dir/rosidl_generator_c/yolov8_msgs/msg/detail/key_point2_d_array__functions.c.o[0m
[1.961s] [ 12%] [32mBuilding C object CMakeFiles/yolov8_msgs__rosidl_generator_c.dir/rosidl_generator_c/yolov8_msgs/msg/detail/key_point3_d__functions.c.o[0m
[1.961s] [ 13%] [32mBuilding C object CMakeFiles/yolov8_msgs__rosidl_generator_c.dir/rosidl_generator_c/yolov8_msgs/msg/detail/detection_array__functions.c.o[0m
[2.015s] [ 14%] [32m[1mLinking C shared library libyolov8_msgs__rosidl_generator_c.so[0m
[2.044s] [ 14%] Built target yolov8_msgs__rosidl_generator_c
[2.050s] [ 15%] [34m[1mGenerating C type support for eProsima Fast-RTPS[0m
[2.050s] [ 17%] [34m[1mGenerating C introspection for ROS interfaces[0m
[2.050s] [ 17%] [34m[1mGenerating C type support dispatch for ROS interfaces[0m
[2.436s] [ 18%] [32mBuilding CXX object CMakeFiles/yolov8_msgs__rosidl_typesupport_cpp.dir/rosidl_typesupport_cpp/yolov8_msgs/msg/pose2_d__type_support.cpp.o[0m
[2.438s] [ 19%] [32mBuilding CXX object CMakeFiles/yolov8_msgs__rosidl_typesupport_cpp.dir/rosidl_typesupport_cpp/yolov8_msgs/msg/point2_d__type_support.cpp.o[0m
[2.438s] [ 20%] [32mBuilding CXX object CMakeFiles/yolov8_msgs__rosidl_typesupport_cpp.dir/rosidl_typesupport_cpp/yolov8_msgs/msg/vector2__type_support.cpp.o[0m
[2.438s] [ 21%] [32mBuilding CXX object CMakeFiles/yolov8_msgs__rosidl_typesupport_cpp.dir/rosidl_typesupport_cpp/yolov8_msgs/msg/bounding_box2_d__type_support.cpp.o[0m
[2.441s] [ 22%] [32mBuilding CXX object CMakeFiles/yolov8_msgs__rosidl_typesupport_cpp.dir/rosidl_typesupport_cpp/yolov8_msgs/msg/bounding_box3_d__type_support.cpp.o[0m
[2.441s] [ 22%] [32mBuilding CXX object CMakeFiles/yolov8_msgs__rosidl_typesupport_cpp.dir/rosidl_typesupport_cpp/yolov8_msgs/msg/mask__type_support.cpp.o[0m
[2.441s] [ 23%] [32mBuilding CXX object CMakeFiles/yolov8_msgs__rosidl_typesupport_cpp.dir/rosidl_typesupport_cpp/yolov8_msgs/msg/key_point2_d__type_support.cpp.o[0m
[2.441s] [ 24%] [32mBuilding CXX object CMakeFiles/yolov8_msgs__rosidl_typesupport_cpp.dir/rosidl_typesupport_cpp/yolov8_msgs/msg/key_point2_d_array__type_support.cpp.o[0m
[2.441s] [ 25%] [32mBuilding CXX object CMakeFiles/yolov8_msgs__rosidl_typesupport_cpp.dir/rosidl_typesupport_cpp/yolov8_msgs/msg/key_point3_d_array__type_support.cpp.o[0m
[2.441s] [ 26%] [32mBuilding CXX object CMakeFiles/yolov8_msgs__rosidl_typesupport_cpp.dir/rosidl_typesupport_cpp/yolov8_msgs/msg/detection_array__type_support.cpp.o[0m
[2.441s] [ 27%] [32mBuilding CXX object CMakeFiles/yolov8_msgs__rosidl_typesupport_cpp.dir/rosidl_typesupport_cpp/yolov8_msgs/msg/key_point3_d__type_support.cpp.o[0m
[2.441s] [ 27%] [32mBuilding CXX object CMakeFiles/yolov8_msgs__rosidl_typesupport_cpp.dir/rosidl_typesupport_cpp/yolov8_msgs/msg/detection__type_support.cpp.o[0m
[2.622s] [ 28%] [32mBuilding CXX object CMakeFiles/yolov8_msgs__rosidl_typesupport_c.dir/rosidl_typesupport_c/yolov8_msgs/msg/point2_d__type_support.cpp.o[0m
[2.624s] [ 29%] [32mBuilding CXX object CMakeFiles/yolov8_msgs__rosidl_typesupport_c.dir/rosidl_typesupport_c/yolov8_msgs/msg/bounding_box2_d__type_support.cpp.o[0m
[2.624s] [ 30%] [32mBuilding CXX object CMakeFiles/yolov8_msgs__rosidl_typesupport_c.dir/rosidl_typesupport_c/yolov8_msgs/msg/pose2_d__type_support.cpp.o[0m
[2.629s] [ 30%] [32mBuilding CXX object CMakeFiles/yolov8_msgs__rosidl_typesupport_c.dir/rosidl_typesupport_c/yolov8_msgs/msg/vector2__type_support.cpp.o[0m
[2.673s] [ 31%] [32mBuilding CXX object CMakeFiles/yolov8_msgs__rosidl_typesupport_c.dir/rosidl_typesupport_c/yolov8_msgs/msg/bounding_box3_d__type_support.cpp.o[0m
[2.681s] [ 32%] [32mBuilding CXX object CMakeFiles/yolov8_msgs__rosidl_typesupport_c.dir/rosidl_typesupport_c/yolov8_msgs/msg/mask__type_support.cpp.o[0m
[2.687s] [ 33%] [32mBuilding CXX object CMakeFiles/yolov8_msgs__rosidl_typesupport_c.dir/rosidl_typesupport_c/yolov8_msgs/msg/key_point2_d__type_support.cpp.o[0m
[2.725s] [ 33%] [32mBuilding CXX object CMakeFiles/yolov8_msgs__rosidl_typesupport_c.dir/rosidl_typesupport_c/yolov8_msgs/msg/key_point2_d_array__type_support.cpp.o[0m
[2.728s] [ 34%] [32mBuilding CXX object CMakeFiles/yolov8_msgs__rosidl_typesupport_c.dir/rosidl_typesupport_c/yolov8_msgs/msg/key_point3_d__type_support.cpp.o[0m
[2.729s] [ 35%] [32mBuilding CXX object CMakeFiles/yolov8_msgs__rosidl_typesupport_c.dir/rosidl_typesupport_c/yolov8_msgs/msg/key_point3_d_array__type_support.cpp.o[0m
[2.775s] [ 36%] [32mBuilding CXX object CMakeFiles/yolov8_msgs__rosidl_typesupport_c.dir/rosidl_typesupport_c/yolov8_msgs/msg/detection__type_support.cpp.o[0m
[2.782s] [ 37%] [32mBuilding CXX object CMakeFiles/yolov8_msgs__rosidl_typesupport_c.dir/rosidl_typesupport_c/yolov8_msgs/msg/detection_array__type_support.cpp.o[0m
[2.815s] [ 38%] [32mBuilding CXX object CMakeFiles/yolov8_msgs__rosidl_typesupport_fastrtps_cpp.dir/rosidl_typesupport_fastrtps_cpp/yolov8_msgs/msg/detail/dds_fastrtps/point2_d__type_support.cpp.o[0m
[2.818s] [ 39%] [32mBuilding CXX object CMakeFiles/yolov8_msgs__rosidl_typesupport_fastrtps_cpp.dir/rosidl_typesupport_fastrtps_cpp/yolov8_msgs/msg/detail/dds_fastrtps/pose2_d__type_support.cpp.o[0m
[2.819s] [ 41%] [32mBuilding CXX object CMakeFiles/yolov8_msgs__rosidl_typesupport_fastrtps_cpp.dir/rosidl_typesupport_fastrtps_cpp/yolov8_msgs/msg/detail/dds_fastrtps/bounding_box2_d__type_support.cpp.o[0m
[2.819s] [ 41%] [32mBuilding CXX object CMakeFiles/yolov8_msgs__rosidl_typesupport_fastrtps_cpp.dir/rosidl_typesupport_fastrtps_cpp/yolov8_msgs/msg/detail/dds_fastrtps/vector2__type_support.cpp.o[0m
[2.820s] [ 42%] [32mBuilding CXX object CMakeFiles/yolov8_msgs__rosidl_typesupport_fastrtps_cpp.dir/rosidl_typesupport_fastrtps_cpp/yolov8_msgs/msg/detail/dds_fastrtps/bounding_box3_d__type_support.cpp.o[0m
[2.821s] [ 43%] [32mBuilding CXX object CMakeFiles/yolov8_msgs__rosidl_typesupport_fastrtps_cpp.dir/rosidl_typesupport_fastrtps_cpp/yolov8_msgs/msg/detail/dds_fastrtps/key_point2_d__type_support.cpp.o[0m
[2.824s] [ 44%] [32mBuilding CXX object CMakeFiles/yolov8_msgs__rosidl_typesupport_fastrtps_cpp.dir/rosidl_typesupport_fastrtps_cpp/yolov8_msgs/msg/detail/dds_fastrtps/key_point2_d_array__type_support.cpp.o[0m
[2.824s] [ 44%] [32mBuilding CXX object CMakeFiles/yolov8_msgs__rosidl_typesupport_fastrtps_cpp.dir/rosidl_typesupport_fastrtps_cpp/yolov8_msgs/msg/detail/dds_fastrtps/mask__type_support.cpp.o[0m
[2.828s] [ 45%] [32m[1mLinking CXX shared library libyolov8_msgs__rosidl_typesupport_c.so[0m
[2.831s] [ 46%] [32mBuilding CXX object CMakeFiles/yolov8_msgs__rosidl_typesupport_fastrtps_cpp.dir/rosidl_typesupport_fastrtps_cpp/yolov8_msgs/msg/detail/dds_fastrtps/key_point3_d__type_support.cpp.o[0m
[2.831s] [ 46%] [32mBuilding CXX object CMakeFiles/yolov8_msgs__rosidl_typesupport_introspection_cpp.dir/rosidl_typesupport_introspection_cpp/yolov8_msgs/msg/detail/point2_d__type_support.cpp.o[0m
[2.845s] [ 47%] [32mBuilding C object CMakeFiles/yolov8_msgs__rosidl_typesupport_introspection_c.dir/rosidl_typesupport_introspection_c/yolov8_msgs/msg/detail/point2_d__type_support.c.o[0m
[2.857s] [ 48%] [32mBuilding C object CMakeFiles/yolov8_msgs__rosidl_typesupport_introspection_c.dir/rosidl_typesupport_introspection_c/yolov8_msgs/msg/detail/vector2__type_support.c.o[0m
[2.861s] [ 50%] [32mBuilding CXX object CMakeFiles/yolov8_msgs__rosidl_typesupport_fastrtps_cpp.dir/rosidl_typesupport_fastrtps_cpp/yolov8_msgs/msg/detail/dds_fastrtps/key_point3_d_array__type_support.cpp.o[0m
[2.861s] [ 50%] [32mBuilding C object CMakeFiles/yolov8_msgs__rosidl_typesupport_introspection_c.dir/rosidl_typesupport_introspection_c/yolov8_msgs/msg/detail/pose2_d__type_support.c.o[0m
[2.861s] [ 51%] [32mBuilding C object CMakeFiles/yolov8_msgs__rosidl_typesupport_introspection_c.dir/rosidl_typesupport_introspection_c/yolov8_msgs/msg/detail/bounding_box3_d__type_support.c.o[0m
[2.865s] [ 52%] [32mBuilding CXX object CMakeFiles/yolov8_msgs__rosidl_typesupport_introspection_cpp.dir/rosidl_typesupport_introspection_cpp/yolov8_msgs/msg/detail/vector2__type_support.cpp.o[0m
[2.866s] [ 52%] [32mBuilding C object CMakeFiles/yolov8_msgs__rosidl_typesupport_introspection_c.dir/rosidl_typesupport_introspection_c/yolov8_msgs/msg/detail/bounding_box2_d__type_support.c.o[0m
[2.870s] [ 53%] [32m[1mLinking CXX shared library libyolov8_msgs__rosidl_typesupport_cpp.so[0m
[2.897s] [ 54%] [32mBuilding C object CMakeFiles/yolov8_msgs__rosidl_typesupport_introspection_c.dir/rosidl_typesupport_introspection_c/yolov8_msgs/msg/detail/mask__type_support.c.o[0m
[2.898s] [ 55%] [32mBuilding C object CMakeFiles/yolov8_msgs__rosidl_typesupport_introspection_c.dir/rosidl_typesupport_introspection_c/yolov8_msgs/msg/detail/key_point2_d__type_support.c.o[0m
[2.904s] [ 55%] Built target yolov8_msgs__rosidl_typesupport_c
[2.904s] [ 56%] [32mBuilding CXX object CMakeFiles/yolov8_msgs__rosidl_typesupport_fastrtps_cpp.dir/rosidl_typesupport_fastrtps_cpp/yolov8_msgs/msg/detail/dds_fastrtps/detection__type_support.cpp.o[0m
[2.910s] [ 56%] [32mBuilding CXX object CMakeFiles/yolov8_msgs__rosidl_typesupport_fastrtps_cpp.dir/rosidl_typesupport_fastrtps_cpp/yolov8_msgs/msg/detail/dds_fastrtps/detection_array__type_support.cpp.o[0m
[2.915s] [ 57%] [32mBuilding C object CMakeFiles/yolov8_msgs__rosidl_typesupport_introspection_c.dir/rosidl_typesupport_introspection_c/yolov8_msgs/msg/detail/key_point2_d_array__type_support.c.o[0m
[2.918s] [ 58%] [32mBuilding C object CMakeFiles/yolov8_msgs__rosidl_typesupport_introspection_c.dir/rosidl_typesupport_introspection_c/yolov8_msgs/msg/detail/key_point3_d__type_support.c.o[0m
[2.930s] [ 58%] Built target yolov8_msgs__rosidl_typesupport_cpp
[2.940s] [ 59%] [32mBuilding C object CMakeFiles/yolov8_msgs__rosidl_typesupport_introspection_c.dir/rosidl_typesupport_introspection_c/yolov8_msgs/msg/detail/key_point3_d_array__type_support.c.o[0m
[2.945s] [ 59%] [32mBuilding C object CMakeFiles/yolov8_msgs__rosidl_typesupport_introspection_c.dir/rosidl_typesupport_introspection_c/yolov8_msgs/msg/detail/detection__type_support.c.o[0m
[2.963s] [ 60%] [32mBuilding C object CMakeFiles/yolov8_msgs__rosidl_typesupport_introspection_c.dir/rosidl_typesupport_introspection_c/yolov8_msgs/msg/detail/detection_array__type_support.c.o[0m
[2.974s] [ 61%] [32mBuilding CXX object CMakeFiles/yolov8_msgs__rosidl_typesupport_introspection_cpp.dir/rosidl_typesupport_introspection_cpp/yolov8_msgs/msg/detail/pose2_d__type_support.cpp.o[0m
[2.988s] [ 62%] [32mBuilding CXX object CMakeFiles/yolov8_msgs__rosidl_typesupport_introspection_cpp.dir/rosidl_typesupport_introspection_cpp/yolov8_msgs/msg/detail/bounding_box2_d__type_support.cpp.o[0m
[2.993s] [ 63%] [32mBuilding CXX object CMakeFiles/yolov8_msgs__rosidl_typesupport_introspection_cpp.dir/rosidl_typesupport_introspection_cpp/yolov8_msgs/msg/detail/bounding_box3_d__type_support.cpp.o[0m
[3.017s] [ 64%] [32m[1mLinking C shared library libyolov8_msgs__rosidl_typesupport_introspection_c.so[0m
[3.054s] [ 65%] [32mBuilding CXX object CMakeFiles/yolov8_msgs__rosidl_typesupport_introspection_cpp.dir/rosidl_typesupport_introspection_cpp/yolov8_msgs/msg/detail/mask__type_support.cpp.o[0m
[3.081s] [ 66%] [32mBuilding CXX object CMakeFiles/yolov8_msgs__rosidl_typesupport_fastrtps_c.dir/rosidl_typesupport_fastrtps_c/yolov8_msgs/msg/detail/point2_d__type_support_c.cpp.o[0m
[3.131s] [ 66%] Built target yolov8_msgs__rosidl_typesupport_introspection_c
[3.143s] [ 67%] [32mBuilding CXX object CMakeFiles/yolov8_msgs__rosidl_typesupport_fastrtps_c.dir/rosidl_typesupport_fastrtps_c/yolov8_msgs/msg/detail/vector2__type_support_c.cpp.o[0m
[3.333s] [ 67%] [32mBuilding CXX object CMakeFiles/yolov8_msgs__rosidl_typesupport_fastrtps_c.dir/rosidl_typesupport_fastrtps_c/yolov8_msgs/msg/detail/pose2_d__type_support_c.cpp.o[0m
[3.349s] [ 68%] [32mBuilding CXX object CMakeFiles/yolov8_msgs__rosidl_typesupport_fastrtps_c.dir/rosidl_typesupport_fastrtps_c/yolov8_msgs/msg/detail/bounding_box2_d__type_support_c.cpp.o[0m
[3.351s] [ 69%] [32mBuilding CXX object CMakeFiles/yolov8_msgs__rosidl_typesupport_fastrtps_c.dir/rosidl_typesupport_fastrtps_c/yolov8_msgs/msg/detail/bounding_box3_d__type_support_c.cpp.o[0m
[3.352s] [ 69%] [32mBuilding CXX object CMakeFiles/yolov8_msgs__rosidl_typesupport_introspection_cpp.dir/rosidl_typesupport_introspection_cpp/yolov8_msgs/msg/detail/key_point2_d__type_support.cpp.o[0m
[3.358s] [ 70%] [32mBuilding CXX object CMakeFiles/yolov8_msgs__rosidl_typesupport_introspection_cpp.dir/rosidl_typesupport_introspection_cpp/yolov8_msgs/msg/detail/key_point2_d_array__type_support.cpp.o[0m
[3.434s] [ 71%] [32mBuilding CXX object CMakeFiles/yolov8_msgs__rosidl_typesupport_fastrtps_c.dir/rosidl_typesupport_fastrtps_c/yolov8_msgs/msg/detail/mask__type_support_c.cpp.o[0m
[3.434s] [ 72%] [32mBuilding CXX object CMakeFiles/yolov8_msgs__rosidl_typesupport_introspection_cpp.dir/rosidl_typesupport_introspection_cpp/yolov8_msgs/msg/detail/key_point3_d__type_support.cpp.o[0m
[3.434s] [ 73%] [32mBuilding CXX object CMakeFiles/yolov8_msgs__rosidl_typesupport_fastrtps_c.dir/rosidl_typesupport_fastrtps_c/yolov8_msgs/msg/detail/key_point2_d__type_support_c.cpp.o[0m
[3.440s] [ 74%] [32mBuilding CXX object CMakeFiles/yolov8_msgs__rosidl_typesupport_introspection_cpp.dir/rosidl_typesupport_introspection_cpp/yolov8_msgs/msg/detail/key_point3_d_array__type_support.cpp.o[0m
[3.472s] [ 75%] [32mBuilding CXX object CMakeFiles/yolov8_msgs__rosidl_typesupport_introspection_cpp.dir/rosidl_typesupport_introspection_cpp/yolov8_msgs/msg/detail/detection__type_support.cpp.o[0m
[3.491s] [ 76%] [32mBuilding CXX object CMakeFiles/yolov8_msgs__rosidl_typesupport_introspection_cpp.dir/rosidl_typesupport_introspection_cpp/yolov8_msgs/msg/detail/detection_array__type_support.cpp.o[0m
[3.517s] [ 77%] [32mBuilding CXX object CMakeFiles/yolov8_msgs__rosidl_typesupport_fastrtps_c.dir/rosidl_typesupport_fastrtps_c/yolov8_msgs/msg/detail/key_point2_d_array__type_support_c.cpp.o[0m
[3.530s] [ 77%] [32mBuilding CXX object CMakeFiles/yolov8_msgs__rosidl_typesupport_fastrtps_c.dir/rosidl_typesupport_fastrtps_c/yolov8_msgs/msg/detail/key_point3_d__type_support_c.cpp.o[0m
[3.543s] [ 78%] [32mBuilding CXX object CMakeFiles/yolov8_msgs__rosidl_typesupport_fastrtps_c.dir/rosidl_typesupport_fastrtps_c/yolov8_msgs/msg/detail/key_point3_d_array__type_support_c.cpp.o[0m
[3.558s] [ 79%] [32mBuilding CXX object CMakeFiles/yolov8_msgs__rosidl_typesupport_fastrtps_c.dir/rosidl_typesupport_fastrtps_c/yolov8_msgs/msg/detail/detection__type_support_c.cpp.o[0m
[3.565s] [ 80%] [32mBuilding CXX object CMakeFiles/yolov8_msgs__rosidl_typesupport_fastrtps_c.dir/rosidl_typesupport_fastrtps_c/yolov8_msgs/msg/detail/detection_array__type_support_c.cpp.o[0m
[3.670s] [ 81%] [32m[1mLinking CXX shared library libyolov8_msgs__rosidl_typesupport_fastrtps_cpp.so[0m
[3.795s] [ 81%] Built target yolov8_msgs__rosidl_typesupport_fastrtps_cpp
[3.958s] [ 82%] [32m[1mLinking CXX shared library libyolov8_msgs__rosidl_typesupport_fastrtps_c.so[0m
[4.003s] [ 82%] Built target yolov8_msgs__rosidl_typesupport_fastrtps_c
[4.057s] [ 83%] [32m[1mLinking CXX shared library libyolov8_msgs__rosidl_typesupport_introspection_cpp.so[0m
[4.107s] [ 83%] Built target yolov8_msgs__rosidl_typesupport_introspection_cpp
[4.117s] [ 83%] Built target yolov8_msgs
[4.128s] [ 84%] [34m[1mGenerating Python code for ROS interfaces[0m
[4.936s] [ 84%] Built target yolov8_msgs__py
[4.948s] [ 84%] [32mBuilding C object CMakeFiles/yolov8_msgs__rosidl_generator_py.dir/rosidl_generator_py/yolov8_msgs/msg/_pose2_d_s.c.o[0m
[4.948s] [ 85%] [32mBuilding C object CMakeFiles/yolov8_msgs__rosidl_generator_py.dir/rosidl_generator_py/yolov8_msgs/msg/_bounding_box2_d_s.c.o[0m
[4.948s] [ 86%] [32mBuilding C object CMakeFiles/yolov8_msgs__rosidl_generator_py.dir/rosidl_generator_py/yolov8_msgs/msg/_bounding_box3_d_s.c.o[0m
[4.949s] [ 87%] [32mBuilding C object CMakeFiles/yolov8_msgs__rosidl_generator_py.dir/rosidl_generator_py/yolov8_msgs/msg/_vector2_s.c.o[0m
[4.949s] [ 88%] [32mBuilding C object CMakeFiles/yolov8_msgs__rosidl_generator_py.dir/rosidl_generator_py/yolov8_msgs/msg/_mask_s.c.o[0m
[4.949s] [ 89%] [32mBuilding C object CMakeFiles/yolov8_msgs__rosidl_generator_py.dir/rosidl_generator_py/yolov8_msgs/msg/_point2_d_s.c.o[0m
[4.952s] [ 90%] [32mBuilding C object CMakeFiles/yolov8_msgs__rosidl_generator_py.dir/rosidl_generator_py/yolov8_msgs/msg/_detection_s.c.o[0m
[4.952s] [ 91%] [32mBuilding C object CMakeFiles/yolov8_msgs__rosidl_generator_py.dir/rosidl_generator_py/yolov8_msgs/msg/_key_point3_d_s.c.o[0m
[4.952s] [ 92%] [32mBuilding C object CMakeFiles/yolov8_msgs__rosidl_generator_py.dir/rosidl_generator_py/yolov8_msgs/msg/_key_point2_d_s.c.o[0m
[4.953s] [ 93%] [32mBuilding C object CMakeFiles/yolov8_msgs__rosidl_generator_py.dir/rosidl_generator_py/yolov8_msgs/msg/_key_point2_d_array_s.c.o[0m
[4.953s] [ 93%] [32mBuilding C object CMakeFiles/yolov8_msgs__rosidl_generator_py.dir/rosidl_generator_py/yolov8_msgs/msg/_key_point3_d_array_s.c.o[0m
[4.954s] [ 94%] [32mBuilding C object CMakeFiles/yolov8_msgs__rosidl_generator_py.dir/rosidl_generator_py/yolov8_msgs/msg/_detection_array_s.c.o[0m
[5.060s] [ 95%] [32m[1mLinking C shared library rosidl_generator_py/yolov8_msgs/libyolov8_msgs__rosidl_generator_py.so[0m
[5.086s] [ 95%] Built target yolov8_msgs__rosidl_generator_py
[5.096s] [ 96%] [32mBuilding C object CMakeFiles/yolov8_msgs__rosidl_typesupport_c__pyext.dir/rosidl_generator_py/yolov8_msgs/_yolov8_msgs_s.ep.rosidl_typesupport_c.c.o[0m
[5.097s] [ 96%] [32mBuilding C object CMakeFiles/yolov8_msgs__rosidl_typesupport_fastrtps_c__pyext.dir/rosidl_generator_py/yolov8_msgs/_yolov8_msgs_s.ep.rosidl_typesupport_fastrtps_c.c.o[0m
[5.097s] [ 97%] [32mBuilding C object CMakeFiles/yolov8_msgs__rosidl_typesupport_introspection_c__pyext.dir/rosidl_generator_py/yolov8_msgs/_yolov8_msgs_s.ep.rosidl_typesupport_introspection_c.c.o[0m
[5.167s] [ 98%] [32m[1mLinking C shared library rosidl_generator_py/yolov8_msgs/yolov8_msgs_s__rosidl_typesupport_c.cpython-310-x86_64-linux-gnu.so[0m
[5.167s] [ 99%] [32m[1mLinking C shared library rosidl_generator_py/yolov8_msgs/yolov8_msgs_s__rosidl_typesupport_introspection_c.cpython-310-x86_64-linux-gnu.so[0m
[5.171s] [100%] [32m[1mLinking C shared library rosidl_generator_py/yolov8_msgs/yolov8_msgs_s__rosidl_typesupport_fastrtps_c.cpython-310-x86_64-linux-gnu.so[0m
[5.189s] [100%] Built target yolov8_msgs__rosidl_typesupport_introspection_c__pyext
[5.191s] [100%] Built target yolov8_msgs__rosidl_typesupport_c__pyext
[5.193s] [100%] Built target yolov8_msgs__rosidl_typesupport_fastrtps_c__pyext
[5.200s] Invoked command in '/home/arms/turtlebot3_ws/build/yolov8_msgs' returned '0': CMAKE_PREFIX_PATH=/opt/ros/humble /usr/bin/cmake --build /home/arms/turtlebot3_ws/build/yolov8_msgs -- -j20 -l20
[5.428s] Invoking command in '/home/arms/turtlebot3_ws/build/yolov8_msgs': CMAKE_PREFIX_PATH=/opt/ros/humble /usr/bin/cmake --install /home/arms/turtlebot3_ws/build/yolov8_msgs
[5.436s] -- Install configuration: ""
[5.436s] -- Installing: /home/arms/turtlebot3_ws/install/yolov8_msgs/share/ament_index/resource_index/rosidl_interfaces/yolov8_msgs
[5.437s] -- Installing: /home/arms/turtlebot3_ws/install/yolov8_msgs/include/yolov8_msgs/yolov8_msgs
[5.437s] -- Installing: /home/arms/turtlebot3_ws/install/yolov8_msgs/include/yolov8_msgs/yolov8_msgs/msg
[5.437s] -- Installing: /home/arms/turtlebot3_ws/install/yolov8_msgs/include/yolov8_msgs/yolov8_msgs/msg/point2_d.h
[5.437s] -- Installing: /home/arms/turtlebot3_ws/install/yolov8_msgs/include/yolov8_msgs/yolov8_msgs/msg/pose2_d.h
[5.437s] -- Installing: /home/arms/turtlebot3_ws/install/yolov8_msgs/include/yolov8_msgs/yolov8_msgs/msg/detection_array.h
[5.437s] -- Installing: /home/arms/turtlebot3_ws/install/yolov8_msgs/include/yolov8_msgs/yolov8_msgs/msg/vector2.h
[5.438s] -- Installing: /home/arms/turtlebot3_ws/install/yolov8_msgs/include/yolov8_msgs/yolov8_msgs/msg/bounding_box3_d.h
[5.438s] -- Installing: /home/arms/turtlebot3_ws/install/yolov8_msgs/include/yolov8_msgs/yolov8_msgs/msg/bounding_box2_d.h
[5.438s] -- Installing: /home/arms/turtlebot3_ws/install/yolov8_msgs/include/yolov8_msgs/yolov8_msgs/msg/key_point2_d.h
[5.438s] -- Installing: /home/arms/turtlebot3_ws/install/yolov8_msgs/include/yolov8_msgs/yolov8_msgs/msg/rosidl_generator_c__visibility_control.h
[5.438s] -- Installing: /home/arms/turtlebot3_ws/install/yolov8_msgs/include/yolov8_msgs/yolov8_msgs/msg/mask.h
[5.438s] -- Installing: /home/arms/turtlebot3_ws/install/yolov8_msgs/include/yolov8_msgs/yolov8_msgs/msg/detail
[5.438s] -- Installing: /home/arms/turtlebot3_ws/install/yolov8_msgs/include/yolov8_msgs/yolov8_msgs/msg/detail/key_point3_d_array__functions.h
[5.438s] -- Installing: /home/arms/turtlebot3_ws/install/yolov8_msgs/include/yolov8_msgs/yolov8_msgs/msg/detail/vector2__type_support.h
[5.438s] -- Installing: /home/arms/turtlebot3_ws/install/yolov8_msgs/include/yolov8_msgs/yolov8_msgs/msg/detail/bounding_box3_d__struct.h
[5.439s] -- Installing: /home/arms/turtlebot3_ws/install/yolov8_msgs/include/yolov8_msgs/yolov8_msgs/msg/detail/detection_array__functions.h
[5.439s] -- Installing: /home/arms/turtlebot3_ws/install/yolov8_msgs/include/yolov8_msgs/yolov8_msgs/msg/detail/key_point2_d_array__type_support.h
[5.439s] -- Installing: /home/arms/turtlebot3_ws/install/yolov8_msgs/include/yolov8_msgs/yolov8_msgs/msg/detail/detection__struct.h
[5.439s] -- Installing: /home/arms/turtlebot3_ws/install/yolov8_msgs/include/yolov8_msgs/yolov8_msgs/msg/detail/key_point3_d__struct.h
[5.439s] -- Installing: /home/arms/turtlebot3_ws/install/yolov8_msgs/include/yolov8_msgs/yolov8_msgs/msg/detail/bounding_box3_d__type_support.h
[5.439s] -- Installing: /home/arms/turtlebot3_ws/install/yolov8_msgs/include/yolov8_msgs/yolov8_msgs/msg/detail/vector2__functions.c
[5.440s] -- Installing: /home/arms/turtlebot3_ws/install/yolov8_msgs/include/yolov8_msgs/yolov8_msgs/msg/detail/pose2_d__functions.c
[5.440s] -- Installing: /home/arms/turtlebot3_ws/install/yolov8_msgs/include/yolov8_msgs/yolov8_msgs/msg/detail/pose2_d__type_support.h
[5.440s] -- Installing: /home/arms/turtlebot3_ws/install/yolov8_msgs/include/yolov8_msgs/yolov8_msgs/msg/detail/key_point3_d_array__struct.h
[5.440s] -- Installing: /home/arms/turtlebot3_ws/install/yolov8_msgs/include/yolov8_msgs/yolov8_msgs/msg/detail/key_point2_d_array__functions.h
[5.440s] -- Installing: /home/arms/turtlebot3_ws/install/yolov8_msgs/include/yolov8_msgs/yolov8_msgs/msg/detail/mask__type_support.h
[5.440s] -- Installing: /home/arms/turtlebot3_ws/install/yolov8_msgs/include/yolov8_msgs/yolov8_msgs/msg/detail/pose2_d__struct.h
[5.440s] -- Installing: /home/arms/turtlebot3_ws/install/yolov8_msgs/include/yolov8_msgs/yolov8_msgs/msg/detail/detection_array__type_support.h
[5.440s] -- Installing: /home/arms/turtlebot3_ws/install/yolov8_msgs/include/yolov8_msgs/yolov8_msgs/msg/detail/point2_d__functions.h
[5.440s] -- Installing: /home/arms/turtlebot3_ws/install/yolov8_msgs/include/yolov8_msgs/yolov8_msgs/msg/detail/mask__functions.c
[5.440s] -- Installing: /home/arms/turtlebot3_ws/install/yolov8_msgs/include/yolov8_msgs/yolov8_msgs/msg/detail/key_point2_d__functions.h
[5.440s] -- Installing: /home/arms/turtlebot3_ws/install/yolov8_msgs/include/yolov8_msgs/yolov8_msgs/msg/detail/point2_d__functions.c
[5.440s] -- Installing: /home/arms/turtlebot3_ws/install/yolov8_msgs/include/yolov8_msgs/yolov8_msgs/msg/detail/bounding_box2_d__functions.c
[5.440s] -- Installing: /home/arms/turtlebot3_ws/install/yolov8_msgs/include/yolov8_msgs/yolov8_msgs/msg/detail/key_point3_d__type_support.h
[5.440s] -- Installing: /home/arms/turtlebot3_ws/install/yolov8_msgs/include/yolov8_msgs/yolov8_msgs/msg/detail/detection__type_support.h
[5.441s] -- Installing: /home/arms/turtlebot3_ws/install/yolov8_msgs/include/yolov8_msgs/yolov8_msgs/msg/detail/mask__functions.h
[5.441s] -- Installing: /home/arms/turtlebot3_ws/install/yolov8_msgs/include/yolov8_msgs/yolov8_msgs/msg/detail/mask__struct.h
[5.441s] -- Installing: /home/arms/turtlebot3_ws/install/yolov8_msgs/include/yolov8_msgs/yolov8_msgs/msg/detail/vector2__struct.h
[5.441s] -- Installing: /home/arms/turtlebot3_ws/install/yolov8_msgs/include/yolov8_msgs/yolov8_msgs/msg/detail/detection__functions.h
[5.441s] -- Installing: /home/arms/turtlebot3_ws/install/yolov8_msgs/include/yolov8_msgs/yolov8_msgs/msg/detail/detection__functions.c
[5.441s] -- Installing: /home/arms/turtlebot3_ws/install/yolov8_msgs/include/yolov8_msgs/yolov8_msgs/msg/detail/key_point3_d_array__type_support.h
[5.441s] -- Installing: /home/arms/turtlebot3_ws/install/yolov8_msgs/include/yolov8_msgs/yolov8_msgs/msg/detail/key_point3_d_array__functions.c
[5.441s] -- Installing: /home/arms/turtlebot3_ws/install/yolov8_msgs/include/yolov8_msgs/yolov8_msgs/msg/detail/point2_d__type_support.h
[5.441s] -- Installing: /home/arms/turtlebot3_ws/install/yolov8_msgs/include/yolov8_msgs/yolov8_msgs/msg/detail/bounding_box2_d__functions.h
[5.441s] -- Installing: /home/arms/turtlebot3_ws/install/yolov8_msgs/include/yolov8_msgs/yolov8_msgs/msg/detail/pose2_d__functions.h
[5.441s] -- Installing: /home/arms/turtlebot3_ws/install/yolov8_msgs/include/yolov8_msgs/yolov8_msgs/msg/detail/vector2__functions.h
[5.441s] -- Installing: /home/arms/turtlebot3_ws/install/yolov8_msgs/include/yolov8_msgs/yolov8_msgs/msg/detail/key_point2_d_array__functions.c
[5.441s] -- Installing: /home/arms/turtlebot3_ws/install/yolov8_msgs/include/yolov8_msgs/yolov8_msgs/msg/detail/key_point2_d__functions.c
[5.441s] -- Installing: /home/arms/turtlebot3_ws/install/yolov8_msgs/include/yolov8_msgs/yolov8_msgs/msg/detail/point2_d__struct.h
[5.441s] -- Installing: /home/arms/turtlebot3_ws/install/yolov8_msgs/include/yolov8_msgs/yolov8_msgs/msg/detail/bounding_box3_d__functions.h
[5.441s] -- Installing: /home/arms/turtlebot3_ws/install/yolov8_msgs/include/yolov8_msgs/yolov8_msgs/msg/detail/key_point2_d_array__struct.h
[5.441s] -- Installing: /home/arms/turtlebot3_ws/install/yolov8_msgs/include/yolov8_msgs/yolov8_msgs/msg/detail/key_point3_d__functions.c
[5.441s] -- Installing: /home/arms/turtlebot3_ws/install/yolov8_msgs/include/yolov8_msgs/yolov8_msgs/msg/detail/detection_array__functions.c
[5.441s] -- Installing: /home/arms/turtlebot3_ws/install/yolov8_msgs/include/yolov8_msgs/yolov8_msgs/msg/detail/detection_array__struct.h
[5.441s] -- Installing: /home/arms/turtlebot3_ws/install/yolov8_msgs/include/yolov8_msgs/yolov8_msgs/msg/detail/bounding_box2_d__struct.h
[5.441s] -- Installing: /home/arms/turtlebot3_ws/install/yolov8_msgs/include/yolov8_msgs/yolov8_msgs/msg/detail/key_point2_d__struct.h
[5.441s] -- Installing: /home/arms/turtlebot3_ws/install/yolov8_msgs/include/yolov8_msgs/yolov8_msgs/msg/detail/key_point2_d__type_support.h
[5.441s] -- Installing: /home/arms/turtlebot3_ws/install/yolov8_msgs/include/yolov8_msgs/yolov8_msgs/msg/detail/bounding_box3_d__functions.c
[5.441s] -- Installing: /home/arms/turtlebot3_ws/install/yolov8_msgs/include/yolov8_msgs/yolov8_msgs/msg/detail/key_point3_d__functions.h
[5.441s] -- Installing: /home/arms/turtlebot3_ws/install/yolov8_msgs/include/yolov8_msgs/yolov8_msgs/msg/detail/bounding_box2_d__type_support.h
[5.441s] -- Installing: /home/arms/turtlebot3_ws/install/yolov8_msgs/include/yolov8_msgs/yolov8_msgs/msg/detection.h
[5.441s] -- Installing: /home/arms/turtlebot3_ws/install/yolov8_msgs/include/yolov8_msgs/yolov8_msgs/msg/key_point3_d_array.h
[5.441s] -- Installing: /home/arms/turtlebot3_ws/install/yolov8_msgs/include/yolov8_msgs/yolov8_msgs/msg/key_point3_d.h
[5.441s] -- Installing: /home/arms/turtlebot3_ws/install/yolov8_msgs/include/yolov8_msgs/yolov8_msgs/msg/key_point2_d_array.h
[5.441s] -- Installing: /home/arms/turtlebot3_ws/install/yolov8_msgs/share/yolov8_msgs/environment/library_path.sh
[5.441s] -- Installing: /home/arms/turtlebot3_ws/install/yolov8_msgs/share/yolov8_msgs/environment/library_path.dsv
[5.442s] -- Installing: /home/arms/turtlebot3_ws/install/yolov8_msgs/lib/libyolov8_msgs__rosidl_generator_c.so
[5.442s] -- Set runtime path of "/home/arms/turtlebot3_ws/install/yolov8_msgs/lib/libyolov8_msgs__rosidl_generator_c.so" to ""
[5.442s] -- Up-to-date: /home/arms/turtlebot3_ws/install/yolov8_msgs/include/yolov8_msgs/yolov8_msgs
[5.442s] -- Up-to-date: /home/arms/turtlebot3_ws/install/yolov8_msgs/include/yolov8_msgs/yolov8_msgs/msg
[5.442s] -- Installing: /home/arms/turtlebot3_ws/install/yolov8_msgs/include/yolov8_msgs/yolov8_msgs/msg/rosidl_typesupport_fastrtps_c__visibility_control.h
[5.442s] -- Up-to-date: /home/arms/turtlebot3_ws/install/yolov8_msgs/include/yolov8_msgs/yolov8_msgs/msg/detail
[5.442s] -- Installing: /home/arms/turtlebot3_ws/install/yolov8_msgs/include/yolov8_msgs/yolov8_msgs/msg/detail/mask__rosidl_typesupport_fastrtps_c.h
[5.442s] -- Installing: /home/arms/turtlebot3_ws/install/yolov8_msgs/include/yolov8_msgs/yolov8_msgs/msg/detail/pose2_d__rosidl_typesupport_fastrtps_c.h
[5.442s] -- Installing: /home/arms/turtlebot3_ws/install/yolov8_msgs/include/yolov8_msgs/yolov8_msgs/msg/detail/bounding_box2_d__rosidl_typesupport_fastrtps_c.h
[5.442s] -- Installing: /home/arms/turtlebot3_ws/install/yolov8_msgs/include/yolov8_msgs/yolov8_msgs/msg/detail/point2_d__rosidl_typesupport_fastrtps_c.h
[5.442s] -- Installing: /home/arms/turtlebot3_ws/install/yolov8_msgs/include/yolov8_msgs/yolov8_msgs/msg/detail/key_point3_d_array__rosidl_typesupport_fastrtps_c.h
[5.442s] -- Installing: /home/arms/turtlebot3_ws/install/yolov8_msgs/include/yolov8_msgs/yolov8_msgs/msg/detail/key_point2_d__rosidl_typesupport_fastrtps_c.h
[5.442s] -- Installing: /home/arms/turtlebot3_ws/install/yolov8_msgs/include/yolov8_msgs/yolov8_msgs/msg/detail/bounding_box3_d__rosidl_typesupport_fastrtps_c.h
[5.442s] -- Installing: /home/arms/turtlebot3_ws/install/yolov8_msgs/include/yolov8_msgs/yolov8_msgs/msg/detail/vector2__rosidl_typesupport_fastrtps_c.h
[5.442s] -- Installing: /home/arms/turtlebot3_ws/install/yolov8_msgs/include/yolov8_msgs/yolov8_msgs/msg/detail/key_point2_d_array__rosidl_typesupport_fastrtps_c.h
[5.442s] -- Installing: /home/arms/turtlebot3_ws/install/yolov8_msgs/include/yolov8_msgs/yolov8_msgs/msg/detail/detection__rosidl_typesupport_fastrtps_c.h
[5.442s] -- Installing: /home/arms/turtlebot3_ws/install/yolov8_msgs/include/yolov8_msgs/yolov8_msgs/msg/detail/detection_array__rosidl_typesupport_fastrtps_c.h
[5.442s] -- Installing: /home/arms/turtlebot3_ws/install/yolov8_msgs/include/yolov8_msgs/yolov8_msgs/msg/detail/key_point3_d__rosidl_typesupport_fastrtps_c.h
[5.442s] -- Installing: /home/arms/turtlebot3_ws/install/yolov8_msgs/lib/libyolov8_msgs__rosidl_typesupport_fastrtps_c.so
[5.442s] -- Set runtime path of "/home/arms/turtlebot3_ws/install/yolov8_msgs/lib/libyolov8_msgs__rosidl_typesupport_fastrtps_c.so" to ""
[5.442s] -- Up-to-date: /home/arms/turtlebot3_ws/install/yolov8_msgs/include/yolov8_msgs/yolov8_msgs
[5.442s] -- Up-to-date: /home/arms/turtlebot3_ws/install/yolov8_msgs/include/yolov8_msgs/yolov8_msgs/msg
[5.442s] -- Up-to-date: /home/arms/turtlebot3_ws/install/yolov8_msgs/include/yolov8_msgs/yolov8_msgs/msg/detail
[5.442s] -- Installing: /home/arms/turtlebot3_ws/install/yolov8_msgs/include/yolov8_msgs/yolov8_msgs/msg/detail/key_point3_d__type_support.c
[5.442s] -- Installing: /home/arms/turtlebot3_ws/install/yolov8_msgs/include/yolov8_msgs/yolov8_msgs/msg/detail/key_point3_d_array__rosidl_typesupport_introspection_c.h
[5.442s] -- Installing: /home/arms/turtlebot3_ws/install/yolov8_msgs/include/yolov8_msgs/yolov8_msgs/msg/detail/bounding_box3_d__type_support.c
[5.442s] -- Installing: /home/arms/turtlebot3_ws/install/yolov8_msgs/include/yolov8_msgs/yolov8_msgs/msg/detail/vector2__type_support.c
[5.442s] -- Installing: /home/arms/turtlebot3_ws/install/yolov8_msgs/include/yolov8_msgs/yolov8_msgs/msg/detail/mask__rosidl_typesupport_introspection_c.h
[5.442s] -- Installing: /home/arms/turtlebot3_ws/install/yolov8_msgs/include/yolov8_msgs/yolov8_msgs/msg/detail/key_point2_d_array__rosidl_typesupport_introspection_c.h
[5.442s] -- Installing: /home/arms/turtlebot3_ws/install/yolov8_msgs/include/yolov8_msgs/yolov8_msgs/msg/detail/mask__type_support.c
[5.442s] -- Installing: /home/arms/turtlebot3_ws/install/yolov8_msgs/include/yolov8_msgs/yolov8_msgs/msg/detail/bounding_box2_d__type_support.c
[5.442s] -- Installing: /home/arms/turtlebot3_ws/install/yolov8_msgs/include/yolov8_msgs/yolov8_msgs/msg/detail/detection_array__type_support.c
[5.442s] -- Installing: /home/arms/turtlebot3_ws/install/yolov8_msgs/include/yolov8_msgs/yolov8_msgs/msg/detail/key_point2_d__rosidl_typesupport_introspection_c.h
[5.442s] -- Installing: /home/arms/turtlebot3_ws/install/yolov8_msgs/include/yolov8_msgs/yolov8_msgs/msg/detail/bounding_box2_d__rosidl_typesupport_introspection_c.h
[5.442s] -- Installing: /home/arms/turtlebot3_ws/install/yolov8_msgs/include/yolov8_msgs/yolov8_msgs/msg/detail/key_point3_d__rosidl_typesupport_introspection_c.h
[5.442s] -- Installing: /home/arms/turtlebot3_ws/install/yolov8_msgs/include/yolov8_msgs/yolov8_msgs/msg/detail/pose2_d__type_support.c
[5.443s] -- Installing: /home/arms/turtlebot3_ws/install/yolov8_msgs/include/yolov8_msgs/yolov8_msgs/msg/detail/key_point3_d_array__type_support.c
[5.443s] -- Installing: /home/arms/turtlebot3_ws/install/yolov8_msgs/include/yolov8_msgs/yolov8_msgs/msg/detail/pose2_d__rosidl_typesupport_introspection_c.h
[5.443s] -- Installing: /home/arms/turtlebot3_ws/install/yolov8_msgs/include/yolov8_msgs/yolov8_msgs/msg/detail/detection__rosidl_typesupport_introspection_c.h
[5.443s] -- Installing: /home/arms/turtlebot3_ws/install/yolov8_msgs/include/yolov8_msgs/yolov8_msgs/msg/detail/key_point2_d__type_support.c
[5.443s] -- Installing: /home/arms/turtlebot3_ws/install/yolov8_msgs/include/yolov8_msgs/yolov8_msgs/msg/detail/vector2__rosidl_typesupport_introspection_c.h
[5.443s] -- Installing: /home/arms/turtlebot3_ws/install/yolov8_msgs/include/yolov8_msgs/yolov8_msgs/msg/detail/point2_d__rosidl_typesupport_introspection_c.h
[5.443s] -- Installing: /home/arms/turtlebot3_ws/install/yolov8_msgs/include/yolov8_msgs/yolov8_msgs/msg/detail/bounding_box3_d__rosidl_typesupport_introspection_c.h
[5.443s] -- Installing: /home/arms/turtlebot3_ws/install/yolov8_msgs/include/yolov8_msgs/yolov8_msgs/msg/detail/detection__type_support.c
[5.443s] -- Installing: /home/arms/turtlebot3_ws/install/yolov8_msgs/include/yolov8_msgs/yolov8_msgs/msg/detail/point2_d__type_support.c
[5.443s] -- Installing: /home/arms/turtlebot3_ws/install/yolov8_msgs/include/yolov8_msgs/yolov8_msgs/msg/detail/detection_array__rosidl_typesupport_introspection_c.h
[5.443s] -- Installing: /home/arms/turtlebot3_ws/install/yolov8_msgs/include/yolov8_msgs/yolov8_msgs/msg/detail/key_point2_d_array__type_support.c
[5.443s] -- Installing: /home/arms/turtlebot3_ws/install/yolov8_msgs/include/yolov8_msgs/yolov8_msgs/msg/rosidl_typesupport_introspection_c__visibility_control.h
[5.443s] -- Installing: /home/arms/turtlebot3_ws/install/yolov8_msgs/lib/libyolov8_msgs__rosidl_typesupport_introspection_c.so
[5.443s] -- Set runtime path of "/home/arms/turtlebot3_ws/install/yolov8_msgs/lib/libyolov8_msgs__rosidl_typesupport_introspection_c.so" to ""
[5.443s] -- Installing: /home/arms/turtlebot3_ws/install/yolov8_msgs/lib/libyolov8_msgs__rosidl_typesupport_c.so
[5.443s] -- Set runtime path of "/home/arms/turtlebot3_ws/install/yolov8_msgs/lib/libyolov8_msgs__rosidl_typesupport_c.so" to ""
[5.443s] -- Up-to-date: /home/arms/turtlebot3_ws/install/yolov8_msgs/include/yolov8_msgs/yolov8_msgs
[5.443s] -- Up-to-date: /home/arms/turtlebot3_ws/install/yolov8_msgs/include/yolov8_msgs/yolov8_msgs/msg
[5.443s] -- Installing: /home/arms/turtlebot3_ws/install/yolov8_msgs/include/yolov8_msgs/yolov8_msgs/msg/detection.hpp
[5.443s] -- Installing: /home/arms/turtlebot3_ws/install/yolov8_msgs/include/yolov8_msgs/yolov8_msgs/msg/bounding_box2_d.hpp
[5.443s] -- Installing: /home/arms/turtlebot3_ws/install/yolov8_msgs/include/yolov8_msgs/yolov8_msgs/msg/key_point2_d.hpp
[5.443s] -- Installing: /home/arms/turtlebot3_ws/install/yolov8_msgs/include/yolov8_msgs/yolov8_msgs/msg/detection_array.hpp
[5.443s] -- Installing: /home/arms/turtlebot3_ws/install/yolov8_msgs/include/yolov8_msgs/yolov8_msgs/msg/key_point3_d_array.hpp
[5.443s] -- Installing: /home/arms/turtlebot3_ws/install/yolov8_msgs/include/yolov8_msgs/yolov8_msgs/msg/point2_d.hpp
[5.443s] -- Installing: /home/arms/turtlebot3_ws/install/yolov8_msgs/include/yolov8_msgs/yolov8_msgs/msg/key_point3_d.hpp
[5.443s] -- Installing: /home/arms/turtlebot3_ws/install/yolov8_msgs/include/yolov8_msgs/yolov8_msgs/msg/vector2.hpp
[5.443s] -- Up-to-date: /home/arms/turtlebot3_ws/install/yolov8_msgs/include/yolov8_msgs/yolov8_msgs/msg/detail
[5.443s] -- Installing: /home/arms/turtlebot3_ws/install/yolov8_msgs/include/yolov8_msgs/yolov8_msgs/msg/detail/detection__builder.hpp
[5.443s] -- Installing: /home/arms/turtlebot3_ws/install/yolov8_msgs/include/yolov8_msgs/yolov8_msgs/msg/detail/bounding_box3_d__builder.hpp
[5.443s] -- Installing: /home/arms/turtlebot3_ws/install/yolov8_msgs/include/yolov8_msgs/yolov8_msgs/msg/detail/key_point2_d_array__struct.hpp
[5.443s] -- Installing: /home/arms/turtlebot3_ws/install/yolov8_msgs/include/yolov8_msgs/yolov8_msgs/msg/detail/key_point3_d__traits.hpp
[5.443s] -- Installing: /home/arms/turtlebot3_ws/install/yolov8_msgs/include/yolov8_msgs/yolov8_msgs/msg/detail/mask__traits.hpp
[5.443s] -- Installing: /home/arms/turtlebot3_ws/install/yolov8_msgs/include/yolov8_msgs/yolov8_msgs/msg/detail/vector2__struct.hpp
[5.443s] -- Installing: /home/arms/turtlebot3_ws/install/yolov8_msgs/include/yolov8_msgs/yolov8_msgs/msg/detail/mask__struct.hpp
[5.443s] -- Installing: /home/arms/turtlebot3_ws/install/yolov8_msgs/include/yolov8_msgs/yolov8_msgs/msg/detail/vector2__traits.hpp
[5.444s] -- Installing: /home/arms/turtlebot3_ws/install/yolov8_msgs/include/yolov8_msgs/yolov8_msgs/msg/detail/bounding_box2_d__struct.hpp
[5.444s] -- Installing: /home/arms/turtlebot3_ws/install/yolov8_msgs/include/yolov8_msgs/yolov8_msgs/msg/detail/pose2_d__struct.hpp
[5.444s] -- Installing: /home/arms/turtlebot3_ws/install/yolov8_msgs/include/yolov8_msgs/yolov8_msgs/msg/detail/key_point2_d__builder.hpp
[5.444s] -- Installing: /home/arms/turtlebot3_ws/install/yolov8_msgs/include/yolov8_msgs/yolov8_msgs/msg/detail/detection__struct.hpp
[5.444s] -- Installing: /home/arms/turtlebot3_ws/install/yolov8_msgs/include/yolov8_msgs/yolov8_msgs/msg/detail/key_point3_d_array__builder.hpp
[5.444s] -- Installing: /home/arms/turtlebot3_ws/install/yolov8_msgs/include/yolov8_msgs/yolov8_msgs/msg/detail/bounding_box3_d__struct.hpp
[5.444s] -- Installing: /home/arms/turtlebot3_ws/install/yolov8_msgs/include/yolov8_msgs/yolov8_msgs/msg/detail/detection_array__traits.hpp
[5.444s] -- Installing: /home/arms/turtlebot3_ws/install/yolov8_msgs/include/yolov8_msgs/yolov8_msgs/msg/detail/pose2_d__traits.hpp
[5.444s] -- Installing: /home/arms/turtlebot3_ws/install/yolov8_msgs/include/yolov8_msgs/yolov8_msgs/msg/detail/bounding_box3_d__traits.hpp
[5.444s] -- Installing: /home/arms/turtlebot3_ws/install/yolov8_msgs/include/yolov8_msgs/yolov8_msgs/msg/detail/point2_d__struct.hpp
[5.444s] -- Installing: /home/arms/turtlebot3_ws/install/yolov8_msgs/include/yolov8_msgs/yolov8_msgs/msg/detail/vector2__builder.hpp
[5.444s] -- Installing: /home/arms/turtlebot3_ws/install/yolov8_msgs/include/yolov8_msgs/yolov8_msgs/msg/detail/pose2_d__builder.hpp
[5.444s] -- Installing: /home/arms/turtlebot3_ws/install/yolov8_msgs/include/yolov8_msgs/yolov8_msgs/msg/detail/key_point2_d_array__builder.hpp
[5.444s] -- Installing: /home/arms/turtlebot3_ws/install/yolov8_msgs/include/yolov8_msgs/yolov8_msgs/msg/detail/point2_d__traits.hpp
[5.444s] -- Installing: /home/arms/turtlebot3_ws/install/yolov8_msgs/include/yolov8_msgs/yolov8_msgs/msg/detail/key_point3_d_array__traits.hpp
[5.444s] -- Installing: /home/arms/turtlebot3_ws/install/yolov8_msgs/include/yolov8_msgs/yolov8_msgs/msg/detail/key_point2_d__struct.hpp
[5.444s] -- Installing: /home/arms/turtlebot3_ws/install/yolov8_msgs/include/yolov8_msgs/yolov8_msgs/msg/detail/mask__builder.hpp
[5.444s] -- Installing: /home/arms/turtlebot3_ws/install/yolov8_msgs/include/yolov8_msgs/yolov8_msgs/msg/detail/key_point2_d_array__traits.hpp
[5.444s] -- Installing: /home/arms/turtlebot3_ws/install/yolov8_msgs/include/yolov8_msgs/yolov8_msgs/msg/detail/bounding_box2_d__traits.hpp
[5.444s] -- Installing: /home/arms/turtlebot3_ws/install/yolov8_msgs/include/yolov8_msgs/yolov8_msgs/msg/detail/key_point3_d__builder.hpp
[5.444s] -- Installing: /home/arms/turtlebot3_ws/install/yolov8_msgs/include/yolov8_msgs/yolov8_msgs/msg/detail/detection_array__struct.hpp
[5.444s] -- Installing: /home/arms/turtlebot3_ws/install/yolov8_msgs/include/yolov8_msgs/yolov8_msgs/msg/detail/detection__traits.hpp
[5.444s] -- Installing: /home/arms/turtlebot3_ws/install/yolov8_msgs/include/yolov8_msgs/yolov8_msgs/msg/detail/detection_array__builder.hpp
[5.444s] -- Installing: /home/arms/turtlebot3_ws/install/yolov8_msgs/include/yolov8_msgs/yolov8_msgs/msg/detail/bounding_box2_d__builder.hpp
[5.444s] -- Installing: /home/arms/turtlebot3_ws/install/yolov8_msgs/include/yolov8_msgs/yolov8_msgs/msg/detail/point2_d__builder.hpp
[5.444s] -- Installing: /home/arms/turtlebot3_ws/install/yolov8_msgs/include/yolov8_msgs/yolov8_msgs/msg/detail/key_point2_d__traits.hpp
[5.444s] -- Installing: /home/arms/turtlebot3_ws/install/yolov8_msgs/include/yolov8_msgs/yolov8_msgs/msg/detail/key_point3_d__struct.hpp
[5.444s] -- Installing: /home/arms/turtlebot3_ws/install/yolov8_msgs/include/yolov8_msgs/yolov8_msgs/msg/detail/key_point3_d_array__struct.hpp
[5.444s] -- Installing: /home/arms/turtlebot3_ws/install/yolov8_msgs/include/yolov8_msgs/yolov8_msgs/msg/key_point2_d_array.hpp
[5.444s] -- Installing: /home/arms/turtlebot3_ws/install/yolov8_msgs/include/yolov8_msgs/yolov8_msgs/msg/pose2_d.hpp
[5.444s] -- Installing: /home/arms/turtlebot3_ws/install/yolov8_msgs/include/yolov8_msgs/yolov8_msgs/msg/mask.hpp
[5.444s] -- Installing: /home/arms/turtlebot3_ws/install/yolov8_msgs/include/yolov8_msgs/yolov8_msgs/msg/bounding_box3_d.hpp
[5.444s] -- Up-to-date: /home/arms/turtlebot3_ws/install/yolov8_msgs/include/yolov8_msgs/yolov8_msgs
[5.444s] -- Up-to-date: /home/arms/turtlebot3_ws/install/yolov8_msgs/include/yolov8_msgs/yolov8_msgs/msg
[5.444s] -- Installing: /home/arms/turtlebot3_ws/install/yolov8_msgs/include/yolov8_msgs/yolov8_msgs/msg/rosidl_typesupport_fastrtps_cpp__visibility_control.h
[5.445s] -- Up-to-date: /home/arms/turtlebot3_ws/install/yolov8_msgs/include/yolov8_msgs/yolov8_msgs/msg/detail
[5.445s] -- Installing: /home/arms/turtlebot3_ws/install/yolov8_msgs/include/yolov8_msgs/yolov8_msgs/msg/detail/key_point2_d_array__rosidl_typesupport_fastrtps_cpp.hpp
[5.445s] -- Installing: /home/arms/turtlebot3_ws/install/yolov8_msgs/include/yolov8_msgs/yolov8_msgs/msg/detail/vector2__rosidl_typesupport_fastrtps_cpp.hpp
[5.445s] -- Installing: /home/arms/turtlebot3_ws/install/yolov8_msgs/include/yolov8_msgs/yolov8_msgs/msg/detail/point2_d__rosidl_typesupport_fastrtps_cpp.hpp
[5.445s] -- Installing: /home/arms/turtlebot3_ws/install/yolov8_msgs/include/yolov8_msgs/yolov8_msgs/msg/detail/bounding_box3_d__rosidl_typesupport_fastrtps_cpp.hpp
[5.445s] -- Installing: /home/arms/turtlebot3_ws/install/yolov8_msgs/include/yolov8_msgs/yolov8_msgs/msg/detail/key_point3_d_array__rosidl_typesupport_fastrtps_cpp.hpp
[5.445s] -- Installing: /home/arms/turtlebot3_ws/install/yolov8_msgs/include/yolov8_msgs/yolov8_msgs/msg/detail/pose2_d__rosidl_typesupport_fastrtps_cpp.hpp
[5.445s] -- Installing: /home/arms/turtlebot3_ws/install/yolov8_msgs/include/yolov8_msgs/yolov8_msgs/msg/detail/dds_fastrtps
[5.445s] -- Installing: /home/arms/turtlebot3_ws/install/yolov8_msgs/include/yolov8_msgs/yolov8_msgs/msg/detail/key_point2_d__rosidl_typesupport_fastrtps_cpp.hpp
[5.445s] -- Installing: /home/arms/turtlebot3_ws/install/yolov8_msgs/include/yolov8_msgs/yolov8_msgs/msg/detail/bounding_box2_d__rosidl_typesupport_fastrtps_cpp.hpp
[5.445s] -- Installing: /home/arms/turtlebot3_ws/install/yolov8_msgs/include/yolov8_msgs/yolov8_msgs/msg/detail/detection__rosidl_typesupport_fastrtps_cpp.hpp
[5.445s] -- Installing: /home/arms/turtlebot3_ws/install/yolov8_msgs/include/yolov8_msgs/yolov8_msgs/msg/detail/detection_array__rosidl_typesupport_fastrtps_cpp.hpp
[5.445s] -- Installing: /home/arms/turtlebot3_ws/install/yolov8_msgs/include/yolov8_msgs/yolov8_msgs/msg/detail/key_point3_d__rosidl_typesupport_fastrtps_cpp.hpp
[5.445s] -- Installing: /home/arms/turtlebot3_ws/install/yolov8_msgs/include/yolov8_msgs/yolov8_msgs/msg/detail/mask__rosidl_typesupport_fastrtps_cpp.hpp
[5.445s] -- Installing: /home/arms/turtlebot3_ws/install/yolov8_msgs/lib/libyolov8_msgs__rosidl_typesupport_fastrtps_cpp.so
[5.445s] -- Set runtime path of "/home/arms/turtlebot3_ws/install/yolov8_msgs/lib/libyolov8_msgs__rosidl_typesupport_fastrtps_cpp.so" to ""
[5.445s] -- Up-to-date: /home/arms/turtlebot3_ws/install/yolov8_msgs/include/yolov8_msgs/yolov8_msgs
[5.445s] -- Up-to-date: /home/arms/turtlebot3_ws/install/yolov8_msgs/include/yolov8_msgs/yolov8_msgs/msg
[5.445s] -- Up-to-date: /home/arms/turtlebot3_ws/install/yolov8_msgs/include/yolov8_msgs/yolov8_msgs/msg/detail
[5.445s] -- Installing: /home/arms/turtlebot3_ws/install/yolov8_msgs/include/yolov8_msgs/yolov8_msgs/msg/detail/bounding_box3_d__rosidl_typesupport_introspection_cpp.hpp
[5.445s] -- Installing: /home/arms/turtlebot3_ws/install/yolov8_msgs/include/yolov8_msgs/yolov8_msgs/msg/detail/detection_array__type_support.cpp
[5.445s] -- Installing: /home/arms/turtlebot3_ws/install/yolov8_msgs/include/yolov8_msgs/yolov8_msgs/msg/detail/point2_d__rosidl_typesupport_introspection_cpp.hpp
[5.445s] -- Installing: /home/arms/turtlebot3_ws/install/yolov8_msgs/include/yolov8_msgs/yolov8_msgs/msg/detail/key_point2_d_array__type_support.cpp
[5.445s] -- Installing: /home/arms/turtlebot3_ws/install/yolov8_msgs/include/yolov8_msgs/yolov8_msgs/msg/detail/key_point2_d__type_support.cpp
[5.445s] -- Installing: /home/arms/turtlebot3_ws/install/yolov8_msgs/include/yolov8_msgs/yolov8_msgs/msg/detail/key_point3_d__type_support.cpp
[5.445s] -- Installing: /home/arms/turtlebot3_ws/install/yolov8_msgs/include/yolov8_msgs/yolov8_msgs/msg/detail/detection__type_support.cpp
[5.445s] -- Installing: /home/arms/turtlebot3_ws/install/yolov8_msgs/include/yolov8_msgs/yolov8_msgs/msg/detail/bounding_box2_d__rosidl_typesupport_introspection_cpp.hpp
[5.445s] -- Installing: /home/arms/turtlebot3_ws/install/yolov8_msgs/include/yolov8_msgs/yolov8_msgs/msg/detail/detection_array__rosidl_typesupport_introspection_cpp.hpp
[5.445s] -- Installing: /home/arms/turtlebot3_ws/install/yolov8_msgs/include/yolov8_msgs/yolov8_msgs/msg/detail/point2_d__type_support.cpp
[5.445s] -- Installing: /home/arms/turtlebot3_ws/install/yolov8_msgs/include/yolov8_msgs/yolov8_msgs/msg/detail/key_point3_d__rosidl_typesupport_introspection_cpp.hpp
[5.445s] -- Installing: /home/arms/turtlebot3_ws/install/yolov8_msgs/include/yolov8_msgs/yolov8_msgs/msg/detail/pose2_d__rosidl_typesupport_introspection_cpp.hpp
[5.446s] -- Installing: /home/arms/turtlebot3_ws/install/yolov8_msgs/include/yolov8_msgs/yolov8_msgs/msg/detail/vector2__type_support.cpp
[5.446s] -- Installing: /home/arms/turtlebot3_ws/install/yolov8_msgs/include/yolov8_msgs/yolov8_msgs/msg/detail/mask__rosidl_typesupport_introspection_cpp.hpp
[5.446s] -- Installing: /home/arms/turtlebot3_ws/install/yolov8_msgs/include/yolov8_msgs/yolov8_msgs/msg/detail/vector2__rosidl_typesupport_introspection_cpp.hpp
[5.446s] -- Installing: /home/arms/turtlebot3_ws/install/yolov8_msgs/include/yolov8_msgs/yolov8_msgs/msg/detail/key_point2_d_array__rosidl_typesupport_introspection_cpp.hpp
[5.446s] -- Installing: /home/arms/turtlebot3_ws/install/yolov8_msgs/include/yolov8_msgs/yolov8_msgs/msg/detail/detection__rosidl_typesupport_introspection_cpp.hpp
[5.446s] -- Installing: /home/arms/turtlebot3_ws/install/yolov8_msgs/include/yolov8_msgs/yolov8_msgs/msg/detail/mask__type_support.cpp
[5.446s] -- Installing: /home/arms/turtlebot3_ws/install/yolov8_msgs/include/yolov8_msgs/yolov8_msgs/msg/detail/bounding_box3_d__type_support.cpp
[5.446s] -- Installing: /home/arms/turtlebot3_ws/install/yolov8_msgs/include/yolov8_msgs/yolov8_msgs/msg/detail/key_point3_d_array__rosidl_typesupport_introspection_cpp.hpp
[5.446s] -- Installing: /home/arms/turtlebot3_ws/install/yolov8_msgs/include/yolov8_msgs/yolov8_msgs/msg/detail/key_point2_d__rosidl_typesupport_introspection_cpp.hpp
[5.446s] -- Installing: /home/arms/turtlebot3_ws/install/yolov8_msgs/include/yolov8_msgs/yolov8_msgs/msg/detail/pose2_d__type_support.cpp
[5.446s] -- Installing: /home/arms/turtlebot3_ws/install/yolov8_msgs/include/yolov8_msgs/yolov8_msgs/msg/detail/bounding_box2_d__type_support.cpp
[5.446s] -- Installing: /home/arms/turtlebot3_ws/install/yolov8_msgs/include/yolov8_msgs/yolov8_msgs/msg/detail/key_point3_d_array__type_support.cpp
[5.446s] -- Installing: /home/arms/turtlebot3_ws/install/yolov8_msgs/lib/libyolov8_msgs__rosidl_typesupport_introspection_cpp.so
[5.446s] -- Set runtime path of "/home/arms/turtlebot3_ws/install/yolov8_msgs/lib/libyolov8_msgs__rosidl_typesupport_introspection_cpp.so" to ""
[5.446s] -- Installing: /home/arms/turtlebot3_ws/install/yolov8_msgs/lib/libyolov8_msgs__rosidl_typesupport_cpp.so
[5.446s] -- Set runtime path of "/home/arms/turtlebot3_ws/install/yolov8_msgs/lib/libyolov8_msgs__rosidl_typesupport_cpp.so" to ""
[5.446s] -- Installing: /home/arms/turtlebot3_ws/install/yolov8_msgs/share/yolov8_msgs/environment/pythonpath.sh
[5.446s] -- Installing: /home/arms/turtlebot3_ws/install/yolov8_msgs/share/yolov8_msgs/environment/pythonpath.dsv
[5.446s] -- Installing: /home/arms/turtlebot3_ws/install/yolov8_msgs/local/lib/python3.10/dist-packages/yolov8_msgs-0.0.0-py3.10.egg-info
[5.446s] -- Installing: /home/arms/turtlebot3_ws/install/yolov8_msgs/local/lib/python3.10/dist-packages/yolov8_msgs-0.0.0-py3.10.egg-info/SOURCES.txt
[5.446s] -- Installing: /home/arms/turtlebot3_ws/install/yolov8_msgs/local/lib/python3.10/dist-packages/yolov8_msgs-0.0.0-py3.10.egg-info/PKG-INFO
[5.446s] -- Installing: /home/arms/turtlebot3_ws/install/yolov8_msgs/local/lib/python3.10/dist-packages/yolov8_msgs-0.0.0-py3.10.egg-info/dependency_links.txt
[5.446s] -- Installing: /home/arms/turtlebot3_ws/install/yolov8_msgs/local/lib/python3.10/dist-packages/yolov8_msgs-0.0.0-py3.10.egg-info/top_level.txt
[5.446s] -- Installing: /home/arms/turtlebot3_ws/install/yolov8_msgs/local/lib/python3.10/dist-packages/yolov8_msgs
[5.446s] -- Installing: /home/arms/turtlebot3_ws/install/yolov8_msgs/local/lib/python3.10/dist-packages/yolov8_msgs/_yolov8_msgs_s.ep.rosidl_typesupport_fastrtps_c.c
[5.446s] -- Installing: /home/arms/turtlebot3_ws/install/yolov8_msgs/local/lib/python3.10/dist-packages/yolov8_msgs/_yolov8_msgs_s.ep.rosidl_typesupport_c.c
[5.446s] -- Installing: /home/arms/turtlebot3_ws/install/yolov8_msgs/local/lib/python3.10/dist-packages/yolov8_msgs/__init__.py
[5.446s] -- Installing: /home/arms/turtlebot3_ws/install/yolov8_msgs/local/lib/python3.10/dist-packages/yolov8_msgs/yolov8_msgs_s__rosidl_typesupport_introspection_c.cpython-310-x86_64-linux-gnu.so
[5.446s] -- Installing: /home/arms/turtlebot3_ws/install/yolov8_msgs/local/lib/python3.10/dist-packages/yolov8_msgs/yolov8_msgs_s__rosidl_typesupport_fastrtps_c.cpython-310-x86_64-linux-gnu.so
[5.447s] -- Installing: /home/arms/turtlebot3_ws/install/yolov8_msgs/local/lib/python3.10/dist-packages/yolov8_msgs/yolov8_msgs_s__rosidl_typesupport_c.cpython-310-x86_64-linux-gnu.so
[5.447s] -- Installing: /home/arms/turtlebot3_ws/install/yolov8_msgs/local/lib/python3.10/dist-packages/yolov8_msgs/msg
[5.447s] -- Installing: /home/arms/turtlebot3_ws/install/yolov8_msgs/local/lib/python3.10/dist-packages/yolov8_msgs/msg/_point2_d_s.c
[5.447s] -- Installing: /home/arms/turtlebot3_ws/install/yolov8_msgs/local/lib/python3.10/dist-packages/yolov8_msgs/msg/_bounding_box3_d.py
[5.447s] -- Installing: /home/arms/turtlebot3_ws/install/yolov8_msgs/local/lib/python3.10/dist-packages/yolov8_msgs/msg/_key_point3_d_array.py
[5.447s] -- Installing: /home/arms/turtlebot3_ws/install/yolov8_msgs/local/lib/python3.10/dist-packages/yolov8_msgs/msg/_key_point2_d_s.c
[5.447s] -- Installing: /home/arms/turtlebot3_ws/install/yolov8_msgs/local/lib/python3.10/dist-packages/yolov8_msgs/msg/_detection_s.c
[5.447s] -- Installing: /home/arms/turtlebot3_ws/install/yolov8_msgs/local/lib/python3.10/dist-packages/yolov8_msgs/msg/_key_point2_d_array_s.c
[5.447s] -- Installing: /home/arms/turtlebot3_ws/install/yolov8_msgs/local/lib/python3.10/dist-packages/yolov8_msgs/msg/_key_point3_d_array_s.c
[5.447s] -- Installing: /home/arms/turtlebot3_ws/install/yolov8_msgs/local/lib/python3.10/dist-packages/yolov8_msgs/msg/_pose2_d.py
[5.447s] -- Installing: /home/arms/turtlebot3_ws/install/yolov8_msgs/local/lib/python3.10/dist-packages/yolov8_msgs/msg/_pose2_d_s.c
[5.447s] -- Installing: /home/arms/turtlebot3_ws/install/yolov8_msgs/local/lib/python3.10/dist-packages/yolov8_msgs/msg/_vector2.py
[5.447s] -- Installing: /home/arms/turtlebot3_ws/install/yolov8_msgs/local/lib/python3.10/dist-packages/yolov8_msgs/msg/_bounding_box2_d_s.c
[5.447s] -- Installing: /home/arms/turtlebot3_ws/install/yolov8_msgs/local/lib/python3.10/dist-packages/yolov8_msgs/msg/__init__.py
[5.447s] -- Installing: /home/arms/turtlebot3_ws/install/yolov8_msgs/local/lib/python3.10/dist-packages/yolov8_msgs/msg/_bounding_box2_d.py
[5.447s] -- Installing: /home/arms/turtlebot3_ws/install/yolov8_msgs/local/lib/python3.10/dist-packages/yolov8_msgs/msg/_point2_d.py
[5.447s] -- Installing: /home/arms/turtlebot3_ws/install/yolov8_msgs/local/lib/python3.10/dist-packages/yolov8_msgs/msg/_mask_s.c
[5.447s] -- Installing: /home/arms/turtlebot3_ws/install/yolov8_msgs/local/lib/python3.10/dist-packages/yolov8_msgs/msg/_key_point2_d.py
[5.447s] -- Installing: /home/arms/turtlebot3_ws/install/yolov8_msgs/local/lib/python3.10/dist-packages/yolov8_msgs/msg/_mask.py
[5.447s] -- Installing: /home/arms/turtlebot3_ws/install/yolov8_msgs/local/lib/python3.10/dist-packages/yolov8_msgs/msg/_key_point3_d.py
[5.447s] -- Installing: /home/arms/turtlebot3_ws/install/yolov8_msgs/local/lib/python3.10/dist-packages/yolov8_msgs/msg/_bounding_box3_d_s.c
[5.447s] -- Installing: /home/arms/turtlebot3_ws/install/yolov8_msgs/local/lib/python3.10/dist-packages/yolov8_msgs/msg/_detection.py
[5.447s] -- Installing: /home/arms/turtlebot3_ws/install/yolov8_msgs/local/lib/python3.10/dist-packages/yolov8_msgs/msg/_detection_array.py
[5.447s] -- Installing: /home/arms/turtlebot3_ws/install/yolov8_msgs/local/lib/python3.10/dist-packages/yolov8_msgs/msg/_vector2_s.c
[5.447s] -- Installing: /home/arms/turtlebot3_ws/install/yolov8_msgs/local/lib/python3.10/dist-packages/yolov8_msgs/msg/_key_point2_d_array.py
[5.447s] -- Installing: /home/arms/turtlebot3_ws/install/yolov8_msgs/local/lib/python3.10/dist-packages/yolov8_msgs/msg/_key_point3_d_s.c
[5.448s] -- Installing: /home/arms/turtlebot3_ws/install/yolov8_msgs/local/lib/python3.10/dist-packages/yolov8_msgs/msg/_detection_array_s.c
[5.448s] -- Installing: /home/arms/turtlebot3_ws/install/yolov8_msgs/local/lib/python3.10/dist-packages/yolov8_msgs/libyolov8_msgs__rosidl_generator_py.so
[5.448s] -- Installing: /home/arms/turtlebot3_ws/install/yolov8_msgs/local/lib/python3.10/dist-packages/yolov8_msgs/_yolov8_msgs_s.ep.rosidl_typesupport_introspection_c.c
[5.472s] Listing '/home/arms/turtlebot3_ws/install/yolov8_msgs/local/lib/python3.10/dist-packages/yolov8_msgs'...
[5.472s] Compiling '/home/arms/turtlebot3_ws/install/yolov8_msgs/local/lib/python3.10/dist-packages/yolov8_msgs/__init__.py'...
[5.472s] Listing '/home/arms/turtlebot3_ws/install/yolov8_msgs/local/lib/python3.10/dist-packages/yolov8_msgs/msg'...
[5.472s] Compiling '/home/arms/turtlebot3_ws/install/yolov8_msgs/local/lib/python3.10/dist-packages/yolov8_msgs/msg/__init__.py'...
[5.472s] Compiling '/home/arms/turtlebot3_ws/install/yolov8_msgs/local/lib/python3.10/dist-packages/yolov8_msgs/msg/_bounding_box2_d.py'...
[5.472s] Compiling '/home/arms/turtlebot3_ws/install/yolov8_msgs/local/lib/python3.10/dist-packages/yolov8_msgs/msg/_bounding_box3_d.py'...
[5.472s] Compiling '/home/arms/turtlebot3_ws/install/yolov8_msgs/local/lib/python3.10/dist-packages/yolov8_msgs/msg/_detection.py'...
[5.472s] Compiling '/home/arms/turtlebot3_ws/install/yolov8_msgs/local/lib/python3.10/dist-packages/yolov8_msgs/msg/_detection_array.py'...
[5.472s] Compiling '/home/arms/turtlebot3_ws/install/yolov8_msgs/local/lib/python3.10/dist-packages/yolov8_msgs/msg/_key_point2_d.py'...
[5.472s] Compiling '/home/arms/turtlebot3_ws/install/yolov8_msgs/local/lib/python3.10/dist-packages/yolov8_msgs/msg/_key_point2_d_array.py'...
[5.472s] Compiling '/home/arms/turtlebot3_ws/install/yolov8_msgs/local/lib/python3.10/dist-packages/yolov8_msgs/msg/_key_point3_d.py'...
[5.472s] Compiling '/home/arms/turtlebot3_ws/install/yolov8_msgs/local/lib/python3.10/dist-packages/yolov8_msgs/msg/_key_point3_d_array.py'...
[5.472s] Compiling '/home/arms/turtlebot3_ws/install/yolov8_msgs/local/lib/python3.10/dist-packages/yolov8_msgs/msg/_mask.py'...
[5.472s] Compiling '/home/arms/turtlebot3_ws/install/yolov8_msgs/local/lib/python3.10/dist-packages/yolov8_msgs/msg/_point2_d.py'...
[5.472s] Compiling '/home/arms/turtlebot3_ws/install/yolov8_msgs/local/lib/python3.10/dist-packages/yolov8_msgs/msg/_pose2_d.py'...
[5.472s] Compiling '/home/arms/turtlebot3_ws/install/yolov8_msgs/local/lib/python3.10/dist-packages/yolov8_msgs/msg/_vector2.py'...
[5.474s] -- Installing: /home/arms/turtlebot3_ws/install/yolov8_msgs/local/lib/python3.10/dist-packages/yolov8_msgs/yolov8_msgs_s__rosidl_typesupport_fastrtps_c.cpython-310-x86_64-linux-gnu.so
[5.474s] -- Set runtime path of "/home/arms/turtlebot3_ws/install/yolov8_msgs/local/lib/python3.10/dist-packages/yolov8_msgs/yolov8_msgs_s__rosidl_typesupport_fastrtps_c.cpython-310-x86_64-linux-gnu.so" to ""
[5.474s] -- Installing: /home/arms/turtlebot3_ws/install/yolov8_msgs/local/lib/python3.10/dist-packages/yolov8_msgs/yolov8_msgs_s__rosidl_typesupport_introspection_c.cpython-310-x86_64-linux-gnu.so
[5.475s] -- Set runtime path of "/home/arms/turtlebot3_ws/install/yolov8_msgs/local/lib/python3.10/dist-packages/yolov8_msgs/yolov8_msgs_s__rosidl_typesupport_introspection_c.cpython-310-x86_64-linux-gnu.so" to ""
[5.475s] -- Installing: /home/arms/turtlebot3_ws/install/yolov8_msgs/local/lib/python3.10/dist-packages/yolov8_msgs/yolov8_msgs_s__rosidl_typesupport_c.cpython-310-x86_64-linux-gnu.so
[5.475s] -- Set runtime path of "/home/arms/turtlebot3_ws/install/yolov8_msgs/local/lib/python3.10/dist-packages/yolov8_msgs/yolov8_msgs_s__rosidl_typesupport_c.cpython-310-x86_64-linux-gnu.so" to ""
[5.475s] -- Installing: /home/arms/turtlebot3_ws/install/yolov8_msgs/lib/libyolov8_msgs__rosidl_generator_py.so
[5.475s] -- Set runtime path of "/home/arms/turtlebot3_ws/install/yolov8_msgs/lib/libyolov8_msgs__rosidl_generator_py.so" to ""
[5.475s] -- Installing: /home/arms/turtlebot3_ws/install/yolov8_msgs/share/yolov8_msgs/msg/Point2D.idl
[5.475s] -- Installing: /home/arms/turtlebot3_ws/install/yolov8_msgs/share/yolov8_msgs/msg/Vector2.idl
[5.475s] -- Installing: /home/arms/turtlebot3_ws/install/yolov8_msgs/share/yolov8_msgs/msg/Pose2D.idl
[5.475s] -- Installing: /home/arms/turtlebot3_ws/install/yolov8_msgs/share/yolov8_msgs/msg/BoundingBox2D.idl
[5.475s] -- Installing: /home/arms/turtlebot3_ws/install/yolov8_msgs/share/yolov8_msgs/msg/BoundingBox3D.idl
[5.475s] -- Installing: /home/arms/turtlebot3_ws/install/yolov8_msgs/share/yolov8_msgs/msg/Mask.idl
[5.475s] -- Installing: /home/arms/turtlebot3_ws/install/yolov8_msgs/share/yolov8_msgs/msg/KeyPoint2D.idl
[5.475s] -- Installing: /home/arms/turtlebot3_ws/install/yolov8_msgs/share/yolov8_msgs/msg/KeyPoint2DArray.idl
[5.475s] -- Installing: /home/arms/turtlebot3_ws/install/yolov8_msgs/share/yolov8_msgs/msg/KeyPoint3D.idl
[5.475s] -- Installing: /home/arms/turtlebot3_ws/install/yolov8_msgs/share/yolov8_msgs/msg/KeyPoint3DArray.idl
[5.475s] -- Installing: /home/arms/turtlebot3_ws/install/yolov8_msgs/share/yolov8_msgs/msg/Detection.idl
[5.475s] -- Installing: /home/arms/turtlebot3_ws/install/yolov8_msgs/share/yolov8_msgs/msg/DetectionArray.idl
[5.475s] -- Installing: /home/arms/turtlebot3_ws/install/yolov8_msgs/share/yolov8_msgs/msg/Point2D.msg
[5.475s] -- Installing: /home/arms/turtlebot3_ws/install/yolov8_msgs/share/yolov8_msgs/msg/Vector2.msg
[5.475s] -- Installing: /home/arms/turtlebot3_ws/install/yolov8_msgs/share/yolov8_msgs/msg/Pose2D.msg
[5.475s] -- Installing: /home/arms/turtlebot3_ws/install/yolov8_msgs/share/yolov8_msgs/msg/BoundingBox2D.msg
[5.475s] -- Installing: /home/arms/turtlebot3_ws/install/yolov8_msgs/share/yolov8_msgs/msg/BoundingBox3D.msg
[5.475s] -- Installing: /home/arms/turtlebot3_ws/install/yolov8_msgs/share/yolov8_msgs/msg/Mask.msg
[5.475s] -- Installing: /home/arms/turtlebot3_ws/install/yolov8_msgs/share/yolov8_msgs/msg/KeyPoint2D.msg
[5.475s] -- Installing: /home/arms/turtlebot3_ws/install/yolov8_msgs/share/yolov8_msgs/msg/KeyPoint2DArray.msg
[5.475s] -- Installing: /home/arms/turtlebot3_ws/install/yolov8_msgs/share/yolov8_msgs/msg/KeyPoint3D.msg
[5.475s] -- Installing: /home/arms/turtlebot3_ws/install/yolov8_msgs/share/yolov8_msgs/msg/KeyPoint3DArray.msg
[5.475s] -- Installing: /home/arms/turtlebot3_ws/install/yolov8_msgs/share/yolov8_msgs/msg/Detection.msg
[5.476s] -- Installing: /home/arms/turtlebot3_ws/install/yolov8_msgs/share/yolov8_msgs/msg/DetectionArray.msg
[5.476s] -- Installing: /home/arms/turtlebot3_ws/install/yolov8_msgs/share/ament_index/resource_index/package_run_dependencies/yolov8_msgs
[5.476s] -- Installing: /home/arms/turtlebot3_ws/install/yolov8_msgs/share/ament_index/resource_index/parent_prefix_path/yolov8_msgs
[5.476s] -- Installing: /home/arms/turtlebot3_ws/install/yolov8_msgs/share/yolov8_msgs/environment/ament_prefix_path.sh
[5.476s] -- Installing: /home/arms/turtlebot3_ws/install/yolov8_msgs/share/yolov8_msgs/environment/ament_prefix_path.dsv
[5.476s] -- Installing: /home/arms/turtlebot3_ws/install/yolov8_msgs/share/yolov8_msgs/environment/path.sh
[5.476s] -- Installing: /home/arms/turtlebot3_ws/install/yolov8_msgs/share/yolov8_msgs/environment/path.dsv
[5.476s] -- Installing: /home/arms/turtlebot3_ws/install/yolov8_msgs/share/yolov8_msgs/local_setup.bash
[5.476s] -- Installing: /home/arms/turtlebot3_ws/install/yolov8_msgs/share/yolov8_msgs/local_setup.sh
[5.476s] -- Installing: /home/arms/turtlebot3_ws/install/yolov8_msgs/share/yolov8_msgs/local_setup.zsh
[5.476s] -- Installing: /home/arms/turtlebot3_ws/install/yolov8_msgs/share/yolov8_msgs/local_setup.dsv
[5.476s] -- Installing: /home/arms/turtlebot3_ws/install/yolov8_msgs/share/yolov8_msgs/package.dsv
[5.476s] -- Installing: /home/arms/turtlebot3_ws/install/yolov8_msgs/share/ament_index/resource_index/packages/yolov8_msgs
[5.476s] -- Installing: /home/arms/turtlebot3_ws/install/yolov8_msgs/share/yolov8_msgs/cmake/export_yolov8_msgs__rosidl_generator_cExport.cmake
[5.476s] -- Installing: /home/arms/turtlebot3_ws/install/yolov8_msgs/share/yolov8_msgs/cmake/export_yolov8_msgs__rosidl_generator_cExport-noconfig.cmake
[5.476s] -- Installing: /home/arms/turtlebot3_ws/install/yolov8_msgs/share/yolov8_msgs/cmake/export_yolov8_msgs__rosidl_typesupport_fastrtps_cExport.cmake
[5.476s] -- Installing: /home/arms/turtlebot3_ws/install/yolov8_msgs/share/yolov8_msgs/cmake/export_yolov8_msgs__rosidl_typesupport_fastrtps_cExport-noconfig.cmake
[5.476s] -- Installing: /home/arms/turtlebot3_ws/install/yolov8_msgs/share/yolov8_msgs/cmake/yolov8_msgs__rosidl_typesupport_introspection_cExport.cmake
[5.476s] -- Installing: /home/arms/turtlebot3_ws/install/yolov8_msgs/share/yolov8_msgs/cmake/yolov8_msgs__rosidl_typesupport_introspection_cExport-noconfig.cmake
[5.476s] -- Installing: /home/arms/turtlebot3_ws/install/yolov8_msgs/share/yolov8_msgs/cmake/yolov8_msgs__rosidl_typesupport_cExport.cmake
[5.476s] -- Installing: /home/arms/turtlebot3_ws/install/yolov8_msgs/share/yolov8_msgs/cmake/yolov8_msgs__rosidl_typesupport_cExport-noconfig.cmake
[5.476s] -- Installing: /home/arms/turtlebot3_ws/install/yolov8_msgs/share/yolov8_msgs/cmake/export_yolov8_msgs__rosidl_generator_cppExport.cmake
[5.476s] -- Installing: /home/arms/turtlebot3_ws/install/yolov8_msgs/share/yolov8_msgs/cmake/export_yolov8_msgs__rosidl_typesupport_fastrtps_cppExport.cmake
[5.476s] -- Installing: /home/arms/turtlebot3_ws/install/yolov8_msgs/share/yolov8_msgs/cmake/export_yolov8_msgs__rosidl_typesupport_fastrtps_cppExport-noconfig.cmake
[5.477s] -- Installing: /home/arms/turtlebot3_ws/install/yolov8_msgs/share/yolov8_msgs/cmake/yolov8_msgs__rosidl_typesupport_introspection_cppExport.cmake
[5.477s] -- Installing: /home/arms/turtlebot3_ws/install/yolov8_msgs/share/yolov8_msgs/cmake/yolov8_msgs__rosidl_typesupport_introspection_cppExport-noconfig.cmake
[5.477s] -- Installing: /home/arms/turtlebot3_ws/install/yolov8_msgs/share/yolov8_msgs/cmake/yolov8_msgs__rosidl_typesupport_cppExport.cmake
[5.477s] -- Installing: /home/arms/turtlebot3_ws/install/yolov8_msgs/share/yolov8_msgs/cmake/yolov8_msgs__rosidl_typesupport_cppExport-noconfig.cmake
[5.477s] -- Installing: /home/arms/turtlebot3_ws/install/yolov8_msgs/share/yolov8_msgs/cmake/export_yolov8_msgs__rosidl_generator_pyExport.cmake
[5.477s] -- Installing: /home/arms/turtlebot3_ws/install/yolov8_msgs/share/yolov8_msgs/cmake/export_yolov8_msgs__rosidl_generator_pyExport-noconfig.cmake
[5.477s] -- Installing: /home/arms/turtlebot3_ws/install/yolov8_msgs/share/yolov8_msgs/cmake/rosidl_cmake-extras.cmake
[5.477s] -- Installing: /home/arms/turtlebot3_ws/install/yolov8_msgs/share/yolov8_msgs/cmake/ament_cmake_export_dependencies-extras.cmake
[5.477s] -- Installing: /home/arms/turtlebot3_ws/install/yolov8_msgs/share/yolov8_msgs/cmake/ament_cmake_export_include_directories-extras.cmake
[5.477s] -- Installing: /home/arms/turtlebot3_ws/install/yolov8_msgs/share/yolov8_msgs/cmake/ament_cmake_export_libraries-extras.cmake
[5.477s] -- Installing: /home/arms/turtlebot3_ws/install/yolov8_msgs/share/yolov8_msgs/cmake/ament_cmake_export_targets-extras.cmake
[5.477s] -- Installing: /home/arms/turtlebot3_ws/install/yolov8_msgs/share/yolov8_msgs/cmake/rosidl_cmake_export_typesupport_targets-extras.cmake
[5.477s] -- Installing: /home/arms/turtlebot3_ws/install/yolov8_msgs/share/yolov8_msgs/cmake/rosidl_cmake_export_typesupport_libraries-extras.cmake
[5.477s] -- Installing: /home/arms/turtlebot3_ws/install/yolov8_msgs/share/yolov8_msgs/cmake/yolov8_msgsConfig.cmake
[5.477s] -- Installing: /home/arms/turtlebot3_ws/install/yolov8_msgs/share/yolov8_msgs/cmake/yolov8_msgsConfig-version.cmake
[5.477s] -- Installing: /home/arms/turtlebot3_ws/install/yolov8_msgs/share/yolov8_msgs/package.xml
[5.479s] Invoked command in '/home/arms/turtlebot3_ws/build/yolov8_msgs' returned '0': CMAKE_PREFIX_PATH=/opt/ros/humble /usr/bin/cmake --install /home/arms/turtlebot3_ws/build/yolov8_msgs
