[0.385s] Invoking command in '/home/arms/turtlebot3_ws/src/turtlebot3/src/cv_stuff': PYTHONPATH=/home/arms/turtlebot3_ws/build/cv_stuff/prefix_override:/home/arms/turtlebot3_ws/install/cv_stuff/lib/python3.10/site-packages:${PYTHONPATH} /usr/bin/python3 setup.py egg_info --egg-base ../../../../build/cv_stuff build --build-base /home/arms/turtlebot3_ws/build/cv_stuff/build install --record /home/arms/turtlebot3_ws/build/cv_stuff/install.log --single-version-externally-managed
[0.501s] running egg_info
[0.501s] creating ../../../../build/cv_stuff/cv_stuff.egg-info
[0.501s] writing ../../../../build/cv_stuff/cv_stuff.egg-info/PKG-INFO
[0.501s] writing dependency_links to ../../../../build/cv_stuff/cv_stuff.egg-info/dependency_links.txt
[0.501s] writing entry points to ../../../../build/cv_stuff/cv_stuff.egg-info/entry_points.txt
[0.502s] writing requirements to ../../../../build/cv_stuff/cv_stuff.egg-info/requires.txt
[0.502s] writing top-level names to ../../../../build/cv_stuff/cv_stuff.egg-info/top_level.txt
[0.502s] writing manifest file '../../../../build/cv_stuff/cv_stuff.egg-info/SOURCES.txt'
[0.503s] reading manifest file '../../../../build/cv_stuff/cv_stuff.egg-info/SOURCES.txt'
[0.503s] writing manifest file '../../../../build/cv_stuff/cv_stuff.egg-info/SOURCES.txt'
[0.503s] running build
[0.504s] running build_py
[0.504s] creating /home/arms/turtlebot3_ws/build/cv_stuff/build
[0.504s] creating /home/arms/turtlebot3_ws/build/cv_stuff/build/lib
[0.504s] creating /home/arms/turtlebot3_ws/build/cv_stuff/build/lib/cv_stuff
[0.504s] copying cv_stuff/webcam_pub.py -> /home/arms/turtlebot3_ws/build/cv_stuff/build/lib/cv_stuff
[0.504s] copying cv_stuff/webcam_sub.py -> /home/arms/turtlebot3_ws/build/cv_stuff/build/lib/cv_stuff
[0.504s] copying cv_stuff/__init__.py -> /home/arms/turtlebot3_ws/build/cv_stuff/build/lib/cv_stuff
[0.504s] running install
[0.504s] /usr/lib/python3/dist-packages/setuptools/command/install.py:34: SetuptoolsDeprecationWarning: setup.py install is deprecated. Use build and pip and other standards-based tools.
[0.504s]   warnings.warn(
[0.504s] running install_lib
[0.504s] creating /home/arms/turtlebot3_ws/install/cv_stuff/lib/python3.10/site-packages/cv_stuff
[0.504s] copying /home/arms/turtlebot3_ws/build/cv_stuff/build/lib/cv_stuff/webcam_pub.py -> /home/arms/turtlebot3_ws/install/cv_stuff/lib/python3.10/site-packages/cv_stuff
[0.504s] copying /home/arms/turtlebot3_ws/build/cv_stuff/build/lib/cv_stuff/webcam_sub.py -> /home/arms/turtlebot3_ws/install/cv_stuff/lib/python3.10/site-packages/cv_stuff
[0.504s] copying /home/arms/turtlebot3_ws/build/cv_stuff/build/lib/cv_stuff/__init__.py -> /home/arms/turtlebot3_ws/install/cv_stuff/lib/python3.10/site-packages/cv_stuff
[0.505s] byte-compiling /home/arms/turtlebot3_ws/install/cv_stuff/lib/python3.10/site-packages/cv_stuff/webcam_pub.py to webcam_pub.cpython-310.pyc
[0.505s] byte-compiling /home/arms/turtlebot3_ws/install/cv_stuff/lib/python3.10/site-packages/cv_stuff/webcam_sub.py to webcam_sub.cpython-310.pyc
[0.505s] byte-compiling /home/arms/turtlebot3_ws/install/cv_stuff/lib/python3.10/site-packages/cv_stuff/__init__.py to __init__.cpython-310.pyc
[0.505s] running install_data
[0.505s] creating /home/arms/turtlebot3_ws/install/cv_stuff/share/ament_index
[0.505s] creating /home/arms/turtlebot3_ws/install/cv_stuff/share/ament_index/resource_index
[0.505s] creating /home/arms/turtlebot3_ws/install/cv_stuff/share/ament_index/resource_index/packages
[0.505s] copying resource/cv_stuff -> /home/arms/turtlebot3_ws/install/cv_stuff/share/ament_index/resource_index/packages
[0.506s] copying package.xml -> /home/arms/turtlebot3_ws/install/cv_stuff/share/cv_stuff
[0.506s] running install_egg_info
[0.506s] Copying ../../../../build/cv_stuff/cv_stuff.egg-info to /home/arms/turtlebot3_ws/install/cv_stuff/lib/python3.10/site-packages/cv_stuff-0.0.0-py3.10.egg-info
[0.507s] running install_scripts
[0.519s] Installing img_publisher script to /home/arms/turtlebot3_ws/install/cv_stuff/lib/cv_stuff
[0.519s] Installing img_subscriber script to /home/arms/turtlebot3_ws/install/cv_stuff/lib/cv_stuff
[0.519s] writing list of installed files to '/home/arms/turtlebot3_ws/build/cv_stuff/install.log'
[0.531s] Invoked command in '/home/arms/turtlebot3_ws/src/turtlebot3/src/cv_stuff' returned '0': PYTHONPATH=/home/arms/turtlebot3_ws/build/cv_stuff/prefix_override:/home/arms/turtlebot3_ws/install/cv_stuff/lib/python3.10/site-packages:${PYTHONPATH} /usr/bin/python3 setup.py egg_info --egg-base ../../../../build/cv_stuff build --build-base /home/arms/turtlebot3_ws/build/cv_stuff/build install --record /home/arms/turtlebot3_ws/build/cv_stuff/install.log --single-version-externally-managed
