[0.463s] DEBUG:colcon:Command line arguments: ['/usr/bin/colcon', 'build']
[0.463s] DEBUG:colcon:Parsed command line arguments: Namespace(log_base=None, log_level=None, verb_name='build', build_base='build', install_base='install', merge_install=False, symlink_install=False, test_result_base=None, continue_on_error=False, executor='parallel', parallel_workers=20, event_handlers=None, ignore_user_meta=False, metas=['./colcon.meta'], base_paths=['.'], packages_ignore=None, packages_ignore_regex=None, paths=None, packages_up_to=None, packages_up_to_regex=None, packages_above=None, packages_above_and_dependencies=None, packages_above_depth=None, packages_select_by_dep=None, packages_skip_by_dep=None, packages_skip_up_to=None, packages_select_build_failed=False, packages_skip_build_finished=False, packages_select_test_failures=False, packages_skip_test_passed=False, packages_select=None, packages_skip=None, packages_select_regex=None, packages_skip_regex=None, packages_start=None, packages_end=None, allow_overriding=[], cmake_args=None, cmake_target=None, cmake_target_skip_unavailable=False, cmake_clean_cache=False, cmake_clean_first=False, cmake_force_configure=False, ament_cmake_args=None, catkin_cmake_args=None, catkin_skip_building_tests=False, verb_parser=<colcon_defaults.argument_parser.defaults.DefaultArgumentsDecorator object at 0x7f6884ec5cf0>, verb_extension=<colcon_core.verb.build.BuildVerb object at 0x7f6886097f40>, main=<bound method BuildVerb.main of <colcon_core.verb.build.BuildVerb object at 0x7f6886097f40>>)
[0.486s] Level 1:colcon.colcon_core.package_discovery:discover_packages(colcon_meta) check parameters
[0.486s] Level 1:colcon.colcon_core.package_discovery:discover_packages(recursive) check parameters
[0.486s] Level 1:colcon.colcon_core.package_discovery:discover_packages(ignore) check parameters
[0.486s] Level 1:colcon.colcon_core.package_discovery:discover_packages(path) check parameters
[0.486s] Level 1:colcon.colcon_core.package_discovery:discover_packages(colcon_meta) discover
[0.487s] Level 1:colcon.colcon_core.package_discovery:discover_packages(recursive) discover
[0.487s] INFO:colcon.colcon_core.package_discovery:Crawling recursively for packages in '/home/arms/turtlebot3_ws'
[0.487s] Level 1:colcon.colcon_core.package_identification:_identify(.) by extensions ['ignore', 'ignore_ament_install']
[0.487s] Level 1:colcon.colcon_core.package_identification:_identify(.) by extension 'ignore'
[0.487s] Level 1:colcon.colcon_core.package_identification:_identify(.) by extension 'ignore_ament_install'
[0.487s] Level 1:colcon.colcon_core.package_identification:_identify(.) by extensions ['colcon_pkg']
[0.487s] Level 1:colcon.colcon_core.package_identification:_identify(.) by extension 'colcon_pkg'
[0.487s] Level 1:colcon.colcon_core.package_identification:_identify(.) by extensions ['colcon_meta']
[0.487s] Level 1:colcon.colcon_core.package_identification:_identify(.) by extension 'colcon_meta'
[0.487s] Level 1:colcon.colcon_core.package_identification:_identify(.) by extensions ['ros']
[0.487s] Level 1:colcon.colcon_core.package_identification:_identify(.) by extension 'ros'
[0.492s] Level 1:colcon.colcon_core.package_identification:_identify(.) by extensions ['cmake', 'python']
[0.492s] Level 1:colcon.colcon_core.package_identification:_identify(.) by extension 'cmake'
[0.492s] Level 1:colcon.colcon_core.package_identification:_identify(.) by extension 'python'
[0.492s] Level 1:colcon.colcon_core.package_identification:_identify(.) by extensions ['python_setup_py']
[0.492s] Level 1:colcon.colcon_core.package_identification:_identify(.) by extension 'python_setup_py'
[0.493s] Level 1:colcon.colcon_core.package_identification:_identify(build) by extensions ['ignore', 'ignore_ament_install']
[0.493s] Level 1:colcon.colcon_core.package_identification:_identify(build) by extension 'ignore'
[0.493s] Level 1:colcon.colcon_core.package_identification:_identify(build) ignored
[0.493s] Level 1:colcon.colcon_core.package_identification:_identify(install) by extensions ['ignore', 'ignore_ament_install']
[0.493s] Level 1:colcon.colcon_core.package_identification:_identify(install) by extension 'ignore'
[0.493s] Level 1:colcon.colcon_core.package_identification:_identify(install) ignored
[0.493s] Level 1:colcon.colcon_core.package_identification:_identify(log) by extensions ['ignore', 'ignore_ament_install']
[0.493s] Level 1:colcon.colcon_core.package_identification:_identify(log) by extension 'ignore'
[0.493s] Level 1:colcon.colcon_core.package_identification:_identify(log) ignored
[0.493s] Level 1:colcon.colcon_core.package_identification:_identify(src) by extensions ['ignore', 'ignore_ament_install']
[0.493s] Level 1:colcon.colcon_core.package_identification:_identify(src) by extension 'ignore'
[0.493s] Level 1:colcon.colcon_core.package_identification:_identify(src) by extension 'ignore_ament_install'
[0.493s] Level 1:colcon.colcon_core.package_identification:_identify(src) by extensions ['colcon_pkg']
[0.493s] Level 1:colcon.colcon_core.package_identification:_identify(src) by extension 'colcon_pkg'
[0.493s] Level 1:colcon.colcon_core.package_identification:_identify(src) by extensions ['colcon_meta']
[0.493s] Level 1:colcon.colcon_core.package_identification:_identify(src) by extension 'colcon_meta'
[0.493s] Level 1:colcon.colcon_core.package_identification:_identify(src) by extensions ['ros']
[0.493s] Level 1:colcon.colcon_core.package_identification:_identify(src) by extension 'ros'
[0.493s] Level 1:colcon.colcon_core.package_identification:_identify(src) by extensions ['cmake', 'python']
[0.493s] Level 1:colcon.colcon_core.package_identification:_identify(src) by extension 'cmake'
[0.493s] Level 1:colcon.colcon_core.package_identification:_identify(src) by extension 'python'
[0.493s] Level 1:colcon.colcon_core.package_identification:_identify(src) by extensions ['python_setup_py']
[0.493s] Level 1:colcon.colcon_core.package_identification:_identify(src) by extension 'python_setup_py'
[0.493s] Level 1:colcon.colcon_core.package_identification:_identify(src/turtlebot3_simulations) by extensions ['ignore', 'ignore_ament_install']
[0.493s] Level 1:colcon.colcon_core.package_identification:_identify(src/turtlebot3_simulations) by extension 'ignore'
[0.493s] Level 1:colcon.colcon_core.package_identification:_identify(src/turtlebot3_simulations) by extension 'ignore_ament_install'
[0.493s] Level 1:colcon.colcon_core.package_identification:_identify(src/turtlebot3_simulations) by extensions ['colcon_pkg']
[0.493s] Level 1:colcon.colcon_core.package_identification:_identify(src/turtlebot3_simulations) by extension 'colcon_pkg'
[0.493s] Level 1:colcon.colcon_core.package_identification:_identify(src/turtlebot3_simulations) by extensions ['colcon_meta']
[0.493s] Level 1:colcon.colcon_core.package_identification:_identify(src/turtlebot3_simulations) by extension 'colcon_meta'
[0.493s] Level 1:colcon.colcon_core.package_identification:_identify(src/turtlebot3_simulations) by extensions ['ros']
[0.493s] Level 1:colcon.colcon_core.package_identification:_identify(src/turtlebot3_simulations) by extension 'ros'
[0.493s] Level 1:colcon.colcon_core.package_identification:_identify(src/turtlebot3_simulations) by extensions ['cmake', 'python']
[0.493s] Level 1:colcon.colcon_core.package_identification:_identify(src/turtlebot3_simulations) by extension 'cmake'
[0.493s] Level 1:colcon.colcon_core.package_identification:_identify(src/turtlebot3_simulations) by extension 'python'
[0.493s] Level 1:colcon.colcon_core.package_identification:_identify(src/turtlebot3_simulations) by extensions ['python_setup_py']
[0.493s] Level 1:colcon.colcon_core.package_identification:_identify(src/turtlebot3_simulations) by extension 'python_setup_py'
[0.493s] Level 1:colcon.colcon_core.package_identification:_identify(src/turtlebot3_simulations/turtlebot3_fake_node) by extensions ['ignore', 'ignore_ament_install']
[0.493s] Level 1:colcon.colcon_core.package_identification:_identify(src/turtlebot3_simulations/turtlebot3_fake_node) by extension 'ignore'
[0.494s] Level 1:colcon.colcon_core.package_identification:_identify(src/turtlebot3_simulations/turtlebot3_fake_node) by extension 'ignore_ament_install'
[0.494s] Level 1:colcon.colcon_core.package_identification:_identify(src/turtlebot3_simulations/turtlebot3_fake_node) by extensions ['colcon_pkg']
[0.494s] Level 1:colcon.colcon_core.package_identification:_identify(src/turtlebot3_simulations/turtlebot3_fake_node) by extension 'colcon_pkg'
[0.494s] Level 1:colcon.colcon_core.package_identification:_identify(src/turtlebot3_simulations/turtlebot3_fake_node) by extensions ['colcon_meta']
[0.494s] Level 1:colcon.colcon_core.package_identification:_identify(src/turtlebot3_simulations/turtlebot3_fake_node) by extension 'colcon_meta'
[0.494s] Level 1:colcon.colcon_core.package_identification:_identify(src/turtlebot3_simulations/turtlebot3_fake_node) by extensions ['ros']
[0.494s] Level 1:colcon.colcon_core.package_identification:_identify(src/turtlebot3_simulations/turtlebot3_fake_node) by extension 'ros'
[0.495s] DEBUG:colcon.colcon_core.package_identification:Package 'src/turtlebot3_simulations/turtlebot3_fake_node' with type 'ros.ament_cmake' and name 'turtlebot3_fake_node'
[0.495s] Level 1:colcon.colcon_core.package_identification:_identify(src/turtlebot3_simulations/turtlebot3_gazebo) by extensions ['ignore', 'ignore_ament_install']
[0.495s] Level 1:colcon.colcon_core.package_identification:_identify(src/turtlebot3_simulations/turtlebot3_gazebo) by extension 'ignore'
[0.495s] Level 1:colcon.colcon_core.package_identification:_identify(src/turtlebot3_simulations/turtlebot3_gazebo) by extension 'ignore_ament_install'
[0.495s] Level 1:colcon.colcon_core.package_identification:_identify(src/turtlebot3_simulations/turtlebot3_gazebo) by extensions ['colcon_pkg']
[0.495s] Level 1:colcon.colcon_core.package_identification:_identify(src/turtlebot3_simulations/turtlebot3_gazebo) by extension 'colcon_pkg'
[0.495s] Level 1:colcon.colcon_core.package_identification:_identify(src/turtlebot3_simulations/turtlebot3_gazebo) by extensions ['colcon_meta']
[0.495s] Level 1:colcon.colcon_core.package_identification:_identify(src/turtlebot3_simulations/turtlebot3_gazebo) by extension 'colcon_meta'
[0.495s] Level 1:colcon.colcon_core.package_identification:_identify(src/turtlebot3_simulations/turtlebot3_gazebo) by extensions ['ros']
[0.495s] Level 1:colcon.colcon_core.package_identification:_identify(src/turtlebot3_simulations/turtlebot3_gazebo) by extension 'ros'
[0.496s] DEBUG:colcon.colcon_core.package_identification:Package 'src/turtlebot3_simulations/turtlebot3_gazebo' with type 'ros.ament_cmake' and name 'turtlebot3_gazebo'
[0.496s] Level 1:colcon.colcon_core.package_identification:_identify(src/turtlebot3_simulations/turtlebot3_simulations) by extensions ['ignore', 'ignore_ament_install']
[0.496s] Level 1:colcon.colcon_core.package_identification:_identify(src/turtlebot3_simulations/turtlebot3_simulations) by extension 'ignore'
[0.496s] Level 1:colcon.colcon_core.package_identification:_identify(src/turtlebot3_simulations/turtlebot3_simulations) by extension 'ignore_ament_install'
[0.496s] Level 1:colcon.colcon_core.package_identification:_identify(src/turtlebot3_simulations/turtlebot3_simulations) by extensions ['colcon_pkg']
[0.496s] Level 1:colcon.colcon_core.package_identification:_identify(src/turtlebot3_simulations/turtlebot3_simulations) by extension 'colcon_pkg'
[0.496s] Level 1:colcon.colcon_core.package_identification:_identify(src/turtlebot3_simulations/turtlebot3_simulations) by extensions ['colcon_meta']
[0.496s] Level 1:colcon.colcon_core.package_identification:_identify(src/turtlebot3_simulations/turtlebot3_simulations) by extension 'colcon_meta'
[0.496s] Level 1:colcon.colcon_core.package_identification:_identify(src/turtlebot3_simulations/turtlebot3_simulations) by extensions ['ros']
[0.496s] Level 1:colcon.colcon_core.package_identification:_identify(src/turtlebot3_simulations/turtlebot3_simulations) by extension 'ros'
[0.496s] DEBUG:colcon.colcon_core.package_identification:Package 'src/turtlebot3_simulations/turtlebot3_simulations' with type 'ros.ament_cmake' and name 'turtlebot3_simulations'
[0.496s] Level 1:colcon.colcon_core.package_identification:_identify(src/yolov8_ros) by extensions ['ignore', 'ignore_ament_install']
[0.496s] Level 1:colcon.colcon_core.package_identification:_identify(src/yolov8_ros) by extension 'ignore'
[0.496s] Level 1:colcon.colcon_core.package_identification:_identify(src/yolov8_ros) by extension 'ignore_ament_install'
[0.496s] Level 1:colcon.colcon_core.package_identification:_identify(src/yolov8_ros) by extensions ['colcon_pkg']
[0.496s] Level 1:colcon.colcon_core.package_identification:_identify(src/yolov8_ros) by extension 'colcon_pkg'
[0.496s] Level 1:colcon.colcon_core.package_identification:_identify(src/yolov8_ros) by extensions ['colcon_meta']
[0.496s] Level 1:colcon.colcon_core.package_identification:_identify(src/yolov8_ros) by extension 'colcon_meta'
[0.496s] Level 1:colcon.colcon_core.package_identification:_identify(src/yolov8_ros) by extensions ['ros']
[0.497s] Level 1:colcon.colcon_core.package_identification:_identify(src/yolov8_ros) by extension 'ros'
[0.497s] Level 1:colcon.colcon_core.package_identification:_identify(src/yolov8_ros) by extensions ['cmake', 'python']
[0.497s] Level 1:colcon.colcon_core.package_identification:_identify(src/yolov8_ros) by extension 'cmake'
[0.497s] Level 1:colcon.colcon_core.package_identification:_identify(src/yolov8_ros) by extension 'python'
[0.497s] Level 1:colcon.colcon_core.package_identification:_identify(src/yolov8_ros) by extensions ['python_setup_py']
[0.497s] Level 1:colcon.colcon_core.package_identification:_identify(src/yolov8_ros) by extension 'python_setup_py'
[0.497s] Level 1:colcon.colcon_core.package_identification:_identify(src/yolov8_ros/yolov8_bringup) by extensions ['ignore', 'ignore_ament_install']
[0.497s] Level 1:colcon.colcon_core.package_identification:_identify(src/yolov8_ros/yolov8_bringup) by extension 'ignore'
[0.497s] Level 1:colcon.colcon_core.package_identification:_identify(src/yolov8_ros/yolov8_bringup) by extension 'ignore_ament_install'
[0.497s] Level 1:colcon.colcon_core.package_identification:_identify(src/yolov8_ros/yolov8_bringup) by extensions ['colcon_pkg']
[0.497s] Level 1:colcon.colcon_core.package_identification:_identify(src/yolov8_ros/yolov8_bringup) by extension 'colcon_pkg'
[0.497s] Level 1:colcon.colcon_core.package_identification:_identify(src/yolov8_ros/yolov8_bringup) by extensions ['colcon_meta']
[0.497s] Level 1:colcon.colcon_core.package_identification:_identify(src/yolov8_ros/yolov8_bringup) by extension 'colcon_meta'
[0.497s] Level 1:colcon.colcon_core.package_identification:_identify(src/yolov8_ros/yolov8_bringup) by extensions ['ros']
[0.497s] Level 1:colcon.colcon_core.package_identification:_identify(src/yolov8_ros/yolov8_bringup) by extension 'ros'
[0.497s] DEBUG:colcon.colcon_core.package_identification:Package 'src/yolov8_ros/yolov8_bringup' with type 'ros.ament_cmake' and name 'yolov8_bringup'
[0.497s] Level 1:colcon.colcon_core.package_identification:_identify(src/yolov8_ros/yolov8_msgs) by extensions ['ignore', 'ignore_ament_install']
[0.497s] Level 1:colcon.colcon_core.package_identification:_identify(src/yolov8_ros/yolov8_msgs) by extension 'ignore'
[0.497s] Level 1:colcon.colcon_core.package_identification:_identify(src/yolov8_ros/yolov8_msgs) by extension 'ignore_ament_install'
[0.497s] Level 1:colcon.colcon_core.package_identification:_identify(src/yolov8_ros/yolov8_msgs) by extensions ['colcon_pkg']
[0.497s] Level 1:colcon.colcon_core.package_identification:_identify(src/yolov8_ros/yolov8_msgs) by extension 'colcon_pkg'
[0.497s] Level 1:colcon.colcon_core.package_identification:_identify(src/yolov8_ros/yolov8_msgs) by extensions ['colcon_meta']
[0.497s] Level 1:colcon.colcon_core.package_identification:_identify(src/yolov8_ros/yolov8_msgs) by extension 'colcon_meta'
[0.497s] Level 1:colcon.colcon_core.package_identification:_identify(src/yolov8_ros/yolov8_msgs) by extensions ['ros']
[0.497s] Level 1:colcon.colcon_core.package_identification:_identify(src/yolov8_ros/yolov8_msgs) by extension 'ros'
[0.498s] DEBUG:colcon.colcon_core.package_identification:Package 'src/yolov8_ros/yolov8_msgs' with type 'ros.ament_cmake' and name 'yolov8_msgs'
[0.498s] Level 1:colcon.colcon_core.package_identification:_identify(src/yolov8_ros/yolov8_ros) by extensions ['ignore', 'ignore_ament_install']
[0.498s] Level 1:colcon.colcon_core.package_identification:_identify(src/yolov8_ros/yolov8_ros) by extension 'ignore'
[0.498s] Level 1:colcon.colcon_core.package_identification:_identify(src/yolov8_ros/yolov8_ros) by extension 'ignore_ament_install'
[0.498s] Level 1:colcon.colcon_core.package_identification:_identify(src/yolov8_ros/yolov8_ros) by extensions ['colcon_pkg']
[0.498s] Level 1:colcon.colcon_core.package_identification:_identify(src/yolov8_ros/yolov8_ros) by extension 'colcon_pkg'
[0.498s] Level 1:colcon.colcon_core.package_identification:_identify(src/yolov8_ros/yolov8_ros) by extensions ['colcon_meta']
[0.498s] Level 1:colcon.colcon_core.package_identification:_identify(src/yolov8_ros/yolov8_ros) by extension 'colcon_meta'
[0.498s] Level 1:colcon.colcon_core.package_identification:_identify(src/yolov8_ros/yolov8_ros) by extensions ['ros']
[0.498s] Level 1:colcon.colcon_core.package_identification:_identify(src/yolov8_ros/yolov8_ros) by extension 'ros'
[0.498s] DEBUG:colcon.colcon_core.package_identification:Package 'src/yolov8_ros/yolov8_ros' with type 'ros.ament_python' and name 'yolov8_ros'
[0.498s] Level 1:colcon.colcon_core.package_discovery:discover_packages(recursive) using defaults
[0.498s] Level 1:colcon.colcon_core.package_discovery:discover_packages(ignore) discover
[0.498s] Level 1:colcon.colcon_core.package_discovery:discover_packages(ignore) using defaults
[0.498s] Level 1:colcon.colcon_core.package_discovery:discover_packages(path) discover
[0.498s] Level 1:colcon.colcon_core.package_discovery:discover_packages(path) using defaults
[0.541s] Level 1:colcon.colcon_core.package_discovery:discover_packages(prefix_path) check parameters
[0.541s] Level 1:colcon.colcon_core.package_discovery:discover_packages(prefix_path) discover
[0.555s] DEBUG:colcon.colcon_installed_package_information.package_discovery:Found 381 installed packages in /opt/ros/humble
[0.556s] Level 1:colcon.colcon_core.package_discovery:discover_packages(prefix_path) using defaults
[0.609s] Level 5:colcon.colcon_core.verb:set package 'turtlebot3_fake_node' build argument 'cmake_args' from command line to 'None'
[0.609s] Level 5:colcon.colcon_core.verb:set package 'turtlebot3_fake_node' build argument 'cmake_target' from command line to 'None'
[0.609s] Level 5:colcon.colcon_core.verb:set package 'turtlebot3_fake_node' build argument 'cmake_target_skip_unavailable' from command line to 'False'
[0.609s] Level 5:colcon.colcon_core.verb:set package 'turtlebot3_fake_node' build argument 'cmake_clean_cache' from command line to 'False'
[0.609s] Level 5:colcon.colcon_core.verb:set package 'turtlebot3_fake_node' build argument 'cmake_clean_first' from command line to 'False'
[0.609s] Level 5:colcon.colcon_core.verb:set package 'turtlebot3_fake_node' build argument 'cmake_force_configure' from command line to 'False'
[0.609s] Level 5:colcon.colcon_core.verb:set package 'turtlebot3_fake_node' build argument 'ament_cmake_args' from command line to 'None'
[0.609s] Level 5:colcon.colcon_core.verb:set package 'turtlebot3_fake_node' build argument 'catkin_cmake_args' from command line to 'None'
[0.609s] Level 5:colcon.colcon_core.verb:set package 'turtlebot3_fake_node' build argument 'catkin_skip_building_tests' from command line to 'False'
[0.609s] DEBUG:colcon.colcon_core.verb:Building package 'turtlebot3_fake_node' with the following arguments: {'ament_cmake_args': None, 'build_base': '/home/arms/turtlebot3_ws/build/turtlebot3_fake_node', 'catkin_cmake_args': None, 'catkin_skip_building_tests': False, 'cmake_args': None, 'cmake_clean_cache': False, 'cmake_clean_first': False, 'cmake_force_configure': False, 'cmake_target': None, 'cmake_target_skip_unavailable': False, 'install_base': '/home/arms/turtlebot3_ws/install/turtlebot3_fake_node', 'merge_install': False, 'path': '/home/arms/turtlebot3_ws/src/turtlebot3_simulations/turtlebot3_fake_node', 'symlink_install': False, 'test_result_base': None}
[0.616s] Level 5:colcon.colcon_core.verb:set package 'turtlebot3_gazebo' build argument 'cmake_args' from command line to 'None'
[0.616s] Level 5:colcon.colcon_core.verb:set package 'turtlebot3_gazebo' build argument 'cmake_target' from command line to 'None'
[0.616s] Level 5:colcon.colcon_core.verb:set package 'turtlebot3_gazebo' build argument 'cmake_target_skip_unavailable' from command line to 'False'
[0.616s] Level 5:colcon.colcon_core.verb:set package 'turtlebot3_gazebo' build argument 'cmake_clean_cache' from command line to 'False'
[0.616s] Level 5:colcon.colcon_core.verb:set package 'turtlebot3_gazebo' build argument 'cmake_clean_first' from command line to 'False'
[0.616s] Level 5:colcon.colcon_core.verb:set package 'turtlebot3_gazebo' build argument 'cmake_force_configure' from command line to 'False'
[0.616s] Level 5:colcon.colcon_core.verb:set package 'turtlebot3_gazebo' build argument 'ament_cmake_args' from command line to 'None'
[0.616s] Level 5:colcon.colcon_core.verb:set package 'turtlebot3_gazebo' build argument 'catkin_cmake_args' from command line to 'None'
[0.616s] Level 5:colcon.colcon_core.verb:set package 'turtlebot3_gazebo' build argument 'catkin_skip_building_tests' from command line to 'False'
[0.616s] DEBUG:colcon.colcon_core.verb:Building package 'turtlebot3_gazebo' with the following arguments: {'ament_cmake_args': None, 'build_base': '/home/arms/turtlebot3_ws/build/turtlebot3_gazebo', 'catkin_cmake_args': None, 'catkin_skip_building_tests': False, 'cmake_args': None, 'cmake_clean_cache': False, 'cmake_clean_first': False, 'cmake_force_configure': False, 'cmake_target': None, 'cmake_target_skip_unavailable': False, 'install_base': '/home/arms/turtlebot3_ws/install/turtlebot3_gazebo', 'merge_install': False, 'path': '/home/arms/turtlebot3_ws/src/turtlebot3_simulations/turtlebot3_gazebo', 'symlink_install': False, 'test_result_base': None}
[0.623s] Level 5:colcon.colcon_core.verb:set package 'yolov8_msgs' build argument 'cmake_args' from command line to 'None'
[0.623s] Level 5:colcon.colcon_core.verb:set package 'yolov8_msgs' build argument 'cmake_target' from command line to 'None'
[0.623s] Level 5:colcon.colcon_core.verb:set package 'yolov8_msgs' build argument 'cmake_target_skip_unavailable' from command line to 'False'
[0.623s] Level 5:colcon.colcon_core.verb:set package 'yolov8_msgs' build argument 'cmake_clean_cache' from command line to 'False'
[0.623s] Level 5:colcon.colcon_core.verb:set package 'yolov8_msgs' build argument 'cmake_clean_first' from command line to 'False'
[0.623s] Level 5:colcon.colcon_core.verb:set package 'yolov8_msgs' build argument 'cmake_force_configure' from command line to 'False'
[0.623s] Level 5:colcon.colcon_core.verb:set package 'yolov8_msgs' build argument 'ament_cmake_args' from command line to 'None'
[0.623s] Level 5:colcon.colcon_core.verb:set package 'yolov8_msgs' build argument 'catkin_cmake_args' from command line to 'None'
[0.623s] Level 5:colcon.colcon_core.verb:set package 'yolov8_msgs' build argument 'catkin_skip_building_tests' from command line to 'False'
[0.623s] DEBUG:colcon.colcon_core.verb:Building package 'yolov8_msgs' with the following arguments: {'ament_cmake_args': None, 'build_base': '/home/arms/turtlebot3_ws/build/yolov8_msgs', 'catkin_cmake_args': None, 'catkin_skip_building_tests': False, 'cmake_args': None, 'cmake_clean_cache': False, 'cmake_clean_first': False, 'cmake_force_configure': False, 'cmake_target': None, 'cmake_target_skip_unavailable': False, 'install_base': '/home/arms/turtlebot3_ws/install/yolov8_msgs', 'merge_install': False, 'path': '/home/arms/turtlebot3_ws/src/yolov8_ros/yolov8_msgs', 'symlink_install': False, 'test_result_base': None}
[0.629s] Level 5:colcon.colcon_core.verb:set package 'yolov8_ros' build argument 'cmake_args' from command line to 'None'
[0.629s] Level 5:colcon.colcon_core.verb:set package 'yolov8_ros' build argument 'cmake_target' from command line to 'None'
[0.629s] Level 5:colcon.colcon_core.verb:set package 'yolov8_ros' build argument 'cmake_target_skip_unavailable' from command line to 'False'
[0.629s] Level 5:colcon.colcon_core.verb:set package 'yolov8_ros' build argument 'cmake_clean_cache' from command line to 'False'
[0.629s] Level 5:colcon.colcon_core.verb:set package 'yolov8_ros' build argument 'cmake_clean_first' from command line to 'False'
[0.629s] Level 5:colcon.colcon_core.verb:set package 'yolov8_ros' build argument 'cmake_force_configure' from command line to 'False'
[0.629s] Level 5:colcon.colcon_core.verb:set package 'yolov8_ros' build argument 'ament_cmake_args' from command line to 'None'
[0.629s] Level 5:colcon.colcon_core.verb:set package 'yolov8_ros' build argument 'catkin_cmake_args' from command line to 'None'
[0.629s] Level 5:colcon.colcon_core.verb:set package 'yolov8_ros' build argument 'catkin_skip_building_tests' from command line to 'False'
[0.629s] DEBUG:colcon.colcon_core.verb:Building package 'yolov8_ros' with the following arguments: {'ament_cmake_args': None, 'build_base': '/home/arms/turtlebot3_ws/build/yolov8_ros', 'catkin_cmake_args': None, 'catkin_skip_building_tests': False, 'cmake_args': None, 'cmake_clean_cache': False, 'cmake_clean_first': False, 'cmake_force_configure': False, 'cmake_target': None, 'cmake_target_skip_unavailable': False, 'install_base': '/home/arms/turtlebot3_ws/install/yolov8_ros', 'merge_install': False, 'path': '/home/arms/turtlebot3_ws/src/yolov8_ros/yolov8_ros', 'symlink_install': False, 'test_result_base': None}
[0.636s] Level 5:colcon.colcon_core.verb:set package 'turtlebot3_simulations' build argument 'cmake_args' from command line to 'None'
[0.636s] Level 5:colcon.colcon_core.verb:set package 'turtlebot3_simulations' build argument 'cmake_target' from command line to 'None'
[0.636s] Level 5:colcon.colcon_core.verb:set package 'turtlebot3_simulations' build argument 'cmake_target_skip_unavailable' from command line to 'False'
[0.636s] Level 5:colcon.colcon_core.verb:set package 'turtlebot3_simulations' build argument 'cmake_clean_cache' from command line to 'False'
[0.636s] Level 5:colcon.colcon_core.verb:set package 'turtlebot3_simulations' build argument 'cmake_clean_first' from command line to 'False'
[0.636s] Level 5:colcon.colcon_core.verb:set package 'turtlebot3_simulations' build argument 'cmake_force_configure' from command line to 'False'
[0.636s] Level 5:colcon.colcon_core.verb:set package 'turtlebot3_simulations' build argument 'ament_cmake_args' from command line to 'None'
[0.636s] Level 5:colcon.colcon_core.verb:set package 'turtlebot3_simulations' build argument 'catkin_cmake_args' from command line to 'None'
[0.636s] Level 5:colcon.colcon_core.verb:set package 'turtlebot3_simulations' build argument 'catkin_skip_building_tests' from command line to 'False'
[0.636s] DEBUG:colcon.colcon_core.verb:Building package 'turtlebot3_simulations' with the following arguments: {'ament_cmake_args': None, 'build_base': '/home/arms/turtlebot3_ws/build/turtlebot3_simulations', 'catkin_cmake_args': None, 'catkin_skip_building_tests': False, 'cmake_args': None, 'cmake_clean_cache': False, 'cmake_clean_first': False, 'cmake_force_configure': False, 'cmake_target': None, 'cmake_target_skip_unavailable': False, 'install_base': '/home/arms/turtlebot3_ws/install/turtlebot3_simulations', 'merge_install': False, 'path': '/home/arms/turtlebot3_ws/src/turtlebot3_simulations/turtlebot3_simulations', 'symlink_install': False, 'test_result_base': None}
[0.642s] Level 5:colcon.colcon_core.verb:set package 'yolov8_bringup' build argument 'cmake_args' from command line to 'None'
[0.642s] Level 5:colcon.colcon_core.verb:set package 'yolov8_bringup' build argument 'cmake_target' from command line to 'None'
[0.642s] Level 5:colcon.colcon_core.verb:set package 'yolov8_bringup' build argument 'cmake_target_skip_unavailable' from command line to 'False'
[0.642s] Level 5:colcon.colcon_core.verb:set package 'yolov8_bringup' build argument 'cmake_clean_cache' from command line to 'False'
[0.642s] Level 5:colcon.colcon_core.verb:set package 'yolov8_bringup' build argument 'cmake_clean_first' from command line to 'False'
[0.642s] Level 5:colcon.colcon_core.verb:set package 'yolov8_bringup' build argument 'cmake_force_configure' from command line to 'False'
[0.642s] Level 5:colcon.colcon_core.verb:set package 'yolov8_bringup' build argument 'ament_cmake_args' from command line to 'None'
[0.642s] Level 5:colcon.colcon_core.verb:set package 'yolov8_bringup' build argument 'catkin_cmake_args' from command line to 'None'
[0.642s] Level 5:colcon.colcon_core.verb:set package 'yolov8_bringup' build argument 'catkin_skip_building_tests' from command line to 'False'
[0.643s] DEBUG:colcon.colcon_core.verb:Building package 'yolov8_bringup' with the following arguments: {'ament_cmake_args': None, 'build_base': '/home/arms/turtlebot3_ws/build/yolov8_bringup', 'catkin_cmake_args': None, 'catkin_skip_building_tests': False, 'cmake_args': None, 'cmake_clean_cache': False, 'cmake_clean_first': False, 'cmake_force_configure': False, 'cmake_target': None, 'cmake_target_skip_unavailable': False, 'install_base': '/home/arms/turtlebot3_ws/install/yolov8_bringup', 'merge_install': False, 'path': '/home/arms/turtlebot3_ws/src/yolov8_ros/yolov8_bringup', 'symlink_install': False, 'test_result_base': None}
[0.649s] INFO:colcon.colcon_core.executor:Executing jobs using 'parallel' executor
[0.656s] DEBUG:colcon.colcon_parallel_executor.executor.parallel:run_until_complete
[0.656s] INFO:colcon.colcon_ros.task.ament_cmake.build:Building ROS package in '/home/arms/turtlebot3_ws/src/turtlebot3_simulations/turtlebot3_fake_node' with build type 'ament_cmake'
[0.656s] INFO:colcon.colcon_cmake.task.cmake.build:Building CMake package in '/home/arms/turtlebot3_ws/src/turtlebot3_simulations/turtlebot3_fake_node'
[0.664s] INFO:colcon.colcon_core.plugin_system:Skipping extension 'colcon_core.shell.bat': Not used on non-Windows systems
[0.664s] INFO:colcon.colcon_core.shell:Skip shell extension 'powershell' for command environment: Not usable outside of PowerShell
[0.664s] DEBUG:colcon.colcon_core.shell:Skip shell extension 'dsv' for command environment
[0.678s] INFO:colcon.colcon_ros.task.ament_cmake.build:Building ROS package in '/home/arms/turtlebot3_ws/src/turtlebot3_simulations/turtlebot3_gazebo' with build type 'ament_cmake'
[0.678s] INFO:colcon.colcon_cmake.task.cmake.build:Building CMake package in '/home/arms/turtlebot3_ws/src/turtlebot3_simulations/turtlebot3_gazebo'
[0.685s] INFO:colcon.colcon_core.shell:Skip shell extension 'powershell' for command environment: Not usable outside of PowerShell
[0.685s] DEBUG:colcon.colcon_core.shell:Skip shell extension 'dsv' for command environment
[0.699s] INFO:colcon.colcon_ros.task.ament_python.build:Building ROS package in '/home/arms/turtlebot3_ws/src/yolov8_ros/yolov8_ros' with build type 'ament_python'
[0.700s] Level 1:colcon.colcon_core.shell:create_environment_hook('yolov8_ros', 'ament_prefix_path')
[0.706s] INFO:colcon.colcon_core.shell:Creating environment hook '/home/arms/turtlebot3_ws/install/yolov8_ros/share/yolov8_ros/hook/ament_prefix_path.ps1'
[0.707s] INFO:colcon.colcon_core.shell:Creating environment descriptor '/home/arms/turtlebot3_ws/install/yolov8_ros/share/yolov8_ros/hook/ament_prefix_path.dsv'
[0.707s] INFO:colcon.colcon_core.shell:Creating environment hook '/home/arms/turtlebot3_ws/install/yolov8_ros/share/yolov8_ros/hook/ament_prefix_path.sh'
[0.713s] INFO:colcon.colcon_core.shell:Skip shell extension 'powershell' for command environment: Not usable outside of PowerShell
[0.713s] DEBUG:colcon.colcon_core.shell:Skip shell extension 'dsv' for command environment
[0.728s] INFO:colcon.colcon_ros.task.ament_cmake.build:Building ROS package in '/home/arms/turtlebot3_ws/src/yolov8_ros/yolov8_msgs' with build type 'ament_cmake'
[0.728s] INFO:colcon.colcon_cmake.task.cmake.build:Building CMake package in '/home/arms/turtlebot3_ws/src/yolov8_ros/yolov8_msgs'
[0.734s] INFO:colcon.colcon_core.shell:Skip shell extension 'powershell' for command environment: Not usable outside of PowerShell
[0.734s] DEBUG:colcon.colcon_core.shell:Skip shell extension 'dsv' for command environment
[0.751s] DEBUG:colcon.colcon_core.event_handler.log_command:Invoking command in '/home/arms/turtlebot3_ws/build/turtlebot3_fake_node': CMAKE_PREFIX_PATH=/opt/ros/humble /usr/bin/cmake /home/arms/turtlebot3_ws/src/turtlebot3_simulations/turtlebot3_fake_node -DCMAKE_INSTALL_PREFIX=/home/arms/turtlebot3_ws/install/turtlebot3_fake_node
[0.753s] DEBUG:colcon.colcon_core.event_handler.log_command:Invoking command in '/home/arms/turtlebot3_ws/build/turtlebot3_gazebo': CMAKE_PREFIX_PATH=/opt/ros/humble /usr/bin/cmake /home/arms/turtlebot3_ws/src/turtlebot3_simulations/turtlebot3_gazebo -DCMAKE_INSTALL_PREFIX=/home/arms/turtlebot3_ws/install/turtlebot3_gazebo
[0.886s] INFO:colcon.colcon_core.task.python.build:Building Python package in '/home/arms/turtlebot3_ws/src/yolov8_ros/yolov8_ros'
[0.894s] INFO:colcon.colcon_core.shell:Skip shell extension 'powershell' for command environment: Not usable outside of PowerShell
[0.894s] DEBUG:colcon.colcon_core.shell:Skip shell extension 'dsv' for command environment
[0.913s] DEBUG:colcon.colcon_core.event_handler.log_command:Invoking command in '/home/arms/turtlebot3_ws/build/yolov8_msgs': CMAKE_PREFIX_PATH=/opt/ros/humble /usr/bin/cmake /home/arms/turtlebot3_ws/src/yolov8_ros/yolov8_msgs -DCMAKE_INSTALL_PREFIX=/home/arms/turtlebot3_ws/install/yolov8_msgs
[1.121s] DEBUG:colcon.colcon_core.event_handler.log_command:Invoking command in '/home/arms/turtlebot3_ws/src/yolov8_ros/yolov8_ros': PYTHONPATH=/home/arms/turtlebot3_ws/build/yolov8_ros/prefix_override:/home/arms/turtlebot3_ws/install/yolov8_ros/lib/python3.10/site-packages:${PYTHONPATH} /usr/bin/python3 setup.py egg_info --egg-base ../../../build/yolov8_ros build --build-base /home/arms/turtlebot3_ws/build/yolov8_ros/build install --record /home/arms/turtlebot3_ws/build/yolov8_ros/install.log --single-version-externally-managed
[1.292s] DEBUG:colcon.colcon_core.event_handler.log_command:Invoked command in '/home/arms/turtlebot3_ws/src/yolov8_ros/yolov8_ros' returned '0': PYTHONPATH=/home/arms/turtlebot3_ws/build/yolov8_ros/prefix_override:/home/arms/turtlebot3_ws/install/yolov8_ros/lib/python3.10/site-packages:${PYTHONPATH} /usr/bin/python3 setup.py egg_info --egg-base ../../../build/yolov8_ros build --build-base /home/arms/turtlebot3_ws/build/yolov8_ros/build install --record /home/arms/turtlebot3_ws/build/yolov8_ros/install.log --single-version-externally-managed
[1.309s] Level 1:colcon.colcon_core.environment:checking '/home/arms/turtlebot3_ws/install/yolov8_ros' for CMake module files
[1.309s] Level 1:colcon.colcon_core.environment:checking '/home/arms/turtlebot3_ws/install/yolov8_ros' for CMake config files
[1.309s] Level 1:colcon.colcon_core.environment:checking '/home/arms/turtlebot3_ws/install/yolov8_ros/lib'
[1.310s] Level 1:colcon.colcon_core.environment:checking '/home/arms/turtlebot3_ws/install/yolov8_ros/bin'
[1.310s] Level 1:colcon.colcon_core.environment:checking '/home/arms/turtlebot3_ws/install/yolov8_ros/lib/pkgconfig/yolov8_ros.pc'
[1.310s] Level 1:colcon.colcon_core.environment:checking '/home/arms/turtlebot3_ws/install/yolov8_ros/lib/python3.10/site-packages'
[1.310s] Level 1:colcon.colcon_core.shell:create_environment_hook('yolov8_ros', 'pythonpath')
[1.318s] INFO:colcon.colcon_core.shell:Creating environment hook '/home/arms/turtlebot3_ws/install/yolov8_ros/share/yolov8_ros/hook/pythonpath.ps1'
[1.318s] INFO:colcon.colcon_core.shell:Creating environment descriptor '/home/arms/turtlebot3_ws/install/yolov8_ros/share/yolov8_ros/hook/pythonpath.dsv'
[1.318s] INFO:colcon.colcon_core.shell:Creating environment hook '/home/arms/turtlebot3_ws/install/yolov8_ros/share/yolov8_ros/hook/pythonpath.sh'
[1.318s] Level 1:colcon.colcon_core.environment:checking '/home/arms/turtlebot3_ws/install/yolov8_ros/bin'
[1.318s] Level 1:colcon.colcon_core.environment:create_environment_scripts_only(yolov8_ros)
[1.326s] INFO:colcon.colcon_core.shell:Creating package script '/home/arms/turtlebot3_ws/install/yolov8_ros/share/yolov8_ros/package.ps1'
[1.327s] INFO:colcon.colcon_core.shell:Creating package descriptor '/home/arms/turtlebot3_ws/install/yolov8_ros/share/yolov8_ros/package.dsv'
[1.327s] INFO:colcon.colcon_core.shell:Creating package script '/home/arms/turtlebot3_ws/install/yolov8_ros/share/yolov8_ros/package.sh'
[1.327s] INFO:colcon.colcon_core.shell:Creating package script '/home/arms/turtlebot3_ws/install/yolov8_ros/share/yolov8_ros/package.bash'
[1.328s] INFO:colcon.colcon_core.shell:Creating package script '/home/arms/turtlebot3_ws/install/yolov8_ros/share/yolov8_ros/package.zsh'
[1.328s] Level 1:colcon.colcon_core.environment:create_file_with_runtime_dependencies(/home/arms/turtlebot3_ws/install/yolov8_ros/share/colcon-core/packages/yolov8_ros)
[1.328s] INFO:colcon.colcon_ros.task.ament_cmake.build:Building ROS package in '/home/arms/turtlebot3_ws/src/yolov8_ros/yolov8_bringup' with build type 'ament_cmake'
[1.328s] INFO:colcon.colcon_cmake.task.cmake.build:Building CMake package in '/home/arms/turtlebot3_ws/src/yolov8_ros/yolov8_bringup'
[1.337s] INFO:colcon.colcon_core.shell:Skip shell extension 'powershell' for command environment: Not usable outside of PowerShell
[1.337s] DEBUG:colcon.colcon_core.shell:Skip shell extension 'dsv' for command environment
[1.357s] DEBUG:colcon.colcon_core.event_handler.log_command:Invoking command in '/home/arms/turtlebot3_ws/build/yolov8_bringup': AMENT_PREFIX_PATH=/home/arms/turtlebot3_ws/install/yolov8_ros:${AMENT_PREFIX_PATH} CMAKE_PREFIX_PATH=/opt/ros/humble PYTHONPATH=/home/arms/turtlebot3_ws/install/yolov8_ros/lib/python3.10/site-packages:${PYTHONPATH} /usr/bin/cmake /home/arms/turtlebot3_ws/src/yolov8_ros/yolov8_bringup -DCMAKE_INSTALL_PREFIX=/home/arms/turtlebot3_ws/install/yolov8_bringup
[1.505s] DEBUG:colcon.colcon_core.event_handler.log_command:Invoked command in '/home/arms/turtlebot3_ws/build/turtlebot3_fake_node' returned '0': CMAKE_PREFIX_PATH=/opt/ros/humble /usr/bin/cmake /home/arms/turtlebot3_ws/src/turtlebot3_simulations/turtlebot3_fake_node -DCMAKE_INSTALL_PREFIX=/home/arms/turtlebot3_ws/install/turtlebot3_fake_node
[1.505s] DEBUG:colcon.colcon_core.event_handler.log_command:Invoking command in '/home/arms/turtlebot3_ws/build/turtlebot3_fake_node': CMAKE_PREFIX_PATH=/opt/ros/humble /usr/bin/cmake --build /home/arms/turtlebot3_ws/build/turtlebot3_fake_node -- -j20 -l20
[1.555s] DEBUG:colcon.colcon_core.event_handler.log_command:Invoked command in '/home/arms/turtlebot3_ws/build/turtlebot3_fake_node' returned '0': CMAKE_PREFIX_PATH=/opt/ros/humble /usr/bin/cmake --build /home/arms/turtlebot3_ws/build/turtlebot3_fake_node -- -j20 -l20
[1.574s] DEBUG:colcon.colcon_core.event_handler.log_command:Invoking command in '/home/arms/turtlebot3_ws/build/turtlebot3_fake_node': CMAKE_PREFIX_PATH=/opt/ros/humble /usr/bin/cmake --install /home/arms/turtlebot3_ws/build/turtlebot3_fake_node
[1.589s] Level 1:colcon.colcon_core.environment:create_environment_scripts_only(turtlebot3_fake_node)
[1.589s] DEBUG:colcon.colcon_core.event_handler.log_command:Invoked command in '/home/arms/turtlebot3_ws/build/turtlebot3_fake_node' returned '0': CMAKE_PREFIX_PATH=/opt/ros/humble /usr/bin/cmake --install /home/arms/turtlebot3_ws/build/turtlebot3_fake_node
[1.598s] Level 1:colcon.colcon_core.environment:checking '/home/arms/turtlebot3_ws/install/turtlebot3_fake_node' for CMake module files
[1.598s] Level 1:colcon.colcon_core.environment:checking '/home/arms/turtlebot3_ws/install/turtlebot3_fake_node' for CMake config files
[1.598s] Level 1:colcon.colcon_core.shell:create_environment_hook('turtlebot3_fake_node', 'cmake_prefix_path')
[1.607s] INFO:colcon.colcon_core.shell:Creating environment hook '/home/arms/turtlebot3_ws/install/turtlebot3_fake_node/share/turtlebot3_fake_node/hook/cmake_prefix_path.ps1'
[1.607s] INFO:colcon.colcon_core.shell:Creating environment descriptor '/home/arms/turtlebot3_ws/install/turtlebot3_fake_node/share/turtlebot3_fake_node/hook/cmake_prefix_path.dsv'
[1.607s] INFO:colcon.colcon_core.shell:Creating environment hook '/home/arms/turtlebot3_ws/install/turtlebot3_fake_node/share/turtlebot3_fake_node/hook/cmake_prefix_path.sh'
[1.607s] Level 1:colcon.colcon_core.environment:checking '/home/arms/turtlebot3_ws/install/turtlebot3_fake_node/lib'
[1.607s] Level 1:colcon.colcon_core.environment:checking '/home/arms/turtlebot3_ws/install/turtlebot3_fake_node/bin'
[1.607s] Level 1:colcon.colcon_core.environment:checking '/home/arms/turtlebot3_ws/install/turtlebot3_fake_node/lib/pkgconfig/turtlebot3_fake_node.pc'
[1.608s] Level 1:colcon.colcon_core.environment:checking '/home/arms/turtlebot3_ws/install/turtlebot3_fake_node/lib/python3.10/site-packages'
[1.608s] Level 1:colcon.colcon_core.environment:checking '/home/arms/turtlebot3_ws/install/turtlebot3_fake_node/bin'
[1.616s] INFO:colcon.colcon_core.shell:Creating package script '/home/arms/turtlebot3_ws/install/turtlebot3_fake_node/share/turtlebot3_fake_node/package.ps1'
[1.616s] INFO:colcon.colcon_core.shell:Creating package descriptor '/home/arms/turtlebot3_ws/install/turtlebot3_fake_node/share/turtlebot3_fake_node/package.dsv'
[1.616s] INFO:colcon.colcon_core.shell:Creating package script '/home/arms/turtlebot3_ws/install/turtlebot3_fake_node/share/turtlebot3_fake_node/package.sh'
[1.617s] INFO:colcon.colcon_core.shell:Creating package script '/home/arms/turtlebot3_ws/install/turtlebot3_fake_node/share/turtlebot3_fake_node/package.bash'
[1.617s] INFO:colcon.colcon_core.shell:Creating package script '/home/arms/turtlebot3_ws/install/turtlebot3_fake_node/share/turtlebot3_fake_node/package.zsh'
[1.617s] Level 1:colcon.colcon_core.environment:create_file_with_runtime_dependencies(/home/arms/turtlebot3_ws/install/turtlebot3_fake_node/share/colcon-core/packages/turtlebot3_fake_node)
[1.640s] Level 1:colcon.colcon_core.environment:create_environment_scripts_only(turtlebot3_fake_node)
[1.649s] Level 1:colcon.colcon_core.environment:checking '/home/arms/turtlebot3_ws/install/turtlebot3_fake_node' for CMake module files
[1.649s] Level 1:colcon.colcon_core.environment:checking '/home/arms/turtlebot3_ws/install/turtlebot3_fake_node' for CMake config files
[1.649s] Level 1:colcon.colcon_core.shell:create_environment_hook('turtlebot3_fake_node', 'cmake_prefix_path')
[1.657s] INFO:colcon.colcon_core.shell:Creating environment hook '/home/arms/turtlebot3_ws/install/turtlebot3_fake_node/share/turtlebot3_fake_node/hook/cmake_prefix_path.ps1'
[1.658s] INFO:colcon.colcon_core.shell:Creating environment descriptor '/home/arms/turtlebot3_ws/install/turtlebot3_fake_node/share/turtlebot3_fake_node/hook/cmake_prefix_path.dsv'
[1.658s] INFO:colcon.colcon_core.shell:Creating environment hook '/home/arms/turtlebot3_ws/install/turtlebot3_fake_node/share/turtlebot3_fake_node/hook/cmake_prefix_path.sh'
[1.658s] Level 1:colcon.colcon_core.environment:checking '/home/arms/turtlebot3_ws/install/turtlebot3_fake_node/lib'
[1.658s] Level 1:colcon.colcon_core.environment:checking '/home/arms/turtlebot3_ws/install/turtlebot3_fake_node/bin'
[1.658s] Level 1:colcon.colcon_core.environment:checking '/home/arms/turtlebot3_ws/install/turtlebot3_fake_node/lib/pkgconfig/turtlebot3_fake_node.pc'
[1.658s] Level 1:colcon.colcon_core.environment:checking '/home/arms/turtlebot3_ws/install/turtlebot3_fake_node/lib/python3.10/site-packages'
[1.659s] Level 1:colcon.colcon_core.environment:checking '/home/arms/turtlebot3_ws/install/turtlebot3_fake_node/bin'
[1.666s] INFO:colcon.colcon_core.shell:Creating package script '/home/arms/turtlebot3_ws/install/turtlebot3_fake_node/share/turtlebot3_fake_node/package.ps1'
[1.667s] INFO:colcon.colcon_core.shell:Creating package descriptor '/home/arms/turtlebot3_ws/install/turtlebot3_fake_node/share/turtlebot3_fake_node/package.dsv'
[1.667s] INFO:colcon.colcon_core.shell:Creating package script '/home/arms/turtlebot3_ws/install/turtlebot3_fake_node/share/turtlebot3_fake_node/package.sh'
[1.668s] INFO:colcon.colcon_core.shell:Creating package script '/home/arms/turtlebot3_ws/install/turtlebot3_fake_node/share/turtlebot3_fake_node/package.bash'
[1.668s] INFO:colcon.colcon_core.shell:Creating package script '/home/arms/turtlebot3_ws/install/turtlebot3_fake_node/share/turtlebot3_fake_node/package.zsh'
[1.668s] Level 1:colcon.colcon_core.environment:create_file_with_runtime_dependencies(/home/arms/turtlebot3_ws/install/turtlebot3_fake_node/share/colcon-core/packages/turtlebot3_fake_node)
[1.670s] DEBUG:colcon.colcon_core.event_handler.log_command:Invoked command in '/home/arms/turtlebot3_ws/build/turtlebot3_gazebo' returned '0': CMAKE_PREFIX_PATH=/opt/ros/humble /usr/bin/cmake /home/arms/turtlebot3_ws/src/turtlebot3_simulations/turtlebot3_gazebo -DCMAKE_INSTALL_PREFIX=/home/arms/turtlebot3_ws/install/turtlebot3_gazebo
[1.670s] DEBUG:colcon.colcon_core.event_handler.log_command:Invoking command in '/home/arms/turtlebot3_ws/build/turtlebot3_gazebo': CMAKE_PREFIX_PATH=/opt/ros/humble /usr/bin/cmake --build /home/arms/turtlebot3_ws/build/turtlebot3_gazebo -- -j20 -l20
[1.740s] DEBUG:colcon.colcon_core.event_handler.log_command:Invoked command in '/home/arms/turtlebot3_ws/build/yolov8_bringup' returned '0': AMENT_PREFIX_PATH=/home/arms/turtlebot3_ws/install/yolov8_ros:${AMENT_PREFIX_PATH} CMAKE_PREFIX_PATH=/opt/ros/humble PYTHONPATH=/home/arms/turtlebot3_ws/install/yolov8_ros/lib/python3.10/site-packages:${PYTHONPATH} /usr/bin/cmake /home/arms/turtlebot3_ws/src/yolov8_ros/yolov8_bringup -DCMAKE_INSTALL_PREFIX=/home/arms/turtlebot3_ws/install/yolov8_bringup
[1.740s] DEBUG:colcon.colcon_core.event_handler.log_command:Invoking command in '/home/arms/turtlebot3_ws/build/yolov8_bringup': AMENT_PREFIX_PATH=/home/arms/turtlebot3_ws/install/yolov8_ros:${AMENT_PREFIX_PATH} CMAKE_PREFIX_PATH=/opt/ros/humble PYTHONPATH=/home/arms/turtlebot3_ws/install/yolov8_ros/lib/python3.10/site-packages:${PYTHONPATH} /usr/bin/cmake --build /home/arms/turtlebot3_ws/build/yolov8_bringup -- -j20 -l20
[1.747s] DEBUG:colcon.colcon_core.event_handler.log_command:Invoked command in '/home/arms/turtlebot3_ws/build/turtlebot3_gazebo' returned '0': CMAKE_PREFIX_PATH=/opt/ros/humble /usr/bin/cmake --build /home/arms/turtlebot3_ws/build/turtlebot3_gazebo -- -j20 -l20
[1.760s] DEBUG:colcon.colcon_core.event_handler.log_command:Invoked command in '/home/arms/turtlebot3_ws/build/yolov8_bringup' returned '0': AMENT_PREFIX_PATH=/home/arms/turtlebot3_ws/install/yolov8_ros:${AMENT_PREFIX_PATH} CMAKE_PREFIX_PATH=/opt/ros/humble PYTHONPATH=/home/arms/turtlebot3_ws/install/yolov8_ros/lib/python3.10/site-packages:${PYTHONPATH} /usr/bin/cmake --build /home/arms/turtlebot3_ws/build/yolov8_bringup -- -j20 -l20
[1.766s] DEBUG:colcon.colcon_core.event_handler.log_command:Invoking command in '/home/arms/turtlebot3_ws/build/turtlebot3_gazebo': CMAKE_PREFIX_PATH=/opt/ros/humble /usr/bin/cmake --install /home/arms/turtlebot3_ws/build/turtlebot3_gazebo
[1.770s] DEBUG:colcon.colcon_core.event_handler.log_command:Invoking command in '/home/arms/turtlebot3_ws/build/yolov8_bringup': AMENT_PREFIX_PATH=/home/arms/turtlebot3_ws/install/yolov8_ros:${AMENT_PREFIX_PATH} CMAKE_PREFIX_PATH=/opt/ros/humble PYTHONPATH=/home/arms/turtlebot3_ws/install/yolov8_ros/lib/python3.10/site-packages:${PYTHONPATH} /usr/bin/cmake --install /home/arms/turtlebot3_ws/build/yolov8_bringup
[1.776s] Level 1:colcon.colcon_core.environment:create_environment_scripts_only(yolov8_bringup)
[1.777s] DEBUG:colcon.colcon_core.event_handler.log_command:Invoked command in '/home/arms/turtlebot3_ws/build/yolov8_bringup' returned '0': AMENT_PREFIX_PATH=/home/arms/turtlebot3_ws/install/yolov8_ros:${AMENT_PREFIX_PATH} CMAKE_PREFIX_PATH=/opt/ros/humble PYTHONPATH=/home/arms/turtlebot3_ws/install/yolov8_ros/lib/python3.10/site-packages:${PYTHONPATH} /usr/bin/cmake --install /home/arms/turtlebot3_ws/build/yolov8_bringup
[1.787s] Level 1:colcon.colcon_core.environment:checking '/home/arms/turtlebot3_ws/install/yolov8_bringup' for CMake module files
[1.788s] Level 1:colcon.colcon_core.environment:checking '/home/arms/turtlebot3_ws/install/yolov8_bringup' for CMake config files
[1.788s] Level 1:colcon.colcon_core.shell:create_environment_hook('yolov8_bringup', 'cmake_prefix_path')
[1.796s] INFO:colcon.colcon_core.shell:Creating environment hook '/home/arms/turtlebot3_ws/install/yolov8_bringup/share/yolov8_bringup/hook/cmake_prefix_path.ps1'
[1.796s] INFO:colcon.colcon_core.shell:Creating environment descriptor '/home/arms/turtlebot3_ws/install/yolov8_bringup/share/yolov8_bringup/hook/cmake_prefix_path.dsv'
[1.796s] INFO:colcon.colcon_core.shell:Creating environment hook '/home/arms/turtlebot3_ws/install/yolov8_bringup/share/yolov8_bringup/hook/cmake_prefix_path.sh'
[1.796s] Level 1:colcon.colcon_core.environment:checking '/home/arms/turtlebot3_ws/install/yolov8_bringup/bin'
[1.796s] Level 1:colcon.colcon_core.environment:checking '/home/arms/turtlebot3_ws/install/yolov8_bringup/lib/pkgconfig/yolov8_bringup.pc'
[1.797s] Level 1:colcon.colcon_core.environment:checking '/home/arms/turtlebot3_ws/install/yolov8_bringup/lib/python3.10/site-packages'
[1.797s] Level 1:colcon.colcon_core.environment:checking '/home/arms/turtlebot3_ws/install/yolov8_bringup/bin'
[1.804s] INFO:colcon.colcon_core.shell:Creating package script '/home/arms/turtlebot3_ws/install/yolov8_bringup/share/yolov8_bringup/package.ps1'
[1.804s] INFO:colcon.colcon_core.shell:Creating package descriptor '/home/arms/turtlebot3_ws/install/yolov8_bringup/share/yolov8_bringup/package.dsv'
[1.805s] INFO:colcon.colcon_core.shell:Creating package script '/home/arms/turtlebot3_ws/install/yolov8_bringup/share/yolov8_bringup/package.sh'
[1.805s] INFO:colcon.colcon_core.shell:Creating package script '/home/arms/turtlebot3_ws/install/yolov8_bringup/share/yolov8_bringup/package.bash'
[1.805s] INFO:colcon.colcon_core.shell:Creating package script '/home/arms/turtlebot3_ws/install/yolov8_bringup/share/yolov8_bringup/package.zsh'
[1.805s] Level 1:colcon.colcon_core.environment:create_file_with_runtime_dependencies(/home/arms/turtlebot3_ws/install/yolov8_bringup/share/colcon-core/packages/yolov8_bringup)
[1.806s] Level 1:colcon.colcon_core.environment:create_environment_scripts_only(turtlebot3_gazebo)
[1.807s] DEBUG:colcon.colcon_core.event_handler.log_command:Invoked command in '/home/arms/turtlebot3_ws/build/turtlebot3_gazebo' returned '0': CMAKE_PREFIX_PATH=/opt/ros/humble /usr/bin/cmake --install /home/arms/turtlebot3_ws/build/turtlebot3_gazebo
[1.814s] Level 1:colcon.colcon_core.environment:checking '/home/arms/turtlebot3_ws/install/turtlebot3_gazebo' for CMake module files
[1.814s] Level 1:colcon.colcon_core.environment:checking '/home/arms/turtlebot3_ws/install/turtlebot3_gazebo' for CMake config files
[1.814s] Level 1:colcon.colcon_core.shell:create_environment_hook('turtlebot3_gazebo', 'cmake_prefix_path')
[1.822s] INFO:colcon.colcon_core.shell:Creating environment hook '/home/arms/turtlebot3_ws/install/turtlebot3_gazebo/share/turtlebot3_gazebo/hook/cmake_prefix_path.ps1'
[1.822s] INFO:colcon.colcon_core.shell:Creating environment descriptor '/home/arms/turtlebot3_ws/install/turtlebot3_gazebo/share/turtlebot3_gazebo/hook/cmake_prefix_path.dsv'
[1.822s] INFO:colcon.colcon_core.shell:Creating environment hook '/home/arms/turtlebot3_ws/install/turtlebot3_gazebo/share/turtlebot3_gazebo/hook/cmake_prefix_path.sh'
[1.822s] Level 1:colcon.colcon_core.environment:checking '/home/arms/turtlebot3_ws/install/turtlebot3_gazebo/lib'
[1.822s] Level 1:colcon.colcon_core.environment:checking '/home/arms/turtlebot3_ws/install/turtlebot3_gazebo/bin'
[1.823s] Level 1:colcon.colcon_core.environment:checking '/home/arms/turtlebot3_ws/install/turtlebot3_gazebo/lib/pkgconfig/turtlebot3_gazebo.pc'
[1.823s] Level 1:colcon.colcon_core.environment:checking '/home/arms/turtlebot3_ws/install/turtlebot3_gazebo/lib/python3.10/site-packages'
[1.823s] Level 1:colcon.colcon_core.environment:checking '/home/arms/turtlebot3_ws/install/turtlebot3_gazebo/bin'
[1.830s] INFO:colcon.colcon_core.shell:Creating package script '/home/arms/turtlebot3_ws/install/turtlebot3_gazebo/share/turtlebot3_gazebo/package.ps1'
[1.830s] INFO:colcon.colcon_core.shell:Creating package descriptor '/home/arms/turtlebot3_ws/install/turtlebot3_gazebo/share/turtlebot3_gazebo/package.dsv'
[1.830s] INFO:colcon.colcon_core.shell:Creating package script '/home/arms/turtlebot3_ws/install/turtlebot3_gazebo/share/turtlebot3_gazebo/package.sh'
[1.831s] INFO:colcon.colcon_core.shell:Creating package script '/home/arms/turtlebot3_ws/install/turtlebot3_gazebo/share/turtlebot3_gazebo/package.bash'
[1.831s] INFO:colcon.colcon_core.shell:Creating package script '/home/arms/turtlebot3_ws/install/turtlebot3_gazebo/share/turtlebot3_gazebo/package.zsh'
[1.831s] Level 1:colcon.colcon_core.environment:create_file_with_runtime_dependencies(/home/arms/turtlebot3_ws/install/turtlebot3_gazebo/share/colcon-core/packages/turtlebot3_gazebo)
[1.839s] Level 1:colcon.colcon_core.environment:create_environment_scripts_only(yolov8_bringup)
[1.847s] Level 1:colcon.colcon_core.environment:checking '/home/arms/turtlebot3_ws/install/yolov8_bringup' for CMake module files
[1.847s] Level 1:colcon.colcon_core.environment:checking '/home/arms/turtlebot3_ws/install/yolov8_bringup' for CMake config files
[1.847s] Level 1:colcon.colcon_core.shell:create_environment_hook('yolov8_bringup', 'cmake_prefix_path')
[1.855s] INFO:colcon.colcon_core.shell:Creating environment hook '/home/arms/turtlebot3_ws/install/yolov8_bringup/share/yolov8_bringup/hook/cmake_prefix_path.ps1'
[1.855s] INFO:colcon.colcon_core.shell:Creating environment descriptor '/home/arms/turtlebot3_ws/install/yolov8_bringup/share/yolov8_bringup/hook/cmake_prefix_path.dsv'
[1.855s] INFO:colcon.colcon_core.shell:Creating environment hook '/home/arms/turtlebot3_ws/install/yolov8_bringup/share/yolov8_bringup/hook/cmake_prefix_path.sh'
[1.855s] Level 1:colcon.colcon_core.environment:checking '/home/arms/turtlebot3_ws/install/yolov8_bringup/bin'
[1.855s] Level 1:colcon.colcon_core.environment:checking '/home/arms/turtlebot3_ws/install/yolov8_bringup/lib/pkgconfig/yolov8_bringup.pc'
[1.855s] Level 1:colcon.colcon_core.environment:checking '/home/arms/turtlebot3_ws/install/yolov8_bringup/lib/python3.10/site-packages'
[1.856s] Level 1:colcon.colcon_core.environment:checking '/home/arms/turtlebot3_ws/install/yolov8_bringup/bin'
[1.863s] INFO:colcon.colcon_core.shell:Creating package script '/home/arms/turtlebot3_ws/install/yolov8_bringup/share/yolov8_bringup/package.ps1'
[1.863s] INFO:colcon.colcon_core.shell:Creating package descriptor '/home/arms/turtlebot3_ws/install/yolov8_bringup/share/yolov8_bringup/package.dsv'
[1.863s] INFO:colcon.colcon_core.shell:Creating package script '/home/arms/turtlebot3_ws/install/yolov8_bringup/share/yolov8_bringup/package.sh'
[1.864s] INFO:colcon.colcon_core.shell:Creating package script '/home/arms/turtlebot3_ws/install/yolov8_bringup/share/yolov8_bringup/package.bash'
[1.864s] INFO:colcon.colcon_core.shell:Creating package script '/home/arms/turtlebot3_ws/install/yolov8_bringup/share/yolov8_bringup/package.zsh'
[1.864s] Level 1:colcon.colcon_core.environment:create_file_with_runtime_dependencies(/home/arms/turtlebot3_ws/install/yolov8_bringup/share/colcon-core/packages/yolov8_bringup)
[1.872s] Level 1:colcon.colcon_core.environment:create_environment_scripts_only(turtlebot3_gazebo)
[1.879s] Level 1:colcon.colcon_core.environment:checking '/home/arms/turtlebot3_ws/install/turtlebot3_gazebo' for CMake module files
[1.879s] Level 1:colcon.colcon_core.environment:checking '/home/arms/turtlebot3_ws/install/turtlebot3_gazebo' for CMake config files
[1.879s] Level 1:colcon.colcon_core.shell:create_environment_hook('turtlebot3_gazebo', 'cmake_prefix_path')
[1.892s] INFO:colcon.colcon_core.shell:Creating environment hook '/home/arms/turtlebot3_ws/install/turtlebot3_gazebo/share/turtlebot3_gazebo/hook/cmake_prefix_path.ps1'
[1.892s] INFO:colcon.colcon_core.shell:Creating environment descriptor '/home/arms/turtlebot3_ws/install/turtlebot3_gazebo/share/turtlebot3_gazebo/hook/cmake_prefix_path.dsv'
[1.892s] INFO:colcon.colcon_core.shell:Creating environment hook '/home/arms/turtlebot3_ws/install/turtlebot3_gazebo/share/turtlebot3_gazebo/hook/cmake_prefix_path.sh'
[1.893s] Level 1:colcon.colcon_core.environment:checking '/home/arms/turtlebot3_ws/install/turtlebot3_gazebo/lib'
[1.893s] Level 1:colcon.colcon_core.environment:checking '/home/arms/turtlebot3_ws/install/turtlebot3_gazebo/bin'
[1.893s] Level 1:colcon.colcon_core.environment:checking '/home/arms/turtlebot3_ws/install/turtlebot3_gazebo/lib/pkgconfig/turtlebot3_gazebo.pc'
[1.893s] Level 1:colcon.colcon_core.environment:checking '/home/arms/turtlebot3_ws/install/turtlebot3_gazebo/lib/python3.10/site-packages'
[1.893s] Level 1:colcon.colcon_core.environment:checking '/home/arms/turtlebot3_ws/install/turtlebot3_gazebo/bin'
[1.900s] INFO:colcon.colcon_core.shell:Creating package script '/home/arms/turtlebot3_ws/install/turtlebot3_gazebo/share/turtlebot3_gazebo/package.ps1'
[1.901s] INFO:colcon.colcon_core.shell:Creating package descriptor '/home/arms/turtlebot3_ws/install/turtlebot3_gazebo/share/turtlebot3_gazebo/package.dsv'
[1.901s] INFO:colcon.colcon_core.shell:Creating package script '/home/arms/turtlebot3_ws/install/turtlebot3_gazebo/share/turtlebot3_gazebo/package.sh'
[1.901s] INFO:colcon.colcon_core.shell:Creating package script '/home/arms/turtlebot3_ws/install/turtlebot3_gazebo/share/turtlebot3_gazebo/package.bash'
[1.901s] INFO:colcon.colcon_core.shell:Creating package script '/home/arms/turtlebot3_ws/install/turtlebot3_gazebo/share/turtlebot3_gazebo/package.zsh'
[1.901s] Level 1:colcon.colcon_core.environment:create_file_with_runtime_dependencies(/home/arms/turtlebot3_ws/install/turtlebot3_gazebo/share/colcon-core/packages/turtlebot3_gazebo)
[1.901s] INFO:colcon.colcon_ros.task.ament_cmake.build:Building ROS package in '/home/arms/turtlebot3_ws/src/turtlebot3_simulations/turtlebot3_simulations' with build type 'ament_cmake'
[1.902s] INFO:colcon.colcon_cmake.task.cmake.build:Building CMake package in '/home/arms/turtlebot3_ws/src/turtlebot3_simulations/turtlebot3_simulations'
[1.909s] INFO:colcon.colcon_core.shell:Skip shell extension 'powershell' for command environment: Not usable outside of PowerShell
[1.909s] DEBUG:colcon.colcon_core.shell:Skip shell extension 'dsv' for command environment
[1.930s] DEBUG:colcon.colcon_core.event_handler.log_command:Invoking command in '/home/arms/turtlebot3_ws/build/turtlebot3_simulations': AMENT_PREFIX_PATH=/home/arms/turtlebot3_ws/install/turtlebot3_gazebo:/home/arms/turtlebot3_ws/install/turtlebot3_fake_node:${AMENT_PREFIX_PATH} CMAKE_PREFIX_PATH=/home/arms/turtlebot3_ws/install/turtlebot3_gazebo:/home/arms/turtlebot3_ws/install/turtlebot3_fake_node:/opt/ros/humble /usr/bin/cmake /home/arms/turtlebot3_ws/src/turtlebot3_simulations/turtlebot3_simulations -DCMAKE_INSTALL_PREFIX=/home/arms/turtlebot3_ws/install/turtlebot3_simulations
[2.053s] DEBUG:colcon.colcon_core.event_handler.log_command:Invoked command in '/home/arms/turtlebot3_ws/build/turtlebot3_simulations' returned '0': AMENT_PREFIX_PATH=/home/arms/turtlebot3_ws/install/turtlebot3_gazebo:/home/arms/turtlebot3_ws/install/turtlebot3_fake_node:${AMENT_PREFIX_PATH} CMAKE_PREFIX_PATH=/home/arms/turtlebot3_ws/install/turtlebot3_gazebo:/home/arms/turtlebot3_ws/install/turtlebot3_fake_node:/opt/ros/humble /usr/bin/cmake /home/arms/turtlebot3_ws/src/turtlebot3_simulations/turtlebot3_simulations -DCMAKE_INSTALL_PREFIX=/home/arms/turtlebot3_ws/install/turtlebot3_simulations
[2.054s] DEBUG:colcon.colcon_core.event_handler.log_command:Invoking command in '/home/arms/turtlebot3_ws/build/turtlebot3_simulations': AMENT_PREFIX_PATH=/home/arms/turtlebot3_ws/install/turtlebot3_gazebo:/home/arms/turtlebot3_ws/install/turtlebot3_fake_node:${AMENT_PREFIX_PATH} CMAKE_PREFIX_PATH=/home/arms/turtlebot3_ws/install/turtlebot3_gazebo:/home/arms/turtlebot3_ws/install/turtlebot3_fake_node:/opt/ros/humble /usr/bin/cmake --build /home/arms/turtlebot3_ws/build/turtlebot3_simulations -- -j20 -l20
[2.072s] DEBUG:colcon.colcon_core.event_handler.log_command:Invoked command in '/home/arms/turtlebot3_ws/build/turtlebot3_simulations' returned '0': AMENT_PREFIX_PATH=/home/arms/turtlebot3_ws/install/turtlebot3_gazebo:/home/arms/turtlebot3_ws/install/turtlebot3_fake_node:${AMENT_PREFIX_PATH} CMAKE_PREFIX_PATH=/home/arms/turtlebot3_ws/install/turtlebot3_gazebo:/home/arms/turtlebot3_ws/install/turtlebot3_fake_node:/opt/ros/humble /usr/bin/cmake --build /home/arms/turtlebot3_ws/build/turtlebot3_simulations -- -j20 -l20
[2.084s] DEBUG:colcon.colcon_core.event_handler.log_command:Invoking command in '/home/arms/turtlebot3_ws/build/turtlebot3_simulations': AMENT_PREFIX_PATH=/home/arms/turtlebot3_ws/install/turtlebot3_gazebo:/home/arms/turtlebot3_ws/install/turtlebot3_fake_node:${AMENT_PREFIX_PATH} CMAKE_PREFIX_PATH=/home/arms/turtlebot3_ws/install/turtlebot3_gazebo:/home/arms/turtlebot3_ws/install/turtlebot3_fake_node:/opt/ros/humble /usr/bin/cmake --install /home/arms/turtlebot3_ws/build/turtlebot3_simulations
[2.092s] DEBUG:colcon.colcon_core.event_handler.log_command:Invoked command in '/home/arms/turtlebot3_ws/build/yolov8_msgs' returned '0': CMAKE_PREFIX_PATH=/opt/ros/humble /usr/bin/cmake /home/arms/turtlebot3_ws/src/yolov8_ros/yolov8_msgs -DCMAKE_INSTALL_PREFIX=/home/arms/turtlebot3_ws/install/yolov8_msgs
[2.092s] DEBUG:colcon.colcon_core.event_handler.log_command:Invoking command in '/home/arms/turtlebot3_ws/build/yolov8_msgs': CMAKE_PREFIX_PATH=/opt/ros/humble /usr/bin/cmake --build /home/arms/turtlebot3_ws/build/yolov8_msgs -- -j20 -l20
[2.095s] Level 1:colcon.colcon_core.environment:create_environment_scripts_only(turtlebot3_simulations)
[2.095s] DEBUG:colcon.colcon_core.event_handler.log_command:Invoked command in '/home/arms/turtlebot3_ws/build/turtlebot3_simulations' returned '0': AMENT_PREFIX_PATH=/home/arms/turtlebot3_ws/install/turtlebot3_gazebo:/home/arms/turtlebot3_ws/install/turtlebot3_fake_node:${AMENT_PREFIX_PATH} CMAKE_PREFIX_PATH=/home/arms/turtlebot3_ws/install/turtlebot3_gazebo:/home/arms/turtlebot3_ws/install/turtlebot3_fake_node:/opt/ros/humble /usr/bin/cmake --install /home/arms/turtlebot3_ws/build/turtlebot3_simulations
[2.103s] Level 1:colcon.colcon_core.environment:checking '/home/arms/turtlebot3_ws/install/turtlebot3_simulations' for CMake module files
[2.103s] Level 1:colcon.colcon_core.environment:checking '/home/arms/turtlebot3_ws/install/turtlebot3_simulations' for CMake config files
[2.103s] Level 1:colcon.colcon_core.shell:create_environment_hook('turtlebot3_simulations', 'cmake_prefix_path')
[2.110s] INFO:colcon.colcon_core.shell:Creating environment hook '/home/arms/turtlebot3_ws/install/turtlebot3_simulations/share/turtlebot3_simulations/hook/cmake_prefix_path.ps1'
[2.110s] INFO:colcon.colcon_core.shell:Creating environment descriptor '/home/arms/turtlebot3_ws/install/turtlebot3_simulations/share/turtlebot3_simulations/hook/cmake_prefix_path.dsv'
[2.110s] INFO:colcon.colcon_core.shell:Creating environment hook '/home/arms/turtlebot3_ws/install/turtlebot3_simulations/share/turtlebot3_simulations/hook/cmake_prefix_path.sh'
[2.111s] Level 1:colcon.colcon_core.environment:checking '/home/arms/turtlebot3_ws/install/turtlebot3_simulations/bin'
[2.111s] Level 1:colcon.colcon_core.environment:checking '/home/arms/turtlebot3_ws/install/turtlebot3_simulations/lib/pkgconfig/turtlebot3_simulations.pc'
[2.111s] Level 1:colcon.colcon_core.environment:checking '/home/arms/turtlebot3_ws/install/turtlebot3_simulations/lib/python3.10/site-packages'
[2.111s] Level 1:colcon.colcon_core.environment:checking '/home/arms/turtlebot3_ws/install/turtlebot3_simulations/bin'
[2.119s] INFO:colcon.colcon_core.shell:Creating package script '/home/arms/turtlebot3_ws/install/turtlebot3_simulations/share/turtlebot3_simulations/package.ps1'
[2.119s] INFO:colcon.colcon_core.shell:Creating package descriptor '/home/arms/turtlebot3_ws/install/turtlebot3_simulations/share/turtlebot3_simulations/package.dsv'
[2.119s] INFO:colcon.colcon_core.shell:Creating package script '/home/arms/turtlebot3_ws/install/turtlebot3_simulations/share/turtlebot3_simulations/package.sh'
[2.119s] INFO:colcon.colcon_core.shell:Creating package script '/home/arms/turtlebot3_ws/install/turtlebot3_simulations/share/turtlebot3_simulations/package.bash'
[2.120s] INFO:colcon.colcon_core.shell:Creating package script '/home/arms/turtlebot3_ws/install/turtlebot3_simulations/share/turtlebot3_simulations/package.zsh'
[2.120s] Level 1:colcon.colcon_core.environment:create_file_with_runtime_dependencies(/home/arms/turtlebot3_ws/install/turtlebot3_simulations/share/colcon-core/packages/turtlebot3_simulations)
[2.138s] Level 1:colcon.colcon_core.environment:create_environment_scripts_only(turtlebot3_simulations)
[2.145s] Level 1:colcon.colcon_core.environment:checking '/home/arms/turtlebot3_ws/install/turtlebot3_simulations' for CMake module files
[2.145s] Level 1:colcon.colcon_core.environment:checking '/home/arms/turtlebot3_ws/install/turtlebot3_simulations' for CMake config files
[2.145s] Level 1:colcon.colcon_core.shell:create_environment_hook('turtlebot3_simulations', 'cmake_prefix_path')
[2.153s] INFO:colcon.colcon_core.shell:Creating environment hook '/home/arms/turtlebot3_ws/install/turtlebot3_simulations/share/turtlebot3_simulations/hook/cmake_prefix_path.ps1'
[2.153s] INFO:colcon.colcon_core.shell:Creating environment descriptor '/home/arms/turtlebot3_ws/install/turtlebot3_simulations/share/turtlebot3_simulations/hook/cmake_prefix_path.dsv'
[2.153s] INFO:colcon.colcon_core.shell:Creating environment hook '/home/arms/turtlebot3_ws/install/turtlebot3_simulations/share/turtlebot3_simulations/hook/cmake_prefix_path.sh'
[2.153s] Level 1:colcon.colcon_core.environment:checking '/home/arms/turtlebot3_ws/install/turtlebot3_simulations/bin'
[2.153s] Level 1:colcon.colcon_core.environment:checking '/home/arms/turtlebot3_ws/install/turtlebot3_simulations/lib/pkgconfig/turtlebot3_simulations.pc'
[2.154s] Level 1:colcon.colcon_core.environment:checking '/home/arms/turtlebot3_ws/install/turtlebot3_simulations/lib/python3.10/site-packages'
[2.154s] Level 1:colcon.colcon_core.environment:checking '/home/arms/turtlebot3_ws/install/turtlebot3_simulations/bin'
[2.162s] INFO:colcon.colcon_core.shell:Creating package script '/home/arms/turtlebot3_ws/install/turtlebot3_simulations/share/turtlebot3_simulations/package.ps1'
[2.162s] INFO:colcon.colcon_core.shell:Creating package descriptor '/home/arms/turtlebot3_ws/install/turtlebot3_simulations/share/turtlebot3_simulations/package.dsv'
[2.163s] INFO:colcon.colcon_core.shell:Creating package script '/home/arms/turtlebot3_ws/install/turtlebot3_simulations/share/turtlebot3_simulations/package.sh'
[2.163s] INFO:colcon.colcon_core.shell:Creating package script '/home/arms/turtlebot3_ws/install/turtlebot3_simulations/share/turtlebot3_simulations/package.bash'
[2.163s] INFO:colcon.colcon_core.shell:Creating package script '/home/arms/turtlebot3_ws/install/turtlebot3_simulations/share/turtlebot3_simulations/package.zsh'
[2.163s] Level 1:colcon.colcon_core.environment:create_file_with_runtime_dependencies(/home/arms/turtlebot3_ws/install/turtlebot3_simulations/share/colcon-core/packages/turtlebot3_simulations)
[5.928s] DEBUG:colcon.colcon_core.event_handler.log_command:Invoked command in '/home/arms/turtlebot3_ws/build/yolov8_msgs' returned '0': CMAKE_PREFIX_PATH=/opt/ros/humble /usr/bin/cmake --build /home/arms/turtlebot3_ws/build/yolov8_msgs -- -j20 -l20
[6.156s] DEBUG:colcon.colcon_core.event_handler.log_command:Invoking command in '/home/arms/turtlebot3_ws/build/yolov8_msgs': CMAKE_PREFIX_PATH=/opt/ros/humble /usr/bin/cmake --install /home/arms/turtlebot3_ws/build/yolov8_msgs
[6.207s] Level 1:colcon.colcon_core.environment:create_environment_scripts_only(yolov8_msgs)
[6.207s] DEBUG:colcon.colcon_core.event_handler.log_command:Invoked command in '/home/arms/turtlebot3_ws/build/yolov8_msgs' returned '0': CMAKE_PREFIX_PATH=/opt/ros/humble /usr/bin/cmake --install /home/arms/turtlebot3_ws/build/yolov8_msgs
[6.214s] Level 1:colcon.colcon_core.environment:checking '/home/arms/turtlebot3_ws/install/yolov8_msgs' for CMake module files
[6.214s] Level 1:colcon.colcon_core.environment:checking '/home/arms/turtlebot3_ws/install/yolov8_msgs' for CMake config files
[6.215s] Level 1:colcon.colcon_core.shell:create_environment_hook('yolov8_msgs', 'cmake_prefix_path')
[6.222s] INFO:colcon.colcon_core.shell:Creating environment hook '/home/arms/turtlebot3_ws/install/yolov8_msgs/share/yolov8_msgs/hook/cmake_prefix_path.ps1'
[6.222s] INFO:colcon.colcon_core.shell:Creating environment descriptor '/home/arms/turtlebot3_ws/install/yolov8_msgs/share/yolov8_msgs/hook/cmake_prefix_path.dsv'
[6.222s] INFO:colcon.colcon_core.shell:Creating environment hook '/home/arms/turtlebot3_ws/install/yolov8_msgs/share/yolov8_msgs/hook/cmake_prefix_path.sh'
[6.222s] Level 1:colcon.colcon_core.environment:checking '/home/arms/turtlebot3_ws/install/yolov8_msgs/lib'
[6.222s] Level 1:colcon.colcon_core.shell:create_environment_hook('yolov8_msgs', 'ld_library_path_lib')
[6.229s] INFO:colcon.colcon_core.shell:Creating environment hook '/home/arms/turtlebot3_ws/install/yolov8_msgs/share/yolov8_msgs/hook/ld_library_path_lib.ps1'
[6.229s] INFO:colcon.colcon_core.shell:Creating environment descriptor '/home/arms/turtlebot3_ws/install/yolov8_msgs/share/yolov8_msgs/hook/ld_library_path_lib.dsv'
[6.229s] INFO:colcon.colcon_core.shell:Creating environment hook '/home/arms/turtlebot3_ws/install/yolov8_msgs/share/yolov8_msgs/hook/ld_library_path_lib.sh'
[6.229s] Level 1:colcon.colcon_core.environment:checking '/home/arms/turtlebot3_ws/install/yolov8_msgs/bin'
[6.230s] Level 1:colcon.colcon_core.environment:checking '/home/arms/turtlebot3_ws/install/yolov8_msgs/lib/pkgconfig/yolov8_msgs.pc'
[6.230s] Level 1:colcon.colcon_core.environment:checking '/home/arms/turtlebot3_ws/install/yolov8_msgs/lib/python3.10/site-packages'
[6.230s] Level 1:colcon.colcon_core.environment:checking '/home/arms/turtlebot3_ws/install/yolov8_msgs/bin'
[6.236s] INFO:colcon.colcon_core.shell:Creating package script '/home/arms/turtlebot3_ws/install/yolov8_msgs/share/yolov8_msgs/package.ps1'
[6.236s] INFO:colcon.colcon_core.shell:Creating package descriptor '/home/arms/turtlebot3_ws/install/yolov8_msgs/share/yolov8_msgs/package.dsv'
[6.237s] INFO:colcon.colcon_core.shell:Creating package script '/home/arms/turtlebot3_ws/install/yolov8_msgs/share/yolov8_msgs/package.sh'
[6.237s] INFO:colcon.colcon_core.shell:Creating package script '/home/arms/turtlebot3_ws/install/yolov8_msgs/share/yolov8_msgs/package.bash'
[6.237s] INFO:colcon.colcon_core.shell:Creating package script '/home/arms/turtlebot3_ws/install/yolov8_msgs/share/yolov8_msgs/package.zsh'
[6.237s] Level 1:colcon.colcon_core.environment:create_file_with_runtime_dependencies(/home/arms/turtlebot3_ws/install/yolov8_msgs/share/colcon-core/packages/yolov8_msgs)
[6.447s] Level 1:colcon.colcon_core.environment:create_environment_scripts_only(yolov8_msgs)
[6.454s] Level 1:colcon.colcon_core.environment:checking '/home/arms/turtlebot3_ws/install/yolov8_msgs' for CMake module files
[6.454s] Level 1:colcon.colcon_core.environment:checking '/home/arms/turtlebot3_ws/install/yolov8_msgs' for CMake config files
[6.454s] Level 1:colcon.colcon_core.shell:create_environment_hook('yolov8_msgs', 'cmake_prefix_path')
[6.461s] INFO:colcon.colcon_core.shell:Creating environment hook '/home/arms/turtlebot3_ws/install/yolov8_msgs/share/yolov8_msgs/hook/cmake_prefix_path.ps1'
[6.461s] INFO:colcon.colcon_core.shell:Creating environment descriptor '/home/arms/turtlebot3_ws/install/yolov8_msgs/share/yolov8_msgs/hook/cmake_prefix_path.dsv'
[6.461s] INFO:colcon.colcon_core.shell:Creating environment hook '/home/arms/turtlebot3_ws/install/yolov8_msgs/share/yolov8_msgs/hook/cmake_prefix_path.sh'
[6.461s] Level 1:colcon.colcon_core.environment:checking '/home/arms/turtlebot3_ws/install/yolov8_msgs/lib'
[6.461s] Level 1:colcon.colcon_core.shell:create_environment_hook('yolov8_msgs', 'ld_library_path_lib')
[6.468s] INFO:colcon.colcon_core.shell:Creating environment hook '/home/arms/turtlebot3_ws/install/yolov8_msgs/share/yolov8_msgs/hook/ld_library_path_lib.ps1'
[6.468s] INFO:colcon.colcon_core.shell:Creating environment descriptor '/home/arms/turtlebot3_ws/install/yolov8_msgs/share/yolov8_msgs/hook/ld_library_path_lib.dsv'
[6.468s] INFO:colcon.colcon_core.shell:Creating environment hook '/home/arms/turtlebot3_ws/install/yolov8_msgs/share/yolov8_msgs/hook/ld_library_path_lib.sh'
[6.468s] Level 1:colcon.colcon_core.environment:checking '/home/arms/turtlebot3_ws/install/yolov8_msgs/bin'
[6.468s] Level 1:colcon.colcon_core.environment:checking '/home/arms/turtlebot3_ws/install/yolov8_msgs/lib/pkgconfig/yolov8_msgs.pc'
[6.469s] Level 1:colcon.colcon_core.environment:checking '/home/arms/turtlebot3_ws/install/yolov8_msgs/lib/python3.10/site-packages'
[6.469s] Level 1:colcon.colcon_core.environment:checking '/home/arms/turtlebot3_ws/install/yolov8_msgs/bin'
[6.475s] INFO:colcon.colcon_core.shell:Creating package script '/home/arms/turtlebot3_ws/install/yolov8_msgs/share/yolov8_msgs/package.ps1'
[6.476s] INFO:colcon.colcon_core.shell:Creating package descriptor '/home/arms/turtlebot3_ws/install/yolov8_msgs/share/yolov8_msgs/package.dsv'
[6.476s] INFO:colcon.colcon_core.shell:Creating package script '/home/arms/turtlebot3_ws/install/yolov8_msgs/share/yolov8_msgs/package.sh'
[6.476s] INFO:colcon.colcon_core.shell:Creating package script '/home/arms/turtlebot3_ws/install/yolov8_msgs/share/yolov8_msgs/package.bash'
[6.476s] INFO:colcon.colcon_core.shell:Creating package script '/home/arms/turtlebot3_ws/install/yolov8_msgs/share/yolov8_msgs/package.zsh'
[6.476s] Level 1:colcon.colcon_core.environment:create_file_with_runtime_dependencies(/home/arms/turtlebot3_ws/install/yolov8_msgs/share/colcon-core/packages/yolov8_msgs)
[6.476s] DEBUG:colcon.colcon_parallel_executor.executor.parallel:closing loop
[6.476s] DEBUG:colcon.colcon_parallel_executor.executor.parallel:loop closed
[6.476s] DEBUG:colcon.colcon_parallel_executor.executor.parallel:run_until_complete finished with '0'
[6.476s] DEBUG:colcon.colcon_core.event_reactor:joining thread
[6.486s] INFO:colcon.colcon_core.plugin_system:Skipping extension 'colcon_notification.desktop_notification.terminal_notifier': Not used on non-Darwin systems
[6.486s] INFO:colcon.colcon_core.plugin_system:Skipping extension 'colcon_notification.desktop_notification.win32': Not used on non-Windows systems
[6.486s] INFO:colcon.colcon_notification.desktop_notification:Sending desktop notification using 'notify2'
[6.494s] DEBUG:colcon.colcon_core.event_reactor:joined thread
[6.501s] INFO:colcon.colcon_core.shell:Creating prefix script '/home/arms/turtlebot3_ws/install/local_setup.ps1'
[6.501s] INFO:colcon.colcon_core.shell:Creating prefix util module '/home/arms/turtlebot3_ws/install/_local_setup_util_ps1.py'
[6.502s] INFO:colcon.colcon_core.shell:Creating prefix chain script '/home/arms/turtlebot3_ws/install/setup.ps1'
[6.509s] INFO:colcon.colcon_core.shell:Creating prefix script '/home/arms/turtlebot3_ws/install/local_setup.sh'
[6.509s] INFO:colcon.colcon_core.shell:Creating prefix util module '/home/arms/turtlebot3_ws/install/_local_setup_util_sh.py'
[6.509s] INFO:colcon.colcon_core.shell:Creating prefix chain script '/home/arms/turtlebot3_ws/install/setup.sh'
[6.516s] INFO:colcon.colcon_core.shell:Creating prefix script '/home/arms/turtlebot3_ws/install/local_setup.bash'
[6.516s] INFO:colcon.colcon_core.shell:Creating prefix chain script '/home/arms/turtlebot3_ws/install/setup.bash'
[6.523s] INFO:colcon.colcon_core.shell:Creating prefix script '/home/arms/turtlebot3_ws/install/local_setup.zsh'
[6.523s] INFO:colcon.colcon_core.shell:Creating prefix chain script '/home/arms/turtlebot3_ws/install/setup.zsh'
