[0.094s] Invoking command in '/home/arms/turtlebot3_ws/build/multirobot_map_merge': CMAKE_PREFIX_PATH=/opt/ros/humble /usr/bin/cmake --build /home/arms/turtlebot3_ws/build/multirobot_map_merge -- -j20 -l20
[0.260s] [35m[1mConsolidate compiler generated dependencies of target gtest_main[0m
[0.260s] [35m[1mConsolidate compiler generated dependencies of target gtest[0m
[0.260s] [35m[1mConsolidate compiler generated dependencies of target combine_grids[0m
[0.260s] [ 16%] Built target gtest_main
[0.260s] [ 33%] Built target gtest
[0.260s] [ 66%] Built target combine_grids
[0.260s] [35m[1mConsolidate compiler generated dependencies of target test_merging_pipeline[0m
[0.260s] [35m[1mConsolidate compiler generated dependencies of target map_merge[0m
[0.260s] [ 83%] Built target test_merging_pipeline
[0.260s] [100%] Built target map_merge
[0.412s] Invoked command in '/home/arms/turtlebot3_ws/build/multirobot_map_merge' returned '0': CMAKE_PREFIX_PATH=/opt/ros/humble /usr/bin/cmake --build /home/arms/turtlebot3_ws/build/multirobot_map_merge -- -j20 -l20
[0.434s] Invoking command in '/home/arms/turtlebot3_ws/build/multirobot_map_merge': CMAKE_PREFIX_PATH=/opt/ros/humble /usr/bin/cmake --install /home/arms/turtlebot3_ws/build/multirobot_map_merge
[0.438s] -- Install configuration: ""
[0.438s] -- Up-to-date: /home/arms/turtlebot3_ws/install/multirobot_map_merge/include/map_merge/
[0.438s] -- Up-to-date: /home/arms/turtlebot3_ws/install/multirobot_map_merge/include/map_merge//ros1_names.hpp
[0.438s] -- Up-to-date: /home/arms/turtlebot3_ws/install/multirobot_map_merge/include/map_merge//map_merge.h
[0.439s] -- Up-to-date: /home/arms/turtlebot3_ws/install/multirobot_map_merge/share/multirobot_map_merge/launch
[0.440s] -- Up-to-date: /home/arms/turtlebot3_ws/install/multirobot_map_merge/share/multirobot_map_merge/launch/from_map_server.launch.py
[0.440s] -- Up-to-date: /home/arms/turtlebot3_ws/install/multirobot_map_merge/share/multirobot_map_merge/launch/map_merge.rviz
[0.440s] -- Up-to-date: /home/arms/turtlebot3_ws/install/multirobot_map_merge/share/multirobot_map_merge/launch/tb3_simulation
[0.440s] -- Up-to-date: /home/arms/turtlebot3_ws/install/multirobot_map_merge/share/multirobot_map_merge/launch/tb3_simulation/tb3_simulation_launch.py
[0.440s] -- Up-to-date: /home/arms/turtlebot3_ws/install/multirobot_map_merge/share/multirobot_map_merge/launch/tb3_simulation/worlds
[0.440s] -- Up-to-date: /home/arms/turtlebot3_ws/install/multirobot_map_merge/share/multirobot_map_merge/launch/tb3_simulation/worlds/world_only.model
[0.440s] -- Up-to-date: /home/arms/turtlebot3_ws/install/multirobot_map_merge/share/multirobot_map_merge/launch/tb3_simulation/multi_tb3_simulation_launch.py
[0.440s] -- Up-to-date: /home/arms/turtlebot3_ws/install/multirobot_map_merge/share/multirobot_map_merge/launch/tb3_simulation/slam_toolbox.py
[0.440s] -- Up-to-date: /home/arms/turtlebot3_ws/install/multirobot_map_merge/share/multirobot_map_merge/launch/tb3_simulation/config
[0.440s] -- Up-to-date: /home/arms/turtlebot3_ws/install/multirobot_map_merge/share/multirobot_map_merge/launch/tb3_simulation/config/nav2_multirobot_params_2.yaml
[0.440s] -- Up-to-date: /home/arms/turtlebot3_ws/install/multirobot_map_merge/share/multirobot_map_merge/launch/tb3_simulation/config/nav2_multirobot_params_1.yaml
[0.441s] -- Up-to-date: /home/arms/turtlebot3_ws/install/multirobot_map_merge/share/multirobot_map_merge/launch/tb3_simulation/bringup_launch.py
[0.441s] -- Up-to-date: /home/arms/turtlebot3_ws/install/multirobot_map_merge/share/multirobot_map_merge/launch/map_merge.launch.py
[0.441s] -- Up-to-date: /home/arms/turtlebot3_ws/install/multirobot_map_merge/share/multirobot_map_merge/config
[0.441s] -- Up-to-date: /home/arms/turtlebot3_ws/install/multirobot_map_merge/share/multirobot_map_merge/config/params.yaml
[0.445s] -- Up-to-date: /home/arms/turtlebot3_ws/install/multirobot_map_merge/lib/libcombine_grids.a
[0.448s] -- Up-to-date: /home/arms/turtlebot3_ws/install/multirobot_map_merge/lib/multirobot_map_merge/map_merge
[0.448s] -- Up-to-date: /home/arms/turtlebot3_ws/install/multirobot_map_merge/share/multirobot_map_merge/environment/library_path.sh
[0.449s] -- Up-to-date: /home/arms/turtlebot3_ws/install/multirobot_map_merge/share/multirobot_map_merge/environment/library_path.dsv
[0.450s] -- Up-to-date: /home/arms/turtlebot3_ws/install/multirobot_map_merge/share/ament_index/resource_index/package_run_dependencies/multirobot_map_merge
[0.450s] -- Up-to-date: /home/arms/turtlebot3_ws/install/multirobot_map_merge/share/ament_index/resource_index/parent_prefix_path/multirobot_map_merge
[0.450s] -- Up-to-date: /home/arms/turtlebot3_ws/install/multirobot_map_merge/share/multirobot_map_merge/environment/ament_prefix_path.sh
[0.450s] -- Up-to-date: /home/arms/turtlebot3_ws/install/multirobot_map_merge/share/multirobot_map_merge/environment/ament_prefix_path.dsv
[0.450s] -- Up-to-date: /home/arms/turtlebot3_ws/install/multirobot_map_merge/share/multirobot_map_merge/environment/path.sh
[0.451s] -- Up-to-date: /home/arms/turtlebot3_ws/install/multirobot_map_merge/share/multirobot_map_merge/environment/path.dsv
[0.451s] -- Up-to-date: /home/arms/turtlebot3_ws/install/multirobot_map_merge/share/multirobot_map_merge/local_setup.bash
[0.451s] -- Up-to-date: /home/arms/turtlebot3_ws/install/multirobot_map_merge/share/multirobot_map_merge/local_setup.sh
[0.451s] -- Up-to-date: /home/arms/turtlebot3_ws/install/multirobot_map_merge/share/multirobot_map_merge/local_setup.zsh
[0.452s] -- Up-to-date: /home/arms/turtlebot3_ws/install/multirobot_map_merge/share/multirobot_map_merge/local_setup.dsv
[0.452s] -- Installing: /home/arms/turtlebot3_ws/install/multirobot_map_merge/share/multirobot_map_merge/package.dsv
[0.452s] -- Up-to-date: /home/arms/turtlebot3_ws/install/multirobot_map_merge/share/ament_index/resource_index/packages/multirobot_map_merge
[0.453s] -- Up-to-date: /home/arms/turtlebot3_ws/install/multirobot_map_merge/share/multirobot_map_merge/cmake/ament_cmake_export_include_directories-extras.cmake
[0.453s] -- Up-to-date: /home/arms/turtlebot3_ws/install/multirobot_map_merge/share/multirobot_map_merge/cmake/ament_cmake_export_libraries-extras.cmake
[0.453s] -- Up-to-date: /home/arms/turtlebot3_ws/install/multirobot_map_merge/share/multirobot_map_merge/cmake/multirobot_map_mergeConfig.cmake
[0.454s] -- Up-to-date: /home/arms/turtlebot3_ws/install/multirobot_map_merge/share/multirobot_map_merge/cmake/multirobot_map_mergeConfig-version.cmake
[0.454s] -- Up-to-date: /home/arms/turtlebot3_ws/install/multirobot_map_merge/share/multirobot_map_merge/package.xml
[0.483s] Invoked command in '/home/arms/turtlebot3_ws/build/multirobot_map_merge' returned '0': CMAKE_PREFIX_PATH=/opt/ros/humble /usr/bin/cmake --install /home/arms/turtlebot3_ws/build/multirobot_map_merge
