[1.063s] Invoking command in '/home/arms/turtlebot3_ws/src/autonomous_exploration': PYTHONPATH=/home/arms/turtlebot3_ws/build/autonomous_exploration/prefix_override:/home/arms/turtlebot3_ws/install/autonomous_exploration/lib/python3.10/site-packages:${PYTHONPATH} /usr/bin/python3 setup.py egg_info --egg-base ../../build/autonomous_exploration build --build-base /home/arms/turtlebot3_ws/build/autonomous_exploration/build install --record /home/arms/turtlebot3_ws/build/autonomous_exploration/install.log --single-version-externally-managed
[1.215s] running egg_info
[1.215s] writing ../../build/autonomous_exploration/autonomous_exploration.egg-info/PKG-INFO
[1.215s] writing dependency_links to ../../build/autonomous_exploration/autonomous_exploration.egg-info/dependency_links.txt
[1.216s] writing entry points to ../../build/autonomous_exploration/autonomous_exploration.egg-info/entry_points.txt
[1.216s] writing requirements to ../../build/autonomous_exploration/autonomous_exploration.egg-info/requires.txt
[1.216s] writing top-level names to ../../build/autonomous_exploration/autonomous_exploration.egg-info/top_level.txt
[1.217s] reading manifest file '../../build/autonomous_exploration/autonomous_exploration.egg-info/SOURCES.txt'
[1.218s] writing manifest file '../../build/autonomous_exploration/autonomous_exploration.egg-info/SOURCES.txt'
[1.218s] running build
[1.218s] running build_py
[1.218s] copying autonomous_exploration/control.py -> /home/arms/turtlebot3_ws/build/autonomous_exploration/build/lib/autonomous_exploration
[1.218s] running install
[1.218s] /usr/lib/python3/dist-packages/setuptools/command/install.py:34: SetuptoolsDeprecationWarning: setup.py install is deprecated. Use build and pip and other standards-based tools.
[1.218s]   warnings.warn(
[1.219s] running install_lib
[1.219s] copying /home/arms/turtlebot3_ws/build/autonomous_exploration/build/lib/autonomous_exploration/control.py -> /home/arms/turtlebot3_ws/install/autonomous_exploration/lib/python3.10/site-packages/autonomous_exploration
[1.219s] byte-compiling /home/arms/turtlebot3_ws/install/autonomous_exploration/lib/python3.10/site-packages/autonomous_exploration/control.py to control.cpython-310.pyc
[1.221s] running install_data
[1.222s] running install_egg_info
[1.223s] removing '/home/arms/turtlebot3_ws/install/autonomous_exploration/lib/python3.10/site-packages/autonomous_exploration-0.0.0-py3.10.egg-info' (and everything under it)
[1.223s] Copying ../../build/autonomous_exploration/autonomous_exploration.egg-info to /home/arms/turtlebot3_ws/install/autonomous_exploration/lib/python3.10/site-packages/autonomous_exploration-0.0.0-py3.10.egg-info
[1.224s] running install_scripts
[1.239s] Installing control script to /home/arms/turtlebot3_ws/install/autonomous_exploration/lib/autonomous_exploration
[1.239s] writing list of installed files to '/home/arms/turtlebot3_ws/build/autonomous_exploration/install.log'
[1.311s] Invoked command in '/home/arms/turtlebot3_ws/src/autonomous_exploration' returned '0': PYTHONPATH=/home/arms/turtlebot3_ws/build/autonomous_exploration/prefix_override:/home/arms/turtlebot3_ws/install/autonomous_exploration/lib/python3.10/site-packages:${PYTHONPATH} /usr/bin/python3 setup.py egg_info --egg-base ../../build/autonomous_exploration build --build-base /home/arms/turtlebot3_ws/build/autonomous_exploration/build install --record /home/arms/turtlebot3_ws/build/autonomous_exploration/install.log --single-version-externally-managed
