[0.422s] Invoking command in '/home/arms/turtlebot3_ws/src/cv_stuff': PYTHONPATH=/home/arms/turtlebot3_ws/build/cv_stuff/prefix_override:/home/arms/turtlebot3_ws/install/cv_stuff/lib/python3.10/site-packages:${PYTHONPATH} /usr/bin/python3 setup.py egg_info --egg-base ../../build/cv_stuff build --build-base /home/arms/turtlebot3_ws/build/cv_stuff/build install --record /home/arms/turtlebot3_ws/build/cv_stuff/install.log --single-version-externally-managed
[0.547s] running egg_info
[0.547s] writing ../../build/cv_stuff/cv_stuff.egg-info/PKG-INFO
[0.547s] writing dependency_links to ../../build/cv_stuff/cv_stuff.egg-info/dependency_links.txt
[0.547s] writing entry points to ../../build/cv_stuff/cv_stuff.egg-info/entry_points.txt
[0.547s] writing requirements to ../../build/cv_stuff/cv_stuff.egg-info/requires.txt
[0.548s] writing top-level names to ../../build/cv_stuff/cv_stuff.egg-info/top_level.txt
[0.548s] reading manifest file '../../build/cv_stuff/cv_stuff.egg-info/SOURCES.txt'
[0.548s] writing manifest file '../../build/cv_stuff/cv_stuff.egg-info/SOURCES.txt'
[0.548s] running build
[0.549s] running build_py
[0.549s] copying cv_stuff/webcam_sub.py -> /home/arms/turtlebot3_ws/build/cv_stuff/build/lib/cv_stuff
[0.549s] running install
[0.549s] /usr/lib/python3/dist-packages/setuptools/command/install.py:34: SetuptoolsDeprecationWarning: setup.py install is deprecated. Use build and pip and other standards-based tools.
[0.550s]   warnings.warn(
[0.550s] running install_lib
[0.550s] copying /home/arms/turtlebot3_ws/build/cv_stuff/build/lib/cv_stuff/webcam_sub.py -> /home/arms/turtlebot3_ws/install/cv_stuff/lib/python3.10/site-packages/cv_stuff
[0.550s] byte-compiling /home/arms/turtlebot3_ws/install/cv_stuff/lib/python3.10/site-packages/cv_stuff/webcam_sub.py to webcam_sub.cpython-310.pyc
[0.550s] running install_data
[0.551s] running install_egg_info
[0.552s] removing '/home/arms/turtlebot3_ws/install/cv_stuff/lib/python3.10/site-packages/cv_stuff-0.0.0-py3.10.egg-info' (and everything under it)
[0.552s] Copying ../../build/cv_stuff/cv_stuff.egg-info to /home/arms/turtlebot3_ws/install/cv_stuff/lib/python3.10/site-packages/cv_stuff-0.0.0-py3.10.egg-info
[0.552s] running install_scripts
[0.563s] Installing img_publisher script to /home/arms/turtlebot3_ws/install/cv_stuff/lib/cv_stuff
[0.563s] Installing img_subscriber script to /home/arms/turtlebot3_ws/install/cv_stuff/lib/cv_stuff
[0.563s] writing list of installed files to '/home/arms/turtlebot3_ws/build/cv_stuff/install.log'
[0.576s] Invoked command in '/home/arms/turtlebot3_ws/src/cv_stuff' returned '0': PYTHONPATH=/home/arms/turtlebot3_ws/build/cv_stuff/prefix_override:/home/arms/turtlebot3_ws/install/cv_stuff/lib/python3.10/site-packages:${PYTHONPATH} /usr/bin/python3 setup.py egg_info --egg-base ../../build/cv_stuff build --build-base /home/arms/turtlebot3_ws/build/cv_stuff/build install --record /home/arms/turtlebot3_ws/build/cv_stuff/install.log --single-version-externally-managed
