[0.027s] Invoking command in '/home/arms/turtlebot3_ws/build/turtlebot3_simulations': AMENT_PREFIX_PATH=/home/arms/turtlebot3_ws/install/turtlebot3_gazebo:/home/arms/turtlebot3_ws/install/turtlebot3_fake_node:${AMENT_PREFIX_PATH} CMAKE_PREFIX_PATH=/home/arms/turtlebot3_ws/install/turtlebot3_gazebo:/home/arms/turtlebot3_ws/install/turtlebot3_fake_node:/opt/ros/humble /usr/bin/cmake /home/arms/turtlebot3_ws/src/turtlebot3_simulations/turtlebot3_simulations -DCMAKE_INSTALL_PREFIX=/home/arms/turtlebot3_ws/install/turtlebot3_simulations
[0.034s] -- Found ament_cmake: 1.3.5 (/opt/ros/humble/share/ament_cmake/cmake)
[0.108s] -- Override CMake install command with custom implementation using symlinks instead of copying resources
[0.146s] -- Configuring done
[0.148s] -- Generating done
[0.149s] -- Build files have been written to: /home/arms/turtlebot3_ws/build/turtlebot3_simulations
[0.151s] Invoked command in '/home/arms/turtlebot3_ws/build/turtlebot3_simulations' returned '0': AMENT_PREFIX_PATH=/home/arms/turtlebot3_ws/install/turtlebot3_gazebo:/home/arms/turtlebot3_ws/install/turtlebot3_fake_node:${AMENT_PREFIX_PATH} CMAKE_PREFIX_PATH=/home/arms/turtlebot3_ws/install/turtlebot3_gazebo:/home/arms/turtlebot3_ws/install/turtlebot3_fake_node:/opt/ros/humble /usr/bin/cmake /home/arms/turtlebot3_ws/src/turtlebot3_simulations/turtlebot3_simulations -DCMAKE_INSTALL_PREFIX=/home/arms/turtlebot3_ws/install/turtlebot3_simulations
[0.151s] Invoking command in '/home/arms/turtlebot3_ws/build/turtlebot3_simulations': AMENT_PREFIX_PATH=/home/arms/turtlebot3_ws/install/turtlebot3_gazebo:/home/arms/turtlebot3_ws/install/turtlebot3_fake_node:${AMENT_PREFIX_PATH} CMAKE_PREFIX_PATH=/home/arms/turtlebot3_ws/install/turtlebot3_gazebo:/home/arms/turtlebot3_ws/install/turtlebot3_fake_node:/opt/ros/humble /usr/bin/cmake --build /home/arms/turtlebot3_ws/build/turtlebot3_simulations -- -j20 -l20
[0.170s] Invoked command in '/home/arms/turtlebot3_ws/build/turtlebot3_simulations' returned '0': AMENT_PREFIX_PATH=/home/arms/turtlebot3_ws/install/turtlebot3_gazebo:/home/arms/turtlebot3_ws/install/turtlebot3_fake_node:${AMENT_PREFIX_PATH} CMAKE_PREFIX_PATH=/home/arms/turtlebot3_ws/install/turtlebot3_gazebo:/home/arms/turtlebot3_ws/install/turtlebot3_fake_node:/opt/ros/humble /usr/bin/cmake --build /home/arms/turtlebot3_ws/build/turtlebot3_simulations -- -j20 -l20
[0.181s] Invoking command in '/home/arms/turtlebot3_ws/build/turtlebot3_simulations': AMENT_PREFIX_PATH=/home/arms/turtlebot3_ws/install/turtlebot3_gazebo:/home/arms/turtlebot3_ws/install/turtlebot3_fake_node:${AMENT_PREFIX_PATH} CMAKE_PREFIX_PATH=/home/arms/turtlebot3_ws/install/turtlebot3_gazebo:/home/arms/turtlebot3_ws/install/turtlebot3_fake_node:/opt/ros/humble /usr/bin/cmake --install /home/arms/turtlebot3_ws/build/turtlebot3_simulations
[0.185s] -- Install configuration: ""
[0.185s] -- Execute custom install script
[0.185s] -- Up-to-date symlink: /home/arms/turtlebot3_ws/install/turtlebot3_simulations/share/ament_index/resource_index/package_run_dependencies/turtlebot3_simulations
[0.185s] -- Up-to-date symlink: /home/arms/turtlebot3_ws/install/turtlebot3_simulations/share/ament_index/resource_index/parent_prefix_path/turtlebot3_simulations
[0.185s] -- Up-to-date symlink: /home/arms/turtlebot3_ws/install/turtlebot3_simulations/share/turtlebot3_simulations/environment/ament_prefix_path.sh
[0.186s] -- Up-to-date symlink: /home/arms/turtlebot3_ws/install/turtlebot3_simulations/share/turtlebot3_simulations/environment/ament_prefix_path.dsv
[0.186s] -- Up-to-date symlink: /home/arms/turtlebot3_ws/install/turtlebot3_simulations/share/turtlebot3_simulations/environment/path.sh
[0.186s] -- Up-to-date symlink: /home/arms/turtlebot3_ws/install/turtlebot3_simulations/share/turtlebot3_simulations/environment/path.dsv
[0.186s] -- Up-to-date symlink: /home/arms/turtlebot3_ws/install/turtlebot3_simulations/share/turtlebot3_simulations/local_setup.bash
[0.186s] -- Up-to-date symlink: /home/arms/turtlebot3_ws/install/turtlebot3_simulations/share/turtlebot3_simulations/local_setup.sh
[0.186s] -- Up-to-date symlink: /home/arms/turtlebot3_ws/install/turtlebot3_simulations/share/turtlebot3_simulations/local_setup.zsh
[0.186s] -- Up-to-date symlink: /home/arms/turtlebot3_ws/install/turtlebot3_simulations/share/turtlebot3_simulations/local_setup.dsv
[0.186s] -- Symlinking: /home/arms/turtlebot3_ws/install/turtlebot3_simulations/share/turtlebot3_simulations/package.dsv
[0.191s] -- Up-to-date symlink: /home/arms/turtlebot3_ws/install/turtlebot3_simulations/share/ament_index/resource_index/packages/turtlebot3_simulations
[0.191s] -- Up-to-date symlink: /home/arms/turtlebot3_ws/install/turtlebot3_simulations/share/turtlebot3_simulations/cmake/turtlebot3_simulationsConfig.cmake
[0.191s] -- Up-to-date symlink: /home/arms/turtlebot3_ws/install/turtlebot3_simulations/share/turtlebot3_simulations/cmake/turtlebot3_simulationsConfig-version.cmake
[0.191s] -- Up-to-date symlink: /home/arms/turtlebot3_ws/install/turtlebot3_simulations/share/turtlebot3_simulations/package.xml
[0.193s] Invoked command in '/home/arms/turtlebot3_ws/build/turtlebot3_simulations' returned '0': AMENT_PREFIX_PATH=/home/arms/turtlebot3_ws/install/turtlebot3_gazebo:/home/arms/turtlebot3_ws/install/turtlebot3_fake_node:${AMENT_PREFIX_PATH} CMAKE_PREFIX_PATH=/home/arms/turtlebot3_ws/install/turtlebot3_gazebo:/home/arms/turtlebot3_ws/install/turtlebot3_fake_node:/opt/ros/humble /usr/bin/cmake --install /home/arms/turtlebot3_ws/build/turtlebot3_simulations
