[0.393s] Invoking command in '/home/arms/turtlebot3_ws/src/cv_stuff': PYTHONPATH=/home/arms/turtlebot3_ws/build/cv_stuff/prefix_override:/home/arms/turtlebot3_ws/install/cv_stuff/lib/python3.10/site-packages:${PYTHONPATH} /usr/bin/python3 setup.py egg_info --egg-base ../../build/cv_stuff build --build-base /home/arms/turtlebot3_ws/build/cv_stuff/build install --record /home/arms/turtlebot3_ws/build/cv_stuff/install.log --single-version-externally-managed
[0.509s] running egg_info
[0.509s] writing ../../build/cv_stuff/cv_stuff.egg-info/PKG-INFO
[0.519s] writing dependency_links to ../../build/cv_stuff/cv_stuff.egg-info/dependency_links.txt
[0.519s] writing entry points to ../../build/cv_stuff/cv_stuff.egg-info/entry_points.txt
[0.519s] writing requirements to ../../build/cv_stuff/cv_stuff.egg-info/requires.txt
[0.519s] writing top-level names to ../../build/cv_stuff/cv_stuff.egg-info/top_level.txt
[0.520s] reading manifest file '../../build/cv_stuff/cv_stuff.egg-info/SOURCES.txt'
[0.521s] writing manifest file '../../build/cv_stuff/cv_stuff.egg-info/SOURCES.txt'
[0.521s] running build
[0.521s] running build_py
[0.521s] copying cv_stuff/webcam_pub.py -> /home/arms/turtlebot3_ws/build/cv_stuff/build/lib/cv_stuff
[0.521s] running install
[0.521s] /usr/lib/python3/dist-packages/setuptools/command/install.py:34: SetuptoolsDeprecationWarning: setup.py install is deprecated. Use build and pip and other standards-based tools.
[0.521s]   warnings.warn(
[0.521s] running install_lib
[0.522s] copying /home/arms/turtlebot3_ws/build/cv_stuff/build/lib/cv_stuff/webcam_pub.py -> /home/arms/turtlebot3_ws/install/cv_stuff/lib/python3.10/site-packages/cv_stuff
[0.522s] byte-compiling /home/arms/turtlebot3_ws/install/cv_stuff/lib/python3.10/site-packages/cv_stuff/webcam_pub.py to webcam_pub.cpython-310.pyc
[0.522s] running install_data
[0.523s] running install_egg_info
[0.524s] removing '/home/arms/turtlebot3_ws/install/cv_stuff/lib/python3.10/site-packages/cv_stuff-0.0.0-py3.10.egg-info' (and everything under it)
[0.524s] Copying ../../build/cv_stuff/cv_stuff.egg-info to /home/arms/turtlebot3_ws/install/cv_stuff/lib/python3.10/site-packages/cv_stuff-0.0.0-py3.10.egg-info
[0.524s] running install_scripts
[0.535s] Installing img_publisher script to /home/arms/turtlebot3_ws/install/cv_stuff/lib/cv_stuff
[0.535s] Installing img_subscriber script to /home/arms/turtlebot3_ws/install/cv_stuff/lib/cv_stuff
[0.535s] writing list of installed files to '/home/arms/turtlebot3_ws/build/cv_stuff/install.log'
[0.547s] Invoked command in '/home/arms/turtlebot3_ws/src/cv_stuff' returned '0': PYTHONPATH=/home/arms/turtlebot3_ws/build/cv_stuff/prefix_override:/home/arms/turtlebot3_ws/install/cv_stuff/lib/python3.10/site-packages:${PYTHONPATH} /usr/bin/python3 setup.py egg_info --egg-base ../../build/cv_stuff build --build-base /home/arms/turtlebot3_ws/build/cv_stuff/build install --record /home/arms/turtlebot3_ws/build/cv_stuff/install.log --single-version-externally-managed
