[0.426s] Invoking command in '/home/arms/turtlebot3_ws/src/shoe_detector': PYTHONPATH=/home/arms/turtlebot3_ws/build/shoe_detector/prefix_override:/home/arms/turtlebot3_ws/install/shoe_detector/lib/python3.10/site-packages:${PYTHONPATH} /usr/bin/python3 setup.py egg_info --egg-base ../../build/shoe_detector build --build-base /home/arms/turtlebot3_ws/build/shoe_detector/build install --record /home/arms/turtlebot3_ws/build/shoe_detector/install.log --single-version-externally-managed
[0.546s] running egg_info
[0.546s] writing ../../build/shoe_detector/shoe_detector.egg-info/PKG-INFO
[0.546s] writing dependency_links to ../../build/shoe_detector/shoe_detector.egg-info/dependency_links.txt
[0.546s] writing entry points to ../../build/shoe_detector/shoe_detector.egg-info/entry_points.txt
[0.547s] writing requirements to ../../build/shoe_detector/shoe_detector.egg-info/requires.txt
[0.547s] writing top-level names to ../../build/shoe_detector/shoe_detector.egg-info/top_level.txt
[0.547s] reading manifest file '../../build/shoe_detector/shoe_detector.egg-info/SOURCES.txt'
[0.548s] writing manifest file '../../build/shoe_detector/shoe_detector.egg-info/SOURCES.txt'
[0.548s] running build
[0.548s] running build_py
[0.548s] copying shoe_detector/shoe_detector.py -> /home/arms/turtlebot3_ws/build/shoe_detector/build/lib/shoe_detector
[0.548s] running install
[0.548s] /usr/lib/python3/dist-packages/setuptools/command/install.py:34: SetuptoolsDeprecationWarning: setup.py install is deprecated. Use build and pip and other standards-based tools.
[0.548s]   warnings.warn(
[0.548s] running install_lib
[0.548s] copying /home/arms/turtlebot3_ws/build/shoe_detector/build/lib/shoe_detector/shoe_detector.py -> /home/arms/turtlebot3_ws/install/shoe_detector/lib/python3.10/site-packages/shoe_detector
[0.549s] byte-compiling /home/arms/turtlebot3_ws/install/shoe_detector/lib/python3.10/site-packages/shoe_detector/shoe_detector.py to shoe_detector.cpython-310.pyc
[0.549s] running install_data
[0.550s] running install_egg_info
[0.551s] removing '/home/arms/turtlebot3_ws/install/shoe_detector/lib/python3.10/site-packages/shoe_detector-0.0.0-py3.10.egg-info' (and everything under it)
[0.551s] Copying ../../build/shoe_detector/shoe_detector.egg-info to /home/arms/turtlebot3_ws/install/shoe_detector/lib/python3.10/site-packages/shoe_detector-0.0.0-py3.10.egg-info
[0.551s] running install_scripts
[0.562s] Installing shoe_detect script to /home/arms/turtlebot3_ws/install/shoe_detector/lib/shoe_detector
[0.562s] writing list of installed files to '/home/arms/turtlebot3_ws/build/shoe_detector/install.log'
[0.573s] Invoked command in '/home/arms/turtlebot3_ws/src/shoe_detector' returned '0': PYTHONPATH=/home/arms/turtlebot3_ws/build/shoe_detector/prefix_override:/home/arms/turtlebot3_ws/install/shoe_detector/lib/python3.10/site-packages:${PYTHONPATH} /usr/bin/python3 setup.py egg_info --egg-base ../../build/shoe_detector build --build-base /home/arms/turtlebot3_ws/build/shoe_detector/build install --record /home/arms/turtlebot3_ws/build/shoe_detector/install.log --single-version-externally-managed
