[0.320s] Invoking command in '/home/arms/turtlebot3_ws/build/explore_lite': CMAKE_PREFIX_PATH=/opt/ros/humble /usr/bin/cmake --build /home/arms/turtlebot3_ws/build/explore_lite -- -j20 -l20
[0.519s] [35m[1mConsolidate compiler generated dependencies of target gtest_main[0m
[0.519s] [35m[1mConsolidate compiler generated dependencies of target gtest[0m
[0.519s] [35m[1mConsolidate compiler generated dependencies of target explore[0m
[0.519s] [ 20%] Built target gtest_main
[0.519s] [ 40%] Built target gtest
[0.519s] [35m[1mConsolidate compiler generated dependencies of target test_explore[0m
[0.519s] [ 80%] Built target explore
[0.519s] [100%] Built target test_explore
[0.691s] Invoked command in '/home/arms/turtlebot3_ws/build/explore_lite' returned '0': CMAKE_PREFIX_PATH=/opt/ros/humble /usr/bin/cmake --build /home/arms/turtlebot3_ws/build/explore_lite -- -j20 -l20
[0.712s] Invoking command in '/home/arms/turtlebot3_ws/build/explore_lite': CMAKE_PREFIX_PATH=/opt/ros/humble /usr/bin/cmake --install /home/arms/turtlebot3_ws/build/explore_lite
[0.717s] -- Install configuration: ""
[0.717s] -- Up-to-date: /home/arms/turtlebot3_ws/install/explore_lite/include/explore/
[0.717s] -- Up-to-date: /home/arms/turtlebot3_ws/install/explore_lite/include/explore//costmap_client.h
[0.718s] -- Up-to-date: /home/arms/turtlebot3_ws/install/explore_lite/include/explore//explore.h
[0.718s] -- Up-to-date: /home/arms/turtlebot3_ws/install/explore_lite/include/explore//frontier_search.h
[0.718s] -- Up-to-date: /home/arms/turtlebot3_ws/install/explore_lite/include/explore//costmap_tools.h
[0.718s] -- Up-to-date: /home/arms/turtlebot3_ws/install/explore_lite/share/explore_lite/config
[0.718s] -- Up-to-date: /home/arms/turtlebot3_ws/install/explore_lite/share/explore_lite/config/params.yaml
[0.718s] -- Up-to-date: /home/arms/turtlebot3_ws/install/explore_lite/share/explore_lite/config/params_costmap.yaml
[0.718s] -- Up-to-date: /home/arms/turtlebot3_ws/install/explore_lite/share/explore_lite/launch
[0.718s] -- Up-to-date: /home/arms/turtlebot3_ws/install/explore_lite/share/explore_lite/launch/explore.launch.py
[0.718s] -- Up-to-date: /home/arms/turtlebot3_ws/install/explore_lite/lib/explore_lite/explore
[0.719s] -- Up-to-date: /home/arms/turtlebot3_ws/install/explore_lite/share/ament_index/resource_index/package_run_dependencies/explore_lite
[0.719s] -- Up-to-date: /home/arms/turtlebot3_ws/install/explore_lite/share/ament_index/resource_index/parent_prefix_path/explore_lite
[0.719s] -- Up-to-date: /home/arms/turtlebot3_ws/install/explore_lite/share/explore_lite/environment/ament_prefix_path.sh
[0.719s] -- Up-to-date: /home/arms/turtlebot3_ws/install/explore_lite/share/explore_lite/environment/ament_prefix_path.dsv
[0.719s] -- Up-to-date: /home/arms/turtlebot3_ws/install/explore_lite/share/explore_lite/environment/path.sh
[0.719s] -- Up-to-date: /home/arms/turtlebot3_ws/install/explore_lite/share/explore_lite/environment/path.dsv
[0.719s] -- Up-to-date: /home/arms/turtlebot3_ws/install/explore_lite/share/explore_lite/local_setup.bash
[0.719s] -- Up-to-date: /home/arms/turtlebot3_ws/install/explore_lite/share/explore_lite/local_setup.sh
[0.719s] -- Up-to-date: /home/arms/turtlebot3_ws/install/explore_lite/share/explore_lite/local_setup.zsh
[0.719s] -- Up-to-date: /home/arms/turtlebot3_ws/install/explore_lite/share/explore_lite/local_setup.dsv
[0.719s] -- Installing: /home/arms/turtlebot3_ws/install/explore_lite/share/explore_lite/package.dsv
[0.719s] -- Up-to-date: /home/arms/turtlebot3_ws/install/explore_lite/share/ament_index/resource_index/packages/explore_lite
[0.719s] -- Up-to-date: /home/arms/turtlebot3_ws/install/explore_lite/share/explore_lite/cmake/ament_cmake_export_include_directories-extras.cmake
[0.719s] -- Up-to-date: /home/arms/turtlebot3_ws/install/explore_lite/share/explore_lite/cmake/explore_liteConfig.cmake
[0.719s] -- Up-to-date: /home/arms/turtlebot3_ws/install/explore_lite/share/explore_lite/cmake/explore_liteConfig-version.cmake
[0.719s] -- Up-to-date: /home/arms/turtlebot3_ws/install/explore_lite/share/explore_lite/package.xml
[0.720s] Invoked command in '/home/arms/turtlebot3_ws/build/explore_lite' returned '0': CMAKE_PREFIX_PATH=/opt/ros/humble /usr/bin/cmake --install /home/arms/turtlebot3_ws/build/explore_lite
